[0.028s] Invoking command in '/home/sunrise/ws_moveit/build/rviz_marker_tools': AMENT_PREFIX_PATH=/home/sunrise/ws_moveit/install/moveit_common:${AMENT_PREFIX_PATH} CMAKE_PREFIX_PATH=/home/sunrise/ws_moveit/install/moveit_common:/opt/ros/humble /usr/bin/cmake /home/sunrise/ws_moveit/src/moveit_task_constructor/rviz_marker_tools -DCMAKE_BUILD_TYPE=Release -DCMAKE_INSTALL_PREFIX=/home/sunrise/ws_moveit/install/rviz_marker_tools
[0.106s] -- The C compiler identification is GNU 11.4.0
[0.190s] -- The CXX compiler identification is GNU 11.4.0
[0.201s] -- Detecting C compiler ABI info
[0.294s] -- Detecting C compiler ABI info - done
[0.302s] -- Check for working C compiler: /usr/bin/cc - skipped
[0.304s] -- Detecting C compile features
[0.304s] -- Detecting C compile features - done
[0.308s] -- Detecting CXX compiler ABI info
[0.421s] -- Detecting CXX compiler ABI info - done
[0.431s] -- Check for working CXX compiler: /usr/bin/c++ - skipped
[0.432s] -- Detecting CXX compile features
[0.432s] -- Detecting CXX compile features - done
[0.435s] -- Found ament_cmake: 1.3.12 (/opt/ros/humble/share/ament_cmake/cmake)
[1.126s] -- Found Python3: /usr/bin/python3 (found version "3.10.12") found components: Interpreter 
[1.267s] -- Found moveit_common: 2.5.9 (/home/sunrise/ws_moveit/install/moveit_common/share/moveit_common/cmake)
[1.397s] -- Found eigen3_cmake_module: 0.1.1 (/opt/ros/humble/share/eigen3_cmake_module/cmake)
[1.404s] -- Found Eigen3: TRUE (found version "3.4.0") 
[1.405s] -- Found geometry_msgs: 4.9.0 (/opt/ros/humble/share/geometry_msgs/cmake)
[1.455s] -- Found rosidl_generator_c: 3.1.7 (/opt/ros/humble/share/rosidl_generator_c/cmake)
[1.461s] -- Found rosidl_adapter: 3.1.7 (/opt/ros/humble/share/rosidl_adapter/cmake)
[1.473s] -- Found rosidl_generator_cpp: 3.1.7 (/opt/ros/humble/share/rosidl_generator_cpp/cmake)
[1.491s] -- Using all available rosidl_typesupport_c: rosidl_typesupport_fastrtps_c;rosidl_typesupport_introspection_c
[1.513s] -- Using all available rosidl_typesupport_cpp: rosidl_typesupport_fastrtps_cpp;rosidl_typesupport_introspection_cpp
[1.572s] -- Found rclcpp: 16.0.14 (/opt/ros/humble/share/rclcpp/cmake)
[1.653s] -- Found rmw_implementation_cmake: 6.1.2 (/opt/ros/humble/share/rmw_implementation_cmake/cmake)
[1.659s] -- Found rmw_fastrtps_cpp: 6.2.8 (/opt/ros/humble/share/rmw_fastrtps_cpp/cmake)
[1.800s] -- Found OpenSSL: /usr/lib/aarch64-linux-gnu/libcrypto.so (found version "3.0.2")  
[1.833s] -- Found FastRTPS: /opt/ros/humble/include  
[1.882s] -- Using RMW implementation 'rmw_fastrtps_cpp' as default
[1.897s] -- Looking for pthread.h
[2.034s] -- Looking for pthread.h - found
[2.038s] -- Performing Test CMAKE_HAVE_LIBC_PTHREAD
[2.171s] -- Performing Test CMAKE_HAVE_LIBC_PTHREAD - Success
[2.171s] -- Found Threads: TRUE  
[2.234s] -- Found tf2_eigen: 0.25.15 (/opt/ros/humble/share/tf2_eigen/cmake)
[2.398s] -- Found visualization_msgs: 4.9.0 (/opt/ros/humble/share/visualization_msgs/cmake)
[2.471s] -- Configuring done
[2.497s] -- Generating done
[2.506s] -- Build files have been written to: /home/sunrise/ws_moveit/build/rviz_marker_tools
[2.523s] Invoked command in '/home/sunrise/ws_moveit/build/rviz_marker_tools' returned '0': AMENT_PREFIX_PATH=/home/sunrise/ws_moveit/install/moveit_common:${AMENT_PREFIX_PATH} CMAKE_PREFIX_PATH=/home/sunrise/ws_moveit/install/moveit_common:/opt/ros/humble /usr/bin/cmake /home/sunrise/ws_moveit/src/moveit_task_constructor/rviz_marker_tools -DCMAKE_BUILD_TYPE=Release -DCMAKE_INSTALL_PREFIX=/home/sunrise/ws_moveit/install/rviz_marker_tools
[2.524s] Invoking command in '/home/sunrise/ws_moveit/build/rviz_marker_tools': AMENT_PREFIX_PATH=/home/sunrise/ws_moveit/install/moveit_common:${AMENT_PREFIX_PATH} CMAKE_PREFIX_PATH=/home/sunrise/ws_moveit/install/moveit_common:/opt/ros/humble /usr/bin/cmake --build /home/sunrise/ws_moveit/build/rviz_marker_tools -- -j6 -l6
[2.587s] [ 50%] [32mBuilding CXX object CMakeFiles/rviz_marker_tools.dir/src/marker_creation.cpp.o[0m
[12.659s] [100%] [32m[1mLinking CXX shared library librviz_marker_tools.so[0m
[12.880s] [100%] Built target rviz_marker_tools
[12.895s] Invoked command in '/home/sunrise/ws_moveit/build/rviz_marker_tools' returned '0': AMENT_PREFIX_PATH=/home/sunrise/ws_moveit/install/moveit_common:${AMENT_PREFIX_PATH} CMAKE_PREFIX_PATH=/home/sunrise/ws_moveit/install/moveit_common:/opt/ros/humble /usr/bin/cmake --build /home/sunrise/ws_moveit/build/rviz_marker_tools -- -j6 -l6
[12.898s] Invoking command in '/home/sunrise/ws_moveit/build/rviz_marker_tools': AMENT_PREFIX_PATH=/home/sunrise/ws_moveit/install/moveit_common:${AMENT_PREFIX_PATH} CMAKE_PREFIX_PATH=/home/sunrise/ws_moveit/install/moveit_common:/opt/ros/humble /usr/bin/cmake --install /home/sunrise/ws_moveit/build/rviz_marker_tools
[12.908s] -- Install configuration: "Release"
[12.909s] -- Installing: /home/sunrise/ws_moveit/install/rviz_marker_tools/include
[12.909s] -- Installing: /home/sunrise/ws_moveit/install/rviz_marker_tools/include/rviz_marker_tools
[12.909s] -- Installing: /home/sunrise/ws_moveit/install/rviz_marker_tools/include/rviz_marker_tools/marker_creation.h
[12.909s] -- Installing: /home/sunrise/ws_moveit/install/rviz_marker_tools/lib/librviz_marker_tools.so
[12.910s] -- Set runtime path of "/home/sunrise/ws_moveit/install/rviz_marker_tools/lib/librviz_marker_tools.so" to ""
[12.910s] -- Installing: /home/sunrise/ws_moveit/install/rviz_marker_tools/share/rviz_marker_tools/environment/library_path.sh
[12.910s] -- Installing: /home/sunrise/ws_moveit/install/rviz_marker_tools/share/rviz_marker_tools/environment/library_path.dsv
[12.911s] -- Installing: /home/sunrise/ws_moveit/install/rviz_marker_tools/share/ament_index/resource_index/package_run_dependencies/rviz_marker_tools
[12.911s] -- Installing: /home/sunrise/ws_moveit/install/rviz_marker_tools/share/ament_index/resource_index/parent_prefix_path/rviz_marker_tools
[12.912s] -- Installing: /home/sunrise/ws_moveit/install/rviz_marker_tools/share/rviz_marker_tools/environment/ament_prefix_path.sh
[12.912s] -- Installing: /home/sunrise/ws_moveit/install/rviz_marker_tools/share/rviz_marker_tools/environment/ament_prefix_path.dsv
[12.912s] -- Installing: /home/sunrise/ws_moveit/install/rviz_marker_tools/share/rviz_marker_tools/environment/path.sh
[12.913s] -- Installing: /home/sunrise/ws_moveit/install/rviz_marker_tools/share/rviz_marker_tools/environment/path.dsv
[12.913s] -- Installing: /home/sunrise/ws_moveit/install/rviz_marker_tools/share/rviz_marker_tools/local_setup.bash
[12.913s] -- Installing: /home/sunrise/ws_moveit/install/rviz_marker_tools/share/rviz_marker_tools/local_setup.sh
[12.914s] -- Installing: /home/sunrise/ws_moveit/install/rviz_marker_tools/share/rviz_marker_tools/local_setup.zsh
[12.914s] -- Installing: /home/sunrise/ws_moveit/install/rviz_marker_tools/share/rviz_marker_tools/local_setup.dsv
[12.914s] -- Installing: /home/sunrise/ws_moveit/install/rviz_marker_tools/share/rviz_marker_tools/package.dsv
[12.914s] -- Installing: /home/sunrise/ws_moveit/install/rviz_marker_tools/share/ament_index/resource_index/packages/rviz_marker_tools
[12.915s] -- Installing: /home/sunrise/ws_moveit/install/rviz_marker_tools/share/rviz_marker_tools/cmake/rviz_marker_toolsTargetsExport.cmake
[12.915s] -- Installing: /home/sunrise/ws_moveit/install/rviz_marker_tools/share/rviz_marker_tools/cmake/rviz_marker_toolsTargetsExport-release.cmake
[12.915s] -- Installing: /home/sunrise/ws_moveit/install/rviz_marker_tools/share/rviz_marker_tools/cmake/ament_cmake_export_targets-extras.cmake
[12.916s] -- Installing: /home/sunrise/ws_moveit/install/rviz_marker_tools/share/rviz_marker_tools/cmake/ament_cmake_export_dependencies-extras.cmake
[12.916s] -- Installing: /home/sunrise/ws_moveit/install/rviz_marker_tools/share/rviz_marker_tools/cmake/rviz_marker_toolsConfig.cmake
[12.917s] -- Installing: /home/sunrise/ws_moveit/install/rviz_marker_tools/share/rviz_marker_tools/cmake/rviz_marker_toolsConfig-version.cmake
[12.917s] -- Installing: /home/sunrise/ws_moveit/install/rviz_marker_tools/share/rviz_marker_tools/package.xml
[12.921s] Invoked command in '/home/sunrise/ws_moveit/build/rviz_marker_tools' returned '0': AMENT_PREFIX_PATH=/home/sunrise/ws_moveit/install/moveit_common:${AMENT_PREFIX_PATH} CMAKE_PREFIX_PATH=/home/sunrise/ws_moveit/install/moveit_common:/opt/ros/humble /usr/bin/cmake --install /home/sunrise/ws_moveit/build/rviz_marker_tools
