[0.072s] Invoking command in '/home/sunrise/ws_moveit/build/pilz_industrial_motion_planner': AMENT_PREFIX_PATH=/home/sunrise/ws_moveit/install/moveit_resources_prbt_pg70_support:/home/sunrise/ws_moveit/install/moveit_ros_planning_interface:/home/sunrise/ws_moveit/install/moveit_resources_prbt_moveit_config:/home/sunrise/ws_moveit/install/moveit_ros_move_group:/home/sunrise/ws_moveit/install/moveit_ros_warehouse:/home/sunrise/ws_moveit/install/moveit_planners_ompl:/home/sunrise/ws_moveit/install/moveit_kinematics:/home/sunrise/ws_moveit/install/moveit_ros_planning:/home/sunrise/ws_moveit/install/pilz_industrial_motion_planner_testutils:/home/sunrise/ws_moveit/install/moveit_simple_controller_manager:/home/sunrise/ws_moveit/install/moveit_ros_occupancy_map_monitor:/home/sunrise/ws_moveit/install/moveit_resources_prbt_ikfast_manipulator_plugin:/home/sunrise/ws_moveit/install/moveit_core:/home/sunrise/ws_moveit/install/moveit_resources_panda_moveit_config:/home/sunrise/ws_moveit/install/moveit_resources_fanuc_moveit_config:/home/sunrise/ws_moveit/install/moveit_configs_utils:/home/sunrise/ws_moveit/install/srdfdom:/home/sunrise/ws_moveit/install/moveit_resources_prbt_support:/home/sunrise/ws_moveit/install/moveit_resources_pr2_description:/home/sunrise/ws_moveit/install/moveit_resources_panda_description:/home/sunrise/ws_moveit/install/moveit_resources_fanuc_description:/home/sunrise/ws_moveit/install/moveit_common:/home/sunrise/ws_moveit/install/launch_param_builder:${AMENT_PREFIX_PATH} CMAKE_PREFIX_PATH=/home/sunrise/ws_moveit/install/moveit_resources_prbt_pg70_support:/home/sunrise/ws_moveit/install/moveit_ros_planning_interface:/home/sunrise/ws_moveit/install/moveit_resources_prbt_moveit_config:/home/sunrise/ws_moveit/install/moveit_ros_move_group:/home/sunrise/ws_moveit/install/moveit_ros_warehouse:/home/sunrise/ws_moveit/install/moveit_planners_ompl:/home/sunrise/ws_moveit/install/moveit_kinematics:/home/sunrise/ws_moveit/install/moveit_ros_planning:/home/sunrise/ws_moveit/install/pilz_industrial_motion_planner_testutils:/home/sunrise/ws_moveit/install/moveit_simple_controller_manager:/home/sunrise/ws_moveit/install/moveit_ros_occupancy_map_monitor:/home/sunrise/ws_moveit/install/moveit_resources_prbt_ikfast_manipulator_plugin:/home/sunrise/ws_moveit/install/moveit_core:/home/sunrise/ws_moveit/install/moveit_resources_panda_moveit_config:/home/sunrise/ws_moveit/install/moveit_resources_fanuc_moveit_config:/home/sunrise/ws_moveit/install/srdfdom:/home/sunrise/ws_moveit/install/moveit_resources_prbt_support:/home/sunrise/ws_moveit/install/moveit_resources_pr2_description:/home/sunrise/ws_moveit/install/moveit_resources_panda_description:/home/sunrise/ws_moveit/install/moveit_resources_fanuc_description:/home/sunrise/ws_moveit/install/moveit_common:/opt/ros/humble LD_LIBRARY_PATH=/home/sunrise/ws_moveit/install/moveit_ros_planning_interface/lib:/home/sunrise/ws_moveit/install/moveit_ros_move_group/lib:/home/sunrise/ws_moveit/install/moveit_ros_warehouse/lib:/home/sunrise/ws_moveit/install/moveit_planners_ompl/lib:/home/sunrise/ws_moveit/install/moveit_kinematics/lib:/home/sunrise/ws_moveit/install/moveit_ros_planning/lib:/home/sunrise/ws_moveit/install/pilz_industrial_motion_planner_testutils/lib:/home/sunrise/ws_moveit/install/moveit_simple_controller_manager/lib:/home/sunrise/ws_moveit/install/moveit_ros_occupancy_map_monitor/lib:/home/sunrise/ws_moveit/install/moveit_resources_prbt_ikfast_manipulator_plugin/lib:/home/sunrise/ws_moveit/install/moveit_core/lib:/home/sunrise/ws_moveit/install/srdfdom/lib:${LD_LIBRARY_PATH} PATH=/home/sunrise/ws_moveit/install/moveit_core/bin:${PATH} PYTHONPATH=/home/sunrise/ws_moveit/install/moveit_configs_utils/lib/python3.10/site-packages:/home/sunrise/ws_moveit/install/srdfdom/local/lib/python3.10/dist-packages:/home/sunrise/ws_moveit/install/launch_param_builder/lib/python3.10/site-packages:${PYTHONPATH} /usr/bin/cmake /home/sunrise/ws_moveit/src/moveit2/moveit_planners/pilz_industrial_motion_planner -DCMAKE_BUILD_TYPE=Release -DCMAKE_INSTALL_PREFIX=/home/sunrise/ws_moveit/install/pilz_industrial_motion_planner
[0.154s] -- The C compiler identification is GNU 11.4.0
[0.245s] -- The CXX compiler identification is GNU 11.4.0
[0.255s] -- Detecting C compiler ABI info
[0.354s] -- Detecting C compiler ABI info - done
[0.363s] -- Check for working C compiler: /usr/bin/cc - skipped
[0.363s] -- Detecting C compile features
[0.364s] -- Detecting C compile features - done
[0.368s] -- Detecting CXX compiler ABI info
[0.488s] -- Detecting CXX compiler ABI info - done
[0.498s] -- Check for working CXX compiler: /usr/bin/c++ - skipped
[0.498s] -- Detecting CXX compile features
[0.499s] -- Detecting CXX compile features - done
[0.504s] -- Found moveit_common: 2.5.9 (/home/sunrise/ws_moveit/install/moveit_common/share/moveit_common/cmake)
[0.509s] -- Found ament_cmake: 1.3.12 (/opt/ros/humble/share/ament_cmake/cmake)
[1.254s] -- Found Python3: /usr/bin/python3 (found version "3.10.12") found components: Interpreter 
[1.596s] -- Found eigen3_cmake_module: 0.1.1 (/opt/ros/humble/share/eigen3_cmake_module/cmake)
[1.605s] -- Found Eigen3: TRUE (found version "3.4.0") 
[1.610s] -- Found geometry_msgs: 4.9.0 (/opt/ros/humble/share/geometry_msgs/cmake)
[1.692s] -- Found rosidl_generator_c: 3.1.7 (/opt/ros/humble/share/rosidl_generator_c/cmake)
[1.704s] -- Found rosidl_adapter: 3.1.7 (/opt/ros/humble/share/rosidl_adapter/cmake)
[1.721s] -- Found rosidl_generator_cpp: 3.1.7 (/opt/ros/humble/share/rosidl_generator_cpp/cmake)
[1.745s] -- Using all available rosidl_typesupport_c: rosidl_typesupport_fastrtps_c;rosidl_typesupport_introspection_c
[1.777s] -- Using all available rosidl_typesupport_cpp: rosidl_typesupport_fastrtps_cpp;rosidl_typesupport_introspection_cpp
[1.843s] -- Found moveit_core: 2.5.9 (/home/sunrise/ws_moveit/install/moveit_core/share/moveit_core/cmake)
[2.246s] -- Found Boost: /usr/lib/aarch64-linux-gnu/cmake/Boost-1.74.0/BoostConfig.cmake (found version "1.74.0") found components: chrono date_time filesystem iostreams program_options regex serialization system thread 
[2.323s] -- Found parameter_traits: 0.7.1 (/opt/ros/humble/share/parameter_traits/cmake)
[2.411s] -- Found rmw_implementation_cmake: 6.1.2 (/opt/ros/humble/share/rmw_implementation_cmake/cmake)
[2.421s] -- Found rmw_fastrtps_cpp: 6.2.8 (/opt/ros/humble/share/rmw_fastrtps_cpp/cmake)
[2.609s] -- Found OpenSSL: /usr/lib/aarch64-linux-gnu/libcrypto.so (found version "3.0.2")  
[2.640s] -- Found FastRTPS: /opt/ros/humble/include  
[2.695s] -- Using RMW implementation 'rmw_fastrtps_cpp' as default
[2.716s] -- Found Threads: TRUE  
[2.809s] -- Found rclcpp_lifecycle: 16.0.14 (/opt/ros/humble/share/rclcpp_lifecycle/cmake)
[2.853s] -- Found Boost: /usr/lib/aarch64-linux-gnu/cmake/Boost-1.74.0/BoostConfig.cmake (found version "1.74.0") found components: filesystem 
[2.978s] -- library: /usr/lib/aarch64-linux-gnu/libcurl.so
[3.090s] -- Ensuring Eigen3 include directory is part of orocos-kdl CMake target
[3.514s] -- Found moveit_ros_move_group: 2.5.9 (/home/sunrise/ws_moveit/install/moveit_ros_move_group/share/moveit_ros_move_group/cmake)
[3.524s] -- Found Boost: /usr/lib/aarch64-linux-gnu/cmake/Boost-1.74.0/BoostConfig.cmake (found version "1.74.0") found components: system filesystem date_time program_options thread 
[3.583s] -- Found Boost: /usr/lib/aarch64-linux-gnu/cmake/Boost-1.74.0/BoostConfig.cmake (found version "1.74.0") found components: system filesystem date_time program_options thread chrono 
[3.609s] -- Found moveit_ros_planning_interface: 2.5.9 (/home/sunrise/ws_moveit/install/moveit_ros_planning_interface/share/moveit_ros_planning_interface/cmake)
[3.617s] -- Found Boost: /usr/lib/aarch64-linux-gnu/cmake/Boost-1.74.0/BoostConfig.cmake (found version "1.74.0") found components: date_time filesystem program_options system thread 
[3.644s] -- Found Boost: /usr/lib/aarch64-linux-gnu/cmake/Boost-1.74.0/BoostConfig.cmake (found version "1.74.0") found components: thread system filesystem regex date_time program_options 
[3.689s] -- Found tf2_eigen_kdl: 0.25.15 (/opt/ros/humble/share/tf2_eigen_kdl/cmake)
[3.702s] -- Found Boost: /usr/lib/aarch64-linux-gnu/cmake/Boost-1.74.0/BoostConfig.cmake (found version "1.74.0")  
[3.865s] -- Found ament_cmake_gtest: 1.3.12 (/opt/ros/humble/share/ament_cmake_gtest/cmake)
[3.870s] -- Found ament_cmake_gmock: 1.3.12 (/opt/ros/humble/share/ament_cmake_gmock/cmake)
[3.876s] -- Found ros_testing: 0.4.0 (/opt/ros/humble/share/ros_testing/cmake)
[3.880s] -- Found launch_testing_ament_cmake: 1.0.10 (/opt/ros/humble/share/launch_testing_ament_cmake/cmake)
[3.888s] -- Found python_cmake_module: 0.10.0 (/opt/ros/humble/share/python_cmake_module/cmake)
[3.936s] -- Found PythonInterp: /usr/bin/python3 (found suitable version "3.10.12", minimum required is "3.6") 
[3.944s] -- Found PythonLibs: /usr/lib/aarch64-linux-gnu/libpython3.10.so (found suitable version "3.10.12", minimum required is "3.5") 
[3.944s] -- Using PYTHON_EXECUTABLE: /usr/bin/python3
[3.944s] -- Using PYTHON_INCLUDE_DIRS: /usr/include/python3.10
[3.944s] -- Using PYTHON_LIBRARIES: /usr/lib/aarch64-linux-gnu/libpython3.10.so
[3.990s] -- Found PythonExtra: .so  
[3.991s] -- Found moveit_resources_prbt_support: 2.5.9 (/home/sunrise/ws_moveit/install/moveit_resources_prbt_support/share/moveit_resources_prbt_support/cmake)
[3.992s] -- Found moveit_resources_prbt_moveit_config: 2.5.9 (/home/sunrise/ws_moveit/install/moveit_resources_prbt_moveit_config/share/moveit_resources_prbt_moveit_config/cmake)
[3.998s] -- Found Boost: /usr/lib/aarch64-linux-gnu/cmake/Boost-1.74.0/BoostConfig.cmake (found version "1.74.0") found components: thread 
[4.001s] -- Found pilz_industrial_motion_planner_testutils: 2.5.9 (/home/sunrise/ws_moveit/install/pilz_industrial_motion_planner_testutils/share/pilz_industrial_motion_planner_testutils/cmake)
[4.036s] -- Found gtest sources under '/opt/ros/humble/src/gtest_vendor': C++ tests using 'Google Test' will be built
[4.110s] -- Found gmock sources under '/opt/ros/humble/src/gmock_vendor': C++ tests using 'Google Mock' will be built
[4.121s] -- Found ament_lint_auto: 0.12.14 (/opt/ros/humble/share/ament_lint_auto/cmake)
[4.223s] -- Found launch_testing_ament_cmake: 1.0.10 (/opt/ros/humble/share/launch_testing_ament_cmake/cmake)
[4.224s] -- Found python_cmake_module: 0.10.0 (/opt/ros/humble/share/python_cmake_module/cmake)
[4.271s] -- Using PYTHON_EXECUTABLE: /usr/bin/python3
[4.271s] -- Using PYTHON_INCLUDE_DIRS: /usr/include/python3.10
[4.271s] -- Using PYTHON_LIBRARIES: /usr/lib/aarch64-linux-gnu/libpython3.10.so
[4.302s] -- Added test 'cppcheck' to perform static code analysis on C / C++ code
[4.304s] -- Configured cppcheck include dirs: /home/sunrise/ws_moveit/src/moveit2/moveit_planners/pilz_industrial_motion_planner/include
[4.304s] -- Configured cppcheck exclude dirs and/or files: 
[4.307s] -- Added test 'pep257' to check Python code against some of the docstring style conventions in PEP 257
[4.310s] -- Added test 'xmllint' to check XML markup files
[4.320s] -- Configuring done
[5.245s] -- Generating done
[5.486s] -- Build files have been written to: /home/sunrise/ws_moveit/build/pilz_industrial_motion_planner
[5.527s] Invoked command in '/home/sunrise/ws_moveit/build/pilz_industrial_motion_planner' returned '0': AMENT_PREFIX_PATH=/home/sunrise/ws_moveit/install/moveit_resources_prbt_pg70_support:/home/sunrise/ws_moveit/install/moveit_ros_planning_interface:/home/sunrise/ws_moveit/install/moveit_resources_prbt_moveit_config:/home/sunrise/ws_moveit/install/moveit_ros_move_group:/home/sunrise/ws_moveit/install/moveit_ros_warehouse:/home/sunrise/ws_moveit/install/moveit_planners_ompl:/home/sunrise/ws_moveit/install/moveit_kinematics:/home/sunrise/ws_moveit/install/moveit_ros_planning:/home/sunrise/ws_moveit/install/pilz_industrial_motion_planner_testutils:/home/sunrise/ws_moveit/install/moveit_simple_controller_manager:/home/sunrise/ws_moveit/install/moveit_ros_occupancy_map_monitor:/home/sunrise/ws_moveit/install/moveit_resources_prbt_ikfast_manipulator_plugin:/home/sunrise/ws_moveit/install/moveit_core:/home/sunrise/ws_moveit/install/moveit_resources_panda_moveit_config:/home/sunrise/ws_moveit/install/moveit_resources_fanuc_moveit_config:/home/sunrise/ws_moveit/install/moveit_configs_utils:/home/sunrise/ws_moveit/install/srdfdom:/home/sunrise/ws_moveit/install/moveit_resources_prbt_support:/home/sunrise/ws_moveit/install/moveit_resources_pr2_description:/home/sunrise/ws_moveit/install/moveit_resources_panda_description:/home/sunrise/ws_moveit/install/moveit_resources_fanuc_description:/home/sunrise/ws_moveit/install/moveit_common:/home/sunrise/ws_moveit/install/launch_param_builder:${AMENT_PREFIX_PATH} CMAKE_PREFIX_PATH=/home/sunrise/ws_moveit/install/moveit_resources_prbt_pg70_support:/home/sunrise/ws_moveit/install/moveit_ros_planning_interface:/home/sunrise/ws_moveit/install/moveit_resources_prbt_moveit_config:/home/sunrise/ws_moveit/install/moveit_ros_move_group:/home/sunrise/ws_moveit/install/moveit_ros_warehouse:/home/sunrise/ws_moveit/install/moveit_planners_ompl:/home/sunrise/ws_moveit/install/moveit_kinematics:/home/sunrise/ws_moveit/install/moveit_ros_planning:/home/sunrise/ws_moveit/install/pilz_industrial_motion_planner_testutils:/home/sunrise/ws_moveit/install/moveit_simple_controller_manager:/home/sunrise/ws_moveit/install/moveit_ros_occupancy_map_monitor:/home/sunrise/ws_moveit/install/moveit_resources_prbt_ikfast_manipulator_plugin:/home/sunrise/ws_moveit/install/moveit_core:/home/sunrise/ws_moveit/install/moveit_resources_panda_moveit_config:/home/sunrise/ws_moveit/install/moveit_resources_fanuc_moveit_config:/home/sunrise/ws_moveit/install/srdfdom:/home/sunrise/ws_moveit/install/moveit_resources_prbt_support:/home/sunrise/ws_moveit/install/moveit_resources_pr2_description:/home/sunrise/ws_moveit/install/moveit_resources_panda_description:/home/sunrise/ws_moveit/install/moveit_resources_fanuc_description:/home/sunrise/ws_moveit/install/moveit_common:/opt/ros/humble LD_LIBRARY_PATH=/home/sunrise/ws_moveit/install/moveit_ros_planning_interface/lib:/home/sunrise/ws_moveit/install/moveit_ros_move_group/lib:/home/sunrise/ws_moveit/install/moveit_ros_warehouse/lib:/home/sunrise/ws_moveit/install/moveit_planners_ompl/lib:/home/sunrise/ws_moveit/install/moveit_kinematics/lib:/home/sunrise/ws_moveit/install/moveit_ros_planning/lib:/home/sunrise/ws_moveit/install/pilz_industrial_motion_planner_testutils/lib:/home/sunrise/ws_moveit/install/moveit_simple_controller_manager/lib:/home/sunrise/ws_moveit/install/moveit_ros_occupancy_map_monitor/lib:/home/sunrise/ws_moveit/install/moveit_resources_prbt_ikfast_manipulator_plugin/lib:/home/sunrise/ws_moveit/install/moveit_core/lib:/home/sunrise/ws_moveit/install/srdfdom/lib:${LD_LIBRARY_PATH} PATH=/home/sunrise/ws_moveit/install/moveit_core/bin:${PATH} PYTHONPATH=/home/sunrise/ws_moveit/install/moveit_configs_utils/lib/python3.10/site-packages:/home/sunrise/ws_moveit/install/srdfdom/local/lib/python3.10/dist-packages:/home/sunrise/ws_moveit/install/launch_param_builder/lib/python3.10/site-packages:${PYTHONPATH} /usr/bin/cmake /home/sunrise/ws_moveit/src/moveit2/moveit_planners/pilz_industrial_motion_planner -DCMAKE_BUILD_TYPE=Release -DCMAKE_INSTALL_PREFIX=/home/sunrise/ws_moveit/install/pilz_industrial_motion_planner
[5.531s] Invoking command in '/home/sunrise/ws_moveit/build/pilz_industrial_motion_planner': AMENT_PREFIX_PATH=/home/sunrise/ws_moveit/install/moveit_resources_prbt_pg70_support:/home/sunrise/ws_moveit/install/moveit_ros_planning_interface:/home/sunrise/ws_moveit/install/moveit_resources_prbt_moveit_config:/home/sunrise/ws_moveit/install/moveit_ros_move_group:/home/sunrise/ws_moveit/install/moveit_ros_warehouse:/home/sunrise/ws_moveit/install/moveit_planners_ompl:/home/sunrise/ws_moveit/install/moveit_kinematics:/home/sunrise/ws_moveit/install/moveit_ros_planning:/home/sunrise/ws_moveit/install/pilz_industrial_motion_planner_testutils:/home/sunrise/ws_moveit/install/moveit_simple_controller_manager:/home/sunrise/ws_moveit/install/moveit_ros_occupancy_map_monitor:/home/sunrise/ws_moveit/install/moveit_resources_prbt_ikfast_manipulator_plugin:/home/sunrise/ws_moveit/install/moveit_core:/home/sunrise/ws_moveit/install/moveit_resources_panda_moveit_config:/home/sunrise/ws_moveit/install/moveit_resources_fanuc_moveit_config:/home/sunrise/ws_moveit/install/moveit_configs_utils:/home/sunrise/ws_moveit/install/srdfdom:/home/sunrise/ws_moveit/install/moveit_resources_prbt_support:/home/sunrise/ws_moveit/install/moveit_resources_pr2_description:/home/sunrise/ws_moveit/install/moveit_resources_panda_description:/home/sunrise/ws_moveit/install/moveit_resources_fanuc_description:/home/sunrise/ws_moveit/install/moveit_common:/home/sunrise/ws_moveit/install/launch_param_builder:${AMENT_PREFIX_PATH} CMAKE_PREFIX_PATH=/home/sunrise/ws_moveit/install/moveit_resources_prbt_pg70_support:/home/sunrise/ws_moveit/install/moveit_ros_planning_interface:/home/sunrise/ws_moveit/install/moveit_resources_prbt_moveit_config:/home/sunrise/ws_moveit/install/moveit_ros_move_group:/home/sunrise/ws_moveit/install/moveit_ros_warehouse:/home/sunrise/ws_moveit/install/moveit_planners_ompl:/home/sunrise/ws_moveit/install/moveit_kinematics:/home/sunrise/ws_moveit/install/moveit_ros_planning:/home/sunrise/ws_moveit/install/pilz_industrial_motion_planner_testutils:/home/sunrise/ws_moveit/install/moveit_simple_controller_manager:/home/sunrise/ws_moveit/install/moveit_ros_occupancy_map_monitor:/home/sunrise/ws_moveit/install/moveit_resources_prbt_ikfast_manipulator_plugin:/home/sunrise/ws_moveit/install/moveit_core:/home/sunrise/ws_moveit/install/moveit_resources_panda_moveit_config:/home/sunrise/ws_moveit/install/moveit_resources_fanuc_moveit_config:/home/sunrise/ws_moveit/install/srdfdom:/home/sunrise/ws_moveit/install/moveit_resources_prbt_support:/home/sunrise/ws_moveit/install/moveit_resources_pr2_description:/home/sunrise/ws_moveit/install/moveit_resources_panda_description:/home/sunrise/ws_moveit/install/moveit_resources_fanuc_description:/home/sunrise/ws_moveit/install/moveit_common:/opt/ros/humble LD_LIBRARY_PATH=/home/sunrise/ws_moveit/install/moveit_ros_planning_interface/lib:/home/sunrise/ws_moveit/install/moveit_ros_move_group/lib:/home/sunrise/ws_moveit/install/moveit_ros_warehouse/lib:/home/sunrise/ws_moveit/install/moveit_planners_ompl/lib:/home/sunrise/ws_moveit/install/moveit_kinematics/lib:/home/sunrise/ws_moveit/install/moveit_ros_planning/lib:/home/sunrise/ws_moveit/install/pilz_industrial_motion_planner_testutils/lib:/home/sunrise/ws_moveit/install/moveit_simple_controller_manager/lib:/home/sunrise/ws_moveit/install/moveit_ros_occupancy_map_monitor/lib:/home/sunrise/ws_moveit/install/moveit_resources_prbt_ikfast_manipulator_plugin/lib:/home/sunrise/ws_moveit/install/moveit_core/lib:/home/sunrise/ws_moveit/install/srdfdom/lib:${LD_LIBRARY_PATH} PATH=/home/sunrise/ws_moveit/install/moveit_core/bin:${PATH} PYTHONPATH=/home/sunrise/ws_moveit/install/moveit_configs_utils/lib/python3.10/site-packages:/home/sunrise/ws_moveit/install/srdfdom/local/lib/python3.10/dist-packages:/home/sunrise/ws_moveit/install/launch_param_builder/lib/python3.10/site-packages:${PYTHONPATH} /usr/bin/cmake --build /home/sunrise/ws_moveit/build/pilz_industrial_motion_planner -- -j6 -l6
[5.615s] [  1%] [32mBuilding CXX object CMakeFiles/planning_context_loader_base.dir/src/planning_context_loader.cpp.o[0m
[17.101s] [  2%] [32m[1mLinking CXX shared library libplanning_context_loader_base.so[0m
[31.179s] [  2%] Built target planning_context_loader_base
[31.209s] [  3%] [32mBuilding CXX object gmock/CMakeFiles/gmock_main.dir/src/gmock_main.cc.o[0m
[33.135s] [  4%] [32m[1mLinking CXX static library libgmock_main.a[0m
[33.180s] [  4%] Built target gmock_main
[33.217s] [  6%] [32mBuilding CXX object gmock/CMakeFiles/gmock.dir/opt/ros/humble/src/gtest_vendor/src/gtest-all.cc.o[0m
[47.251s] [  7%] [32mBuilding CXX object gmock/CMakeFiles/gmock.dir/src/gmock-all.cc.o[0m
[52.983s] [  8%] [32m[1mLinking CXX static library libgmock.a[0m
[53.096s] [  8%] Built target gmock
[53.127s] [  9%] [32mBuilding CXX object gtest/CMakeFiles/gtest.dir/src/gtest-all.cc.o[0m
[67.619s] [ 10%] [32m[1mLinking CXX static library libgtest.a[0m
[67.699s] [ 10%] Built target gtest
[67.729s] [ 12%] [32mBuilding CXX object gtest/CMakeFiles/gtest_main.dir/src/gtest_main.cc.o[0m
[69.320s] [ 13%] [32m[1mLinking CXX static library libgtest_main.a[0m
[69.369s] [ 13%] Built target gtest_main
[69.401s] [ 14%] [32mBuilding CXX object CMakeFiles/trajectory_generation_common.dir/src/trajectory_functions.cpp.o[0m
[87.137s] [ 15%] [32mBuilding CXX object CMakeFiles/trajectory_generation_common.dir/src/trajectory_blender_transition_window.cpp.o[0m
[103.429s] [ 16%] [32mBuilding CXX object CMakeFiles/trajectory_generation_common.dir/src/trajectory_generator.cpp.o[0m
[119.989s] [ 18%] [32m[1mLinking CXX shared library libtrajectory_generation_common.so[0m
[120.461s] [ 18%] Built target trajectory_generation_common
[120.492s] [ 19%] [32mBuilding CXX object CMakeFiles/joint_limits_common.dir/src/joint_limits_aggregator.cpp.o[0m
[134.649s] [ 20%] [32mBuilding CXX object CMakeFiles/joint_limits_common.dir/src/cartesian_limits_aggregator.cpp.o[0m
[140.273s] [ 21%] [32mBuilding CXX object CMakeFiles/joint_limits_common.dir/src/cartesian_limit.cpp.o[0m
[140.331s] [ 22%] [32mBuilding CXX object CMakeFiles/joint_limits_common.dir/src/limits_container.cpp.o[0m
[141.460s] [ 24%] [32mBuilding CXX object CMakeFiles/joint_limits_common.dir/src/joint_limits_validator.cpp.o[0m
[151.077s] [ 25%] [32mBuilding CXX object CMakeFiles/joint_limits_common.dir/src/joint_limits_container.cpp.o[0m
[152.788s] [ 26%] [32m[1mLinking CXX shared library libjoint_limits_common.so[0m
[155.094s] [ 26%] Built target joint_limits_common
[155.124s] [ 27%] [32mBuilding CXX object CMakeFiles/command_list_manager.dir/src/command_list_manager.cpp.o[0m
[171.734s] [ 28%] [32mBuilding CXX object CMakeFiles/command_list_manager.dir/src/plan_components_builder.cpp.o[0m
[184.876s] [ 30%] [32m[1mLinking CXX shared library libcommand_list_manager.so[0m
[185.301s] [ 30%] Built target command_list_manager
[185.333s] [ 31%] [32mBuilding CXX object test/CMakeFiles/pilz_industrial_motion_planner_test_utils.dir/test_utils.cpp.o[0m
[212.491s] [ 32%] [32m[1mLinking CXX static library libpilz_industrial_motion_planner_test_utils.a[0m
[212.560s] [ 32%] Built target pilz_industrial_motion_planner_test_utils
[212.590s] [ 33%] [32mBuilding CXX object test/unit_tests/CMakeFiles/unittest_joint_limit.dir/src/unittest_joint_limit.cpp.o[0m
[224.047s] [ 34%] [32m[1mLinking CXX executable unittest_joint_limit[0m
[224.047s] [ 34%] Built target unittest_joint_limit
[224.047s] [ 36%] [32mBuilding CXX object test/unit_tests/CMakeFiles/unittest_joint_limits_aggregator.dir/src/unittest_joint_limits_aggregator.cpp.o[0m
[235.453s] [ 37%] [32m[1mLinking CXX executable unittest_joint_limits_aggregator[0m
[235.998s] [ 37%] Built target unittest_joint_limits_aggregator
[236.028s] [ 38%] [32mBuilding CXX object test/unit_tests/CMakeFiles/unittest_joint_limits_container.dir/src/unittest_joint_limits_container.cpp.o[0m
[238.796s] [ 39%] [32m[1mLinking CXX executable unittest_joint_limits_container[0m
[239.184s] [ 39%] Built target unittest_joint_limits_container
[239.216s] [ 40%] [32mBuilding CXX object test/unit_tests/CMakeFiles/unittest_joint_limits_validator.dir/src/unittest_joint_limits_validator.cpp.o[0m
[243.194s] [ 42%] [32m[1mLinking CXX executable unittest_joint_limits_validator[0m
[243.585s] [ 42%] Built target unittest_joint_limits_validator
[243.615s] [ 43%] [32mBuilding CXX object test/unit_tests/CMakeFiles/unittest_cartesian_limits_aggregator.dir/src/unittest_cartesian_limits_aggregator.cpp.o[0m
[250.799s] [ 44%] [32m[1mLinking CXX executable unittest_cartesian_limits_aggregator[0m
[251.269s] [ 44%] Built target unittest_cartesian_limits_aggregator
[251.317s] [ 45%] [32mBuilding CXX object CMakeFiles/sequence_capability.dir/src/move_group_sequence_action.cpp.o[0m
[276.656s] [ 46%] [32mBuilding CXX object CMakeFiles/sequence_capability.dir/src/move_group_sequence_service.cpp.o[0m
[298.340s] [ 48%] [32m[1mLinking CXX shared library libsequence_capability.so[0m
[298.868s] [ 48%] Built target sequence_capability
[298.899s] [ 49%] [32mBuilding CXX object test/unit_tests/CMakeFiles/unittest_trajectory_functions.dir/src/unittest_trajectory_functions.cpp.o[0m
[322.070s] [ 50%] [32m[1mLinking CXX executable unittest_trajectory_functions[0m
[322.726s] [ 50%] Built target unittest_trajectory_functions
[322.758s] [ 51%] [32mBuilding CXX object CMakeFiles/planning_context_loader_circ.dir/src/planning_context_loader_circ.cpp.o[0m
[336.109s] [ 53%] [32mBuilding CXX object CMakeFiles/planning_context_loader_circ.dir/src/path_circle_generator.cpp.o[0m
[338.698s] [ 54%] [32mBuilding CXX object CMakeFiles/planning_context_loader_circ.dir/src/trajectory_generator_circ.cpp.o[0m
[354.123s] [ 55%] [32m[1mLinking CXX shared library libplanning_context_loader_circ.so[0m
[354.573s] [ 55%] Built target planning_context_loader_circ
[354.601s] [ 56%] [32mBuilding CXX object CMakeFiles/planning_context_loader_lin.dir/src/planning_context_loader_lin.cpp.o[0m
[367.185s] [ 57%] [32mBuilding CXX object CMakeFiles/planning_context_loader_lin.dir/src/velocity_profile_atrap.cpp.o[0m
[368.255s] [ 59%] [32mBuilding CXX object CMakeFiles/planning_context_loader_lin.dir/src/trajectory_generator_lin.cpp.o[0m
[384.069s] [ 60%] [32m[1mLinking CXX shared library libplanning_context_loader_lin.so[0m
[384.499s] [ 60%] Built target planning_context_loader_lin
[384.526s] [ 61%] [32mBuilding CXX object test/unit_tests/CMakeFiles/unittest_trajectory_generator_circ.dir/src/unittest_trajectory_generator_circ.cpp.o[0m
[408.451s] [ 62%] [32m[1mLinking CXX executable unittest_trajectory_generator_circ[0m
[409.131s] [ 62%] Built target unittest_trajectory_generator_circ
[409.159s] [ 63%] [32mBuilding CXX object test/unit_tests/CMakeFiles/unittest_trajectory_generator_lin.dir/src/unittest_trajectory_generator_lin.cpp.o[0m
[427.579s] [ 65%] [32m[1mLinking CXX executable unittest_trajectory_generator_lin[0m
[428.216s] [ 65%] Built target unittest_trajectory_generator_lin
[428.245s] [ 66%] [32mBuilding CXX object test/unit_tests/CMakeFiles/unittest_trajectory_blender_transition_window.dir/src/unittest_trajectory_blender_transition_window.cpp.o[0m
[452.917s] [ 67%] [32mBuilding CXX object test/unit_tests/CMakeFiles/unittest_trajectory_blender_transition_window.dir/__/__/src/trajectory_blender_transition_window.cpp.o[0m
[467.354s] [ 68%] [32m[1mLinking CXX executable unittest_trajectory_blender_transition_window[0m
[467.979s] [ 68%] Built target unittest_trajectory_blender_transition_window
[468.006s] [ 69%] [32mBuilding CXX object CMakeFiles/planning_context_loader_ptp.dir/src/planning_context_loader_ptp.cpp.o[0m
[481.322s] [ 71%] [32mBuilding CXX object CMakeFiles/planning_context_loader_ptp.dir/src/velocity_profile_atrap.cpp.o[0m
[482.385s] [ 72%] [32mBuilding CXX object CMakeFiles/planning_context_loader_ptp.dir/src/trajectory_generator_ptp.cpp.o[0m
[497.535s] [ 73%] [32m[1mLinking CXX shared library libplanning_context_loader_ptp.so[0m
[497.955s] [ 73%] Built target planning_context_loader_ptp
[497.982s] [ 74%] [32mBuilding CXX object CMakeFiles/pilz_industrial_motion_planner.dir/src/pilz_industrial_motion_planner.cpp.o[0m
[523.908s] [ 75%] [32m[1mLinking CXX shared library libpilz_industrial_motion_planner.so[0m
[523.908s] [ 75%] Built target pilz_industrial_motion_planner
[523.908s] [ 77%] [32mBuilding CXX object test/unit_tests/CMakeFiles/unittest_trajectory_generator_ptp.dir/src/unittest_trajectory_generator_ptp.cpp.o[0m
[540.385s] [ 78%] [32m[1mLinking CXX executable unittest_trajectory_generator_ptp[0m
[541.016s] [ 78%] Built target unittest_trajectory_generator_ptp
[541.045s] [ 79%] [32mBuilding CXX object test/unit_tests/CMakeFiles/unittest_pilz_industrial_motion_planner.dir/src/unittest_pilz_industrial_motion_planner.cpp.o[0m
[567.631s] [ 80%] [32m[1mLinking CXX executable unittest_pilz_industrial_motion_planner[0m
[568.100s] [ 80%] Built target unittest_pilz_industrial_motion_planner
[568.131s] [ 81%] [32mBuilding CXX object test/unit_tests/CMakeFiles/unittest_planning_context_loaders.dir/src/unittest_planning_context_loaders.cpp.o[0m
[592.658s] [ 83%] [32m[1mLinking CXX executable unittest_planning_context_loaders[0m
[593.231s] [ 83%] Built target unittest_planning_context_loaders
[593.258s] [ 84%] [32mBuilding CXX object test/unit_tests/CMakeFiles/unittest_planning_context.dir/src/unittest_planning_context.cpp.o[0m
[617.231s] [ 85%] [32m[1mLinking CXX executable unittest_planning_context[0m
[617.874s] [ 85%] Built target unittest_planning_context
[617.902s] [ 86%] [32mBuilding CXX object test/unit_tests/CMakeFiles/unittest_get_solver_tip_frame.dir/src/unittest_get_solver_tip_frame.cpp.o[0m
[628.726s] [ 87%] [32m[1mLinking CXX executable unittest_get_solver_tip_frame[0m
[629.099s] [ 87%] Built target unittest_get_solver_tip_frame
[629.125s] [ 89%] [32mBuilding CXX object test/unit_tests/CMakeFiles/unittest_trajectory_generator.dir/src/unittest_trajectory_generator.cpp.o[0m
[643.088s] [ 90%] [32mBuilding CXX object test/unit_tests/CMakeFiles/unittest_trajectory_generator.dir/__/__/src/trajectory_generator.cpp.o[0m
[657.991s] [ 91%] [32m[1mLinking CXX executable unittest_trajectory_generator[0m
[658.534s] [ 91%] Built target unittest_trajectory_generator
[658.561s] [ 92%] [32mBuilding CXX object test/unit_tests/CMakeFiles/unittest_velocity_profile_atrap.dir/src/unittest_velocity_profile_atrap.cpp.o[0m
[664.752s] [ 93%] [32mBuilding CXX object test/unit_tests/CMakeFiles/unittest_velocity_profile_atrap.dir/__/__/src/velocity_profile_atrap.cpp.o[0m
[665.791s] [ 95%] [32m[1mLinking CXX executable unittest_velocity_profile_atrap[0m
[666.117s] [ 95%] Built target unittest_velocity_profile_atrap
[666.145s] [ 96%] [32mBuilding CXX object test/unit_tests/CMakeFiles/unittest_pilz_industrial_motion_planner_direct.dir/src/unittest_pilz_industrial_motion_planner_direct.cpp.o[0m
[688.531s] [ 97%] [32m[1mLinking CXX executable unittest_pilz_industrial_motion_planner_direct[0m
[688.975s] [ 97%] Built target unittest_pilz_industrial_motion_planner_direct
[689.001s] [ 98%] [32mBuilding CXX object test/unit_tests/CMakeFiles/unittest_trajectory_generator_common.dir/src/unittest_trajectory_generator_common.cpp.o[0m
[721.464s] [100%] [32m[1mLinking CXX executable unittest_trajectory_generator_common[0m
[722.187s] [100%] Built target unittest_trajectory_generator_common
[722.204s] Invoked command in '/home/sunrise/ws_moveit/build/pilz_industrial_motion_planner' returned '0': AMENT_PREFIX_PATH=/home/sunrise/ws_moveit/install/moveit_resources_prbt_pg70_support:/home/sunrise/ws_moveit/install/moveit_ros_planning_interface:/home/sunrise/ws_moveit/install/moveit_resources_prbt_moveit_config:/home/sunrise/ws_moveit/install/moveit_ros_move_group:/home/sunrise/ws_moveit/install/moveit_ros_warehouse:/home/sunrise/ws_moveit/install/moveit_planners_ompl:/home/sunrise/ws_moveit/install/moveit_kinematics:/home/sunrise/ws_moveit/install/moveit_ros_planning:/home/sunrise/ws_moveit/install/pilz_industrial_motion_planner_testutils:/home/sunrise/ws_moveit/install/moveit_simple_controller_manager:/home/sunrise/ws_moveit/install/moveit_ros_occupancy_map_monitor:/home/sunrise/ws_moveit/install/moveit_resources_prbt_ikfast_manipulator_plugin:/home/sunrise/ws_moveit/install/moveit_core:/home/sunrise/ws_moveit/install/moveit_resources_panda_moveit_config:/home/sunrise/ws_moveit/install/moveit_resources_fanuc_moveit_config:/home/sunrise/ws_moveit/install/moveit_configs_utils:/home/sunrise/ws_moveit/install/srdfdom:/home/sunrise/ws_moveit/install/moveit_resources_prbt_support:/home/sunrise/ws_moveit/install/moveit_resources_pr2_description:/home/sunrise/ws_moveit/install/moveit_resources_panda_description:/home/sunrise/ws_moveit/install/moveit_resources_fanuc_description:/home/sunrise/ws_moveit/install/moveit_common:/home/sunrise/ws_moveit/install/launch_param_builder:${AMENT_PREFIX_PATH} CMAKE_PREFIX_PATH=/home/sunrise/ws_moveit/install/moveit_resources_prbt_pg70_support:/home/sunrise/ws_moveit/install/moveit_ros_planning_interface:/home/sunrise/ws_moveit/install/moveit_resources_prbt_moveit_config:/home/sunrise/ws_moveit/install/moveit_ros_move_group:/home/sunrise/ws_moveit/install/moveit_ros_warehouse:/home/sunrise/ws_moveit/install/moveit_planners_ompl:/home/sunrise/ws_moveit/install/moveit_kinematics:/home/sunrise/ws_moveit/install/moveit_ros_planning:/home/sunrise/ws_moveit/install/pilz_industrial_motion_planner_testutils:/home/sunrise/ws_moveit/install/moveit_simple_controller_manager:/home/sunrise/ws_moveit/install/moveit_ros_occupancy_map_monitor:/home/sunrise/ws_moveit/install/moveit_resources_prbt_ikfast_manipulator_plugin:/home/sunrise/ws_moveit/install/moveit_core:/home/sunrise/ws_moveit/install/moveit_resources_panda_moveit_config:/home/sunrise/ws_moveit/install/moveit_resources_fanuc_moveit_config:/home/sunrise/ws_moveit/install/srdfdom:/home/sunrise/ws_moveit/install/moveit_resources_prbt_support:/home/sunrise/ws_moveit/install/moveit_resources_pr2_description:/home/sunrise/ws_moveit/install/moveit_resources_panda_description:/home/sunrise/ws_moveit/install/moveit_resources_fanuc_description:/home/sunrise/ws_moveit/install/moveit_common:/opt/ros/humble LD_LIBRARY_PATH=/home/sunrise/ws_moveit/install/moveit_ros_planning_interface/lib:/home/sunrise/ws_moveit/install/moveit_ros_move_group/lib:/home/sunrise/ws_moveit/install/moveit_ros_warehouse/lib:/home/sunrise/ws_moveit/install/moveit_planners_ompl/lib:/home/sunrise/ws_moveit/install/moveit_kinematics/lib:/home/sunrise/ws_moveit/install/moveit_ros_planning/lib:/home/sunrise/ws_moveit/install/pilz_industrial_motion_planner_testutils/lib:/home/sunrise/ws_moveit/install/moveit_simple_controller_manager/lib:/home/sunrise/ws_moveit/install/moveit_ros_occupancy_map_monitor/lib:/home/sunrise/ws_moveit/install/moveit_resources_prbt_ikfast_manipulator_plugin/lib:/home/sunrise/ws_moveit/install/moveit_core/lib:/home/sunrise/ws_moveit/install/srdfdom/lib:${LD_LIBRARY_PATH} PATH=/home/sunrise/ws_moveit/install/moveit_core/bin:${PATH} PYTHONPATH=/home/sunrise/ws_moveit/install/moveit_configs_utils/lib/python3.10/site-packages:/home/sunrise/ws_moveit/install/srdfdom/local/lib/python3.10/dist-packages:/home/sunrise/ws_moveit/install/launch_param_builder/lib/python3.10/site-packages:${PYTHONPATH} /usr/bin/cmake --build /home/sunrise/ws_moveit/build/pilz_industrial_motion_planner -- -j6 -l6
[722.207s] Invoking command in '/home/sunrise/ws_moveit/build/pilz_industrial_motion_planner': AMENT_PREFIX_PATH=/home/sunrise/ws_moveit/install/moveit_resources_prbt_pg70_support:/home/sunrise/ws_moveit/install/moveit_ros_planning_interface:/home/sunrise/ws_moveit/install/moveit_resources_prbt_moveit_config:/home/sunrise/ws_moveit/install/moveit_ros_move_group:/home/sunrise/ws_moveit/install/moveit_ros_warehouse:/home/sunrise/ws_moveit/install/moveit_planners_ompl:/home/sunrise/ws_moveit/install/moveit_kinematics:/home/sunrise/ws_moveit/install/moveit_ros_planning:/home/sunrise/ws_moveit/install/pilz_industrial_motion_planner_testutils:/home/sunrise/ws_moveit/install/moveit_simple_controller_manager:/home/sunrise/ws_moveit/install/moveit_ros_occupancy_map_monitor:/home/sunrise/ws_moveit/install/moveit_resources_prbt_ikfast_manipulator_plugin:/home/sunrise/ws_moveit/install/moveit_core:/home/sunrise/ws_moveit/install/moveit_resources_panda_moveit_config:/home/sunrise/ws_moveit/install/moveit_resources_fanuc_moveit_config:/home/sunrise/ws_moveit/install/moveit_configs_utils:/home/sunrise/ws_moveit/install/srdfdom:/home/sunrise/ws_moveit/install/moveit_resources_prbt_support:/home/sunrise/ws_moveit/install/moveit_resources_pr2_description:/home/sunrise/ws_moveit/install/moveit_resources_panda_description:/home/sunrise/ws_moveit/install/moveit_resources_fanuc_description:/home/sunrise/ws_moveit/install/moveit_common:/home/sunrise/ws_moveit/install/launch_param_builder:${AMENT_PREFIX_PATH} CMAKE_PREFIX_PATH=/home/sunrise/ws_moveit/install/moveit_resources_prbt_pg70_support:/home/sunrise/ws_moveit/install/moveit_ros_planning_interface:/home/sunrise/ws_moveit/install/moveit_resources_prbt_moveit_config:/home/sunrise/ws_moveit/install/moveit_ros_move_group:/home/sunrise/ws_moveit/install/moveit_ros_warehouse:/home/sunrise/ws_moveit/install/moveit_planners_ompl:/home/sunrise/ws_moveit/install/moveit_kinematics:/home/sunrise/ws_moveit/install/moveit_ros_planning:/home/sunrise/ws_moveit/install/pilz_industrial_motion_planner_testutils:/home/sunrise/ws_moveit/install/moveit_simple_controller_manager:/home/sunrise/ws_moveit/install/moveit_ros_occupancy_map_monitor:/home/sunrise/ws_moveit/install/moveit_resources_prbt_ikfast_manipulator_plugin:/home/sunrise/ws_moveit/install/moveit_core:/home/sunrise/ws_moveit/install/moveit_resources_panda_moveit_config:/home/sunrise/ws_moveit/install/moveit_resources_fanuc_moveit_config:/home/sunrise/ws_moveit/install/srdfdom:/home/sunrise/ws_moveit/install/moveit_resources_prbt_support:/home/sunrise/ws_moveit/install/moveit_resources_pr2_description:/home/sunrise/ws_moveit/install/moveit_resources_panda_description:/home/sunrise/ws_moveit/install/moveit_resources_fanuc_description:/home/sunrise/ws_moveit/install/moveit_common:/opt/ros/humble LD_LIBRARY_PATH=/home/sunrise/ws_moveit/install/moveit_ros_planning_interface/lib:/home/sunrise/ws_moveit/install/moveit_ros_move_group/lib:/home/sunrise/ws_moveit/install/moveit_ros_warehouse/lib:/home/sunrise/ws_moveit/install/moveit_planners_ompl/lib:/home/sunrise/ws_moveit/install/moveit_kinematics/lib:/home/sunrise/ws_moveit/install/moveit_ros_planning/lib:/home/sunrise/ws_moveit/install/pilz_industrial_motion_planner_testutils/lib:/home/sunrise/ws_moveit/install/moveit_simple_controller_manager/lib:/home/sunrise/ws_moveit/install/moveit_ros_occupancy_map_monitor/lib:/home/sunrise/ws_moveit/install/moveit_resources_prbt_ikfast_manipulator_plugin/lib:/home/sunrise/ws_moveit/install/moveit_core/lib:/home/sunrise/ws_moveit/install/srdfdom/lib:${LD_LIBRARY_PATH} PATH=/home/sunrise/ws_moveit/install/moveit_core/bin:${PATH} PYTHONPATH=/home/sunrise/ws_moveit/install/moveit_configs_utils/lib/python3.10/site-packages:/home/sunrise/ws_moveit/install/srdfdom/local/lib/python3.10/dist-packages:/home/sunrise/ws_moveit/install/launch_param_builder/lib/python3.10/site-packages:${PYTHONPATH} /usr/bin/cmake --install /home/sunrise/ws_moveit/build/pilz_industrial_motion_planner
[722.217s] -- Install configuration: "Release"
[722.217s] -- Installing: /home/sunrise/ws_moveit/install/pilz_industrial_motion_planner/share/pilz_industrial_motion_planner/plugins/pilz_industrial_motion_planner_plugin_description.xml
[722.217s] -- Installing: /home/sunrise/ws_moveit/install/pilz_industrial_motion_planner/share/pilz_industrial_motion_planner/plugins/sequence_capability_plugin_description.xml
[722.217s] -- Installing: /home/sunrise/ws_moveit/install/pilz_industrial_motion_planner/share/pilz_industrial_motion_planner/plugins/planning_context_plugin_description.xml
[722.218s] -- Installing: /home/sunrise/ws_moveit/install/pilz_industrial_motion_planner/lib/libpilz_industrial_motion_planner.so
[722.219s] -- Set runtime path of "/home/sunrise/ws_moveit/install/pilz_industrial_motion_planner/lib/libpilz_industrial_motion_planner.so" to ""
[722.219s] -- Installing: /home/sunrise/ws_moveit/install/pilz_industrial_motion_planner/lib/libjoint_limits_common.so
[722.220s] -- Set runtime path of "/home/sunrise/ws_moveit/install/pilz_industrial_motion_planner/lib/libjoint_limits_common.so" to ""
[722.220s] -- Installing: /home/sunrise/ws_moveit/install/pilz_industrial_motion_planner/lib/libplanning_context_loader_base.so
[722.221s] -- Set runtime path of "/home/sunrise/ws_moveit/install/pilz_industrial_motion_planner/lib/libplanning_context_loader_base.so" to ""
[722.221s] -- Installing: /home/sunrise/ws_moveit/install/pilz_industrial_motion_planner/lib/libplanning_context_loader_ptp.so
[722.222s] -- Set runtime path of "/home/sunrise/ws_moveit/install/pilz_industrial_motion_planner/lib/libplanning_context_loader_ptp.so" to ""
[722.222s] -- Installing: /home/sunrise/ws_moveit/install/pilz_industrial_motion_planner/lib/libplanning_context_loader_lin.so
[722.223s] -- Set runtime path of "/home/sunrise/ws_moveit/install/pilz_industrial_motion_planner/lib/libplanning_context_loader_lin.so" to ""
[722.223s] -- Installing: /home/sunrise/ws_moveit/install/pilz_industrial_motion_planner/lib/libplanning_context_loader_circ.so
[722.224s] -- Set runtime path of "/home/sunrise/ws_moveit/install/pilz_industrial_motion_planner/lib/libplanning_context_loader_circ.so" to ""
[722.224s] -- Installing: /home/sunrise/ws_moveit/install/pilz_industrial_motion_planner/lib/libcommand_list_manager.so
[722.225s] -- Set runtime path of "/home/sunrise/ws_moveit/install/pilz_industrial_motion_planner/lib/libcommand_list_manager.so" to ""
[722.225s] -- Installing: /home/sunrise/ws_moveit/install/pilz_industrial_motion_planner/lib/libsequence_capability.so
[722.226s] -- Set runtime path of "/home/sunrise/ws_moveit/install/pilz_industrial_motion_planner/lib/libsequence_capability.so" to ""
[722.227s] -- Installing: /home/sunrise/ws_moveit/install/pilz_industrial_motion_planner/lib/libtrajectory_generation_common.so
[722.227s] -- Set runtime path of "/home/sunrise/ws_moveit/install/pilz_industrial_motion_planner/lib/libtrajectory_generation_common.so" to ""
[722.228s] -- Installing: /home/sunrise/ws_moveit/install/pilz_industrial_motion_planner/include
[722.228s] -- Installing: /home/sunrise/ws_moveit/install/pilz_industrial_motion_planner/include/joint_limits_copy
[722.228s] -- Installing: /home/sunrise/ws_moveit/install/pilz_industrial_motion_planner/include/joint_limits_copy/joint_limits_rosparam.hpp
[722.228s] -- Installing: /home/sunrise/ws_moveit/install/pilz_industrial_motion_planner/include/joint_limits_copy/joint_limits.hpp
[722.228s] -- Installing: /home/sunrise/ws_moveit/install/pilz_industrial_motion_planner/include/pilz_industrial_motion_planner
[722.228s] -- Installing: /home/sunrise/ws_moveit/install/pilz_industrial_motion_planner/include/pilz_industrial_motion_planner/capability_names.h
[722.228s] -- Installing: /home/sunrise/ws_moveit/install/pilz_industrial_motion_planner/include/pilz_industrial_motion_planner/trajectory_blender.h
[722.229s] -- Installing: /home/sunrise/ws_moveit/install/pilz_industrial_motion_planner/include/pilz_industrial_motion_planner/planning_context_loader_ptp.h
[722.229s] -- Installing: /home/sunrise/ws_moveit/install/pilz_industrial_motion_planner/include/pilz_industrial_motion_planner/planning_context_circ.h
[722.229s] -- Installing: /home/sunrise/ws_moveit/install/pilz_industrial_motion_planner/include/pilz_industrial_motion_planner/joint_limits_aggregator.h
[722.229s] -- Installing: /home/sunrise/ws_moveit/install/pilz_industrial_motion_planner/include/pilz_industrial_motion_planner/planning_context_lin.h
[722.229s] -- Installing: /home/sunrise/ws_moveit/install/pilz_industrial_motion_planner/include/pilz_industrial_motion_planner/trajectory_generator_ptp.h
[722.229s] -- Installing: /home/sunrise/ws_moveit/install/pilz_industrial_motion_planner/include/pilz_industrial_motion_planner/cartesian_limit.h
[722.229s] -- Installing: /home/sunrise/ws_moveit/install/pilz_industrial_motion_planner/include/pilz_industrial_motion_planner/trajectory_blender_transition_window.h
[722.230s] -- Installing: /home/sunrise/ws_moveit/install/pilz_industrial_motion_planner/include/pilz_industrial_motion_planner/move_group_sequence_action.h
[722.230s] -- Installing: /home/sunrise/ws_moveit/install/pilz_industrial_motion_planner/include/pilz_industrial_motion_planner/trajectory_generator_lin.h
[722.230s] -- Installing: /home/sunrise/ws_moveit/install/pilz_industrial_motion_planner/include/pilz_industrial_motion_planner/trajectory_functions.h
[722.230s] -- Installing: /home/sunrise/ws_moveit/install/pilz_industrial_motion_planner/include/pilz_industrial_motion_planner/planning_exceptions.h
[722.230s] -- Installing: /home/sunrise/ws_moveit/install/pilz_industrial_motion_planner/include/pilz_industrial_motion_planner/trajectory_generation_exceptions.h
[722.230s] -- Installing: /home/sunrise/ws_moveit/install/pilz_industrial_motion_planner/include/pilz_industrial_motion_planner/trajectory_generator_circ.h
[722.231s] -- Installing: /home/sunrise/ws_moveit/install/pilz_industrial_motion_planner/include/pilz_industrial_motion_planner/cartesian_limits_aggregator.h
[722.231s] -- Installing: /home/sunrise/ws_moveit/install/pilz_industrial_motion_planner/include/pilz_industrial_motion_planner/command_list_manager.h
[722.231s] -- Installing: /home/sunrise/ws_moveit/install/pilz_industrial_motion_planner/include/pilz_industrial_motion_planner/planning_context_loader.h
[722.231s] -- Installing: /home/sunrise/ws_moveit/install/pilz_industrial_motion_planner/include/pilz_industrial_motion_planner/trajectory_blend_response.h
[722.231s] -- Installing: /home/sunrise/ws_moveit/install/pilz_industrial_motion_planner/include/pilz_industrial_motion_planner/cartesian_trajectory_point.h
[722.231s] -- Installing: /home/sunrise/ws_moveit/install/pilz_industrial_motion_planner/include/pilz_industrial_motion_planner/cartesian_trajectory.h
[722.232s] -- Installing: /home/sunrise/ws_moveit/install/pilz_industrial_motion_planner/include/pilz_industrial_motion_planner/velocity_profile_atrap.h
[722.232s] -- Installing: /home/sunrise/ws_moveit/install/pilz_industrial_motion_planner/include/pilz_industrial_motion_planner/trajectory_generator.h
[722.232s] -- Installing: /home/sunrise/ws_moveit/install/pilz_industrial_motion_planner/include/pilz_industrial_motion_planner/joint_limits_extension.h
[722.232s] -- Installing: /home/sunrise/ws_moveit/install/pilz_industrial_motion_planner/include/pilz_industrial_motion_planner/path_circle_generator.h
[722.232s] -- Installing: /home/sunrise/ws_moveit/install/pilz_industrial_motion_planner/include/pilz_industrial_motion_planner/joint_limits_interface_extension.h
[722.232s] -- Installing: /home/sunrise/ws_moveit/install/pilz_industrial_motion_planner/include/pilz_industrial_motion_planner/joint_limits_validator.h
[722.232s] -- Installing: /home/sunrise/ws_moveit/install/pilz_industrial_motion_planner/include/pilz_industrial_motion_planner/limits_container.h
[722.233s] -- Installing: /home/sunrise/ws_moveit/install/pilz_industrial_motion_planner/include/pilz_industrial_motion_planner/planning_context_loader_circ.h
[722.233s] -- Installing: /home/sunrise/ws_moveit/install/pilz_industrial_motion_planner/include/pilz_industrial_motion_planner/planning_context_loader_lin.h
[722.233s] -- Installing: /home/sunrise/ws_moveit/install/pilz_industrial_motion_planner/include/pilz_industrial_motion_planner/plan_components_builder.h
[722.233s] -- Installing: /home/sunrise/ws_moveit/install/pilz_industrial_motion_planner/include/pilz_industrial_motion_planner/trajectory_blend_request.h
[722.233s] -- Installing: /home/sunrise/ws_moveit/install/pilz_industrial_motion_planner/include/pilz_industrial_motion_planner/move_group_sequence_service.h
[722.233s] -- Installing: /home/sunrise/ws_moveit/install/pilz_industrial_motion_planner/include/pilz_industrial_motion_planner/planning_context_ptp.h
[722.234s] -- Installing: /home/sunrise/ws_moveit/install/pilz_industrial_motion_planner/include/pilz_industrial_motion_planner/pilz_industrial_motion_planner.h
[722.234s] -- Installing: /home/sunrise/ws_moveit/install/pilz_industrial_motion_planner/include/pilz_industrial_motion_planner/joint_limits_container.h
[722.234s] -- Installing: /home/sunrise/ws_moveit/install/pilz_industrial_motion_planner/include/pilz_industrial_motion_planner/planning_context_base.h
[722.234s] -- Installing: /home/sunrise/ws_moveit/install/pilz_industrial_motion_planner/include/pilz_industrial_motion_planner/tip_frame_getter.h
[722.234s] -- Installing: /home/sunrise/ws_moveit/install/pilz_industrial_motion_planner/share/pilz_industrial_motion_planner/environment/library_path.sh
[722.235s] -- Installing: /home/sunrise/ws_moveit/install/pilz_industrial_motion_planner/share/pilz_industrial_motion_planner/environment/library_path.dsv
[722.236s] -- Installing: /home/sunrise/ws_moveit/install/pilz_industrial_motion_planner/lib/pilz_industrial_motion_planner/unittest_pilz_industrial_motion_planner_direct
[722.238s] -- Set runtime path of "/home/sunrise/ws_moveit/install/pilz_industrial_motion_planner/lib/pilz_industrial_motion_planner/unittest_pilz_industrial_motion_planner_direct" to ""
[722.238s] -- Installing: /home/sunrise/ws_moveit/install/pilz_industrial_motion_planner/lib/pilz_industrial_motion_planner/unittest_velocity_profile_atrap
[722.239s] -- Set runtime path of "/home/sunrise/ws_moveit/install/pilz_industrial_motion_planner/lib/pilz_industrial_motion_planner/unittest_velocity_profile_atrap" to ""
[722.239s] -- Installing: /home/sunrise/ws_moveit/install/pilz_industrial_motion_planner/lib/pilz_industrial_motion_planner/unittest_trajectory_generator
[722.240s] -- Set runtime path of "/home/sunrise/ws_moveit/install/pilz_industrial_motion_planner/lib/pilz_industrial_motion_planner/unittest_trajectory_generator" to ""
[722.240s] -- Installing: /home/sunrise/ws_moveit/install/pilz_industrial_motion_planner/lib/pilz_industrial_motion_planner/unittest_trajectory_functions
[722.242s] -- Set runtime path of "/home/sunrise/ws_moveit/install/pilz_industrial_motion_planner/lib/pilz_industrial_motion_planner/unittest_trajectory_functions" to ""
[722.242s] -- Installing: /home/sunrise/ws_moveit/install/pilz_industrial_motion_planner/lib/pilz_industrial_motion_planner/unittest_trajectory_blender_transition_window
[722.244s] -- Set runtime path of "/home/sunrise/ws_moveit/install/pilz_industrial_motion_planner/lib/pilz_industrial_motion_planner/unittest_trajectory_blender_transition_window" to ""
[722.244s] -- Installing: /home/sunrise/ws_moveit/install/pilz_industrial_motion_planner/lib/pilz_industrial_motion_planner/unittest_trajectory_generator_common
[722.246s] -- Set runtime path of "/home/sunrise/ws_moveit/install/pilz_industrial_motion_planner/lib/pilz_industrial_motion_planner/unittest_trajectory_generator_common" to ""
[722.246s] -- Installing: /home/sunrise/ws_moveit/install/pilz_industrial_motion_planner/lib/pilz_industrial_motion_planner/unittest_trajectory_generator_circ
[722.248s] -- Set runtime path of "/home/sunrise/ws_moveit/install/pilz_industrial_motion_planner/lib/pilz_industrial_motion_planner/unittest_trajectory_generator_circ" to ""
[722.249s] -- Installing: /home/sunrise/ws_moveit/install/pilz_industrial_motion_planner/lib/pilz_industrial_motion_planner/unittest_trajectory_generator_lin
[722.250s] -- Set runtime path of "/home/sunrise/ws_moveit/install/pilz_industrial_motion_planner/lib/pilz_industrial_motion_planner/unittest_trajectory_generator_lin" to ""
[722.251s] -- Installing: /home/sunrise/ws_moveit/install/pilz_industrial_motion_planner/lib/pilz_industrial_motion_planner/unittest_trajectory_generator_ptp
[722.252s] -- Set runtime path of "/home/sunrise/ws_moveit/install/pilz_industrial_motion_planner/lib/pilz_industrial_motion_planner/unittest_trajectory_generator_ptp" to ""
[722.253s] -- Installing: /home/sunrise/ws_moveit/install/pilz_industrial_motion_planner/lib/pilz_industrial_motion_planner/unittest_pilz_industrial_motion_planner
[722.254s] -- Set runtime path of "/home/sunrise/ws_moveit/install/pilz_industrial_motion_planner/lib/pilz_industrial_motion_planner/unittest_pilz_industrial_motion_planner" to ""
[722.255s] -- Installing: /home/sunrise/ws_moveit/install/pilz_industrial_motion_planner/lib/pilz_industrial_motion_planner/unittest_joint_limit
[722.256s] -- Set runtime path of "/home/sunrise/ws_moveit/install/pilz_industrial_motion_planner/lib/pilz_industrial_motion_planner/unittest_joint_limit" to ""
[722.256s] -- Installing: /home/sunrise/ws_moveit/install/pilz_industrial_motion_planner/lib/pilz_industrial_motion_planner/unittest_joint_limits_aggregator
[722.257s] -- Set runtime path of "/home/sunrise/ws_moveit/install/pilz_industrial_motion_planner/lib/pilz_industrial_motion_planner/unittest_joint_limits_aggregator" to ""
[722.257s] -- Installing: /home/sunrise/ws_moveit/install/pilz_industrial_motion_planner/lib/pilz_industrial_motion_planner/unittest_joint_limits_container
[722.259s] -- Set runtime path of "/home/sunrise/ws_moveit/install/pilz_industrial_motion_planner/lib/pilz_industrial_motion_planner/unittest_joint_limits_container" to ""
[722.259s] -- Installing: /home/sunrise/ws_moveit/install/pilz_industrial_motion_planner/lib/pilz_industrial_motion_planner/unittest_joint_limits_validator
[722.260s] -- Set runtime path of "/home/sunrise/ws_moveit/install/pilz_industrial_motion_planner/lib/pilz_industrial_motion_planner/unittest_joint_limits_validator" to ""
[722.260s] -- Installing: /home/sunrise/ws_moveit/install/pilz_industrial_motion_planner/lib/pilz_industrial_motion_planner/unittest_cartesian_limits_aggregator
[722.262s] -- Set runtime path of "/home/sunrise/ws_moveit/install/pilz_industrial_motion_planner/lib/pilz_industrial_motion_planner/unittest_cartesian_limits_aggregator" to ""
[722.262s] -- Installing: /home/sunrise/ws_moveit/install/pilz_industrial_motion_planner/lib/pilz_industrial_motion_planner/unittest_planning_context_loaders
[722.264s] -- Set runtime path of "/home/sunrise/ws_moveit/install/pilz_industrial_motion_planner/lib/pilz_industrial_motion_planner/unittest_planning_context_loaders" to ""
[722.264s] -- Installing: /home/sunrise/ws_moveit/install/pilz_industrial_motion_planner/lib/pilz_industrial_motion_planner/unittest_planning_context
[722.266s] -- Set runtime path of "/home/sunrise/ws_moveit/install/pilz_industrial_motion_planner/lib/pilz_industrial_motion_planner/unittest_planning_context" to ""
[722.266s] -- Installing: /home/sunrise/ws_moveit/install/pilz_industrial_motion_planner/lib/pilz_industrial_motion_planner/unittest_get_solver_tip_frame
[722.268s] -- Set runtime path of "/home/sunrise/ws_moveit/install/pilz_industrial_motion_planner/lib/pilz_industrial_motion_planner/unittest_get_solver_tip_frame" to ""
[722.268s] -- Installing: /home/sunrise/ws_moveit/install/pilz_industrial_motion_planner/share/pilz_industrial_motion_planner/config
[722.268s] -- Installing: /home/sunrise/ws_moveit/install/pilz_industrial_motion_planner/share/pilz_industrial_motion_planner/config/unittest_trajectory_generator_circ.yaml
[722.268s] -- Installing: /home/sunrise/ws_moveit/install/pilz_industrial_motion_planner/share/pilz_industrial_motion_planner/config/unittest_trajectory_functions.yaml
[722.268s] -- Installing: /home/sunrise/ws_moveit/install/pilz_industrial_motion_planner/share/pilz_industrial_motion_planner/config/unittest_trajectory_generator_lin.yaml
[722.269s] -- Installing: /home/sunrise/ws_moveit/install/pilz_industrial_motion_planner/share/pilz_industrial_motion_planner/config/unittest_cartesian_limits_aggregator.yaml
[722.269s] -- Installing: /home/sunrise/ws_moveit/install/pilz_industrial_motion_planner/share/pilz_industrial_motion_planner/config/unittest_joint_limit_config.yaml
[722.269s] -- Installing: /home/sunrise/ws_moveit/install/pilz_industrial_motion_planner/share/pilz_industrial_motion_planner/config/unittest_trajectory_generator_common.yaml
[722.269s] -- Installing: /home/sunrise/ws_moveit/install/pilz_industrial_motion_planner/share/pilz_industrial_motion_planner/config/unittest_trajectory_blender_transition_window.yaml
[722.269s] -- Installing: /home/sunrise/ws_moveit/install/pilz_industrial_motion_planner/share/pilz_industrial_motion_planner/config/unittest_joint_limits_aggregator.yaml
[722.269s] -- Installing: /home/sunrise/ws_moveit/install/pilz_industrial_motion_planner/share/pilz_industrial_motion_planner/config/unittest_trajectory_generator_ptp.yaml
[722.270s] -- Installing: /home/sunrise/ws_moveit/install/pilz_industrial_motion_planner/share/pilz_industrial_motion_planner/launch
[722.270s] -- Installing: /home/sunrise/ws_moveit/install/pilz_industrial_motion_planner/share/pilz_industrial_motion_planner/launch/unittest_trajectory_functions.test.py
[722.270s] -- Installing: /home/sunrise/ws_moveit/install/pilz_industrial_motion_planner/share/pilz_industrial_motion_planner/launch/common_parameters.py
[722.270s] -- Installing: /home/sunrise/ws_moveit/install/pilz_industrial_motion_planner/share/pilz_industrial_motion_planner/launch/unittest_trajectory_generator_ptp.test.py
[722.270s] -- Installing: /home/sunrise/ws_moveit/install/pilz_industrial_motion_planner/share/pilz_industrial_motion_planner/launch/unittest_trajectory_blender_transition_window.test.py
[722.270s] -- Installing: /home/sunrise/ws_moveit/install/pilz_industrial_motion_planner/share/pilz_industrial_motion_planner/launch/unittest_pilz_industrial_motion_planner.test.py
[722.270s] -- Installing: /home/sunrise/ws_moveit/install/pilz_industrial_motion_planner/share/pilz_industrial_motion_planner/launch/unittest_trajectory_generator_common.test.py
[722.271s] -- Installing: /home/sunrise/ws_moveit/install/pilz_industrial_motion_planner/share/pilz_industrial_motion_planner/launch/unittest_joint_limits_aggregator.test.py
[722.271s] -- Installing: /home/sunrise/ws_moveit/install/pilz_industrial_motion_planner/share/pilz_industrial_motion_planner/launch/unittest_planning_context.test.py
[722.271s] -- Installing: /home/sunrise/ws_moveit/install/pilz_industrial_motion_planner/share/pilz_industrial_motion_planner/launch/unittest_cartesian_limits_aggregator.test.py
[722.271s] -- Installing: /home/sunrise/ws_moveit/install/pilz_industrial_motion_planner/share/pilz_industrial_motion_planner/launch/unittest_joint_limit.test.py
[722.271s] -- Installing: /home/sunrise/ws_moveit/install/pilz_industrial_motion_planner/share/pilz_industrial_motion_planner/launch/unittest_trajectory_generator_lin.test.py
[722.271s] -- Installing: /home/sunrise/ws_moveit/install/pilz_industrial_motion_planner/share/pilz_industrial_motion_planner/launch/unittest_planning_context_loaders.test.py
[722.271s] -- Installing: /home/sunrise/ws_moveit/install/pilz_industrial_motion_planner/share/pilz_industrial_motion_planner/launch/unittest_trajectory_generator_circ.test.py
[722.272s] -- Installing: /home/sunrise/ws_moveit/install/pilz_industrial_motion_planner/share/pilz_industrial_motion_planner/test_data
[722.272s] -- Installing: /home/sunrise/ws_moveit/install/pilz_industrial_motion_planner/share/pilz_industrial_motion_planner/test_data/prbt
[722.272s] -- Installing: /home/sunrise/ws_moveit/install/pilz_industrial_motion_planner/share/pilz_industrial_motion_planner/test_data/prbt/testdata_sequence.xml
[722.272s] -- Installing: /home/sunrise/ws_moveit/install/pilz_industrial_motion_planner/share/pilz_industrial_motion_planner/test_data/prbt/testdata_deprecated.xml
[722.273s] -- Installing: /home/sunrise/ws_moveit/install/pilz_industrial_motion_planner/share/pilz_industrial_motion_planner/test_data/prbt/testdata_with_gripper.xml
[722.273s] -- Installing: /home/sunrise/ws_moveit/install/pilz_industrial_motion_planner/share/pilz_industrial_motion_planner/test_data/frankaemika_panda
[722.273s] -- Installing: /home/sunrise/ws_moveit/install/pilz_industrial_motion_planner/share/pilz_industrial_motion_planner/test_data/frankaemika_panda/testdata_sequence.xml
[722.273s] -- Installing: /home/sunrise/ws_moveit/install/pilz_industrial_motion_planner/share/pilz_industrial_motion_planner/test_data/concept_testdata.png
[722.273s] -- Installing: /home/sunrise/ws_moveit/install/pilz_industrial_motion_planner/share/pilz_industrial_motion_planner/test_data/testpoints.py
[722.273s] -- Installing: /home/sunrise/ws_moveit/install/pilz_industrial_motion_planner/share/pilz_industrial_motion_planner/test_data/concept_testdata.odp
[722.274s] -- Installing: /home/sunrise/ws_moveit/install/pilz_industrial_motion_planner/share/ament_index/resource_index/package_run_dependencies/pilz_industrial_motion_planner
[722.274s] -- Installing: /home/sunrise/ws_moveit/install/pilz_industrial_motion_planner/share/ament_index/resource_index/parent_prefix_path/pilz_industrial_motion_planner
[722.274s] -- Installing: /home/sunrise/ws_moveit/install/pilz_industrial_motion_planner/share/pilz_industrial_motion_planner/environment/ament_prefix_path.sh
[722.275s] -- Installing: /home/sunrise/ws_moveit/install/pilz_industrial_motion_planner/share/pilz_industrial_motion_planner/environment/ament_prefix_path.dsv
[722.275s] -- Installing: /home/sunrise/ws_moveit/install/pilz_industrial_motion_planner/share/pilz_industrial_motion_planner/environment/path.sh
[722.275s] -- Installing: /home/sunrise/ws_moveit/install/pilz_industrial_motion_planner/share/pilz_industrial_motion_planner/environment/path.dsv
[722.275s] -- Installing: /home/sunrise/ws_moveit/install/pilz_industrial_motion_planner/share/pilz_industrial_motion_planner/local_setup.bash
[722.275s] -- Installing: /home/sunrise/ws_moveit/install/pilz_industrial_motion_planner/share/pilz_industrial_motion_planner/local_setup.sh
[722.276s] -- Installing: /home/sunrise/ws_moveit/install/pilz_industrial_motion_planner/share/pilz_industrial_motion_planner/local_setup.zsh
[722.276s] -- Installing: /home/sunrise/ws_moveit/install/pilz_industrial_motion_planner/share/pilz_industrial_motion_planner/local_setup.dsv
[722.276s] -- Installing: /home/sunrise/ws_moveit/install/pilz_industrial_motion_planner/share/pilz_industrial_motion_planner/package.dsv
[722.276s] -- Installing: /home/sunrise/ws_moveit/install/pilz_industrial_motion_planner/share/ament_index/resource_index/packages/pilz_industrial_motion_planner
[722.276s] -- Installing: /home/sunrise/ws_moveit/install/pilz_industrial_motion_planner/share/ament_index/resource_index/moveit_core__pluginlib__plugin/pilz_industrial_motion_planner
[722.277s] -- Installing: /home/sunrise/ws_moveit/install/pilz_industrial_motion_planner/share/ament_index/resource_index/moveit_ros_move_group__pluginlib__plugin/pilz_industrial_motion_planner
[722.277s] -- Installing: /home/sunrise/ws_moveit/install/pilz_industrial_motion_planner/share/ament_index/resource_index/pilz_industrial_motion_planner__pluginlib__plugin/pilz_industrial_motion_planner
[722.277s] -- Installing: /home/sunrise/ws_moveit/install/pilz_industrial_motion_planner/share/pilz_industrial_motion_planner/cmake/pilz_industrial_motion_plannerTargetsExport.cmake
[722.277s] -- Installing: /home/sunrise/ws_moveit/install/pilz_industrial_motion_planner/share/pilz_industrial_motion_planner/cmake/pilz_industrial_motion_plannerTargetsExport-release.cmake
[722.278s] -- Installing: /home/sunrise/ws_moveit/install/pilz_industrial_motion_planner/share/pilz_industrial_motion_planner/cmake/ament_cmake_export_include_directories-extras.cmake
[722.278s] -- Installing: /home/sunrise/ws_moveit/install/pilz_industrial_motion_planner/share/pilz_industrial_motion_planner/cmake/ament_cmake_export_targets-extras.cmake
[722.278s] -- Installing: /home/sunrise/ws_moveit/install/pilz_industrial_motion_planner/share/pilz_industrial_motion_planner/cmake/ament_cmake_export_dependencies-extras.cmake
[722.278s] -- Installing: /home/sunrise/ws_moveit/install/pilz_industrial_motion_planner/share/pilz_industrial_motion_planner/cmake/pilz_industrial_motion_plannerConfig.cmake
[722.278s] -- Installing: /home/sunrise/ws_moveit/install/pilz_industrial_motion_planner/share/pilz_industrial_motion_planner/cmake/pilz_industrial_motion_plannerConfig-version.cmake
[722.279s] -- Installing: /home/sunrise/ws_moveit/install/pilz_industrial_motion_planner/share/pilz_industrial_motion_planner/package.xml
[722.282s] Invoked command in '/home/sunrise/ws_moveit/build/pilz_industrial_motion_planner' returned '0': AMENT_PREFIX_PATH=/home/sunrise/ws_moveit/install/moveit_resources_prbt_pg70_support:/home/sunrise/ws_moveit/install/moveit_ros_planning_interface:/home/sunrise/ws_moveit/install/moveit_resources_prbt_moveit_config:/home/sunrise/ws_moveit/install/moveit_ros_move_group:/home/sunrise/ws_moveit/install/moveit_ros_warehouse:/home/sunrise/ws_moveit/install/moveit_planners_ompl:/home/sunrise/ws_moveit/install/moveit_kinematics:/home/sunrise/ws_moveit/install/moveit_ros_planning:/home/sunrise/ws_moveit/install/pilz_industrial_motion_planner_testutils:/home/sunrise/ws_moveit/install/moveit_simple_controller_manager:/home/sunrise/ws_moveit/install/moveit_ros_occupancy_map_monitor:/home/sunrise/ws_moveit/install/moveit_resources_prbt_ikfast_manipulator_plugin:/home/sunrise/ws_moveit/install/moveit_core:/home/sunrise/ws_moveit/install/moveit_resources_panda_moveit_config:/home/sunrise/ws_moveit/install/moveit_resources_fanuc_moveit_config:/home/sunrise/ws_moveit/install/moveit_configs_utils:/home/sunrise/ws_moveit/install/srdfdom:/home/sunrise/ws_moveit/install/moveit_resources_prbt_support:/home/sunrise/ws_moveit/install/moveit_resources_pr2_description:/home/sunrise/ws_moveit/install/moveit_resources_panda_description:/home/sunrise/ws_moveit/install/moveit_resources_fanuc_description:/home/sunrise/ws_moveit/install/moveit_common:/home/sunrise/ws_moveit/install/launch_param_builder:${AMENT_PREFIX_PATH} CMAKE_PREFIX_PATH=/home/sunrise/ws_moveit/install/moveit_resources_prbt_pg70_support:/home/sunrise/ws_moveit/install/moveit_ros_planning_interface:/home/sunrise/ws_moveit/install/moveit_resources_prbt_moveit_config:/home/sunrise/ws_moveit/install/moveit_ros_move_group:/home/sunrise/ws_moveit/install/moveit_ros_warehouse:/home/sunrise/ws_moveit/install/moveit_planners_ompl:/home/sunrise/ws_moveit/install/moveit_kinematics:/home/sunrise/ws_moveit/install/moveit_ros_planning:/home/sunrise/ws_moveit/install/pilz_industrial_motion_planner_testutils:/home/sunrise/ws_moveit/install/moveit_simple_controller_manager:/home/sunrise/ws_moveit/install/moveit_ros_occupancy_map_monitor:/home/sunrise/ws_moveit/install/moveit_resources_prbt_ikfast_manipulator_plugin:/home/sunrise/ws_moveit/install/moveit_core:/home/sunrise/ws_moveit/install/moveit_resources_panda_moveit_config:/home/sunrise/ws_moveit/install/moveit_resources_fanuc_moveit_config:/home/sunrise/ws_moveit/install/srdfdom:/home/sunrise/ws_moveit/install/moveit_resources_prbt_support:/home/sunrise/ws_moveit/install/moveit_resources_pr2_description:/home/sunrise/ws_moveit/install/moveit_resources_panda_description:/home/sunrise/ws_moveit/install/moveit_resources_fanuc_description:/home/sunrise/ws_moveit/install/moveit_common:/opt/ros/humble LD_LIBRARY_PATH=/home/sunrise/ws_moveit/install/moveit_ros_planning_interface/lib:/home/sunrise/ws_moveit/install/moveit_ros_move_group/lib:/home/sunrise/ws_moveit/install/moveit_ros_warehouse/lib:/home/sunrise/ws_moveit/install/moveit_planners_ompl/lib:/home/sunrise/ws_moveit/install/moveit_kinematics/lib:/home/sunrise/ws_moveit/install/moveit_ros_planning/lib:/home/sunrise/ws_moveit/install/pilz_industrial_motion_planner_testutils/lib:/home/sunrise/ws_moveit/install/moveit_simple_controller_manager/lib:/home/sunrise/ws_moveit/install/moveit_ros_occupancy_map_monitor/lib:/home/sunrise/ws_moveit/install/moveit_resources_prbt_ikfast_manipulator_plugin/lib:/home/sunrise/ws_moveit/install/moveit_core/lib:/home/sunrise/ws_moveit/install/srdfdom/lib:${LD_LIBRARY_PATH} PATH=/home/sunrise/ws_moveit/install/moveit_core/bin:${PATH} PYTHONPATH=/home/sunrise/ws_moveit/install/moveit_configs_utils/lib/python3.10/site-packages:/home/sunrise/ws_moveit/install/srdfdom/local/lib/python3.10/dist-packages:/home/sunrise/ws_moveit/install/launch_param_builder/lib/python3.10/site-packages:${PYTHONPATH} /usr/bin/cmake --install /home/sunrise/ws_moveit/build/pilz_industrial_motion_planner
