[0.045s] Invoking command in '/home/sunrise/ws_moveit/build/moveit_ros_perception': AMENT_PREFIX_PATH=/home/sunrise/ws_moveit/install/moveit_ros_planning:/home/sunrise/ws_moveit/install/moveit_ros_occupancy_map_monitor:/home/sunrise/ws_moveit/install/moveit_core:/home/sunrise/ws_moveit/install/moveit_resources_panda_moveit_config:/home/sunrise/ws_moveit/install/moveit_configs_utils:/home/sunrise/ws_moveit/install/srdfdom:/home/sunrise/ws_moveit/install/moveit_resources_pr2_description:/home/sunrise/ws_moveit/install/moveit_resources_panda_description:/home/sunrise/ws_moveit/install/moveit_common:/home/sunrise/ws_moveit/install/launch_param_builder:${AMENT_PREFIX_PATH} CMAKE_PREFIX_PATH=/home/sunrise/ws_moveit/install/moveit_ros_planning:/home/sunrise/ws_moveit/install/moveit_ros_occupancy_map_monitor:/home/sunrise/ws_moveit/install/moveit_core:/home/sunrise/ws_moveit/install/moveit_resources_panda_moveit_config:/home/sunrise/ws_moveit/install/srdfdom:/home/sunrise/ws_moveit/install/moveit_resources_pr2_description:/home/sunrise/ws_moveit/install/moveit_resources_panda_description:/home/sunrise/ws_moveit/install/moveit_common:/opt/ros/humble LD_LIBRARY_PATH=/home/sunrise/ws_moveit/install/moveit_ros_planning/lib:/home/sunrise/ws_moveit/install/moveit_ros_occupancy_map_monitor/lib:/home/sunrise/ws_moveit/install/moveit_core/lib:/home/sunrise/ws_moveit/install/srdfdom/lib:${LD_LIBRARY_PATH} PATH=/home/sunrise/ws_moveit/install/moveit_core/bin:${PATH} PYTHONPATH=/home/sunrise/ws_moveit/install/moveit_configs_utils/lib/python3.10/site-packages:/home/sunrise/ws_moveit/install/srdfdom/local/lib/python3.10/dist-packages:/home/sunrise/ws_moveit/install/launch_param_builder/lib/python3.10/site-packages:${PYTHONPATH} /usr/bin/cmake /home/sunrise/ws_moveit/src/moveit2/moveit_ros/perception -DCMAKE_BUILD_TYPE=Release -DCMAKE_INSTALL_PREFIX=/home/sunrise/ws_moveit/install/moveit_ros_perception
[0.134s] -- The C compiler identification is GNU 11.4.0
[0.210s] -- The CXX compiler identification is GNU 11.4.0
[0.220s] -- Detecting C compiler ABI info
[0.319s] -- Detecting C compiler ABI info - done
[0.330s] -- Check for working C compiler: /usr/bin/cc - skipped
[0.331s] -- Detecting C compile features
[0.332s] -- Detecting C compile features - done
[0.337s] -- Detecting CXX compiler ABI info
[0.468s] -- Detecting CXX compiler ABI info - done
[0.477s] -- Check for working CXX compiler: /usr/bin/c++ - skipped
[0.477s] -- Detecting CXX compile features
[0.478s] -- Detecting CXX compile features - done
[0.481s] -- Found moveit_common: 2.5.9 (/home/sunrise/ws_moveit/install/moveit_common/share/moveit_common/cmake)
[0.485s] -- Found ament_cmake: 1.3.12 (/opt/ros/humble/share/ament_cmake/cmake)
[1.267s] -- Found Python3: /usr/bin/python3 (found version "3.10.12") found components: Interpreter 
[1.591s] -- Found OpenGL: /usr/lib/aarch64-linux-gnu/libOpenGL.so   
[1.651s] -- Found GLEW: /usr/include (found version "2.2.0") 
[1.659s] -- Found PkgConfig: /usr/bin/pkg-config (found version "0.29.2") 
[1.660s] -- Checking for module 'glut'
[1.663s] --   No package 'glut' found
[1.666s] -- Found GLUT: /usr/lib/aarch64-linux-gnu/libglut.so  
[1.670s] -- Found cv_bridge: 3.2.1 (/opt/ros/humble/share/cv_bridge/cmake)
[1.741s] -- Found rosidl_generator_c: 3.1.7 (/opt/ros/humble/share/rosidl_generator_c/cmake)
[1.750s] -- Found rosidl_adapter: 3.1.7 (/opt/ros/humble/share/rosidl_adapter/cmake)
[1.765s] -- Found rosidl_generator_cpp: 3.1.7 (/opt/ros/humble/share/rosidl_generator_cpp/cmake)
[1.791s] -- Using all available rosidl_typesupport_c: rosidl_typesupport_fastrtps_c;rosidl_typesupport_introspection_c
[1.821s] -- Using all available rosidl_typesupport_cpp: rosidl_typesupport_fastrtps_cpp;rosidl_typesupport_introspection_cpp
[1.924s] -- Found moveit_core: 2.5.9 (/home/sunrise/ws_moveit/install/moveit_core/share/moveit_core/cmake)
[2.268s] -- Found Boost: /usr/lib/aarch64-linux-gnu/cmake/Boost-1.74.0/BoostConfig.cmake (found version "1.74.0") found components: chrono date_time filesystem iostreams program_options regex serialization system thread 
[2.336s] -- Found parameter_traits: 0.7.1 (/opt/ros/humble/share/parameter_traits/cmake)
[2.401s] -- Found rmw_implementation_cmake: 6.1.2 (/opt/ros/humble/share/rmw_implementation_cmake/cmake)
[2.407s] -- Found rmw_fastrtps_cpp: 6.2.8 (/opt/ros/humble/share/rmw_fastrtps_cpp/cmake)
[2.537s] -- Found OpenSSL: /usr/lib/aarch64-linux-gnu/libcrypto.so (found version "3.0.2")  
[2.565s] -- Found FastRTPS: /opt/ros/humble/include  
[2.612s] -- Using RMW implementation 'rmw_fastrtps_cpp' as default
[2.626s] -- Found Threads: TRUE  
[2.706s] -- Found rclcpp_lifecycle: 16.0.14 (/opt/ros/humble/share/rclcpp_lifecycle/cmake)
[2.746s] -- Found Boost: /usr/lib/aarch64-linux-gnu/cmake/Boost-1.74.0/BoostConfig.cmake (found version "1.74.0") found components: filesystem 
[2.917s] -- library: /usr/lib/aarch64-linux-gnu/libcurl.so
[2.991s] -- Found Eigen3: TRUE (found version "3.4.0") 
[2.992s] -- Ensuring Eigen3 include directory is part of orocos-kdl CMake target
[3.395s] -- Found image_transport: 3.1.12 (/opt/ros/humble/share/image_transport/cmake)
[3.401s] -- Found moveit_ros_occupancy_map_monitor: 2.5.9 (/home/sunrise/ws_moveit/install/moveit_ros_occupancy_map_monitor/share/moveit_ros_occupancy_map_monitor/cmake)
[4.011s] -- Found OpenMP_C: -fopenmp (found version "4.5") 
[4.207s] -- Found OpenMP_CXX: -fopenmp (found version "4.5") 
[4.207s] -- Found OpenMP: TRUE (found version "4.5")  
[4.214s] -- Found OpenCV: /usr (found version "4.5.4") 
[4.221s] -- Found Boost: /usr/lib/aarch64-linux-gnu/cmake/Boost-1.74.0/BoostConfig.cmake (found version "1.74.0") found components: thread 
[4.263s] -- Performing Test COMPILER_HAS_HIDDEN_VISIBILITY
[4.459s] -- Performing Test COMPILER_HAS_HIDDEN_VISIBILITY - Success
[4.459s] -- Performing Test COMPILER_HAS_HIDDEN_INLINE_VISIBILITY
[4.639s] -- Performing Test COMPILER_HAS_HIDDEN_INLINE_VISIBILITY - Success
[4.639s] -- Performing Test COMPILER_HAS_DEPRECATED_ATTR
[4.836s] -- Performing Test COMPILER_HAS_DEPRECATED_ATTR - Success
[4.877s] -- Found ament_lint_auto: 0.12.14 (/opt/ros/humble/share/ament_lint_auto/cmake)
[4.920s] -- Added test 'cppcheck' to perform static code analysis on C / C++ code
[4.921s] -- Configured cppcheck include dirs: /home/sunrise/ws_moveit/src/moveit2/moveit_ros/perception/depth_image_octomap_updater/include;/home/sunrise/ws_moveit/src/moveit2/moveit_ros/perception/lazy_free_space_updater/include;/home/sunrise/ws_moveit/src/moveit2/moveit_ros/perception/mesh_filter/include;/home/sunrise/ws_moveit/src/moveit2/moveit_ros/perception/point_containment_filter/include;/home/sunrise/ws_moveit/src/moveit2/moveit_ros/perception/pointcloud_octomap_updater/include;/home/sunrise/ws_moveit/src/moveit2/moveit_ros/perception/semantic_world/include
[4.921s] -- Configured cppcheck exclude dirs and/or files: 
[4.924s] -- Added test 'lint_cmake' to check CMake code style
[4.927s] -- Added test 'xmllint' to check XML markup files
[4.934s] -- Configuring done
[5.231s] -- Generating done
[5.309s] -- Build files have been written to: /home/sunrise/ws_moveit/build/moveit_ros_perception
[5.342s] Invoked command in '/home/sunrise/ws_moveit/build/moveit_ros_perception' returned '0': AMENT_PREFIX_PATH=/home/sunrise/ws_moveit/install/moveit_ros_planning:/home/sunrise/ws_moveit/install/moveit_ros_occupancy_map_monitor:/home/sunrise/ws_moveit/install/moveit_core:/home/sunrise/ws_moveit/install/moveit_resources_panda_moveit_config:/home/sunrise/ws_moveit/install/moveit_configs_utils:/home/sunrise/ws_moveit/install/srdfdom:/home/sunrise/ws_moveit/install/moveit_resources_pr2_description:/home/sunrise/ws_moveit/install/moveit_resources_panda_description:/home/sunrise/ws_moveit/install/moveit_common:/home/sunrise/ws_moveit/install/launch_param_builder:${AMENT_PREFIX_PATH} CMAKE_PREFIX_PATH=/home/sunrise/ws_moveit/install/moveit_ros_planning:/home/sunrise/ws_moveit/install/moveit_ros_occupancy_map_monitor:/home/sunrise/ws_moveit/install/moveit_core:/home/sunrise/ws_moveit/install/moveit_resources_panda_moveit_config:/home/sunrise/ws_moveit/install/srdfdom:/home/sunrise/ws_moveit/install/moveit_resources_pr2_description:/home/sunrise/ws_moveit/install/moveit_resources_panda_description:/home/sunrise/ws_moveit/install/moveit_common:/opt/ros/humble LD_LIBRARY_PATH=/home/sunrise/ws_moveit/install/moveit_ros_planning/lib:/home/sunrise/ws_moveit/install/moveit_ros_occupancy_map_monitor/lib:/home/sunrise/ws_moveit/install/moveit_core/lib:/home/sunrise/ws_moveit/install/srdfdom/lib:${LD_LIBRARY_PATH} PATH=/home/sunrise/ws_moveit/install/moveit_core/bin:${PATH} PYTHONPATH=/home/sunrise/ws_moveit/install/moveit_configs_utils/lib/python3.10/site-packages:/home/sunrise/ws_moveit/install/srdfdom/local/lib/python3.10/dist-packages:/home/sunrise/ws_moveit/install/launch_param_builder/lib/python3.10/site-packages:${PYTHONPATH} /usr/bin/cmake /home/sunrise/ws_moveit/src/moveit2/moveit_ros/perception -DCMAKE_BUILD_TYPE=Release -DCMAKE_INSTALL_PREFIX=/home/sunrise/ws_moveit/install/moveit_ros_perception
[5.343s] Invoking command in '/home/sunrise/ws_moveit/build/moveit_ros_perception': AMENT_PREFIX_PATH=/home/sunrise/ws_moveit/install/moveit_ros_planning:/home/sunrise/ws_moveit/install/moveit_ros_occupancy_map_monitor:/home/sunrise/ws_moveit/install/moveit_core:/home/sunrise/ws_moveit/install/moveit_resources_panda_moveit_config:/home/sunrise/ws_moveit/install/moveit_configs_utils:/home/sunrise/ws_moveit/install/srdfdom:/home/sunrise/ws_moveit/install/moveit_resources_pr2_description:/home/sunrise/ws_moveit/install/moveit_resources_panda_description:/home/sunrise/ws_moveit/install/moveit_common:/home/sunrise/ws_moveit/install/launch_param_builder:${AMENT_PREFIX_PATH} CMAKE_PREFIX_PATH=/home/sunrise/ws_moveit/install/moveit_ros_planning:/home/sunrise/ws_moveit/install/moveit_ros_occupancy_map_monitor:/home/sunrise/ws_moveit/install/moveit_core:/home/sunrise/ws_moveit/install/moveit_resources_panda_moveit_config:/home/sunrise/ws_moveit/install/srdfdom:/home/sunrise/ws_moveit/install/moveit_resources_pr2_description:/home/sunrise/ws_moveit/install/moveit_resources_panda_description:/home/sunrise/ws_moveit/install/moveit_common:/opt/ros/humble LD_LIBRARY_PATH=/home/sunrise/ws_moveit/install/moveit_ros_planning/lib:/home/sunrise/ws_moveit/install/moveit_ros_occupancy_map_monitor/lib:/home/sunrise/ws_moveit/install/moveit_core/lib:/home/sunrise/ws_moveit/install/srdfdom/lib:${LD_LIBRARY_PATH} PATH=/home/sunrise/ws_moveit/install/moveit_core/bin:${PATH} PYTHONPATH=/home/sunrise/ws_moveit/install/moveit_configs_utils/lib/python3.10/site-packages:/home/sunrise/ws_moveit/install/srdfdom/local/lib/python3.10/dist-packages:/home/sunrise/ws_moveit/install/launch_param_builder/lib/python3.10/site-packages:${PYTHONPATH} /usr/bin/cmake --build /home/sunrise/ws_moveit/build/moveit_ros_perception -- -j6 -l6
[109.380s] [  5%] [32mBuilding CXX object lazy_free_space_updater/CMakeFiles/moveit_lazy_free_space_updater.dir/src/lazy_free_space_updater.cpp.o[0m
[109.383s] [ 10%] [32m[1mLinking CXX shared library libmoveit_lazy_free_space_updater.so[0m
[109.383s] [ 10%] Built target moveit_lazy_free_space_updater
[109.383s] [ 15%] [32mBuilding CXX object semantic_world/CMakeFiles/moveit_semantic_world.dir/src/semantic_world.cpp.o[0m
[109.384s] [ 20%] [32m[1mLinking CXX shared library libmoveit_semantic_world.so[0m
[109.384s] [ 20%] Built target moveit_semantic_world
[109.384s] [ 25%] [32mBuilding CXX object mesh_filter/CMakeFiles/moveit_mesh_filter.dir/src/mesh_filter_base.cpp.o[0m
[109.384s] [ 30%] [32mBuilding CXX object mesh_filter/CMakeFiles/moveit_mesh_filter.dir/src/gl_mesh.cpp.o[0m
[109.384s] [ 35%] [32mBuilding CXX object mesh_filter/CMakeFiles/moveit_mesh_filter.dir/src/gl_renderer.cpp.o[0m
[109.384s] [ 40%] [32mBuilding CXX object mesh_filter/CMakeFiles/moveit_mesh_filter.dir/src/stereo_camera_model.cpp.o[0m
[109.384s] [ 45%] [32mBuilding CXX object mesh_filter/CMakeFiles/moveit_mesh_filter.dir/src/sensor_model.cpp.o[0m
[109.384s] [ 50%] [32m[1mLinking CXX shared library libmoveit_mesh_filter.so[0m
[109.384s] [ 50%] Built target moveit_mesh_filter
[109.384s] [ 55%] [32mBuilding CXX object point_containment_filter/CMakeFiles/moveit_point_containment_filter.dir/src/shape_mask.cpp.o[0m
[109.384s] [ 60%] [32m[1mLinking CXX shared library libmoveit_point_containment_filter.so[0m
[109.385s] [ 60%] Built target moveit_point_containment_filter
[109.385s] [ 65%] [32mBuilding CXX object depth_image_octomap_updater/CMakeFiles/moveit_depth_image_octomap_updater_core.dir/src/depth_image_octomap_updater.cpp.o[0m
[109.385s] [ 70%] [32m[1mLinking CXX shared library libmoveit_depth_image_octomap_updater_core.so[0m
[109.385s] [ 70%] Built target moveit_depth_image_octomap_updater_core
[109.385s] [ 75%] [32mBuilding CXX object pointcloud_octomap_updater/CMakeFiles/moveit_pointcloud_octomap_updater_core.dir/src/pointcloud_octomap_updater.cpp.o[0m
[116.990s] [ 80%] [32m[1mLinking CXX shared library libmoveit_pointcloud_octomap_updater_core.so[0m
[117.467s] [ 80%] Built target moveit_pointcloud_octomap_updater_core
[117.496s] [ 85%] [32mBuilding CXX object depth_image_octomap_updater/CMakeFiles/moveit_depth_image_octomap_updater.dir/src/updater_plugin.cpp.o[0m
[125.342s] [ 90%] [32m[1mLinking CXX shared library libmoveit_depth_image_octomap_updater.so[0m
[125.554s] [ 90%] Built target moveit_depth_image_octomap_updater
[125.581s] [ 95%] [32mBuilding CXX object pointcloud_octomap_updater/CMakeFiles/moveit_pointcloud_octomap_updater.dir/src/plugin_init.cpp.o[0m
[134.297s] [100%] [32m[1mLinking CXX shared library libmoveit_pointcloud_octomap_updater.so[0m
[134.553s] [100%] Built target moveit_pointcloud_octomap_updater
[134.567s] Invoked command in '/home/sunrise/ws_moveit/build/moveit_ros_perception' returned '0': AMENT_PREFIX_PATH=/home/sunrise/ws_moveit/install/moveit_ros_planning:/home/sunrise/ws_moveit/install/moveit_ros_occupancy_map_monitor:/home/sunrise/ws_moveit/install/moveit_core:/home/sunrise/ws_moveit/install/moveit_resources_panda_moveit_config:/home/sunrise/ws_moveit/install/moveit_configs_utils:/home/sunrise/ws_moveit/install/srdfdom:/home/sunrise/ws_moveit/install/moveit_resources_pr2_description:/home/sunrise/ws_moveit/install/moveit_resources_panda_description:/home/sunrise/ws_moveit/install/moveit_common:/home/sunrise/ws_moveit/install/launch_param_builder:${AMENT_PREFIX_PATH} CMAKE_PREFIX_PATH=/home/sunrise/ws_moveit/install/moveit_ros_planning:/home/sunrise/ws_moveit/install/moveit_ros_occupancy_map_monitor:/home/sunrise/ws_moveit/install/moveit_core:/home/sunrise/ws_moveit/install/moveit_resources_panda_moveit_config:/home/sunrise/ws_moveit/install/srdfdom:/home/sunrise/ws_moveit/install/moveit_resources_pr2_description:/home/sunrise/ws_moveit/install/moveit_resources_panda_description:/home/sunrise/ws_moveit/install/moveit_common:/opt/ros/humble LD_LIBRARY_PATH=/home/sunrise/ws_moveit/install/moveit_ros_planning/lib:/home/sunrise/ws_moveit/install/moveit_ros_occupancy_map_monitor/lib:/home/sunrise/ws_moveit/install/moveit_core/lib:/home/sunrise/ws_moveit/install/srdfdom/lib:${LD_LIBRARY_PATH} PATH=/home/sunrise/ws_moveit/install/moveit_core/bin:${PATH} PYTHONPATH=/home/sunrise/ws_moveit/install/moveit_configs_utils/lib/python3.10/site-packages:/home/sunrise/ws_moveit/install/srdfdom/local/lib/python3.10/dist-packages:/home/sunrise/ws_moveit/install/launch_param_builder/lib/python3.10/site-packages:${PYTHONPATH} /usr/bin/cmake --build /home/sunrise/ws_moveit/build/moveit_ros_perception -- -j6 -l6
[134.569s] Invoking command in '/home/sunrise/ws_moveit/build/moveit_ros_perception': AMENT_PREFIX_PATH=/home/sunrise/ws_moveit/install/moveit_ros_planning:/home/sunrise/ws_moveit/install/moveit_ros_occupancy_map_monitor:/home/sunrise/ws_moveit/install/moveit_core:/home/sunrise/ws_moveit/install/moveit_resources_panda_moveit_config:/home/sunrise/ws_moveit/install/moveit_configs_utils:/home/sunrise/ws_moveit/install/srdfdom:/home/sunrise/ws_moveit/install/moveit_resources_pr2_description:/home/sunrise/ws_moveit/install/moveit_resources_panda_description:/home/sunrise/ws_moveit/install/moveit_common:/home/sunrise/ws_moveit/install/launch_param_builder:${AMENT_PREFIX_PATH} CMAKE_PREFIX_PATH=/home/sunrise/ws_moveit/install/moveit_ros_planning:/home/sunrise/ws_moveit/install/moveit_ros_occupancy_map_monitor:/home/sunrise/ws_moveit/install/moveit_core:/home/sunrise/ws_moveit/install/moveit_resources_panda_moveit_config:/home/sunrise/ws_moveit/install/srdfdom:/home/sunrise/ws_moveit/install/moveit_resources_pr2_description:/home/sunrise/ws_moveit/install/moveit_resources_panda_description:/home/sunrise/ws_moveit/install/moveit_common:/opt/ros/humble LD_LIBRARY_PATH=/home/sunrise/ws_moveit/install/moveit_ros_planning/lib:/home/sunrise/ws_moveit/install/moveit_ros_occupancy_map_monitor/lib:/home/sunrise/ws_moveit/install/moveit_core/lib:/home/sunrise/ws_moveit/install/srdfdom/lib:${LD_LIBRARY_PATH} PATH=/home/sunrise/ws_moveit/install/moveit_core/bin:${PATH} PYTHONPATH=/home/sunrise/ws_moveit/install/moveit_configs_utils/lib/python3.10/site-packages:/home/sunrise/ws_moveit/install/srdfdom/local/lib/python3.10/dist-packages:/home/sunrise/ws_moveit/install/launch_param_builder/lib/python3.10/site-packages:${PYTHONPATH} /usr/bin/cmake --install /home/sunrise/ws_moveit/build/moveit_ros_perception
[134.580s] -- Install configuration: "Release"
[134.580s] -- Installing: /home/sunrise/ws_moveit/install/moveit_ros_perception/include
[134.580s] -- Installing: /home/sunrise/ws_moveit/install/moveit_ros_perception/include/moveit
[134.581s] -- Installing: /home/sunrise/ws_moveit/install/moveit_ros_perception/include/moveit/lazy_free_space_updater
[134.581s] -- Installing: /home/sunrise/ws_moveit/install/moveit_ros_perception/include/moveit/lazy_free_space_updater/lazy_free_space_updater.h
[134.581s] -- Up-to-date: /home/sunrise/ws_moveit/install/moveit_ros_perception/include
[134.581s] -- Up-to-date: /home/sunrise/ws_moveit/install/moveit_ros_perception/include/moveit
[134.581s] -- Installing: /home/sunrise/ws_moveit/install/moveit_ros_perception/include/moveit/point_containment_filter
[134.581s] -- Installing: /home/sunrise/ws_moveit/install/moveit_ros_perception/include/moveit/point_containment_filter/shape_mask.h
[134.582s] -- Up-to-date: /home/sunrise/ws_moveit/install/moveit_ros_perception/include
[134.582s] -- Up-to-date: /home/sunrise/ws_moveit/install/moveit_ros_perception/include/moveit
[134.582s] -- Installing: /home/sunrise/ws_moveit/install/moveit_ros_perception/include/moveit/pointcloud_octomap_updater
[134.582s] -- Installing: /home/sunrise/ws_moveit/install/moveit_ros_perception/include/moveit/pointcloud_octomap_updater/pointcloud_octomap_updater.h
[134.583s] -- Up-to-date: /home/sunrise/ws_moveit/install/moveit_ros_perception/include
[134.583s] -- Up-to-date: /home/sunrise/ws_moveit/install/moveit_ros_perception/include/moveit
[134.583s] -- Installing: /home/sunrise/ws_moveit/install/moveit_ros_perception/include/moveit/mesh_filter
[134.583s] -- Installing: /home/sunrise/ws_moveit/install/moveit_ros_perception/include/moveit/mesh_filter/transform_provider.h
[134.583s] -- Installing: /home/sunrise/ws_moveit/install/moveit_ros_perception/include/moveit/mesh_filter/gl_mesh.h
[134.583s] -- Installing: /home/sunrise/ws_moveit/install/moveit_ros_perception/include/moveit/mesh_filter/filter_job.h
[134.583s] -- Installing: /home/sunrise/ws_moveit/install/moveit_ros_perception/include/moveit/mesh_filter/mesh_filter.h
[134.584s] -- Installing: /home/sunrise/ws_moveit/install/moveit_ros_perception/include/moveit/mesh_filter/sensor_model.h
[134.584s] -- Installing: /home/sunrise/ws_moveit/install/moveit_ros_perception/include/moveit/mesh_filter/stereo_camera_model.h
[134.584s] -- Installing: /home/sunrise/ws_moveit/install/moveit_ros_perception/include/moveit/mesh_filter/depth_self_filter_nodelet.h
[134.584s] -- Installing: /home/sunrise/ws_moveit/install/moveit_ros_perception/include/moveit/mesh_filter/mesh_filter_base.h
[134.584s] -- Installing: /home/sunrise/ws_moveit/install/moveit_ros_perception/include/moveit/mesh_filter/gl_renderer.h
[134.585s] -- Installing: /home/sunrise/ws_moveit/install/moveit_ros_perception/include/moveit_mesh_filter_export.h
[134.585s] -- Up-to-date: /home/sunrise/ws_moveit/install/moveit_ros_perception/include
[134.585s] -- Up-to-date: /home/sunrise/ws_moveit/install/moveit_ros_perception/include/moveit
[134.585s] -- Installing: /home/sunrise/ws_moveit/install/moveit_ros_perception/include/moveit/depth_image_octomap_updater
[134.586s] -- Installing: /home/sunrise/ws_moveit/install/moveit_ros_perception/include/moveit/depth_image_octomap_updater/depth_image_octomap_updater.h
[134.586s] -- Up-to-date: /home/sunrise/ws_moveit/install/moveit_ros_perception/include
[134.586s] -- Up-to-date: /home/sunrise/ws_moveit/install/moveit_ros_perception/include/moveit
[134.586s] -- Installing: /home/sunrise/ws_moveit/install/moveit_ros_perception/include/moveit/semantic_world
[134.586s] -- Installing: /home/sunrise/ws_moveit/install/moveit_ros_perception/include/moveit/semantic_world/semantic_world.h
[134.591s] -- Installing: /home/sunrise/ws_moveit/install/moveit_ros_perception/lib/libmoveit_depth_image_octomap_updater.so.2.5.9
[134.594s] -- Set runtime path of "/home/sunrise/ws_moveit/install/moveit_ros_perception/lib/libmoveit_depth_image_octomap_updater.so.2.5.9" to ""
[134.595s] -- Installing: /home/sunrise/ws_moveit/install/moveit_ros_perception/lib/libmoveit_depth_image_octomap_updater.so
[134.595s] -- Installing: /home/sunrise/ws_moveit/install/moveit_ros_perception/lib/libmoveit_depth_image_octomap_updater_core.so.2.5.9
[134.595s] -- Set runtime path of "/home/sunrise/ws_moveit/install/moveit_ros_perception/lib/libmoveit_depth_image_octomap_updater_core.so.2.5.9" to ""
[134.595s] -- Installing: /home/sunrise/ws_moveit/install/moveit_ros_perception/lib/libmoveit_depth_image_octomap_updater_core.so
[134.595s] -- Installing: /home/sunrise/ws_moveit/install/moveit_ros_perception/lib/libmoveit_lazy_free_space_updater.so.2.5.9
[134.595s] -- Set runtime path of "/home/sunrise/ws_moveit/install/moveit_ros_perception/lib/libmoveit_lazy_free_space_updater.so.2.5.9" to ""
[134.595s] -- Installing: /home/sunrise/ws_moveit/install/moveit_ros_perception/lib/libmoveit_lazy_free_space_updater.so
[134.595s] -- Installing: /home/sunrise/ws_moveit/install/moveit_ros_perception/lib/libmoveit_mesh_filter.so.2.5.9
[134.596s] -- Set runtime path of "/home/sunrise/ws_moveit/install/moveit_ros_perception/lib/libmoveit_mesh_filter.so.2.5.9" to ""
[134.596s] -- Installing: /home/sunrise/ws_moveit/install/moveit_ros_perception/lib/libmoveit_mesh_filter.so
[134.596s] -- Installing: /home/sunrise/ws_moveit/install/moveit_ros_perception/lib/libmoveit_point_containment_filter.so.2.5.9
[134.596s] -- Set runtime path of "/home/sunrise/ws_moveit/install/moveit_ros_perception/lib/libmoveit_point_containment_filter.so.2.5.9" to ""
[134.596s] -- Installing: /home/sunrise/ws_moveit/install/moveit_ros_perception/lib/libmoveit_point_containment_filter.so
[134.596s] -- Installing: /home/sunrise/ws_moveit/install/moveit_ros_perception/lib/libmoveit_pointcloud_octomap_updater.so.2.5.9
[134.596s] -- Set runtime path of "/home/sunrise/ws_moveit/install/moveit_ros_perception/lib/libmoveit_pointcloud_octomap_updater.so.2.5.9" to ""
[134.596s] -- Installing: /home/sunrise/ws_moveit/install/moveit_ros_perception/lib/libmoveit_pointcloud_octomap_updater.so
[134.596s] -- Installing: /home/sunrise/ws_moveit/install/moveit_ros_perception/lib/libmoveit_pointcloud_octomap_updater_core.so.2.5.9
[134.599s] -- Set runtime path of "/home/sunrise/ws_moveit/install/moveit_ros_perception/lib/libmoveit_pointcloud_octomap_updater_core.so.2.5.9" to ""
[134.599s] -- Installing: /home/sunrise/ws_moveit/install/moveit_ros_perception/lib/libmoveit_pointcloud_octomap_updater_core.so
[134.599s] -- Installing: /home/sunrise/ws_moveit/install/moveit_ros_perception/lib/libmoveit_semantic_world.so.2.5.9
[134.600s] -- Set runtime path of "/home/sunrise/ws_moveit/install/moveit_ros_perception/lib/libmoveit_semantic_world.so.2.5.9" to ""
[134.600s] -- Installing: /home/sunrise/ws_moveit/install/moveit_ros_perception/lib/libmoveit_semantic_world.so
[134.600s] -- Installing: /home/sunrise/ws_moveit/install/moveit_ros_perception/share/moveit_ros_perception/environment/library_path.sh
[134.600s] -- Installing: /home/sunrise/ws_moveit/install/moveit_ros_perception/share/moveit_ros_perception/environment/library_path.dsv
[134.600s] -- Installing: /home/sunrise/ws_moveit/install/moveit_ros_perception/share/moveit_ros_perception/pointcloud_octomap_updater_plugin_description.xml
[134.601s] -- Installing: /home/sunrise/ws_moveit/install/moveit_ros_perception/share/moveit_ros_perception/depth_image_octomap_updater_plugin_description.xml
[134.601s] -- Installing: /home/sunrise/ws_moveit/install/moveit_ros_perception/share/ament_index/resource_index/package_run_dependencies/moveit_ros_perception
[134.602s] -- Installing: /home/sunrise/ws_moveit/install/moveit_ros_perception/share/ament_index/resource_index/parent_prefix_path/moveit_ros_perception
[134.602s] -- Installing: /home/sunrise/ws_moveit/install/moveit_ros_perception/share/moveit_ros_perception/environment/ament_prefix_path.sh
[134.602s] -- Installing: /home/sunrise/ws_moveit/install/moveit_ros_perception/share/moveit_ros_perception/environment/ament_prefix_path.dsv
[134.603s] -- Installing: /home/sunrise/ws_moveit/install/moveit_ros_perception/share/moveit_ros_perception/environment/path.sh
[134.603s] -- Installing: /home/sunrise/ws_moveit/install/moveit_ros_perception/share/moveit_ros_perception/environment/path.dsv
[134.603s] -- Installing: /home/sunrise/ws_moveit/install/moveit_ros_perception/share/moveit_ros_perception/local_setup.bash
[134.603s] -- Installing: /home/sunrise/ws_moveit/install/moveit_ros_perception/share/moveit_ros_perception/local_setup.sh
[134.604s] -- Installing: /home/sunrise/ws_moveit/install/moveit_ros_perception/share/moveit_ros_perception/local_setup.zsh
[134.604s] -- Installing: /home/sunrise/ws_moveit/install/moveit_ros_perception/share/moveit_ros_perception/local_setup.dsv
[134.604s] -- Installing: /home/sunrise/ws_moveit/install/moveit_ros_perception/share/moveit_ros_perception/package.dsv
[134.605s] -- Installing: /home/sunrise/ws_moveit/install/moveit_ros_perception/share/ament_index/resource_index/packages/moveit_ros_perception
[134.605s] -- Installing: /home/sunrise/ws_moveit/install/moveit_ros_perception/share/ament_index/resource_index/moveit_ros_occupancy_map_monitor__pluginlib__plugin/moveit_ros_perception
[134.605s] -- Installing: /home/sunrise/ws_moveit/install/moveit_ros_perception/share/moveit_ros_perception/cmake/export_moveit_ros_perceptionExport.cmake
[134.606s] -- Installing: /home/sunrise/ws_moveit/install/moveit_ros_perception/share/moveit_ros_perception/cmake/export_moveit_ros_perceptionExport-release.cmake
[134.606s] -- Installing: /home/sunrise/ws_moveit/install/moveit_ros_perception/share/moveit_ros_perception/cmake/ConfigExtras.cmake
[134.606s] -- Installing: /home/sunrise/ws_moveit/install/moveit_ros_perception/share/moveit_ros_perception/cmake/ament_cmake_export_targets-extras.cmake
[134.607s] -- Installing: /home/sunrise/ws_moveit/install/moveit_ros_perception/share/moveit_ros_perception/cmake/ament_cmake_export_dependencies-extras.cmake
[134.607s] -- Installing: /home/sunrise/ws_moveit/install/moveit_ros_perception/share/moveit_ros_perception/cmake/moveit_ros_perceptionConfig.cmake
[134.607s] -- Installing: /home/sunrise/ws_moveit/install/moveit_ros_perception/share/moveit_ros_perception/cmake/moveit_ros_perceptionConfig-version.cmake
[134.607s] -- Installing: /home/sunrise/ws_moveit/install/moveit_ros_perception/share/moveit_ros_perception/package.xml
[134.631s] Invoked command in '/home/sunrise/ws_moveit/build/moveit_ros_perception' returned '0': AMENT_PREFIX_PATH=/home/sunrise/ws_moveit/install/moveit_ros_planning:/home/sunrise/ws_moveit/install/moveit_ros_occupancy_map_monitor:/home/sunrise/ws_moveit/install/moveit_core:/home/sunrise/ws_moveit/install/moveit_resources_panda_moveit_config:/home/sunrise/ws_moveit/install/moveit_configs_utils:/home/sunrise/ws_moveit/install/srdfdom:/home/sunrise/ws_moveit/install/moveit_resources_pr2_description:/home/sunrise/ws_moveit/install/moveit_resources_panda_description:/home/sunrise/ws_moveit/install/moveit_common:/home/sunrise/ws_moveit/install/launch_param_builder:${AMENT_PREFIX_PATH} CMAKE_PREFIX_PATH=/home/sunrise/ws_moveit/install/moveit_ros_planning:/home/sunrise/ws_moveit/install/moveit_ros_occupancy_map_monitor:/home/sunrise/ws_moveit/install/moveit_core:/home/sunrise/ws_moveit/install/moveit_resources_panda_moveit_config:/home/sunrise/ws_moveit/install/srdfdom:/home/sunrise/ws_moveit/install/moveit_resources_pr2_description:/home/sunrise/ws_moveit/install/moveit_resources_panda_description:/home/sunrise/ws_moveit/install/moveit_common:/opt/ros/humble LD_LIBRARY_PATH=/home/sunrise/ws_moveit/install/moveit_ros_planning/lib:/home/sunrise/ws_moveit/install/moveit_ros_occupancy_map_monitor/lib:/home/sunrise/ws_moveit/install/moveit_core/lib:/home/sunrise/ws_moveit/install/srdfdom/lib:${LD_LIBRARY_PATH} PATH=/home/sunrise/ws_moveit/install/moveit_core/bin:${PATH} PYTHONPATH=/home/sunrise/ws_moveit/install/moveit_configs_utils/lib/python3.10/site-packages:/home/sunrise/ws_moveit/install/srdfdom/local/lib/python3.10/dist-packages:/home/sunrise/ws_moveit/install/launch_param_builder/lib/python3.10/site-packages:${PYTHONPATH} /usr/bin/cmake --install /home/sunrise/ws_moveit/build/moveit_ros_perception
