[0.027s] Invoking command in '/home/sunrise/ws_moveit/build/moveit_chomp_optimizer_adapter': AMENT_PREFIX_PATH=/home/sunrise/ws_moveit/install/chomp_motion_planner:/home/sunrise/ws_moveit/install/moveit_core:/home/sunrise/ws_moveit/install/moveit_resources_panda_moveit_config:/home/sunrise/ws_moveit/install/srdfdom:/home/sunrise/ws_moveit/install/moveit_resources_pr2_description:/home/sunrise/ws_moveit/install/moveit_resources_panda_description:/home/sunrise/ws_moveit/install/moveit_common:${AMENT_PREFIX_PATH} CMAKE_PREFIX_PATH=/home/sunrise/ws_moveit/install/chomp_motion_planner:/home/sunrise/ws_moveit/install/moveit_core:/home/sunrise/ws_moveit/install/moveit_resources_panda_moveit_config:/home/sunrise/ws_moveit/install/srdfdom:/home/sunrise/ws_moveit/install/moveit_resources_pr2_description:/home/sunrise/ws_moveit/install/moveit_resources_panda_description:/home/sunrise/ws_moveit/install/moveit_common:/opt/ros/humble LD_LIBRARY_PATH=/home/sunrise/ws_moveit/install/chomp_motion_planner/lib:/home/sunrise/ws_moveit/install/moveit_core/lib:/home/sunrise/ws_moveit/install/srdfdom/lib:${LD_LIBRARY_PATH} PATH=/home/sunrise/ws_moveit/install/moveit_core/bin:${PATH} PYTHONPATH=/home/sunrise/ws_moveit/install/srdfdom/local/lib/python3.10/dist-packages:${PYTHONPATH} /usr/bin/cmake /home/sunrise/ws_moveit/src/moveit2/moveit_planners/chomp/chomp_optimizer_adapter -DCMAKE_BUILD_TYPE=Release -DCMAKE_INSTALL_PREFIX=/home/sunrise/ws_moveit/install/moveit_chomp_optimizer_adapter
[0.100s] -- The C compiler identification is GNU 11.4.0
[0.173s] -- The CXX compiler identification is GNU 11.4.0
[0.182s] -- Detecting C compiler ABI info
[0.270s] -- Detecting C compiler ABI info - done
[0.280s] -- Check for working C compiler: /usr/bin/cc - skipped
[0.280s] -- Detecting C compile features
[0.281s] -- Detecting C compile features - done
[0.286s] -- Detecting CXX compiler ABI info
[0.402s] -- Detecting CXX compiler ABI info - done
[0.411s] -- Check for working CXX compiler: /usr/bin/c++ - skipped
[0.412s] -- Detecting CXX compile features
[0.412s] -- Detecting CXX compile features - done
[0.416s] -- Found moveit_common: 2.5.9 (/home/sunrise/ws_moveit/install/moveit_common/share/moveit_common/cmake)
[0.419s] -- Found ament_cmake: 1.3.12 (/opt/ros/humble/share/ament_cmake/cmake)
[1.067s] -- Found Python3: /usr/bin/python3 (found version "3.10.12") found components: Interpreter 
[1.338s] -- Found chomp_motion_planner: 2.5.9 (/home/sunrise/ws_moveit/install/chomp_motion_planner/share/chomp_motion_planner/cmake)
[1.341s] -- Found moveit_core: 2.5.9 (/home/sunrise/ws_moveit/install/moveit_core/share/moveit_core/cmake)
[1.656s] -- Found Boost: /usr/lib/aarch64-linux-gnu/cmake/Boost-1.74.0/BoostConfig.cmake (found version "1.74.0") found components: chrono date_time filesystem iostreams program_options regex serialization system thread 
[1.722s] -- Found parameter_traits: 0.7.1 (/opt/ros/humble/share/parameter_traits/cmake)
[1.781s] -- Found rosidl_generator_c: 3.1.7 (/opt/ros/humble/share/rosidl_generator_c/cmake)
[1.789s] -- Found rosidl_adapter: 3.1.7 (/opt/ros/humble/share/rosidl_adapter/cmake)
[1.802s] -- Found rosidl_generator_cpp: 3.1.7 (/opt/ros/humble/share/rosidl_generator_cpp/cmake)
[1.821s] -- Using all available rosidl_typesupport_c: rosidl_typesupport_fastrtps_c;rosidl_typesupport_introspection_c
[1.850s] -- Using all available rosidl_typesupport_cpp: rosidl_typesupport_fastrtps_cpp;rosidl_typesupport_introspection_cpp
[1.929s] -- Found rmw_implementation_cmake: 6.1.2 (/opt/ros/humble/share/rmw_implementation_cmake/cmake)
[1.933s] -- Found rmw_fastrtps_cpp: 6.2.8 (/opt/ros/humble/share/rmw_fastrtps_cpp/cmake)
[2.052s] -- Found OpenSSL: /usr/lib/aarch64-linux-gnu/libcrypto.so (found version "3.0.2")  
[2.079s] -- Found FastRTPS: /opt/ros/humble/include  
[2.129s] -- Using RMW implementation 'rmw_fastrtps_cpp' as default
[2.143s] -- Found Threads: TRUE  
[2.240s] -- Found rclcpp_lifecycle: 16.0.14 (/opt/ros/humble/share/rclcpp_lifecycle/cmake)
[2.276s] -- Found Boost: /usr/lib/aarch64-linux-gnu/cmake/Boost-1.74.0/BoostConfig.cmake (found version "1.74.0") found components: filesystem 
[2.407s] -- library: /usr/lib/aarch64-linux-gnu/libcurl.so
[2.507s] -- Found Eigen3: TRUE (found version "3.4.0") 
[2.507s] -- Ensuring Eigen3 include directory is part of orocos-kdl CMake target
[2.872s] -- Found ament_lint_auto: 0.12.14 (/opt/ros/humble/share/ament_lint_auto/cmake)
[2.892s] -- Added test 'cppcheck' to perform static code analysis on C / C++ code
[2.892s] -- Configured cppcheck include dirs: 
[2.892s] -- Configured cppcheck exclude dirs and/or files: 
[2.893s] -- Added test 'xmllint' to check XML markup files
[2.896s] -- Configuring done
[2.941s] -- Generating done
[2.953s] -- Build files have been written to: /home/sunrise/ws_moveit/build/moveit_chomp_optimizer_adapter
[2.976s] Invoked command in '/home/sunrise/ws_moveit/build/moveit_chomp_optimizer_adapter' returned '0': AMENT_PREFIX_PATH=/home/sunrise/ws_moveit/install/chomp_motion_planner:/home/sunrise/ws_moveit/install/moveit_core:/home/sunrise/ws_moveit/install/moveit_resources_panda_moveit_config:/home/sunrise/ws_moveit/install/srdfdom:/home/sunrise/ws_moveit/install/moveit_resources_pr2_description:/home/sunrise/ws_moveit/install/moveit_resources_panda_description:/home/sunrise/ws_moveit/install/moveit_common:${AMENT_PREFIX_PATH} CMAKE_PREFIX_PATH=/home/sunrise/ws_moveit/install/chomp_motion_planner:/home/sunrise/ws_moveit/install/moveit_core:/home/sunrise/ws_moveit/install/moveit_resources_panda_moveit_config:/home/sunrise/ws_moveit/install/srdfdom:/home/sunrise/ws_moveit/install/moveit_resources_pr2_description:/home/sunrise/ws_moveit/install/moveit_resources_panda_description:/home/sunrise/ws_moveit/install/moveit_common:/opt/ros/humble LD_LIBRARY_PATH=/home/sunrise/ws_moveit/install/chomp_motion_planner/lib:/home/sunrise/ws_moveit/install/moveit_core/lib:/home/sunrise/ws_moveit/install/srdfdom/lib:${LD_LIBRARY_PATH} PATH=/home/sunrise/ws_moveit/install/moveit_core/bin:${PATH} PYTHONPATH=/home/sunrise/ws_moveit/install/srdfdom/local/lib/python3.10/dist-packages:${PYTHONPATH} /usr/bin/cmake /home/sunrise/ws_moveit/src/moveit2/moveit_planners/chomp/chomp_optimizer_adapter -DCMAKE_BUILD_TYPE=Release -DCMAKE_INSTALL_PREFIX=/home/sunrise/ws_moveit/install/moveit_chomp_optimizer_adapter
[2.977s] Invoking command in '/home/sunrise/ws_moveit/build/moveit_chomp_optimizer_adapter': AMENT_PREFIX_PATH=/home/sunrise/ws_moveit/install/chomp_motion_planner:/home/sunrise/ws_moveit/install/moveit_core:/home/sunrise/ws_moveit/install/moveit_resources_panda_moveit_config:/home/sunrise/ws_moveit/install/srdfdom:/home/sunrise/ws_moveit/install/moveit_resources_pr2_description:/home/sunrise/ws_moveit/install/moveit_resources_panda_description:/home/sunrise/ws_moveit/install/moveit_common:${AMENT_PREFIX_PATH} CMAKE_PREFIX_PATH=/home/sunrise/ws_moveit/install/chomp_motion_planner:/home/sunrise/ws_moveit/install/moveit_core:/home/sunrise/ws_moveit/install/moveit_resources_panda_moveit_config:/home/sunrise/ws_moveit/install/srdfdom:/home/sunrise/ws_moveit/install/moveit_resources_pr2_description:/home/sunrise/ws_moveit/install/moveit_resources_panda_description:/home/sunrise/ws_moveit/install/moveit_common:/opt/ros/humble LD_LIBRARY_PATH=/home/sunrise/ws_moveit/install/chomp_motion_planner/lib:/home/sunrise/ws_moveit/install/moveit_core/lib:/home/sunrise/ws_moveit/install/srdfdom/lib:${LD_LIBRARY_PATH} PATH=/home/sunrise/ws_moveit/install/moveit_core/bin:${PATH} PYTHONPATH=/home/sunrise/ws_moveit/install/srdfdom/local/lib/python3.10/dist-packages:${PYTHONPATH} /usr/bin/cmake --build /home/sunrise/ws_moveit/build/moveit_chomp_optimizer_adapter -- -j6 -l6
[3.042s] [ 50%] [32mBuilding CXX object CMakeFiles/moveit_chomp_optimizer_adapter.dir/src/chomp_optimizer_adapter.cpp.o[0m
[19.050s] [100%] [32m[1mLinking CXX shared library libmoveit_chomp_optimizer_adapter.so[0m
[19.357s] [100%] Built target moveit_chomp_optimizer_adapter
[19.370s] Invoked command in '/home/sunrise/ws_moveit/build/moveit_chomp_optimizer_adapter' returned '0': AMENT_PREFIX_PATH=/home/sunrise/ws_moveit/install/chomp_motion_planner:/home/sunrise/ws_moveit/install/moveit_core:/home/sunrise/ws_moveit/install/moveit_resources_panda_moveit_config:/home/sunrise/ws_moveit/install/srdfdom:/home/sunrise/ws_moveit/install/moveit_resources_pr2_description:/home/sunrise/ws_moveit/install/moveit_resources_panda_description:/home/sunrise/ws_moveit/install/moveit_common:${AMENT_PREFIX_PATH} CMAKE_PREFIX_PATH=/home/sunrise/ws_moveit/install/chomp_motion_planner:/home/sunrise/ws_moveit/install/moveit_core:/home/sunrise/ws_moveit/install/moveit_resources_panda_moveit_config:/home/sunrise/ws_moveit/install/srdfdom:/home/sunrise/ws_moveit/install/moveit_resources_pr2_description:/home/sunrise/ws_moveit/install/moveit_resources_panda_description:/home/sunrise/ws_moveit/install/moveit_common:/opt/ros/humble LD_LIBRARY_PATH=/home/sunrise/ws_moveit/install/chomp_motion_planner/lib:/home/sunrise/ws_moveit/install/moveit_core/lib:/home/sunrise/ws_moveit/install/srdfdom/lib:${LD_LIBRARY_PATH} PATH=/home/sunrise/ws_moveit/install/moveit_core/bin:${PATH} PYTHONPATH=/home/sunrise/ws_moveit/install/srdfdom/local/lib/python3.10/dist-packages:${PYTHONPATH} /usr/bin/cmake --build /home/sunrise/ws_moveit/build/moveit_chomp_optimizer_adapter -- -j6 -l6
[19.373s] Invoking command in '/home/sunrise/ws_moveit/build/moveit_chomp_optimizer_adapter': AMENT_PREFIX_PATH=/home/sunrise/ws_moveit/install/chomp_motion_planner:/home/sunrise/ws_moveit/install/moveit_core:/home/sunrise/ws_moveit/install/moveit_resources_panda_moveit_config:/home/sunrise/ws_moveit/install/srdfdom:/home/sunrise/ws_moveit/install/moveit_resources_pr2_description:/home/sunrise/ws_moveit/install/moveit_resources_panda_description:/home/sunrise/ws_moveit/install/moveit_common:${AMENT_PREFIX_PATH} CMAKE_PREFIX_PATH=/home/sunrise/ws_moveit/install/chomp_motion_planner:/home/sunrise/ws_moveit/install/moveit_core:/home/sunrise/ws_moveit/install/moveit_resources_panda_moveit_config:/home/sunrise/ws_moveit/install/srdfdom:/home/sunrise/ws_moveit/install/moveit_resources_pr2_description:/home/sunrise/ws_moveit/install/moveit_resources_panda_description:/home/sunrise/ws_moveit/install/moveit_common:/opt/ros/humble LD_LIBRARY_PATH=/home/sunrise/ws_moveit/install/chomp_motion_planner/lib:/home/sunrise/ws_moveit/install/moveit_core/lib:/home/sunrise/ws_moveit/install/srdfdom/lib:${LD_LIBRARY_PATH} PATH=/home/sunrise/ws_moveit/install/moveit_core/bin:${PATH} PYTHONPATH=/home/sunrise/ws_moveit/install/srdfdom/local/lib/python3.10/dist-packages:${PYTHONPATH} /usr/bin/cmake --install /home/sunrise/ws_moveit/build/moveit_chomp_optimizer_adapter
[19.382s] -- Install configuration: "Release"
[19.382s] -- Installing: /home/sunrise/ws_moveit/install/moveit_chomp_optimizer_adapter/lib/libmoveit_chomp_optimizer_adapter.so.2.5.9
[19.383s] -- Set runtime path of "/home/sunrise/ws_moveit/install/moveit_chomp_optimizer_adapter/lib/libmoveit_chomp_optimizer_adapter.so.2.5.9" to ""
[19.383s] -- Installing: /home/sunrise/ws_moveit/install/moveit_chomp_optimizer_adapter/lib/libmoveit_chomp_optimizer_adapter.so
[19.384s] -- Installing: /home/sunrise/ws_moveit/install/moveit_chomp_optimizer_adapter/share/moveit_chomp_optimizer_adapter/environment/library_path.sh
[19.384s] -- Installing: /home/sunrise/ws_moveit/install/moveit_chomp_optimizer_adapter/share/moveit_chomp_optimizer_adapter/environment/library_path.dsv
[19.384s] -- Installing: /home/sunrise/ws_moveit/install/moveit_chomp_optimizer_adapter/share/moveit_chomp_optimizer_adapter/chomp_optimizer_adapter_plugin_description.xml
[19.385s] -- Installing: /home/sunrise/ws_moveit/install/moveit_chomp_optimizer_adapter/share/ament_index/resource_index/package_run_dependencies/moveit_chomp_optimizer_adapter
[19.385s] -- Installing: /home/sunrise/ws_moveit/install/moveit_chomp_optimizer_adapter/share/ament_index/resource_index/parent_prefix_path/moveit_chomp_optimizer_adapter
[19.385s] -- Installing: /home/sunrise/ws_moveit/install/moveit_chomp_optimizer_adapter/share/moveit_chomp_optimizer_adapter/environment/ament_prefix_path.sh
[19.385s] -- Installing: /home/sunrise/ws_moveit/install/moveit_chomp_optimizer_adapter/share/moveit_chomp_optimizer_adapter/environment/ament_prefix_path.dsv
[19.386s] -- Installing: /home/sunrise/ws_moveit/install/moveit_chomp_optimizer_adapter/share/moveit_chomp_optimizer_adapter/environment/path.sh
[19.386s] -- Installing: /home/sunrise/ws_moveit/install/moveit_chomp_optimizer_adapter/share/moveit_chomp_optimizer_adapter/environment/path.dsv
[19.386s] -- Installing: /home/sunrise/ws_moveit/install/moveit_chomp_optimizer_adapter/share/moveit_chomp_optimizer_adapter/local_setup.bash
[19.387s] -- Installing: /home/sunrise/ws_moveit/install/moveit_chomp_optimizer_adapter/share/moveit_chomp_optimizer_adapter/local_setup.sh
[19.387s] -- Installing: /home/sunrise/ws_moveit/install/moveit_chomp_optimizer_adapter/share/moveit_chomp_optimizer_adapter/local_setup.zsh
[19.387s] -- Installing: /home/sunrise/ws_moveit/install/moveit_chomp_optimizer_adapter/share/moveit_chomp_optimizer_adapter/local_setup.dsv
[19.387s] -- Installing: /home/sunrise/ws_moveit/install/moveit_chomp_optimizer_adapter/share/moveit_chomp_optimizer_adapter/package.dsv
[19.387s] -- Installing: /home/sunrise/ws_moveit/install/moveit_chomp_optimizer_adapter/share/ament_index/resource_index/packages/moveit_chomp_optimizer_adapter
[19.388s] -- Installing: /home/sunrise/ws_moveit/install/moveit_chomp_optimizer_adapter/share/ament_index/resource_index/moveit_core__pluginlib__plugin/moveit_chomp_optimizer_adapter
[19.388s] -- Installing: /home/sunrise/ws_moveit/install/moveit_chomp_optimizer_adapter/share/moveit_chomp_optimizer_adapter/cmake/moveit_chomp_optimizer_adapterTargetsExport.cmake
[19.388s] -- Installing: /home/sunrise/ws_moveit/install/moveit_chomp_optimizer_adapter/share/moveit_chomp_optimizer_adapter/cmake/moveit_chomp_optimizer_adapterTargetsExport-release.cmake
[19.388s] -- Installing: /home/sunrise/ws_moveit/install/moveit_chomp_optimizer_adapter/share/moveit_chomp_optimizer_adapter/cmake/ament_cmake_export_targets-extras.cmake
[19.389s] -- Installing: /home/sunrise/ws_moveit/install/moveit_chomp_optimizer_adapter/share/moveit_chomp_optimizer_adapter/cmake/moveit_chomp_optimizer_adapterConfig.cmake
[19.389s] -- Installing: /home/sunrise/ws_moveit/install/moveit_chomp_optimizer_adapter/share/moveit_chomp_optimizer_adapter/cmake/moveit_chomp_optimizer_adapterConfig-version.cmake
[19.389s] -- Installing: /home/sunrise/ws_moveit/install/moveit_chomp_optimizer_adapter/share/moveit_chomp_optimizer_adapter/package.xml
[19.394s] Invoked command in '/home/sunrise/ws_moveit/build/moveit_chomp_optimizer_adapter' returned '0': AMENT_PREFIX_PATH=/home/sunrise/ws_moveit/install/chomp_motion_planner:/home/sunrise/ws_moveit/install/moveit_core:/home/sunrise/ws_moveit/install/moveit_resources_panda_moveit_config:/home/sunrise/ws_moveit/install/srdfdom:/home/sunrise/ws_moveit/install/moveit_resources_pr2_description:/home/sunrise/ws_moveit/install/moveit_resources_panda_description:/home/sunrise/ws_moveit/install/moveit_common:${AMENT_PREFIX_PATH} CMAKE_PREFIX_PATH=/home/sunrise/ws_moveit/install/chomp_motion_planner:/home/sunrise/ws_moveit/install/moveit_core:/home/sunrise/ws_moveit/install/moveit_resources_panda_moveit_config:/home/sunrise/ws_moveit/install/srdfdom:/home/sunrise/ws_moveit/install/moveit_resources_pr2_description:/home/sunrise/ws_moveit/install/moveit_resources_panda_description:/home/sunrise/ws_moveit/install/moveit_common:/opt/ros/humble LD_LIBRARY_PATH=/home/sunrise/ws_moveit/install/chomp_motion_planner/lib:/home/sunrise/ws_moveit/install/moveit_core/lib:/home/sunrise/ws_moveit/install/srdfdom/lib:${LD_LIBRARY_PATH} PATH=/home/sunrise/ws_moveit/install/moveit_core/bin:${PATH} PYTHONPATH=/home/sunrise/ws_moveit/install/srdfdom/local/lib/python3.10/dist-packages:${PYTHONPATH} /usr/bin/cmake --install /home/sunrise/ws_moveit/build/moveit_chomp_optimizer_adapter
