[0.019s] Invoking command in '/home/sunrise/ws_moveit/build/moveit_resources': AMENT_PREFIX_PATH=/home/sunrise/ws_moveit/install/moveit_resources_panda_moveit_config:/home/sunrise/ws_moveit/install/moveit_resources_fanuc_moveit_config:/home/sunrise/ws_moveit/install/moveit_resources_pr2_description:/home/sunrise/ws_moveit/install/moveit_resources_panda_description:/home/sunrise/ws_moveit/install/moveit_resources_fanuc_description:${AMENT_PREFIX_PATH} CMAKE_PREFIX_PATH=/home/sunrise/ws_moveit/install/moveit_resources_panda_moveit_config:/home/sunrise/ws_moveit/install/moveit_resources_fanuc_moveit_config:/home/sunrise/ws_moveit/install/moveit_resources_pr2_description:/home/sunrise/ws_moveit/install/moveit_resources_panda_description:/home/sunrise/ws_moveit/install/moveit_resources_fanuc_description:/opt/ros/humble /usr/bin/cmake /home/sunrise/ws_moveit/src/moveit_resources/moveit_resources -DCMAKE_BUILD_TYPE=Release -DCMAKE_INSTALL_PREFIX=/home/sunrise/ws_moveit/install/moveit_resources
[0.090s] -- The C compiler identification is GNU 11.4.0
[0.167s] -- The CXX compiler identification is GNU 11.4.0
[0.178s] -- Detecting C compiler ABI info
[0.283s] -- Detecting C compiler ABI info - done
[0.292s] -- Check for working C compiler: /usr/bin/cc - skipped
[0.292s] -- Detecting C compile features
[0.292s] -- Detecting C compile features - done
[0.297s] -- Detecting CXX compiler ABI info
[0.400s] -- Detecting CXX compiler ABI info - done
[0.416s] -- Check for working CXX compiler: /usr/bin/c++ - skipped
[0.417s] -- Detecting CXX compile features
[0.419s] -- Detecting CXX compile features - done
[0.423s] -- Found ament_cmake: 1.3.12 (/opt/ros/humble/share/ament_cmake/cmake)
[1.129s] -- Found Python3: /usr/bin/python3 (found version "3.10.12") found components: Interpreter 
[1.411s] -- Configuring done
[1.417s] -- Generating done
[1.420s] -- Build files have been written to: /home/sunrise/ws_moveit/build/moveit_resources
[1.427s] Invoked command in '/home/sunrise/ws_moveit/build/moveit_resources' returned '0': AMENT_PREFIX_PATH=/home/sunrise/ws_moveit/install/moveit_resources_panda_moveit_config:/home/sunrise/ws_moveit/install/moveit_resources_fanuc_moveit_config:/home/sunrise/ws_moveit/install/moveit_resources_pr2_description:/home/sunrise/ws_moveit/install/moveit_resources_panda_description:/home/sunrise/ws_moveit/install/moveit_resources_fanuc_description:${AMENT_PREFIX_PATH} CMAKE_PREFIX_PATH=/home/sunrise/ws_moveit/install/moveit_resources_panda_moveit_config:/home/sunrise/ws_moveit/install/moveit_resources_fanuc_moveit_config:/home/sunrise/ws_moveit/install/moveit_resources_pr2_description:/home/sunrise/ws_moveit/install/moveit_resources_panda_description:/home/sunrise/ws_moveit/install/moveit_resources_fanuc_description:/opt/ros/humble /usr/bin/cmake /home/sunrise/ws_moveit/src/moveit_resources/moveit_resources -DCMAKE_BUILD_TYPE=Release -DCMAKE_INSTALL_PREFIX=/home/sunrise/ws_moveit/install/moveit_resources
[1.428s] Invoking command in '/home/sunrise/ws_moveit/build/moveit_resources': AMENT_PREFIX_PATH=/home/sunrise/ws_moveit/install/moveit_resources_panda_moveit_config:/home/sunrise/ws_moveit/install/moveit_resources_fanuc_moveit_config:/home/sunrise/ws_moveit/install/moveit_resources_pr2_description:/home/sunrise/ws_moveit/install/moveit_resources_panda_description:/home/sunrise/ws_moveit/install/moveit_resources_fanuc_description:${AMENT_PREFIX_PATH} CMAKE_PREFIX_PATH=/home/sunrise/ws_moveit/install/moveit_resources_panda_moveit_config:/home/sunrise/ws_moveit/install/moveit_resources_fanuc_moveit_config:/home/sunrise/ws_moveit/install/moveit_resources_pr2_description:/home/sunrise/ws_moveit/install/moveit_resources_panda_description:/home/sunrise/ws_moveit/install/moveit_resources_fanuc_description:/opt/ros/humble /usr/bin/cmake --build /home/sunrise/ws_moveit/build/moveit_resources -- -j6 -l6
[1.469s] Invoked command in '/home/sunrise/ws_moveit/build/moveit_resources' returned '0': AMENT_PREFIX_PATH=/home/sunrise/ws_moveit/install/moveit_resources_panda_moveit_config:/home/sunrise/ws_moveit/install/moveit_resources_fanuc_moveit_config:/home/sunrise/ws_moveit/install/moveit_resources_pr2_description:/home/sunrise/ws_moveit/install/moveit_resources_panda_description:/home/sunrise/ws_moveit/install/moveit_resources_fanuc_description:${AMENT_PREFIX_PATH} CMAKE_PREFIX_PATH=/home/sunrise/ws_moveit/install/moveit_resources_panda_moveit_config:/home/sunrise/ws_moveit/install/moveit_resources_fanuc_moveit_config:/home/sunrise/ws_moveit/install/moveit_resources_pr2_description:/home/sunrise/ws_moveit/install/moveit_resources_panda_description:/home/sunrise/ws_moveit/install/moveit_resources_fanuc_description:/opt/ros/humble /usr/bin/cmake --build /home/sunrise/ws_moveit/build/moveit_resources -- -j6 -l6
[1.472s] Invoking command in '/home/sunrise/ws_moveit/build/moveit_resources': AMENT_PREFIX_PATH=/home/sunrise/ws_moveit/install/moveit_resources_panda_moveit_config:/home/sunrise/ws_moveit/install/moveit_resources_fanuc_moveit_config:/home/sunrise/ws_moveit/install/moveit_resources_pr2_description:/home/sunrise/ws_moveit/install/moveit_resources_panda_description:/home/sunrise/ws_moveit/install/moveit_resources_fanuc_description:${AMENT_PREFIX_PATH} CMAKE_PREFIX_PATH=/home/sunrise/ws_moveit/install/moveit_resources_panda_moveit_config:/home/sunrise/ws_moveit/install/moveit_resources_fanuc_moveit_config:/home/sunrise/ws_moveit/install/moveit_resources_pr2_description:/home/sunrise/ws_moveit/install/moveit_resources_panda_description:/home/sunrise/ws_moveit/install/moveit_resources_fanuc_description:/opt/ros/humble /usr/bin/cmake --install /home/sunrise/ws_moveit/build/moveit_resources
[1.480s] -- Install configuration: "Release"
[1.480s] -- Installing: /home/sunrise/ws_moveit/install/moveit_resources/share/ament_index/resource_index/package_run_dependencies/moveit_resources
[1.481s] -- Installing: /home/sunrise/ws_moveit/install/moveit_resources/share/ament_index/resource_index/parent_prefix_path/moveit_resources
[1.481s] -- Installing: /home/sunrise/ws_moveit/install/moveit_resources/share/moveit_resources/environment/ament_prefix_path.sh
[1.481s] -- Installing: /home/sunrise/ws_moveit/install/moveit_resources/share/moveit_resources/environment/ament_prefix_path.dsv
[1.482s] -- Installing: /home/sunrise/ws_moveit/install/moveit_resources/share/moveit_resources/environment/path.sh
[1.482s] -- Installing: /home/sunrise/ws_moveit/install/moveit_resources/share/moveit_resources/environment/path.dsv
[1.482s] -- Installing: /home/sunrise/ws_moveit/install/moveit_resources/share/moveit_resources/local_setup.bash
[1.483s] -- Installing: /home/sunrise/ws_moveit/install/moveit_resources/share/moveit_resources/local_setup.sh
[1.483s] -- Installing: /home/sunrise/ws_moveit/install/moveit_resources/share/moveit_resources/local_setup.zsh
[1.483s] -- Installing: /home/sunrise/ws_moveit/install/moveit_resources/share/moveit_resources/local_setup.dsv
[1.483s] -- Installing: /home/sunrise/ws_moveit/install/moveit_resources/share/moveit_resources/package.dsv
[1.484s] -- Installing: /home/sunrise/ws_moveit/install/moveit_resources/share/ament_index/resource_index/packages/moveit_resources
[1.484s] -- Installing: /home/sunrise/ws_moveit/install/moveit_resources/share/moveit_resources/cmake/moveit_resourcesConfig.cmake
[1.484s] -- Installing: /home/sunrise/ws_moveit/install/moveit_resources/share/moveit_resources/cmake/moveit_resourcesConfig-version.cmake
[1.484s] -- Installing: /home/sunrise/ws_moveit/install/moveit_resources/share/moveit_resources/package.xml
[1.490s] Invoked command in '/home/sunrise/ws_moveit/build/moveit_resources' returned '0': AMENT_PREFIX_PATH=/home/sunrise/ws_moveit/install/moveit_resources_panda_moveit_config:/home/sunrise/ws_moveit/install/moveit_resources_fanuc_moveit_config:/home/sunrise/ws_moveit/install/moveit_resources_pr2_description:/home/sunrise/ws_moveit/install/moveit_resources_panda_description:/home/sunrise/ws_moveit/install/moveit_resources_fanuc_description:${AMENT_PREFIX_PATH} CMAKE_PREFIX_PATH=/home/sunrise/ws_moveit/install/moveit_resources_panda_moveit_config:/home/sunrise/ws_moveit/install/moveit_resources_fanuc_moveit_config:/home/sunrise/ws_moveit/install/moveit_resources_pr2_description:/home/sunrise/ws_moveit/install/moveit_resources_panda_description:/home/sunrise/ws_moveit/install/moveit_resources_fanuc_description:/opt/ros/humble /usr/bin/cmake --install /home/sunrise/ws_moveit/build/moveit_resources
