[0.065s] Invoking command in '/home/sunrise/ws_moveit/build/moveit_setup_app_plugins': AMENT_PREFIX_PATH=/home/sunrise/ws_moveit/install/moveit_setup_framework:/home/sunrise/ws_moveit/install/moveit_ros_visualization:/home/sunrise/ws_moveit/install/moveit_ros_planning_interface:/home/sunrise/ws_moveit/install/moveit_ros_move_group:/home/sunrise/ws_moveit/install/moveit_ros_warehouse:/home/sunrise/ws_moveit/install/moveit_ros_robot_interaction:/home/sunrise/ws_moveit/install/moveit_planners_ompl:/home/sunrise/ws_moveit/install/moveit_kinematics:/home/sunrise/ws_moveit/install/moveit_ros_planning:/home/sunrise/ws_moveit/install/moveit_simple_controller_manager:/home/sunrise/ws_moveit/install/moveit_ros_occupancy_map_monitor:/home/sunrise/ws_moveit/install/moveit_core:/home/sunrise/ws_moveit/install/moveit_resources_panda_moveit_config:/home/sunrise/ws_moveit/install/moveit_resources_fanuc_moveit_config:/home/sunrise/ws_moveit/install/moveit_configs_utils:/home/sunrise/ws_moveit/install/srdfdom:/home/sunrise/ws_moveit/install/moveit_resources_pr2_description:/home/sunrise/ws_moveit/install/moveit_resources_panda_description:/home/sunrise/ws_moveit/install/moveit_resources_fanuc_description:/home/sunrise/ws_moveit/install/moveit_common:/home/sunrise/ws_moveit/install/launch_param_builder:${AMENT_PREFIX_PATH} CMAKE_PREFIX_PATH=/home/sunrise/ws_moveit/install/moveit_setup_framework:/home/sunrise/ws_moveit/install/moveit_ros_visualization:/home/sunrise/ws_moveit/install/moveit_ros_planning_interface:/home/sunrise/ws_moveit/install/moveit_ros_move_group:/home/sunrise/ws_moveit/install/moveit_ros_warehouse:/home/sunrise/ws_moveit/install/moveit_ros_robot_interaction:/home/sunrise/ws_moveit/install/moveit_planners_ompl:/home/sunrise/ws_moveit/install/moveit_kinematics:/home/sunrise/ws_moveit/install/moveit_ros_planning:/home/sunrise/ws_moveit/install/moveit_simple_controller_manager:/home/sunrise/ws_moveit/install/moveit_ros_occupancy_map_monitor:/home/sunrise/ws_moveit/install/moveit_core:/home/sunrise/ws_moveit/install/moveit_resources_panda_moveit_config:/home/sunrise/ws_moveit/install/moveit_resources_fanuc_moveit_config:/home/sunrise/ws_moveit/install/srdfdom:/home/sunrise/ws_moveit/install/moveit_resources_pr2_description:/home/sunrise/ws_moveit/install/moveit_resources_panda_description:/home/sunrise/ws_moveit/install/moveit_resources_fanuc_description:/home/sunrise/ws_moveit/install/moveit_common:/opt/ros/humble LD_LIBRARY_PATH=/home/sunrise/ws_moveit/install/moveit_setup_framework/lib:/home/sunrise/ws_moveit/install/moveit_ros_visualization/lib:/home/sunrise/ws_moveit/install/moveit_ros_planning_interface/lib:/home/sunrise/ws_moveit/install/moveit_ros_move_group/lib:/home/sunrise/ws_moveit/install/moveit_ros_warehouse/lib:/home/sunrise/ws_moveit/install/moveit_ros_robot_interaction/lib:/home/sunrise/ws_moveit/install/moveit_planners_ompl/lib:/home/sunrise/ws_moveit/install/moveit_kinematics/lib:/home/sunrise/ws_moveit/install/moveit_ros_planning/lib:/home/sunrise/ws_moveit/install/moveit_simple_controller_manager/lib:/home/sunrise/ws_moveit/install/moveit_ros_occupancy_map_monitor/lib:/home/sunrise/ws_moveit/install/moveit_core/lib:/home/sunrise/ws_moveit/install/srdfdom/lib:${LD_LIBRARY_PATH} PATH=/home/sunrise/ws_moveit/install/moveit_core/bin:${PATH} PYTHONPATH=/home/sunrise/ws_moveit/install/moveit_configs_utils/lib/python3.10/site-packages:/home/sunrise/ws_moveit/install/srdfdom/local/lib/python3.10/dist-packages:/home/sunrise/ws_moveit/install/launch_param_builder/lib/python3.10/site-packages:${PYTHONPATH} /usr/bin/cmake /home/sunrise/ws_moveit/src/moveit2/moveit_setup_assistant/moveit_setup_app_plugins -DCMAKE_BUILD_TYPE=Release -DCMAKE_INSTALL_PREFIX=/home/sunrise/ws_moveit/install/moveit_setup_app_plugins
[0.146s] -- The C compiler identification is GNU 11.4.0
[0.222s] -- The CXX compiler identification is GNU 11.4.0
[0.233s] -- Detecting C compiler ABI info
[0.352s] -- Detecting C compiler ABI info - done
[0.365s] -- Check for working C compiler: /usr/bin/cc - skipped
[0.366s] -- Detecting C compile features
[0.367s] -- Detecting C compile features - done
[0.384s] -- Detecting CXX compiler ABI info
[0.598s] -- Detecting CXX compiler ABI info - done
[0.612s] -- Check for working CXX compiler: /usr/bin/c++ - skipped
[0.616s] -- Detecting CXX compile features
[0.616s] -- Detecting CXX compile features - done
[0.621s] -- Found moveit_common: 2.5.9 (/home/sunrise/ws_moveit/install/moveit_common/share/moveit_common/cmake)
[0.626s] -- Found ament_cmake: 1.3.12 (/opt/ros/humble/share/ament_cmake/cmake)
[1.331s] -- Found Python3: /usr/bin/python3 (found version "3.10.12") found components: Interpreter 
[1.656s] -- Found ament_cmake_ros: 0.10.0 (/opt/ros/humble/share/ament_cmake_ros/cmake)
[1.678s] -- Found ament_index_cpp: 1.4.0 (/opt/ros/humble/share/ament_index_cpp/cmake)
[1.680s] -- Found moveit_ros_visualization: 2.5.9 (/home/sunrise/ws_moveit/install/moveit_ros_visualization/share/moveit_ros_visualization/cmake)
[2.030s] -- Found Boost: /usr/lib/aarch64-linux-gnu/cmake/Boost-1.74.0/BoostConfig.cmake (found version "1.74.0") found components: thread date_time system filesystem 
[2.082s] -- Found Boost: /usr/lib/aarch64-linux-gnu/cmake/Boost-1.74.0/BoostConfig.cmake (found version "1.74.0") found components: filesystem 
[2.172s] -- Found rosidl_generator_c: 3.1.7 (/opt/ros/humble/share/rosidl_generator_c/cmake)
[2.183s] -- Found rosidl_adapter: 3.1.7 (/opt/ros/humble/share/rosidl_adapter/cmake)
[2.200s] -- Found rosidl_generator_cpp: 3.1.7 (/opt/ros/humble/share/rosidl_generator_cpp/cmake)
[2.223s] -- Using all available rosidl_typesupport_c: rosidl_typesupport_fastrtps_c;rosidl_typesupport_introspection_c
[2.248s] -- Using all available rosidl_typesupport_cpp: rosidl_typesupport_fastrtps_cpp;rosidl_typesupport_introspection_cpp
[2.411s] -- Found rmw_implementation_cmake: 6.1.2 (/opt/ros/humble/share/rmw_implementation_cmake/cmake)
[2.418s] -- Found rmw_fastrtps_cpp: 6.2.8 (/opt/ros/humble/share/rmw_fastrtps_cpp/cmake)
[2.609s] -- Found OpenSSL: /usr/lib/aarch64-linux-gnu/libcrypto.so (found version "3.0.2")  
[2.649s] -- Found FastRTPS: /opt/ros/humble/include  
[2.703s] -- Using RMW implementation 'rmw_fastrtps_cpp' as default
[2.726s] -- Found Threads: TRUE  
[2.905s] -- library: /usr/lib/aarch64-linux-gnu/libcurl.so
[3.034s] -- Found Boost: /usr/lib/aarch64-linux-gnu/cmake/Boost-1.74.0/BoostConfig.cmake (found version "1.74.0") found components: system filesystem date_time program_options thread chrono 
[3.285s] -- Found Boost: /usr/lib/aarch64-linux-gnu/cmake/Boost-1.74.0/BoostConfig.cmake (found version "1.74.0") found components: chrono date_time filesystem iostreams program_options regex serialization system thread 
[3.344s] -- Found parameter_traits: 0.7.1 (/opt/ros/humble/share/parameter_traits/cmake)
[3.381s] -- Found rclcpp_lifecycle: 16.0.14 (/opt/ros/humble/share/rclcpp_lifecycle/cmake)
[3.447s] -- Found Eigen3: TRUE (found version "3.4.0") 
[3.448s] -- Ensuring Eigen3 include directory is part of orocos-kdl CMake target
[3.714s] -- Found Boost: /usr/lib/aarch64-linux-gnu/cmake/Boost-1.74.0/BoostConfig.cmake (found version "1.74.0") found components: date_time filesystem program_options system thread 
[3.736s] -- Found Boost: /usr/lib/aarch64-linux-gnu/cmake/Boost-1.74.0/BoostConfig.cmake (found version "1.74.0") found components: thread system filesystem regex date_time program_options 
[3.773s] -- Found Boost: /usr/lib/aarch64-linux-gnu/cmake/Boost-1.74.0/BoostConfig.cmake (found version "1.74.0") found components: system filesystem date_time program_options thread 
[3.874s] -- Setting OGRE_DIR to: '/opt/ros/humble/share/rviz_ogre_vendor/cmake/../../../opt/rviz_ogre_vendor/lib/OGRE/cmake'
[3.876s] -- Found OGRE
[3.877s] --   static     : OFF
[3.877s] --   components : HLMS;MeshLodGenerator;Overlay;Paging;Property;RTShaderSystem;Terrain;Volume
[3.877s] --   plugins    : Plugin_BSPSceneManager;Plugin_OctreeSceneManager;Plugin_PCZSceneManager;Plugin_ParticleFX;RenderSystem_GL;RenderSystem_GL3Plus;Codec_STBI
[3.877s] --   media      : /opt/ros/humble/opt/rviz_ogre_vendor/share/OGRE/Media
[3.877s] -- OGRE_LIBRARIES: OgreHLMS;OgreMeshLodGenerator;OgreOverlay;OgrePaging;OgreProperty;OgreRTShaderSystem;OgreTerrain;OgreVolume;OgreMain
[3.877s] -- OGRE_LIBRARY_DIRS: /opt/ros/humble/opt/rviz_ogre_vendor/lib
[3.877s] -- OGRE_PLUGINS: Plugin_BSPSceneManager;Plugin_OctreeSceneManager;Plugin_PCZSceneManager;Plugin_ParticleFX;RenderSystem_GL;RenderSystem_GL3Plus;Codec_STBI
[3.878s] -- OGRE_PLUGIN_DIR: /opt/ros/humble/opt/rviz_ogre_vendor/lib/OGRE
[3.878s] -- rviz_ogre_vendor::OgreOverlay for IMPORTED_LOCATION_RELEASE: /opt/ros/humble/opt/rviz_ogre_vendor/lib/libOgreOverlay.so
[3.878s] -- rviz_ogre_vendor::OgreOverlay for IMPORTED_LOCATION_DEBUG: /opt/ros/humble/opt/rviz_ogre_vendor/lib/libOgreOverlay.so
[3.878s] -- rviz_ogre_vendor::OgreMain for IMPORTED_LOCATION_RELEASE: /opt/ros/humble/opt/rviz_ogre_vendor/lib/libOgreMain.so
[3.878s] -- rviz_ogre_vendor::OgreMain for IMPORTED_LOCATION_DEBUG: /opt/ros/humble/opt/rviz_ogre_vendor/lib/libOgreMain.so
[3.879s] -- Could not find freeimage library
[3.908s] -- Found ZLIB: /usr/lib/aarch64-linux-gnu/libz.so (found version "1.2.11") 
[3.916s] -- Found OpenGL: /usr/lib/aarch64-linux-gnu/libOpenGL.so   
[4.077s] -- Found X11: /usr/include   
[4.078s] -- Looking for XOpenDisplay in /usr/lib/aarch64-linux-gnu/libX11.so;/usr/lib/aarch64-linux-gnu/libXext.so
[4.284s] -- Looking for XOpenDisplay in /usr/lib/aarch64-linux-gnu/libX11.so;/usr/lib/aarch64-linux-gnu/libXext.so - found
[4.284s] -- Looking for gethostbyname
[4.432s] -- Looking for gethostbyname - found
[4.432s] -- Looking for connect
[4.588s] -- Looking for connect - found
[4.589s] -- Looking for remove
[4.755s] -- Looking for remove - found
[4.755s] -- Looking for shmat
[4.928s] -- Looking for shmat - found
[4.928s] -- Looking for IceConnectionNumber in ICE
[5.083s] -- Looking for IceConnectionNumber in ICE - found
[5.126s] -- Setting assimp_DIR to: '/opt/ros/humble/share/rviz_assimp_vendor/cmake/../../../opt/rviz_assimp_vendor/lib/cmake/assimp-4.1'
[5.275s] -- Found moveit_setup_framework: 2.5.9 (/home/sunrise/ws_moveit/install/moveit_setup_framework/share/moveit_setup_framework/cmake)
[5.306s] -- Found ament_lint_auto: 0.12.14 (/opt/ros/humble/share/ament_lint_auto/cmake)
[5.332s] -- Found gtest sources under '/opt/ros/humble/src/gtest_vendor': C++ tests using 'Google Test' will be built
[5.348s] -- Added test 'lint_cmake' to check CMake code style
[5.350s] -- Added test 'xmllint' to check XML markup files
[5.356s] -- Configuring done
[5.565s] -- Generating done
[5.594s] -- Build files have been written to: /home/sunrise/ws_moveit/build/moveit_setup_app_plugins
[5.628s] Invoked command in '/home/sunrise/ws_moveit/build/moveit_setup_app_plugins' returned '0': AMENT_PREFIX_PATH=/home/sunrise/ws_moveit/install/moveit_setup_framework:/home/sunrise/ws_moveit/install/moveit_ros_visualization:/home/sunrise/ws_moveit/install/moveit_ros_planning_interface:/home/sunrise/ws_moveit/install/moveit_ros_move_group:/home/sunrise/ws_moveit/install/moveit_ros_warehouse:/home/sunrise/ws_moveit/install/moveit_ros_robot_interaction:/home/sunrise/ws_moveit/install/moveit_planners_ompl:/home/sunrise/ws_moveit/install/moveit_kinematics:/home/sunrise/ws_moveit/install/moveit_ros_planning:/home/sunrise/ws_moveit/install/moveit_simple_controller_manager:/home/sunrise/ws_moveit/install/moveit_ros_occupancy_map_monitor:/home/sunrise/ws_moveit/install/moveit_core:/home/sunrise/ws_moveit/install/moveit_resources_panda_moveit_config:/home/sunrise/ws_moveit/install/moveit_resources_fanuc_moveit_config:/home/sunrise/ws_moveit/install/moveit_configs_utils:/home/sunrise/ws_moveit/install/srdfdom:/home/sunrise/ws_moveit/install/moveit_resources_pr2_description:/home/sunrise/ws_moveit/install/moveit_resources_panda_description:/home/sunrise/ws_moveit/install/moveit_resources_fanuc_description:/home/sunrise/ws_moveit/install/moveit_common:/home/sunrise/ws_moveit/install/launch_param_builder:${AMENT_PREFIX_PATH} CMAKE_PREFIX_PATH=/home/sunrise/ws_moveit/install/moveit_setup_framework:/home/sunrise/ws_moveit/install/moveit_ros_visualization:/home/sunrise/ws_moveit/install/moveit_ros_planning_interface:/home/sunrise/ws_moveit/install/moveit_ros_move_group:/home/sunrise/ws_moveit/install/moveit_ros_warehouse:/home/sunrise/ws_moveit/install/moveit_ros_robot_interaction:/home/sunrise/ws_moveit/install/moveit_planners_ompl:/home/sunrise/ws_moveit/install/moveit_kinematics:/home/sunrise/ws_moveit/install/moveit_ros_planning:/home/sunrise/ws_moveit/install/moveit_simple_controller_manager:/home/sunrise/ws_moveit/install/moveit_ros_occupancy_map_monitor:/home/sunrise/ws_moveit/install/moveit_core:/home/sunrise/ws_moveit/install/moveit_resources_panda_moveit_config:/home/sunrise/ws_moveit/install/moveit_resources_fanuc_moveit_config:/home/sunrise/ws_moveit/install/srdfdom:/home/sunrise/ws_moveit/install/moveit_resources_pr2_description:/home/sunrise/ws_moveit/install/moveit_resources_panda_description:/home/sunrise/ws_moveit/install/moveit_resources_fanuc_description:/home/sunrise/ws_moveit/install/moveit_common:/opt/ros/humble LD_LIBRARY_PATH=/home/sunrise/ws_moveit/install/moveit_setup_framework/lib:/home/sunrise/ws_moveit/install/moveit_ros_visualization/lib:/home/sunrise/ws_moveit/install/moveit_ros_planning_interface/lib:/home/sunrise/ws_moveit/install/moveit_ros_move_group/lib:/home/sunrise/ws_moveit/install/moveit_ros_warehouse/lib:/home/sunrise/ws_moveit/install/moveit_ros_robot_interaction/lib:/home/sunrise/ws_moveit/install/moveit_planners_ompl/lib:/home/sunrise/ws_moveit/install/moveit_kinematics/lib:/home/sunrise/ws_moveit/install/moveit_ros_planning/lib:/home/sunrise/ws_moveit/install/moveit_simple_controller_manager/lib:/home/sunrise/ws_moveit/install/moveit_ros_occupancy_map_monitor/lib:/home/sunrise/ws_moveit/install/moveit_core/lib:/home/sunrise/ws_moveit/install/srdfdom/lib:${LD_LIBRARY_PATH} PATH=/home/sunrise/ws_moveit/install/moveit_core/bin:${PATH} PYTHONPATH=/home/sunrise/ws_moveit/install/moveit_configs_utils/lib/python3.10/site-packages:/home/sunrise/ws_moveit/install/srdfdom/local/lib/python3.10/dist-packages:/home/sunrise/ws_moveit/install/launch_param_builder/lib/python3.10/site-packages:${PYTHONPATH} /usr/bin/cmake /home/sunrise/ws_moveit/src/moveit2/moveit_setup_assistant/moveit_setup_app_plugins -DCMAKE_BUILD_TYPE=Release -DCMAKE_INSTALL_PREFIX=/home/sunrise/ws_moveit/install/moveit_setup_app_plugins
[5.629s] Invoking command in '/home/sunrise/ws_moveit/build/moveit_setup_app_plugins': AMENT_PREFIX_PATH=/home/sunrise/ws_moveit/install/moveit_setup_framework:/home/sunrise/ws_moveit/install/moveit_ros_visualization:/home/sunrise/ws_moveit/install/moveit_ros_planning_interface:/home/sunrise/ws_moveit/install/moveit_ros_move_group:/home/sunrise/ws_moveit/install/moveit_ros_warehouse:/home/sunrise/ws_moveit/install/moveit_ros_robot_interaction:/home/sunrise/ws_moveit/install/moveit_planners_ompl:/home/sunrise/ws_moveit/install/moveit_kinematics:/home/sunrise/ws_moveit/install/moveit_ros_planning:/home/sunrise/ws_moveit/install/moveit_simple_controller_manager:/home/sunrise/ws_moveit/install/moveit_ros_occupancy_map_monitor:/home/sunrise/ws_moveit/install/moveit_core:/home/sunrise/ws_moveit/install/moveit_resources_panda_moveit_config:/home/sunrise/ws_moveit/install/moveit_resources_fanuc_moveit_config:/home/sunrise/ws_moveit/install/moveit_configs_utils:/home/sunrise/ws_moveit/install/srdfdom:/home/sunrise/ws_moveit/install/moveit_resources_pr2_description:/home/sunrise/ws_moveit/install/moveit_resources_panda_description:/home/sunrise/ws_moveit/install/moveit_resources_fanuc_description:/home/sunrise/ws_moveit/install/moveit_common:/home/sunrise/ws_moveit/install/launch_param_builder:${AMENT_PREFIX_PATH} CMAKE_PREFIX_PATH=/home/sunrise/ws_moveit/install/moveit_setup_framework:/home/sunrise/ws_moveit/install/moveit_ros_visualization:/home/sunrise/ws_moveit/install/moveit_ros_planning_interface:/home/sunrise/ws_moveit/install/moveit_ros_move_group:/home/sunrise/ws_moveit/install/moveit_ros_warehouse:/home/sunrise/ws_moveit/install/moveit_ros_robot_interaction:/home/sunrise/ws_moveit/install/moveit_planners_ompl:/home/sunrise/ws_moveit/install/moveit_kinematics:/home/sunrise/ws_moveit/install/moveit_ros_planning:/home/sunrise/ws_moveit/install/moveit_simple_controller_manager:/home/sunrise/ws_moveit/install/moveit_ros_occupancy_map_monitor:/home/sunrise/ws_moveit/install/moveit_core:/home/sunrise/ws_moveit/install/moveit_resources_panda_moveit_config:/home/sunrise/ws_moveit/install/moveit_resources_fanuc_moveit_config:/home/sunrise/ws_moveit/install/srdfdom:/home/sunrise/ws_moveit/install/moveit_resources_pr2_description:/home/sunrise/ws_moveit/install/moveit_resources_panda_description:/home/sunrise/ws_moveit/install/moveit_resources_fanuc_description:/home/sunrise/ws_moveit/install/moveit_common:/opt/ros/humble LD_LIBRARY_PATH=/home/sunrise/ws_moveit/install/moveit_setup_framework/lib:/home/sunrise/ws_moveit/install/moveit_ros_visualization/lib:/home/sunrise/ws_moveit/install/moveit_ros_planning_interface/lib:/home/sunrise/ws_moveit/install/moveit_ros_move_group/lib:/home/sunrise/ws_moveit/install/moveit_ros_warehouse/lib:/home/sunrise/ws_moveit/install/moveit_ros_robot_interaction/lib:/home/sunrise/ws_moveit/install/moveit_planners_ompl/lib:/home/sunrise/ws_moveit/install/moveit_kinematics/lib:/home/sunrise/ws_moveit/install/moveit_ros_planning/lib:/home/sunrise/ws_moveit/install/moveit_simple_controller_manager/lib:/home/sunrise/ws_moveit/install/moveit_ros_occupancy_map_monitor/lib:/home/sunrise/ws_moveit/install/moveit_core/lib:/home/sunrise/ws_moveit/install/srdfdom/lib:${LD_LIBRARY_PATH} PATH=/home/sunrise/ws_moveit/install/moveit_core/bin:${PATH} PYTHONPATH=/home/sunrise/ws_moveit/install/moveit_configs_utils/lib/python3.10/site-packages:/home/sunrise/ws_moveit/install/srdfdom/local/lib/python3.10/dist-packages:/home/sunrise/ws_moveit/install/launch_param_builder/lib/python3.10/site-packages:${PYTHONPATH} /usr/bin/cmake --build /home/sunrise/ws_moveit/build/moveit_setup_app_plugins -- -j6 -l6
[5.705s] [  4%] [34m[1mAutomatic MOC for target moveit_setup_app_plugins[0m
[5.768s] [  4%] Built target moveit_setup_app_plugins_autogen
[5.795s] [  8%] [34m[1mAutomatic MOC for target gtest[0m
[5.866s] [  8%] Built target gtest_autogen
[5.891s] [ 12%] [34m[1mGenerating include/moveit_setup_app_plugins/moc_perception_widget.cpp[0m
[5.906s] [ 16%] [34m[1mGenerating include/moveit_setup_app_plugins/moc_launches_widget.cpp[0m
[5.969s] [ 20%] [32mBuilding CXX object CMakeFiles/moveit_setup_app_plugins.dir/moveit_setup_app_plugins_autogen/mocs_compilation.cpp.o[0m
[6.021s] [ 24%] [32mBuilding CXX object CMakeFiles/moveit_setup_app_plugins.dir/src/launches_config.cpp.o[0m
[11.739s] [ 28%] [32mBuilding CXX object CMakeFiles/moveit_setup_app_plugins.dir/src/perception_config.cpp.o[0m
[20.036s] [ 32%] [32mBuilding CXX object CMakeFiles/moveit_setup_app_plugins.dir/src/perception.cpp.o[0m
[25.058s] [ 36%] [32mBuilding CXX object CMakeFiles/moveit_setup_app_plugins.dir/src/perception_widget.cpp.o[0m
[47.630s] [ 40%] [32mBuilding CXX object CMakeFiles/moveit_setup_app_plugins.dir/include/moveit_setup_app_plugins/moc_launches_widget.cpp.o[0m
[68.171s] [ 44%] [32mBuilding CXX object CMakeFiles/moveit_setup_app_plugins.dir/include/moveit_setup_app_plugins/moc_perception_widget.cpp.o[0m
[88.477s] [ 48%] [32mBuilding CXX object CMakeFiles/moveit_setup_app_plugins.dir/src/launches_widget.cpp.o[0m
[108.830s] [ 52%] [32mBuilding CXX object CMakeFiles/moveit_setup_app_plugins.dir/src/launches.cpp.o[0m
[114.841s] [ 56%] [32m[1mLinking CXX shared library libmoveit_setup_app_plugins.so[0m
[115.781s] [ 56%] Built target moveit_setup_app_plugins
[115.810s] [ 60%] [32mBuilding CXX object gtest/CMakeFiles/gtest.dir/gtest_autogen/mocs_compilation.cpp.o[0m
[115.842s] [ 64%] [32mBuilding CXX object gtest/CMakeFiles/gtest.dir/src/gtest-all.cc.o[0m
[130.203s] [ 68%] [32m[1mLinking CXX static library libgtest.a[0m
[130.261s] [ 68%] Built target gtest
[130.290s] [ 72%] [34m[1mAutomatic MOC for target gtest_main[0m
[130.332s] [ 72%] Built target gtest_main_autogen
[130.359s] [ 76%] [32mBuilding CXX object gtest/CMakeFiles/gtest_main.dir/gtest_main_autogen/mocs_compilation.cpp.o[0m
[130.389s] [ 80%] [32mBuilding CXX object gtest/CMakeFiles/gtest_main.dir/src/gtest_main.cc.o[0m
[131.811s] [ 84%] [32m[1mLinking CXX static library libgtest_main.a[0m
[131.896s] [ 84%] Built target gtest_main
[131.934s] [ 88%] [34m[1mAutomatic MOC for target test_perception[0m
[132.023s] [ 88%] Built target test_perception_autogen
[132.082s] [ 92%] [32mBuilding CXX object CMakeFiles/test_perception.dir/test_perception_autogen/mocs_compilation.cpp.o[0m
[132.130s] [ 96%] [32mBuilding CXX object CMakeFiles/test_perception.dir/test/test_perception.cpp.o[0m
[148.657s] [100%] [32m[1mLinking CXX executable test_perception[0m
[149.657s] [100%] Built target test_perception
[149.675s] Invoked command in '/home/sunrise/ws_moveit/build/moveit_setup_app_plugins' returned '0': AMENT_PREFIX_PATH=/home/sunrise/ws_moveit/install/moveit_setup_framework:/home/sunrise/ws_moveit/install/moveit_ros_visualization:/home/sunrise/ws_moveit/install/moveit_ros_planning_interface:/home/sunrise/ws_moveit/install/moveit_ros_move_group:/home/sunrise/ws_moveit/install/moveit_ros_warehouse:/home/sunrise/ws_moveit/install/moveit_ros_robot_interaction:/home/sunrise/ws_moveit/install/moveit_planners_ompl:/home/sunrise/ws_moveit/install/moveit_kinematics:/home/sunrise/ws_moveit/install/moveit_ros_planning:/home/sunrise/ws_moveit/install/moveit_simple_controller_manager:/home/sunrise/ws_moveit/install/moveit_ros_occupancy_map_monitor:/home/sunrise/ws_moveit/install/moveit_core:/home/sunrise/ws_moveit/install/moveit_resources_panda_moveit_config:/home/sunrise/ws_moveit/install/moveit_resources_fanuc_moveit_config:/home/sunrise/ws_moveit/install/moveit_configs_utils:/home/sunrise/ws_moveit/install/srdfdom:/home/sunrise/ws_moveit/install/moveit_resources_pr2_description:/home/sunrise/ws_moveit/install/moveit_resources_panda_description:/home/sunrise/ws_moveit/install/moveit_resources_fanuc_description:/home/sunrise/ws_moveit/install/moveit_common:/home/sunrise/ws_moveit/install/launch_param_builder:${AMENT_PREFIX_PATH} CMAKE_PREFIX_PATH=/home/sunrise/ws_moveit/install/moveit_setup_framework:/home/sunrise/ws_moveit/install/moveit_ros_visualization:/home/sunrise/ws_moveit/install/moveit_ros_planning_interface:/home/sunrise/ws_moveit/install/moveit_ros_move_group:/home/sunrise/ws_moveit/install/moveit_ros_warehouse:/home/sunrise/ws_moveit/install/moveit_ros_robot_interaction:/home/sunrise/ws_moveit/install/moveit_planners_ompl:/home/sunrise/ws_moveit/install/moveit_kinematics:/home/sunrise/ws_moveit/install/moveit_ros_planning:/home/sunrise/ws_moveit/install/moveit_simple_controller_manager:/home/sunrise/ws_moveit/install/moveit_ros_occupancy_map_monitor:/home/sunrise/ws_moveit/install/moveit_core:/home/sunrise/ws_moveit/install/moveit_resources_panda_moveit_config:/home/sunrise/ws_moveit/install/moveit_resources_fanuc_moveit_config:/home/sunrise/ws_moveit/install/srdfdom:/home/sunrise/ws_moveit/install/moveit_resources_pr2_description:/home/sunrise/ws_moveit/install/moveit_resources_panda_description:/home/sunrise/ws_moveit/install/moveit_resources_fanuc_description:/home/sunrise/ws_moveit/install/moveit_common:/opt/ros/humble LD_LIBRARY_PATH=/home/sunrise/ws_moveit/install/moveit_setup_framework/lib:/home/sunrise/ws_moveit/install/moveit_ros_visualization/lib:/home/sunrise/ws_moveit/install/moveit_ros_planning_interface/lib:/home/sunrise/ws_moveit/install/moveit_ros_move_group/lib:/home/sunrise/ws_moveit/install/moveit_ros_warehouse/lib:/home/sunrise/ws_moveit/install/moveit_ros_robot_interaction/lib:/home/sunrise/ws_moveit/install/moveit_planners_ompl/lib:/home/sunrise/ws_moveit/install/moveit_kinematics/lib:/home/sunrise/ws_moveit/install/moveit_ros_planning/lib:/home/sunrise/ws_moveit/install/moveit_simple_controller_manager/lib:/home/sunrise/ws_moveit/install/moveit_ros_occupancy_map_monitor/lib:/home/sunrise/ws_moveit/install/moveit_core/lib:/home/sunrise/ws_moveit/install/srdfdom/lib:${LD_LIBRARY_PATH} PATH=/home/sunrise/ws_moveit/install/moveit_core/bin:${PATH} PYTHONPATH=/home/sunrise/ws_moveit/install/moveit_configs_utils/lib/python3.10/site-packages:/home/sunrise/ws_moveit/install/srdfdom/local/lib/python3.10/dist-packages:/home/sunrise/ws_moveit/install/launch_param_builder/lib/python3.10/site-packages:${PYTHONPATH} /usr/bin/cmake --build /home/sunrise/ws_moveit/build/moveit_setup_app_plugins -- -j6 -l6
[149.676s] Invoking command in '/home/sunrise/ws_moveit/build/moveit_setup_app_plugins': AMENT_PREFIX_PATH=/home/sunrise/ws_moveit/install/moveit_setup_framework:/home/sunrise/ws_moveit/install/moveit_ros_visualization:/home/sunrise/ws_moveit/install/moveit_ros_planning_interface:/home/sunrise/ws_moveit/install/moveit_ros_move_group:/home/sunrise/ws_moveit/install/moveit_ros_warehouse:/home/sunrise/ws_moveit/install/moveit_ros_robot_interaction:/home/sunrise/ws_moveit/install/moveit_planners_ompl:/home/sunrise/ws_moveit/install/moveit_kinematics:/home/sunrise/ws_moveit/install/moveit_ros_planning:/home/sunrise/ws_moveit/install/moveit_simple_controller_manager:/home/sunrise/ws_moveit/install/moveit_ros_occupancy_map_monitor:/home/sunrise/ws_moveit/install/moveit_core:/home/sunrise/ws_moveit/install/moveit_resources_panda_moveit_config:/home/sunrise/ws_moveit/install/moveit_resources_fanuc_moveit_config:/home/sunrise/ws_moveit/install/moveit_configs_utils:/home/sunrise/ws_moveit/install/srdfdom:/home/sunrise/ws_moveit/install/moveit_resources_pr2_description:/home/sunrise/ws_moveit/install/moveit_resources_panda_description:/home/sunrise/ws_moveit/install/moveit_resources_fanuc_description:/home/sunrise/ws_moveit/install/moveit_common:/home/sunrise/ws_moveit/install/launch_param_builder:${AMENT_PREFIX_PATH} CMAKE_PREFIX_PATH=/home/sunrise/ws_moveit/install/moveit_setup_framework:/home/sunrise/ws_moveit/install/moveit_ros_visualization:/home/sunrise/ws_moveit/install/moveit_ros_planning_interface:/home/sunrise/ws_moveit/install/moveit_ros_move_group:/home/sunrise/ws_moveit/install/moveit_ros_warehouse:/home/sunrise/ws_moveit/install/moveit_ros_robot_interaction:/home/sunrise/ws_moveit/install/moveit_planners_ompl:/home/sunrise/ws_moveit/install/moveit_kinematics:/home/sunrise/ws_moveit/install/moveit_ros_planning:/home/sunrise/ws_moveit/install/moveit_simple_controller_manager:/home/sunrise/ws_moveit/install/moveit_ros_occupancy_map_monitor:/home/sunrise/ws_moveit/install/moveit_core:/home/sunrise/ws_moveit/install/moveit_resources_panda_moveit_config:/home/sunrise/ws_moveit/install/moveit_resources_fanuc_moveit_config:/home/sunrise/ws_moveit/install/srdfdom:/home/sunrise/ws_moveit/install/moveit_resources_pr2_description:/home/sunrise/ws_moveit/install/moveit_resources_panda_description:/home/sunrise/ws_moveit/install/moveit_resources_fanuc_description:/home/sunrise/ws_moveit/install/moveit_common:/opt/ros/humble LD_LIBRARY_PATH=/home/sunrise/ws_moveit/install/moveit_setup_framework/lib:/home/sunrise/ws_moveit/install/moveit_ros_visualization/lib:/home/sunrise/ws_moveit/install/moveit_ros_planning_interface/lib:/home/sunrise/ws_moveit/install/moveit_ros_move_group/lib:/home/sunrise/ws_moveit/install/moveit_ros_warehouse/lib:/home/sunrise/ws_moveit/install/moveit_ros_robot_interaction/lib:/home/sunrise/ws_moveit/install/moveit_planners_ompl/lib:/home/sunrise/ws_moveit/install/moveit_kinematics/lib:/home/sunrise/ws_moveit/install/moveit_ros_planning/lib:/home/sunrise/ws_moveit/install/moveit_simple_controller_manager/lib:/home/sunrise/ws_moveit/install/moveit_ros_occupancy_map_monitor/lib:/home/sunrise/ws_moveit/install/moveit_core/lib:/home/sunrise/ws_moveit/install/srdfdom/lib:${LD_LIBRARY_PATH} PATH=/home/sunrise/ws_moveit/install/moveit_core/bin:${PATH} PYTHONPATH=/home/sunrise/ws_moveit/install/moveit_configs_utils/lib/python3.10/site-packages:/home/sunrise/ws_moveit/install/srdfdom/local/lib/python3.10/dist-packages:/home/sunrise/ws_moveit/install/launch_param_builder/lib/python3.10/site-packages:${PYTHONPATH} /usr/bin/cmake --install /home/sunrise/ws_moveit/build/moveit_setup_app_plugins
[149.685s] -- Install configuration: "Release"
[149.686s] -- Installing: /home/sunrise/ws_moveit/install/moveit_setup_app_plugins/share/moveit_setup_app_plugins/templates
[149.687s] -- Installing: /home/sunrise/ws_moveit/install/moveit_setup_app_plugins/share/moveit_setup_app_plugins/templates/config
[149.688s] -- Installing: /home/sunrise/ws_moveit/install/moveit_setup_app_plugins/share/moveit_setup_app_plugins/templates/config/moveit.rviz
[149.689s] -- Installing: /home/sunrise/ws_moveit/install/moveit_setup_app_plugins/share/moveit_setup_app_plugins/templates/config/sensors_3d.yaml
[149.690s] -- Installing: /home/sunrise/ws_moveit/install/moveit_setup_app_plugins/share/moveit_setup_app_plugins/templates/launch
[149.691s] -- Installing: /home/sunrise/ws_moveit/install/moveit_setup_app_plugins/share/moveit_setup_app_plugins/templates/launch/generic.launch.py.template
[149.693s] -- Installing: /home/sunrise/ws_moveit/install/moveit_setup_app_plugins/lib/libmoveit_setup_app_plugins.so
[149.703s] -- Set runtime path of "/home/sunrise/ws_moveit/install/moveit_setup_app_plugins/lib/libmoveit_setup_app_plugins.so" to ""
[149.703s] -- Installing: /home/sunrise/ws_moveit/install/moveit_setup_app_plugins/share/moveit_setup_app_plugins/moveit_setup_framework_plugins.xml
[149.704s] -- Installing: /home/sunrise/ws_moveit/install/moveit_setup_app_plugins/include
[149.705s] -- Installing: /home/sunrise/ws_moveit/install/moveit_setup_app_plugins/include/moveit_setup_app_plugins
[149.705s] -- Installing: /home/sunrise/ws_moveit/install/moveit_setup_app_plugins/include/moveit_setup_app_plugins/launches_config.hpp
[149.705s] -- Installing: /home/sunrise/ws_moveit/install/moveit_setup_app_plugins/include/moveit_setup_app_plugins/launch_bundle.hpp
[149.705s] -- Installing: /home/sunrise/ws_moveit/install/moveit_setup_app_plugins/include/moveit_setup_app_plugins/launches.hpp
[149.705s] -- Installing: /home/sunrise/ws_moveit/install/moveit_setup_app_plugins/include/moveit_setup_app_plugins/perception_widget.hpp
[149.705s] -- Installing: /home/sunrise/ws_moveit/install/moveit_setup_app_plugins/include/moveit_setup_app_plugins/launches_widget.hpp
[149.706s] -- Installing: /home/sunrise/ws_moveit/install/moveit_setup_app_plugins/include/moveit_setup_app_plugins/perception.hpp
[149.706s] -- Installing: /home/sunrise/ws_moveit/install/moveit_setup_app_plugins/include/moveit_setup_app_plugins/perception_config.hpp
[149.706s] -- Installing: /home/sunrise/ws_moveit/install/moveit_setup_app_plugins/share/moveit_setup_app_plugins/environment/library_path.sh
[149.706s] -- Installing: /home/sunrise/ws_moveit/install/moveit_setup_app_plugins/share/moveit_setup_app_plugins/environment/library_path.dsv
[149.707s] -- Up-to-date: /home/sunrise/ws_moveit/install/moveit_setup_app_plugins/share/moveit_setup_app_plugins/moveit_setup_framework_plugins.xml
[149.707s] -- Installing: /home/sunrise/ws_moveit/install/moveit_setup_app_plugins/share/ament_index/resource_index/package_run_dependencies/moveit_setup_app_plugins
[149.707s] -- Installing: /home/sunrise/ws_moveit/install/moveit_setup_app_plugins/share/ament_index/resource_index/parent_prefix_path/moveit_setup_app_plugins
[149.707s] -- Installing: /home/sunrise/ws_moveit/install/moveit_setup_app_plugins/share/moveit_setup_app_plugins/environment/ament_prefix_path.sh
[149.707s] -- Installing: /home/sunrise/ws_moveit/install/moveit_setup_app_plugins/share/moveit_setup_app_plugins/environment/ament_prefix_path.dsv
[149.708s] -- Installing: /home/sunrise/ws_moveit/install/moveit_setup_app_plugins/share/moveit_setup_app_plugins/environment/path.sh
[149.710s] -- Installing: /home/sunrise/ws_moveit/install/moveit_setup_app_plugins/share/moveit_setup_app_plugins/environment/path.dsv
[149.712s] -- Installing: /home/sunrise/ws_moveit/install/moveit_setup_app_plugins/share/moveit_setup_app_plugins/local_setup.bash
[149.714s] -- Installing: /home/sunrise/ws_moveit/install/moveit_setup_app_plugins/share/moveit_setup_app_plugins/local_setup.sh
[149.715s] -- Installing: /home/sunrise/ws_moveit/install/moveit_setup_app_plugins/share/moveit_setup_app_plugins/local_setup.zsh
[149.716s] -- Installing: /home/sunrise/ws_moveit/install/moveit_setup_app_plugins/share/moveit_setup_app_plugins/local_setup.dsv
[149.718s] -- Installing: /home/sunrise/ws_moveit/install/moveit_setup_app_plugins/share/moveit_setup_app_plugins/package.dsv
[149.719s] -- Installing: /home/sunrise/ws_moveit/install/moveit_setup_app_plugins/share/ament_index/resource_index/packages/moveit_setup_app_plugins
[149.720s] -- Installing: /home/sunrise/ws_moveit/install/moveit_setup_app_plugins/share/ament_index/resource_index/moveit_setup_framework__pluginlib__plugin/moveit_setup_app_plugins
[149.721s] -- Installing: /home/sunrise/ws_moveit/install/moveit_setup_app_plugins/share/moveit_setup_app_plugins/cmake/export_moveit_setup_app_pluginsExport.cmake
[149.722s] -- Installing: /home/sunrise/ws_moveit/install/moveit_setup_app_plugins/share/moveit_setup_app_plugins/cmake/export_moveit_setup_app_pluginsExport-release.cmake
[149.725s] -- Installing: /home/sunrise/ws_moveit/install/moveit_setup_app_plugins/share/moveit_setup_app_plugins/cmake/ament_cmake_export_include_directories-extras.cmake
[149.726s] -- Installing: /home/sunrise/ws_moveit/install/moveit_setup_app_plugins/share/moveit_setup_app_plugins/cmake/ament_cmake_export_libraries-extras.cmake
[149.728s] -- Installing: /home/sunrise/ws_moveit/install/moveit_setup_app_plugins/share/moveit_setup_app_plugins/cmake/ament_cmake_export_targets-extras.cmake
[149.729s] -- Installing: /home/sunrise/ws_moveit/install/moveit_setup_app_plugins/share/moveit_setup_app_plugins/cmake/moveit_setup_app_pluginsConfig.cmake
[149.731s] -- Installing: /home/sunrise/ws_moveit/install/moveit_setup_app_plugins/share/moveit_setup_app_plugins/cmake/moveit_setup_app_pluginsConfig-version.cmake
[149.733s] -- Installing: /home/sunrise/ws_moveit/install/moveit_setup_app_plugins/share/moveit_setup_app_plugins/package.xml
[149.736s] Invoked command in '/home/sunrise/ws_moveit/build/moveit_setup_app_plugins' returned '0': AMENT_PREFIX_PATH=/home/sunrise/ws_moveit/install/moveit_setup_framework:/home/sunrise/ws_moveit/install/moveit_ros_visualization:/home/sunrise/ws_moveit/install/moveit_ros_planning_interface:/home/sunrise/ws_moveit/install/moveit_ros_move_group:/home/sunrise/ws_moveit/install/moveit_ros_warehouse:/home/sunrise/ws_moveit/install/moveit_ros_robot_interaction:/home/sunrise/ws_moveit/install/moveit_planners_ompl:/home/sunrise/ws_moveit/install/moveit_kinematics:/home/sunrise/ws_moveit/install/moveit_ros_planning:/home/sunrise/ws_moveit/install/moveit_simple_controller_manager:/home/sunrise/ws_moveit/install/moveit_ros_occupancy_map_monitor:/home/sunrise/ws_moveit/install/moveit_core:/home/sunrise/ws_moveit/install/moveit_resources_panda_moveit_config:/home/sunrise/ws_moveit/install/moveit_resources_fanuc_moveit_config:/home/sunrise/ws_moveit/install/moveit_configs_utils:/home/sunrise/ws_moveit/install/srdfdom:/home/sunrise/ws_moveit/install/moveit_resources_pr2_description:/home/sunrise/ws_moveit/install/moveit_resources_panda_description:/home/sunrise/ws_moveit/install/moveit_resources_fanuc_description:/home/sunrise/ws_moveit/install/moveit_common:/home/sunrise/ws_moveit/install/launch_param_builder:${AMENT_PREFIX_PATH} CMAKE_PREFIX_PATH=/home/sunrise/ws_moveit/install/moveit_setup_framework:/home/sunrise/ws_moveit/install/moveit_ros_visualization:/home/sunrise/ws_moveit/install/moveit_ros_planning_interface:/home/sunrise/ws_moveit/install/moveit_ros_move_group:/home/sunrise/ws_moveit/install/moveit_ros_warehouse:/home/sunrise/ws_moveit/install/moveit_ros_robot_interaction:/home/sunrise/ws_moveit/install/moveit_planners_ompl:/home/sunrise/ws_moveit/install/moveit_kinematics:/home/sunrise/ws_moveit/install/moveit_ros_planning:/home/sunrise/ws_moveit/install/moveit_simple_controller_manager:/home/sunrise/ws_moveit/install/moveit_ros_occupancy_map_monitor:/home/sunrise/ws_moveit/install/moveit_core:/home/sunrise/ws_moveit/install/moveit_resources_panda_moveit_config:/home/sunrise/ws_moveit/install/moveit_resources_fanuc_moveit_config:/home/sunrise/ws_moveit/install/srdfdom:/home/sunrise/ws_moveit/install/moveit_resources_pr2_description:/home/sunrise/ws_moveit/install/moveit_resources_panda_description:/home/sunrise/ws_moveit/install/moveit_resources_fanuc_description:/home/sunrise/ws_moveit/install/moveit_common:/opt/ros/humble LD_LIBRARY_PATH=/home/sunrise/ws_moveit/install/moveit_setup_framework/lib:/home/sunrise/ws_moveit/install/moveit_ros_visualization/lib:/home/sunrise/ws_moveit/install/moveit_ros_planning_interface/lib:/home/sunrise/ws_moveit/install/moveit_ros_move_group/lib:/home/sunrise/ws_moveit/install/moveit_ros_warehouse/lib:/home/sunrise/ws_moveit/install/moveit_ros_robot_interaction/lib:/home/sunrise/ws_moveit/install/moveit_planners_ompl/lib:/home/sunrise/ws_moveit/install/moveit_kinematics/lib:/home/sunrise/ws_moveit/install/moveit_ros_planning/lib:/home/sunrise/ws_moveit/install/moveit_simple_controller_manager/lib:/home/sunrise/ws_moveit/install/moveit_ros_occupancy_map_monitor/lib:/home/sunrise/ws_moveit/install/moveit_core/lib:/home/sunrise/ws_moveit/install/srdfdom/lib:${LD_LIBRARY_PATH} PATH=/home/sunrise/ws_moveit/install/moveit_core/bin:${PATH} PYTHONPATH=/home/sunrise/ws_moveit/install/moveit_configs_utils/lib/python3.10/site-packages:/home/sunrise/ws_moveit/install/srdfdom/local/lib/python3.10/dist-packages:/home/sunrise/ws_moveit/install/launch_param_builder/lib/python3.10/site-packages:${PYTHONPATH} /usr/bin/cmake --install /home/sunrise/ws_moveit/build/moveit_setup_app_plugins
