[0.058s] Invoking command in '/home/sunrise/ws_moveit/build/moveit_ros_visualization': AMENT_PREFIX_PATH=/home/sunrise/ws_moveit/install/moveit_ros_planning_interface:/home/sunrise/ws_moveit/install/moveit_ros_move_group:/home/sunrise/ws_moveit/install/moveit_ros_warehouse:/home/sunrise/ws_moveit/install/moveit_ros_robot_interaction:/home/sunrise/ws_moveit/install/moveit_planners_ompl:/home/sunrise/ws_moveit/install/moveit_kinematics:/home/sunrise/ws_moveit/install/moveit_ros_planning:/home/sunrise/ws_moveit/install/moveit_simple_controller_manager:/home/sunrise/ws_moveit/install/moveit_ros_occupancy_map_monitor:/home/sunrise/ws_moveit/install/moveit_core:/home/sunrise/ws_moveit/install/moveit_resources_panda_moveit_config:/home/sunrise/ws_moveit/install/moveit_resources_fanuc_moveit_config:/home/sunrise/ws_moveit/install/moveit_configs_utils:/home/sunrise/ws_moveit/install/srdfdom:/home/sunrise/ws_moveit/install/moveit_resources_pr2_description:/home/sunrise/ws_moveit/install/moveit_resources_panda_description:/home/sunrise/ws_moveit/install/moveit_resources_fanuc_description:/home/sunrise/ws_moveit/install/moveit_common:/home/sunrise/ws_moveit/install/launch_param_builder:${AMENT_PREFIX_PATH} CMAKE_PREFIX_PATH=/home/sunrise/ws_moveit/install/moveit_ros_planning_interface:/home/sunrise/ws_moveit/install/moveit_ros_move_group:/home/sunrise/ws_moveit/install/moveit_ros_warehouse:/home/sunrise/ws_moveit/install/moveit_ros_robot_interaction:/home/sunrise/ws_moveit/install/moveit_planners_ompl:/home/sunrise/ws_moveit/install/moveit_kinematics:/home/sunrise/ws_moveit/install/moveit_ros_planning:/home/sunrise/ws_moveit/install/moveit_simple_controller_manager:/home/sunrise/ws_moveit/install/moveit_ros_occupancy_map_monitor:/home/sunrise/ws_moveit/install/moveit_core:/home/sunrise/ws_moveit/install/moveit_resources_panda_moveit_config:/home/sunrise/ws_moveit/install/moveit_resources_fanuc_moveit_config:/home/sunrise/ws_moveit/install/srdfdom:/home/sunrise/ws_moveit/install/moveit_resources_pr2_description:/home/sunrise/ws_moveit/install/moveit_resources_panda_description:/home/sunrise/ws_moveit/install/moveit_resources_fanuc_description:/home/sunrise/ws_moveit/install/moveit_common:/opt/ros/humble LD_LIBRARY_PATH=/home/sunrise/ws_moveit/install/moveit_ros_planning_interface/lib:/home/sunrise/ws_moveit/install/moveit_ros_move_group/lib:/home/sunrise/ws_moveit/install/moveit_ros_warehouse/lib:/home/sunrise/ws_moveit/install/moveit_ros_robot_interaction/lib:/home/sunrise/ws_moveit/install/moveit_planners_ompl/lib:/home/sunrise/ws_moveit/install/moveit_kinematics/lib:/home/sunrise/ws_moveit/install/moveit_ros_planning/lib:/home/sunrise/ws_moveit/install/moveit_simple_controller_manager/lib:/home/sunrise/ws_moveit/install/moveit_ros_occupancy_map_monitor/lib:/home/sunrise/ws_moveit/install/moveit_core/lib:/home/sunrise/ws_moveit/install/srdfdom/lib:${LD_LIBRARY_PATH} PATH=/home/sunrise/ws_moveit/install/moveit_core/bin:${PATH} PYTHONPATH=/home/sunrise/ws_moveit/install/moveit_configs_utils/lib/python3.10/site-packages:/home/sunrise/ws_moveit/install/srdfdom/local/lib/python3.10/dist-packages:/home/sunrise/ws_moveit/install/launch_param_builder/lib/python3.10/site-packages:${PYTHONPATH} /usr/bin/cmake /home/sunrise/ws_moveit/src/moveit2/moveit_ros/visualization -DCMAKE_BUILD_TYPE=Release -DCMAKE_INSTALL_PREFIX=/home/sunrise/ws_moveit/install/moveit_ros_visualization
[0.136s] -- The C compiler identification is GNU 11.4.0
[0.222s] -- The CXX compiler identification is GNU 11.4.0
[0.233s] -- Detecting C compiler ABI info
[0.335s] -- Detecting C compiler ABI info - done
[0.345s] -- Check for working C compiler: /usr/bin/cc - skipped
[0.346s] -- Detecting C compile features
[0.347s] -- Detecting C compile features - done
[0.353s] -- Detecting CXX compiler ABI info
[0.463s] -- Detecting CXX compiler ABI info - done
[0.480s] -- Check for working CXX compiler: /usr/bin/c++ - skipped
[0.484s] -- Detecting CXX compile features
[0.484s] -- Detecting CXX compile features - done
[0.485s] -- Found moveit_common: 2.5.9 (/home/sunrise/ws_moveit/install/moveit_common/share/moveit_common/cmake)
[0.489s] -- Found ament_cmake: 1.3.12 (/opt/ros/humble/share/ament_cmake/cmake)
[1.204s] -- Found Python3: /usr/bin/python3 (found version "3.10.12") found components: Interpreter 
[1.543s] -- Found class_loader: 2.2.0 (/opt/ros/humble/share/class_loader/cmake)
[1.576s] -- Found geometric_shapes: 2.3.2 (/opt/ros/humble/share/geometric_shapes/cmake)
[1.594s] -- Found Boost: /usr/lib/aarch64-linux-gnu/cmake/Boost-1.74.0/BoostConfig.cmake (found version "1.74.0") found components: filesystem 
[1.686s] -- Found rosidl_generator_c: 3.1.7 (/opt/ros/humble/share/rosidl_generator_c/cmake)
[1.698s] -- Found rosidl_adapter: 3.1.7 (/opt/ros/humble/share/rosidl_adapter/cmake)
[1.714s] -- Found rosidl_generator_cpp: 3.1.7 (/opt/ros/humble/share/rosidl_generator_cpp/cmake)
[1.736s] -- Using all available rosidl_typesupport_c: rosidl_typesupport_fastrtps_c;rosidl_typesupport_introspection_c
[1.760s] -- Using all available rosidl_typesupport_cpp: rosidl_typesupport_fastrtps_cpp;rosidl_typesupport_introspection_cpp
[1.913s] -- Found rmw_implementation_cmake: 6.1.2 (/opt/ros/humble/share/rmw_implementation_cmake/cmake)
[1.919s] -- Found rmw_fastrtps_cpp: 6.2.8 (/opt/ros/humble/share/rmw_fastrtps_cpp/cmake)
[2.091s] -- Found OpenSSL: /usr/lib/aarch64-linux-gnu/libcrypto.so (found version "3.0.2")  
[2.129s] -- Found FastRTPS: /opt/ros/humble/include  
[2.190s] -- Using RMW implementation 'rmw_fastrtps_cpp' as default
[2.209s] -- Looking for pthread.h
[2.358s] -- Looking for pthread.h - found
[2.359s] -- Performing Test CMAKE_HAVE_LIBC_PTHREAD
[2.508s] -- Performing Test CMAKE_HAVE_LIBC_PTHREAD - Success
[2.511s] -- Found Threads: TRUE  
[2.674s] -- library: /usr/lib/aarch64-linux-gnu/libcurl.so
[2.767s] -- Found interactive_markers: 2.3.2 (/opt/ros/humble/share/interactive_markers/cmake)
[2.781s] -- Found moveit_ros_planning: 2.5.9 (/home/sunrise/ws_moveit/install/moveit_ros_planning/share/moveit_ros_planning/cmake)
[2.823s] -- Found Boost: /usr/lib/aarch64-linux-gnu/cmake/Boost-1.74.0/BoostConfig.cmake (found version "1.74.0") found components: system filesystem date_time program_options thread chrono 
[3.068s] -- Found Boost: /usr/lib/aarch64-linux-gnu/cmake/Boost-1.74.0/BoostConfig.cmake (found version "1.74.0") found components: chrono date_time filesystem iostreams program_options regex serialization system thread 
[3.121s] -- Found parameter_traits: 0.7.1 (/opt/ros/humble/share/parameter_traits/cmake)
[3.153s] -- Found rclcpp_lifecycle: 16.0.14 (/opt/ros/humble/share/rclcpp_lifecycle/cmake)
[3.206s] -- Found Eigen3: TRUE (found version "3.4.0") 
[3.206s] -- Ensuring Eigen3 include directory is part of orocos-kdl CMake target
[3.420s] -- Found moveit_ros_planning_interface: 2.5.9 (/home/sunrise/ws_moveit/install/moveit_ros_planning_interface/share/moveit_ros_planning_interface/cmake)
[3.430s] -- Found Boost: /usr/lib/aarch64-linux-gnu/cmake/Boost-1.74.0/BoostConfig.cmake (found version "1.74.0") found components: date_time filesystem program_options system thread 
[3.451s] -- Found Boost: /usr/lib/aarch64-linux-gnu/cmake/Boost-1.74.0/BoostConfig.cmake (found version "1.74.0") found components: thread system filesystem regex date_time program_options 
[3.485s] -- Found Boost: /usr/lib/aarch64-linux-gnu/cmake/Boost-1.74.0/BoostConfig.cmake (found version "1.74.0") found components: system filesystem date_time program_options thread 
[3.532s] -- Found moveit_ros_robot_interaction: 2.5.9 (/home/sunrise/ws_moveit/install/moveit_ros_robot_interaction/share/moveit_ros_robot_interaction/cmake)
[3.547s] -- Found rclpy: 3.3.17 (/opt/ros/humble/share/rclpy/cmake)
[3.551s] -- Found rviz2: 11.2.26 (/opt/ros/humble/share/rviz2/cmake)
[3.558s] -- Found rviz_common: 11.2.26 (/opt/ros/humble/share/rviz_common/cmake)
[3.585s] -- Setting assimp_DIR to: '/opt/ros/humble/share/rviz_assimp_vendor/cmake/../../../opt/rviz_assimp_vendor/lib/cmake/assimp-4.1'
[3.600s] -- Setting OGRE_DIR to: '/opt/ros/humble/share/rviz_ogre_vendor/cmake/../../../opt/rviz_ogre_vendor/lib/OGRE/cmake'
[3.602s] -- Found OGRE
[3.602s] --   static     : OFF
[3.603s] --   components : HLMS;MeshLodGenerator;Overlay;Paging;Property;RTShaderSystem;Terrain;Volume
[3.603s] --   plugins    : Plugin_BSPSceneManager;Plugin_OctreeSceneManager;Plugin_PCZSceneManager;Plugin_ParticleFX;RenderSystem_GL;RenderSystem_GL3Plus;Codec_STBI
[3.604s] --   media      : /opt/ros/humble/opt/rviz_ogre_vendor/share/OGRE/Media
[3.604s] -- OGRE_LIBRARIES: OgreHLMS;OgreMeshLodGenerator;OgreOverlay;OgrePaging;OgreProperty;OgreRTShaderSystem;OgreTerrain;OgreVolume;OgreMain
[3.605s] -- OGRE_LIBRARY_DIRS: /opt/ros/humble/opt/rviz_ogre_vendor/lib
[3.605s] -- OGRE_PLUGINS: Plugin_BSPSceneManager;Plugin_OctreeSceneManager;Plugin_PCZSceneManager;Plugin_ParticleFX;RenderSystem_GL;RenderSystem_GL3Plus;Codec_STBI
[3.605s] -- OGRE_PLUGIN_DIR: /opt/ros/humble/opt/rviz_ogre_vendor/lib/OGRE
[3.606s] -- rviz_ogre_vendor::OgreOverlay for IMPORTED_LOCATION_RELEASE: /opt/ros/humble/opt/rviz_ogre_vendor/lib/libOgreOverlay.so
[3.606s] -- rviz_ogre_vendor::OgreOverlay for IMPORTED_LOCATION_DEBUG: /opt/ros/humble/opt/rviz_ogre_vendor/lib/libOgreOverlay.so
[3.607s] -- rviz_ogre_vendor::OgreMain for IMPORTED_LOCATION_RELEASE: /opt/ros/humble/opt/rviz_ogre_vendor/lib/libOgreMain.so
[3.608s] -- rviz_ogre_vendor::OgreMain for IMPORTED_LOCATION_DEBUG: /opt/ros/humble/opt/rviz_ogre_vendor/lib/libOgreMain.so
[3.610s] -- Could not find freeimage library
[3.638s] -- Found ZLIB: /usr/lib/aarch64-linux-gnu/libz.so (found version "1.2.11") 
[3.647s] -- Found OpenGL: /usr/lib/aarch64-linux-gnu/libOpenGL.so   
[3.814s] -- Found X11: /usr/include   
[3.815s] -- Looking for XOpenDisplay in /usr/lib/aarch64-linux-gnu/libX11.so;/usr/lib/aarch64-linux-gnu/libXext.so
[4.003s] -- Looking for XOpenDisplay in /usr/lib/aarch64-linux-gnu/libX11.so;/usr/lib/aarch64-linux-gnu/libXext.so - found
[4.003s] -- Looking for gethostbyname
[4.186s] -- Looking for gethostbyname - found
[4.186s] -- Looking for connect
[4.347s] -- Looking for connect - found
[4.348s] -- Looking for remove
[4.543s] -- Looking for remove - found
[4.543s] -- Looking for shmat
[4.675s] -- Looking for shmat - found
[4.675s] -- Looking for IceConnectionNumber in ICE
[4.813s] -- Looking for IceConnectionNumber in ICE - found
[4.849s] -- Found rviz_default_plugins: 11.2.26 (/opt/ros/humble/share/rviz_default_plugins/cmake)
[4.975s] -- Found Boost: /usr/lib/aarch64-linux-gnu/cmake/Boost-1.74.0/BoostConfig.cmake (found version "1.74.0") found components: thread date_time system filesystem 
[5.015s] -- Performing Test COMPILER_HAS_HIDDEN_VISIBILITY
[5.163s] -- Performing Test COMPILER_HAS_HIDDEN_VISIBILITY - Success
[5.163s] -- Performing Test COMPILER_HAS_HIDDEN_INLINE_VISIBILITY
[5.315s] -- Performing Test COMPILER_HAS_HIDDEN_INLINE_VISIBILITY - Success
[5.315s] -- Performing Test COMPILER_HAS_DEPRECATED_ATTR
[5.487s] -- Performing Test COMPILER_HAS_DEPRECATED_ATTR - Success
[5.529s] -- Found ament_lint_auto: 0.12.14 (/opt/ros/humble/share/ament_lint_auto/cmake)
[5.570s] -- Added test 'cppcheck' to perform static code analysis on C / C++ code
[5.571s] -- Configured cppcheck include dirs: /home/sunrise/ws_moveit/src/moveit2/moveit_ros/visualization/rviz_plugin_render_tools/include;/home/sunrise/ws_moveit/src/moveit2/moveit_ros/visualization/robot_state_rviz_plugin/include;/home/sunrise/ws_moveit/src/moveit2/moveit_ros/visualization/planning_scene_rviz_plugin/include;/home/sunrise/ws_moveit/src/moveit2/moveit_ros/visualization/motion_planning_rviz_plugin/include;/home/sunrise/ws_moveit/src/moveit2/moveit_ros/visualization/trajectory_rviz_plugin/include
[5.571s] -- Configured cppcheck exclude dirs and/or files: 
[5.574s] -- Added test 'lint_cmake' to check CMake code style
[5.576s] -- Added test 'pep257' to check Python code against some of the docstring style conventions in PEP 257
[5.578s] -- Added test 'xmllint' to check XML markup files
[5.583s] -- Configuring done
[6.119s] -- Generating done
[6.216s] -- Build files have been written to: /home/sunrise/ws_moveit/build/moveit_ros_visualization
[6.256s] Invoked command in '/home/sunrise/ws_moveit/build/moveit_ros_visualization' returned '0': AMENT_PREFIX_PATH=/home/sunrise/ws_moveit/install/moveit_ros_planning_interface:/home/sunrise/ws_moveit/install/moveit_ros_move_group:/home/sunrise/ws_moveit/install/moveit_ros_warehouse:/home/sunrise/ws_moveit/install/moveit_ros_robot_interaction:/home/sunrise/ws_moveit/install/moveit_planners_ompl:/home/sunrise/ws_moveit/install/moveit_kinematics:/home/sunrise/ws_moveit/install/moveit_ros_planning:/home/sunrise/ws_moveit/install/moveit_simple_controller_manager:/home/sunrise/ws_moveit/install/moveit_ros_occupancy_map_monitor:/home/sunrise/ws_moveit/install/moveit_core:/home/sunrise/ws_moveit/install/moveit_resources_panda_moveit_config:/home/sunrise/ws_moveit/install/moveit_resources_fanuc_moveit_config:/home/sunrise/ws_moveit/install/moveit_configs_utils:/home/sunrise/ws_moveit/install/srdfdom:/home/sunrise/ws_moveit/install/moveit_resources_pr2_description:/home/sunrise/ws_moveit/install/moveit_resources_panda_description:/home/sunrise/ws_moveit/install/moveit_resources_fanuc_description:/home/sunrise/ws_moveit/install/moveit_common:/home/sunrise/ws_moveit/install/launch_param_builder:${AMENT_PREFIX_PATH} CMAKE_PREFIX_PATH=/home/sunrise/ws_moveit/install/moveit_ros_planning_interface:/home/sunrise/ws_moveit/install/moveit_ros_move_group:/home/sunrise/ws_moveit/install/moveit_ros_warehouse:/home/sunrise/ws_moveit/install/moveit_ros_robot_interaction:/home/sunrise/ws_moveit/install/moveit_planners_ompl:/home/sunrise/ws_moveit/install/moveit_kinematics:/home/sunrise/ws_moveit/install/moveit_ros_planning:/home/sunrise/ws_moveit/install/moveit_simple_controller_manager:/home/sunrise/ws_moveit/install/moveit_ros_occupancy_map_monitor:/home/sunrise/ws_moveit/install/moveit_core:/home/sunrise/ws_moveit/install/moveit_resources_panda_moveit_config:/home/sunrise/ws_moveit/install/moveit_resources_fanuc_moveit_config:/home/sunrise/ws_moveit/install/srdfdom:/home/sunrise/ws_moveit/install/moveit_resources_pr2_description:/home/sunrise/ws_moveit/install/moveit_resources_panda_description:/home/sunrise/ws_moveit/install/moveit_resources_fanuc_description:/home/sunrise/ws_moveit/install/moveit_common:/opt/ros/humble LD_LIBRARY_PATH=/home/sunrise/ws_moveit/install/moveit_ros_planning_interface/lib:/home/sunrise/ws_moveit/install/moveit_ros_move_group/lib:/home/sunrise/ws_moveit/install/moveit_ros_warehouse/lib:/home/sunrise/ws_moveit/install/moveit_ros_robot_interaction/lib:/home/sunrise/ws_moveit/install/moveit_planners_ompl/lib:/home/sunrise/ws_moveit/install/moveit_kinematics/lib:/home/sunrise/ws_moveit/install/moveit_ros_planning/lib:/home/sunrise/ws_moveit/install/moveit_simple_controller_manager/lib:/home/sunrise/ws_moveit/install/moveit_ros_occupancy_map_monitor/lib:/home/sunrise/ws_moveit/install/moveit_core/lib:/home/sunrise/ws_moveit/install/srdfdom/lib:${LD_LIBRARY_PATH} PATH=/home/sunrise/ws_moveit/install/moveit_core/bin:${PATH} PYTHONPATH=/home/sunrise/ws_moveit/install/moveit_configs_utils/lib/python3.10/site-packages:/home/sunrise/ws_moveit/install/srdfdom/local/lib/python3.10/dist-packages:/home/sunrise/ws_moveit/install/launch_param_builder/lib/python3.10/site-packages:${PYTHONPATH} /usr/bin/cmake /home/sunrise/ws_moveit/src/moveit2/moveit_ros/visualization -DCMAKE_BUILD_TYPE=Release -DCMAKE_INSTALL_PREFIX=/home/sunrise/ws_moveit/install/moveit_ros_visualization
[6.257s] Invoking command in '/home/sunrise/ws_moveit/build/moveit_ros_visualization': AMENT_PREFIX_PATH=/home/sunrise/ws_moveit/install/moveit_ros_planning_interface:/home/sunrise/ws_moveit/install/moveit_ros_move_group:/home/sunrise/ws_moveit/install/moveit_ros_warehouse:/home/sunrise/ws_moveit/install/moveit_ros_robot_interaction:/home/sunrise/ws_moveit/install/moveit_planners_ompl:/home/sunrise/ws_moveit/install/moveit_kinematics:/home/sunrise/ws_moveit/install/moveit_ros_planning:/home/sunrise/ws_moveit/install/moveit_simple_controller_manager:/home/sunrise/ws_moveit/install/moveit_ros_occupancy_map_monitor:/home/sunrise/ws_moveit/install/moveit_core:/home/sunrise/ws_moveit/install/moveit_resources_panda_moveit_config:/home/sunrise/ws_moveit/install/moveit_resources_fanuc_moveit_config:/home/sunrise/ws_moveit/install/moveit_configs_utils:/home/sunrise/ws_moveit/install/srdfdom:/home/sunrise/ws_moveit/install/moveit_resources_pr2_description:/home/sunrise/ws_moveit/install/moveit_resources_panda_description:/home/sunrise/ws_moveit/install/moveit_resources_fanuc_description:/home/sunrise/ws_moveit/install/moveit_common:/home/sunrise/ws_moveit/install/launch_param_builder:${AMENT_PREFIX_PATH} CMAKE_PREFIX_PATH=/home/sunrise/ws_moveit/install/moveit_ros_planning_interface:/home/sunrise/ws_moveit/install/moveit_ros_move_group:/home/sunrise/ws_moveit/install/moveit_ros_warehouse:/home/sunrise/ws_moveit/install/moveit_ros_robot_interaction:/home/sunrise/ws_moveit/install/moveit_planners_ompl:/home/sunrise/ws_moveit/install/moveit_kinematics:/home/sunrise/ws_moveit/install/moveit_ros_planning:/home/sunrise/ws_moveit/install/moveit_simple_controller_manager:/home/sunrise/ws_moveit/install/moveit_ros_occupancy_map_monitor:/home/sunrise/ws_moveit/install/moveit_core:/home/sunrise/ws_moveit/install/moveit_resources_panda_moveit_config:/home/sunrise/ws_moveit/install/moveit_resources_fanuc_moveit_config:/home/sunrise/ws_moveit/install/srdfdom:/home/sunrise/ws_moveit/install/moveit_resources_pr2_description:/home/sunrise/ws_moveit/install/moveit_resources_panda_description:/home/sunrise/ws_moveit/install/moveit_resources_fanuc_description:/home/sunrise/ws_moveit/install/moveit_common:/opt/ros/humble LD_LIBRARY_PATH=/home/sunrise/ws_moveit/install/moveit_ros_planning_interface/lib:/home/sunrise/ws_moveit/install/moveit_ros_move_group/lib:/home/sunrise/ws_moveit/install/moveit_ros_warehouse/lib:/home/sunrise/ws_moveit/install/moveit_ros_robot_interaction/lib:/home/sunrise/ws_moveit/install/moveit_planners_ompl/lib:/home/sunrise/ws_moveit/install/moveit_kinematics/lib:/home/sunrise/ws_moveit/install/moveit_ros_planning/lib:/home/sunrise/ws_moveit/install/moveit_simple_controller_manager/lib:/home/sunrise/ws_moveit/install/moveit_ros_occupancy_map_monitor/lib:/home/sunrise/ws_moveit/install/moveit_core/lib:/home/sunrise/ws_moveit/install/srdfdom/lib:${LD_LIBRARY_PATH} PATH=/home/sunrise/ws_moveit/install/moveit_core/bin:${PATH} PYTHONPATH=/home/sunrise/ws_moveit/install/moveit_configs_utils/lib/python3.10/site-packages:/home/sunrise/ws_moveit/install/srdfdom/local/lib/python3.10/dist-packages:/home/sunrise/ws_moveit/install/launch_param_builder/lib/python3.10/site-packages:${PYTHONPATH} /usr/bin/cmake --build /home/sunrise/ws_moveit/build/moveit_ros_visualization -- -j6 -l6
[6.333s] [  1%] [34m[1mAutomatic MOC for target moveit_rviz_plugin_render_tools[0m
[7.066s] [  1%] Built target moveit_rviz_plugin_render_tools_autogen
[7.101s] [  3%] [32mBuilding CXX object rviz_plugin_render_tools/CMakeFiles/moveit_rviz_plugin_render_tools.dir/moveit_rviz_plugin_render_tools_autogen/mocs_compilation.cpp.o[0m
[23.664s] [  5%] [32mBuilding CXX object rviz_plugin_render_tools/CMakeFiles/moveit_rviz_plugin_render_tools.dir/src/octomap_render.cpp.o[0m
[29.071s] [  6%] [32mBuilding CXX object rviz_plugin_render_tools/CMakeFiles/moveit_rviz_plugin_render_tools.dir/src/trajectory_visualization.cpp.o[0m
[66.866s] [  8%] [32mBuilding CXX object rviz_plugin_render_tools/CMakeFiles/moveit_rviz_plugin_render_tools.dir/src/trajectory_panel.cpp.o[0m
[73.034s] [ 10%] [32mBuilding CXX object rviz_plugin_render_tools/CMakeFiles/moveit_rviz_plugin_render_tools.dir/src/mesh_shape.cpp.o[0m
[76.655s] [ 12%] [32mBuilding CXX object rviz_plugin_render_tools/CMakeFiles/moveit_rviz_plugin_render_tools.dir/src/planning_link_updater.cpp.o[0m
[88.465s] [ 13%] [32mBuilding CXX object rviz_plugin_render_tools/CMakeFiles/moveit_rviz_plugin_render_tools.dir/src/planning_scene_render.cpp.o[0m
[105.660s] [ 15%] [32mBuilding CXX object rviz_plugin_render_tools/CMakeFiles/moveit_rviz_plugin_render_tools.dir/src/robot_state_visualization.cpp.o[0m
[121.641s] [ 17%] [32mBuilding CXX object rviz_plugin_render_tools/CMakeFiles/moveit_rviz_plugin_render_tools.dir/src/render_shapes.cpp.o[0m
[136.179s] [ 18%] [32m[1mLinking CXX shared library libmoveit_rviz_plugin_render_tools.so[0m
[140.173s] [ 18%] Built target moveit_rviz_plugin_render_tools
[140.206s] [ 20%] [34m[1mAutomatic MOC for target moveit_robot_state_rviz_plugin_core[0m
[140.498s] [ 20%] Built target moveit_robot_state_rviz_plugin_core_autogen
[140.523s] [ 22%] [34m[1mAutomatic MOC for target moveit_planning_scene_rviz_plugin_core[0m
[140.982s] [ 22%] Built target moveit_planning_scene_rviz_plugin_core_autogen
[141.037s] [ 24%] [32mBuilding CXX object robot_state_rviz_plugin/CMakeFiles/moveit_robot_state_rviz_plugin_core.dir/moveit_robot_state_rviz_plugin_core_autogen/mocs_compilation.cpp.o[0m
[163.923s] [ 25%] [32mBuilding CXX object robot_state_rviz_plugin/CMakeFiles/moveit_robot_state_rviz_plugin_core.dir/src/robot_state_display.cpp.o[0m
[193.313s] [ 27%] [32m[1mLinking CXX shared library libmoveit_robot_state_rviz_plugin_core.so[0m
[197.411s] [ 27%] Built target moveit_robot_state_rviz_plugin_core
[197.442s] [ 29%] [32mBuilding CXX object planning_scene_rviz_plugin/CMakeFiles/moveit_planning_scene_rviz_plugin_core.dir/moveit_planning_scene_rviz_plugin_core_autogen/mocs_compilation.cpp.o[0m
[224.052s] [ 31%] [32mBuilding CXX object planning_scene_rviz_plugin/CMakeFiles/moveit_planning_scene_rviz_plugin_core.dir/src/background_processing.cpp.o[0m
[224.052s] [ 32%] [32mBuilding CXX object planning_scene_rviz_plugin/CMakeFiles/moveit_planning_scene_rviz_plugin_core.dir/src/planning_scene_display.cpp.o[0m
[244.844s] [ 34%] [32m[1mLinking CXX shared library libmoveit_planning_scene_rviz_plugin_core.so[0m
[249.514s] [ 34%] Built target moveit_planning_scene_rviz_plugin_core
[249.543s] [ 36%] [34m[1mAutomatic MOC for target moveit_robot_state_rviz_plugin[0m
[249.584s] [ 36%] Built target moveit_robot_state_rviz_plugin_autogen
[249.612s] [ 37%] [34m[1mAutomatic MOC for target moveit_trajectory_rviz_plugin_core[0m
[250.088s] [ 37%] Built target moveit_trajectory_rviz_plugin_core_autogen
[250.129s] [ 39%] [32mBuilding CXX object robot_state_rviz_plugin/CMakeFiles/moveit_robot_state_rviz_plugin.dir/moveit_robot_state_rviz_plugin_autogen/mocs_compilation.cpp.o[0m
[250.180s] [ 41%] [32mBuilding CXX object robot_state_rviz_plugin/CMakeFiles/moveit_robot_state_rviz_plugin.dir/src/plugin_init.cpp.o[0m
[267.212s] [ 43%] [32m[1mLinking CXX shared library libmoveit_robot_state_rviz_plugin.so[0m
[267.708s] [ 43%] Built target moveit_robot_state_rviz_plugin
[267.737s] [ 44%] [32mBuilding CXX object trajectory_rviz_plugin/CMakeFiles/moveit_trajectory_rviz_plugin_core.dir/moveit_trajectory_rviz_plugin_core_autogen/mocs_compilation.cpp.o[0m
[285.835s] [ 46%] [32mBuilding CXX object trajectory_rviz_plugin/CMakeFiles/moveit_trajectory_rviz_plugin_core.dir/src/trajectory_display.cpp.o[0m
[304.493s] [ 48%] [32m[1mLinking CXX shared library libmoveit_trajectory_rviz_plugin_core.so[0m
[306.140s] [ 48%] Built target moveit_trajectory_rviz_plugin_core
[306.170s] [ 50%] [34m[1mAutomatic MOC for target moveit_planning_scene_rviz_plugin[0m
[306.215s] [ 50%] Built target moveit_planning_scene_rviz_plugin_autogen
[306.243s] [ 51%] [34m[1mAutomatic MOC for target moveit_trajectory_rviz_plugin[0m
[306.285s] [ 51%] Built target moveit_trajectory_rviz_plugin_autogen
[306.316s] [ 53%] [32mBuilding CXX object planning_scene_rviz_plugin/CMakeFiles/moveit_planning_scene_rviz_plugin.dir/moveit_planning_scene_rviz_plugin_autogen/mocs_compilation.cpp.o[0m
[306.348s] [ 55%] [32mBuilding CXX object planning_scene_rviz_plugin/CMakeFiles/moveit_planning_scene_rviz_plugin.dir/src/plugin_init.cpp.o[0m
[327.849s] [ 56%] [32m[1mLinking CXX shared library libmoveit_planning_scene_rviz_plugin.so[0m
[328.332s] [ 56%] Built target moveit_planning_scene_rviz_plugin
[328.361s] [ 58%] [32mBuilding CXX object trajectory_rviz_plugin/CMakeFiles/moveit_trajectory_rviz_plugin.dir/moveit_trajectory_rviz_plugin_autogen/mocs_compilation.cpp.o[0m
[328.396s] [ 60%] [32mBuilding CXX object trajectory_rviz_plugin/CMakeFiles/moveit_trajectory_rviz_plugin.dir/src/plugin_init.cpp.o[0m
[346.779s] [ 62%] [32m[1mLinking CXX shared library libmoveit_trajectory_rviz_plugin.so[0m
[347.249s] [ 62%] Built target moveit_trajectory_rviz_plugin
[347.282s] [ 63%] [34m[1mAutomatic MOC for target moveit_motion_planning_rviz_plugin_core[0m
[349.582s] [ 63%] Built target moveit_motion_planning_rviz_plugin_core_autogen
[349.597s] [ 65%] [34m[1mGenerating ui_motion_planning_rviz_plugin_frame_joints.h[0m
[349.619s] [ 67%] [34m[1mGenerating ui_motion_planning_rviz_plugin_frame.h[0m
[349.642s] [ 68%] [34m[1mAutomatic RCC for src/icons/icons.qrc[0m
[349.686s] [ 70%] [32mBuilding CXX object motion_planning_rviz_plugin/CMakeFiles/moveit_motion_planning_rviz_plugin_core.dir/moveit_motion_planning_rviz_plugin_core_autogen/mocs_compilation.cpp.o[0m
[375.724s] [ 72%] [32mBuilding CXX object motion_planning_rviz_plugin/CMakeFiles/moveit_motion_planning_rviz_plugin_core.dir/src/motion_planning_frame_scenes.cpp.o[0m
[405.239s] [ 74%] [32mBuilding CXX object motion_planning_rviz_plugin/CMakeFiles/moveit_motion_planning_rviz_plugin_core.dir/src/motion_planning_frame_states.cpp.o[0m
[434.498s] [ 75%] [32mBuilding CXX object motion_planning_rviz_plugin/CMakeFiles/moveit_motion_planning_rviz_plugin_core.dir/src/motion_planning_frame_joints_widget.cpp.o[0m
[473.802s] [ 77%] [32mBuilding CXX object motion_planning_rviz_plugin/CMakeFiles/moveit_motion_planning_rviz_plugin_core.dir/src/motion_planning_display.cpp.o[0m
[523.914s] [ 79%] [32mBuilding CXX object motion_planning_rviz_plugin/CMakeFiles/moveit_motion_planning_rviz_plugin_core.dir/src/motion_planning_frame_manipulation.cpp.o[0m
[553.404s] [ 81%] [32mBuilding CXX object motion_planning_rviz_plugin/CMakeFiles/moveit_motion_planning_rviz_plugin_core.dir/src/motion_planning_param_widget.cpp.o[0m
[569.514s] [ 82%] [32mBuilding CXX object motion_planning_rviz_plugin/CMakeFiles/moveit_motion_planning_rviz_plugin_core.dir/src/interactive_marker_display.cpp.o[0m
[580.748s] [ 84%] [32mBuilding CXX object motion_planning_rviz_plugin/CMakeFiles/moveit_motion_planning_rviz_plugin_core.dir/moveit_motion_planning_rviz_plugin_core_autogen/2OST2OT5Q2/qrc_icons.cpp.o[0m
[580.793s] [ 86%] [32mBuilding CXX object motion_planning_rviz_plugin/CMakeFiles/moveit_motion_planning_rviz_plugin_core.dir/src/motion_planning_frame_objects.cpp.o[0m
[615.265s] [ 87%] [32mBuilding CXX object motion_planning_rviz_plugin/CMakeFiles/moveit_motion_planning_rviz_plugin_core.dir/src/motion_planning_frame_planning.cpp.o[0m
[645.964s] [ 89%] [32mBuilding CXX object motion_planning_rviz_plugin/CMakeFiles/moveit_motion_planning_rviz_plugin_core.dir/src/motion_planning_frame_context.cpp.o[0m
[672.336s] [ 91%] [32mBuilding CXX object motion_planning_rviz_plugin/CMakeFiles/moveit_motion_planning_rviz_plugin_core.dir/src/motion_planning_frame.cpp.o[0m
[733.185s] [ 93%] [32m[1mLinking CXX shared library libmoveit_motion_planning_rviz_plugin_core.so[0m
[739.533s] [ 93%] Built target moveit_motion_planning_rviz_plugin_core
[739.558s] [ 94%] [34m[1mAutomatic MOC for target moveit_motion_planning_rviz_plugin[0m
[739.595s] [ 94%] Built target moveit_motion_planning_rviz_plugin_autogen
[739.622s] [ 96%] [32mBuilding CXX object motion_planning_rviz_plugin/CMakeFiles/moveit_motion_planning_rviz_plugin.dir/moveit_motion_planning_rviz_plugin_autogen/mocs_compilation.cpp.o[0m
[739.652s] [ 98%] [32mBuilding CXX object motion_planning_rviz_plugin/CMakeFiles/moveit_motion_planning_rviz_plugin.dir/src/plugin_init.cpp.o[0m
[765.596s] [100%] [32m[1mLinking CXX shared library libmoveit_motion_planning_rviz_plugin.so[0m
[766.258s] [100%] Built target moveit_motion_planning_rviz_plugin
[766.273s] Invoked command in '/home/sunrise/ws_moveit/build/moveit_ros_visualization' returned '0': AMENT_PREFIX_PATH=/home/sunrise/ws_moveit/install/moveit_ros_planning_interface:/home/sunrise/ws_moveit/install/moveit_ros_move_group:/home/sunrise/ws_moveit/install/moveit_ros_warehouse:/home/sunrise/ws_moveit/install/moveit_ros_robot_interaction:/home/sunrise/ws_moveit/install/moveit_planners_ompl:/home/sunrise/ws_moveit/install/moveit_kinematics:/home/sunrise/ws_moveit/install/moveit_ros_planning:/home/sunrise/ws_moveit/install/moveit_simple_controller_manager:/home/sunrise/ws_moveit/install/moveit_ros_occupancy_map_monitor:/home/sunrise/ws_moveit/install/moveit_core:/home/sunrise/ws_moveit/install/moveit_resources_panda_moveit_config:/home/sunrise/ws_moveit/install/moveit_resources_fanuc_moveit_config:/home/sunrise/ws_moveit/install/moveit_configs_utils:/home/sunrise/ws_moveit/install/srdfdom:/home/sunrise/ws_moveit/install/moveit_resources_pr2_description:/home/sunrise/ws_moveit/install/moveit_resources_panda_description:/home/sunrise/ws_moveit/install/moveit_resources_fanuc_description:/home/sunrise/ws_moveit/install/moveit_common:/home/sunrise/ws_moveit/install/launch_param_builder:${AMENT_PREFIX_PATH} CMAKE_PREFIX_PATH=/home/sunrise/ws_moveit/install/moveit_ros_planning_interface:/home/sunrise/ws_moveit/install/moveit_ros_move_group:/home/sunrise/ws_moveit/install/moveit_ros_warehouse:/home/sunrise/ws_moveit/install/moveit_ros_robot_interaction:/home/sunrise/ws_moveit/install/moveit_planners_ompl:/home/sunrise/ws_moveit/install/moveit_kinematics:/home/sunrise/ws_moveit/install/moveit_ros_planning:/home/sunrise/ws_moveit/install/moveit_simple_controller_manager:/home/sunrise/ws_moveit/install/moveit_ros_occupancy_map_monitor:/home/sunrise/ws_moveit/install/moveit_core:/home/sunrise/ws_moveit/install/moveit_resources_panda_moveit_config:/home/sunrise/ws_moveit/install/moveit_resources_fanuc_moveit_config:/home/sunrise/ws_moveit/install/srdfdom:/home/sunrise/ws_moveit/install/moveit_resources_pr2_description:/home/sunrise/ws_moveit/install/moveit_resources_panda_description:/home/sunrise/ws_moveit/install/moveit_resources_fanuc_description:/home/sunrise/ws_moveit/install/moveit_common:/opt/ros/humble LD_LIBRARY_PATH=/home/sunrise/ws_moveit/install/moveit_ros_planning_interface/lib:/home/sunrise/ws_moveit/install/moveit_ros_move_group/lib:/home/sunrise/ws_moveit/install/moveit_ros_warehouse/lib:/home/sunrise/ws_moveit/install/moveit_ros_robot_interaction/lib:/home/sunrise/ws_moveit/install/moveit_planners_ompl/lib:/home/sunrise/ws_moveit/install/moveit_kinematics/lib:/home/sunrise/ws_moveit/install/moveit_ros_planning/lib:/home/sunrise/ws_moveit/install/moveit_simple_controller_manager/lib:/home/sunrise/ws_moveit/install/moveit_ros_occupancy_map_monitor/lib:/home/sunrise/ws_moveit/install/moveit_core/lib:/home/sunrise/ws_moveit/install/srdfdom/lib:${LD_LIBRARY_PATH} PATH=/home/sunrise/ws_moveit/install/moveit_core/bin:${PATH} PYTHONPATH=/home/sunrise/ws_moveit/install/moveit_configs_utils/lib/python3.10/site-packages:/home/sunrise/ws_moveit/install/srdfdom/local/lib/python3.10/dist-packages:/home/sunrise/ws_moveit/install/launch_param_builder/lib/python3.10/site-packages:${PYTHONPATH} /usr/bin/cmake --build /home/sunrise/ws_moveit/build/moveit_ros_visualization -- -j6 -l6
[766.276s] Invoking command in '/home/sunrise/ws_moveit/build/moveit_ros_visualization': AMENT_PREFIX_PATH=/home/sunrise/ws_moveit/install/moveit_ros_planning_interface:/home/sunrise/ws_moveit/install/moveit_ros_move_group:/home/sunrise/ws_moveit/install/moveit_ros_warehouse:/home/sunrise/ws_moveit/install/moveit_ros_robot_interaction:/home/sunrise/ws_moveit/install/moveit_planners_ompl:/home/sunrise/ws_moveit/install/moveit_kinematics:/home/sunrise/ws_moveit/install/moveit_ros_planning:/home/sunrise/ws_moveit/install/moveit_simple_controller_manager:/home/sunrise/ws_moveit/install/moveit_ros_occupancy_map_monitor:/home/sunrise/ws_moveit/install/moveit_core:/home/sunrise/ws_moveit/install/moveit_resources_panda_moveit_config:/home/sunrise/ws_moveit/install/moveit_resources_fanuc_moveit_config:/home/sunrise/ws_moveit/install/moveit_configs_utils:/home/sunrise/ws_moveit/install/srdfdom:/home/sunrise/ws_moveit/install/moveit_resources_pr2_description:/home/sunrise/ws_moveit/install/moveit_resources_panda_description:/home/sunrise/ws_moveit/install/moveit_resources_fanuc_description:/home/sunrise/ws_moveit/install/moveit_common:/home/sunrise/ws_moveit/install/launch_param_builder:${AMENT_PREFIX_PATH} CMAKE_PREFIX_PATH=/home/sunrise/ws_moveit/install/moveit_ros_planning_interface:/home/sunrise/ws_moveit/install/moveit_ros_move_group:/home/sunrise/ws_moveit/install/moveit_ros_warehouse:/home/sunrise/ws_moveit/install/moveit_ros_robot_interaction:/home/sunrise/ws_moveit/install/moveit_planners_ompl:/home/sunrise/ws_moveit/install/moveit_kinematics:/home/sunrise/ws_moveit/install/moveit_ros_planning:/home/sunrise/ws_moveit/install/moveit_simple_controller_manager:/home/sunrise/ws_moveit/install/moveit_ros_occupancy_map_monitor:/home/sunrise/ws_moveit/install/moveit_core:/home/sunrise/ws_moveit/install/moveit_resources_panda_moveit_config:/home/sunrise/ws_moveit/install/moveit_resources_fanuc_moveit_config:/home/sunrise/ws_moveit/install/srdfdom:/home/sunrise/ws_moveit/install/moveit_resources_pr2_description:/home/sunrise/ws_moveit/install/moveit_resources_panda_description:/home/sunrise/ws_moveit/install/moveit_resources_fanuc_description:/home/sunrise/ws_moveit/install/moveit_common:/opt/ros/humble LD_LIBRARY_PATH=/home/sunrise/ws_moveit/install/moveit_ros_planning_interface/lib:/home/sunrise/ws_moveit/install/moveit_ros_move_group/lib:/home/sunrise/ws_moveit/install/moveit_ros_warehouse/lib:/home/sunrise/ws_moveit/install/moveit_ros_robot_interaction/lib:/home/sunrise/ws_moveit/install/moveit_planners_ompl/lib:/home/sunrise/ws_moveit/install/moveit_kinematics/lib:/home/sunrise/ws_moveit/install/moveit_ros_planning/lib:/home/sunrise/ws_moveit/install/moveit_simple_controller_manager/lib:/home/sunrise/ws_moveit/install/moveit_ros_occupancy_map_monitor/lib:/home/sunrise/ws_moveit/install/moveit_core/lib:/home/sunrise/ws_moveit/install/srdfdom/lib:${LD_LIBRARY_PATH} PATH=/home/sunrise/ws_moveit/install/moveit_core/bin:${PATH} PYTHONPATH=/home/sunrise/ws_moveit/install/moveit_configs_utils/lib/python3.10/site-packages:/home/sunrise/ws_moveit/install/srdfdom/local/lib/python3.10/dist-packages:/home/sunrise/ws_moveit/install/launch_param_builder/lib/python3.10/site-packages:${PYTHONPATH} /usr/bin/cmake --install /home/sunrise/ws_moveit/build/moveit_ros_visualization
[766.287s] -- Install configuration: "Release"
[766.287s] -- Installing: /home/sunrise/ws_moveit/install/moveit_ros_visualization/include
[766.287s] -- Installing: /home/sunrise/ws_moveit/install/moveit_ros_visualization/include/ogre_helpers
[766.287s] -- Installing: /home/sunrise/ws_moveit/install/moveit_ros_visualization/include/ogre_helpers/mesh_shape.hpp
[766.288s] -- Installing: /home/sunrise/ws_moveit/install/moveit_ros_visualization/include/moveit
[766.288s] -- Installing: /home/sunrise/ws_moveit/install/moveit_ros_visualization/include/moveit/rviz_plugin_render_tools
[766.288s] -- Installing: /home/sunrise/ws_moveit/install/moveit_ros_visualization/include/moveit/rviz_plugin_render_tools/trajectory_visualization.h
[766.288s] -- Installing: /home/sunrise/ws_moveit/install/moveit_ros_visualization/include/moveit/rviz_plugin_render_tools/planning_link_updater.h
[766.288s] -- Installing: /home/sunrise/ws_moveit/install/moveit_ros_visualization/include/moveit/rviz_plugin_render_tools/octomap_render.h
[766.288s] -- Installing: /home/sunrise/ws_moveit/install/moveit_ros_visualization/include/moveit/rviz_plugin_render_tools/planning_scene_render.h
[766.289s] -- Installing: /home/sunrise/ws_moveit/install/moveit_ros_visualization/include/moveit/rviz_plugin_render_tools/robot_state_visualization.h
[766.289s] -- Installing: /home/sunrise/ws_moveit/install/moveit_ros_visualization/include/moveit/rviz_plugin_render_tools/trajectory_panel.h
[766.289s] -- Installing: /home/sunrise/ws_moveit/install/moveit_ros_visualization/include/moveit/rviz_plugin_render_tools/render_shapes.h
[766.289s] -- Up-to-date: /home/sunrise/ws_moveit/install/moveit_ros_visualization/include
[766.289s] -- Up-to-date: /home/sunrise/ws_moveit/install/moveit_ros_visualization/include/moveit
[766.289s] -- Installing: /home/sunrise/ws_moveit/install/moveit_ros_visualization/include/moveit/robot_state_rviz_plugin
[766.290s] -- Installing: /home/sunrise/ws_moveit/install/moveit_ros_visualization/include/moveit/robot_state_rviz_plugin/robot_state_display.h
[766.290s] -- Up-to-date: /home/sunrise/ws_moveit/install/moveit_ros_visualization/include
[766.290s] -- Up-to-date: /home/sunrise/ws_moveit/install/moveit_ros_visualization/include/moveit
[766.290s] -- Installing: /home/sunrise/ws_moveit/install/moveit_ros_visualization/include/moveit/planning_scene_rviz_plugin
[766.290s] -- Installing: /home/sunrise/ws_moveit/install/moveit_ros_visualization/include/moveit/planning_scene_rviz_plugin/background_processing.hpp
[766.290s] -- Installing: /home/sunrise/ws_moveit/install/moveit_ros_visualization/include/moveit/planning_scene_rviz_plugin/planning_scene_display.h
[766.291s] -- Installing: /home/sunrise/ws_moveit/install/moveit_ros_visualization/include/moveit_planning_scene_rviz_plugin_core_export.h
[766.291s] -- Up-to-date: /home/sunrise/ws_moveit/install/moveit_ros_visualization/include
[766.291s] -- Up-to-date: /home/sunrise/ws_moveit/install/moveit_ros_visualization/include/moveit
[766.291s] -- Installing: /home/sunrise/ws_moveit/install/moveit_ros_visualization/include/moveit/motion_planning_rviz_plugin
[766.291s] -- Installing: /home/sunrise/ws_moveit/install/moveit_ros_visualization/include/moveit/motion_planning_rviz_plugin/motion_planning_param_widget.h
[766.291s] -- Installing: /home/sunrise/ws_moveit/install/moveit_ros_visualization/include/moveit/motion_planning_rviz_plugin/motion_planning_frame.h
[766.292s] -- Installing: /home/sunrise/ws_moveit/install/moveit_ros_visualization/include/moveit/motion_planning_rviz_plugin/motion_planning_frame_joints_widget.h
[766.292s] -- Installing: /home/sunrise/ws_moveit/install/moveit_ros_visualization/include/moveit/motion_planning_rviz_plugin/motion_planning_display.h
[766.292s] -- Installing: /home/sunrise/ws_moveit/install/moveit_ros_visualization/include/moveit/motion_planning_rviz_plugin/interactive_marker_display.h
[766.292s] -- Up-to-date: /home/sunrise/ws_moveit/install/moveit_ros_visualization/include
[766.293s] -- Up-to-date: /home/sunrise/ws_moveit/install/moveit_ros_visualization/include/moveit
[766.293s] -- Installing: /home/sunrise/ws_moveit/install/moveit_ros_visualization/include/moveit/trajectory_rviz_plugin
[766.293s] -- Installing: /home/sunrise/ws_moveit/install/moveit_ros_visualization/include/moveit/trajectory_rviz_plugin/trajectory_display.h
[766.293s] -- Installing: /home/sunrise/ws_moveit/install/moveit_ros_visualization/share/moveit_ros_visualization/icons
[766.293s] -- Installing: /home/sunrise/ws_moveit/install/moveit_ros_visualization/share/moveit_ros_visualization/icons/classes
[766.293s] -- Installing: /home/sunrise/ws_moveit/install/moveit_ros_visualization/share/moveit_ros_visualization/icons/classes/MotionPlanning.png
[766.293s] -- Installing: /home/sunrise/ws_moveit/install/moveit_ros_visualization/share/moveit_ros_visualization/icons/classes/RobotState.png
[766.293s] -- Installing: /home/sunrise/ws_moveit/install/moveit_ros_visualization/share/moveit_ros_visualization/icons/classes/PlanningScene.png
[766.294s] -- Installing: /home/sunrise/ws_moveit/install/moveit_ros_visualization/share/moveit_ros_visualization/icons/classes/Trajectory.png
[766.294s] -- Installing: /home/sunrise/ws_moveit/install/moveit_ros_visualization/share/moveit_ros_visualization/motion_planning_rviz_plugin_description.xml
[766.294s] -- Installing: /home/sunrise/ws_moveit/install/moveit_ros_visualization/share/moveit_ros_visualization/trajectory_rviz_plugin_description.xml
[766.294s] -- Installing: /home/sunrise/ws_moveit/install/moveit_ros_visualization/share/moveit_ros_visualization/planning_scene_rviz_plugin_description.xml
[766.295s] -- Installing: /home/sunrise/ws_moveit/install/moveit_ros_visualization/share/moveit_ros_visualization/robot_state_rviz_plugin_description.xml
[766.295s] -- Installing: /home/sunrise/ws_moveit/install/moveit_ros_visualization/lib/libmoveit_motion_planning_rviz_plugin.so.2.5.9
[766.296s] -- Set runtime path of "/home/sunrise/ws_moveit/install/moveit_ros_visualization/lib/libmoveit_motion_planning_rviz_plugin.so.2.5.9" to ""
[766.296s] -- Installing: /home/sunrise/ws_moveit/install/moveit_ros_visualization/lib/libmoveit_motion_planning_rviz_plugin.so
[766.296s] -- Installing: /home/sunrise/ws_moveit/install/moveit_ros_visualization/lib/libmoveit_motion_planning_rviz_plugin_core.so.2.5.9
[766.303s] -- Set runtime path of "/home/sunrise/ws_moveit/install/moveit_ros_visualization/lib/libmoveit_motion_planning_rviz_plugin_core.so.2.5.9" to ""
[766.304s] -- Installing: /home/sunrise/ws_moveit/install/moveit_ros_visualization/lib/libmoveit_motion_planning_rviz_plugin_core.so
[766.304s] -- Installing: /home/sunrise/ws_moveit/install/moveit_ros_visualization/lib/libmoveit_planning_scene_rviz_plugin.so.2.5.9
[766.304s] -- Set runtime path of "/home/sunrise/ws_moveit/install/moveit_ros_visualization/lib/libmoveit_planning_scene_rviz_plugin.so.2.5.9" to ""
[766.304s] -- Installing: /home/sunrise/ws_moveit/install/moveit_ros_visualization/lib/libmoveit_planning_scene_rviz_plugin.so
[766.305s] -- Installing: /home/sunrise/ws_moveit/install/moveit_ros_visualization/lib/libmoveit_planning_scene_rviz_plugin_core.so.2.5.9
[766.305s] -- Set runtime path of "/home/sunrise/ws_moveit/install/moveit_ros_visualization/lib/libmoveit_planning_scene_rviz_plugin_core.so.2.5.9" to ""
[766.305s] -- Installing: /home/sunrise/ws_moveit/install/moveit_ros_visualization/lib/libmoveit_planning_scene_rviz_plugin_core.so
[766.306s] -- Installing: /home/sunrise/ws_moveit/install/moveit_ros_visualization/lib/libmoveit_robot_state_rviz_plugin.so.2.5.9
[766.306s] -- Set runtime path of "/home/sunrise/ws_moveit/install/moveit_ros_visualization/lib/libmoveit_robot_state_rviz_plugin.so.2.5.9" to ""
[766.306s] -- Installing: /home/sunrise/ws_moveit/install/moveit_ros_visualization/lib/libmoveit_robot_state_rviz_plugin.so
[766.306s] -- Installing: /home/sunrise/ws_moveit/install/moveit_ros_visualization/lib/libmoveit_robot_state_rviz_plugin_core.so.2.5.9
[766.309s] -- Set runtime path of "/home/sunrise/ws_moveit/install/moveit_ros_visualization/lib/libmoveit_robot_state_rviz_plugin_core.so.2.5.9" to ""
[766.309s] -- Installing: /home/sunrise/ws_moveit/install/moveit_ros_visualization/lib/libmoveit_robot_state_rviz_plugin_core.so
[766.309s] -- Installing: /home/sunrise/ws_moveit/install/moveit_ros_visualization/lib/libmoveit_rviz_plugin_render_tools.so.2.5.9
[766.312s] -- Set runtime path of "/home/sunrise/ws_moveit/install/moveit_ros_visualization/lib/libmoveit_rviz_plugin_render_tools.so.2.5.9" to ""
[766.312s] -- Installing: /home/sunrise/ws_moveit/install/moveit_ros_visualization/lib/libmoveit_rviz_plugin_render_tools.so
[766.312s] -- Installing: /home/sunrise/ws_moveit/install/moveit_ros_visualization/lib/libmoveit_trajectory_rviz_plugin.so.2.5.9
[766.313s] -- Set runtime path of "/home/sunrise/ws_moveit/install/moveit_ros_visualization/lib/libmoveit_trajectory_rviz_plugin.so.2.5.9" to ""
[766.313s] -- Installing: /home/sunrise/ws_moveit/install/moveit_ros_visualization/lib/libmoveit_trajectory_rviz_plugin.so
[766.313s] -- Installing: /home/sunrise/ws_moveit/install/moveit_ros_visualization/lib/libmoveit_trajectory_rviz_plugin_core.so.2.5.9
[766.314s] -- Set runtime path of "/home/sunrise/ws_moveit/install/moveit_ros_visualization/lib/libmoveit_trajectory_rviz_plugin_core.so.2.5.9" to ""
[766.314s] -- Installing: /home/sunrise/ws_moveit/install/moveit_ros_visualization/lib/libmoveit_trajectory_rviz_plugin_core.so
[766.314s] -- Installing: /home/sunrise/ws_moveit/install/moveit_ros_visualization/share/moveit_ros_visualization/environment/library_path.sh
[766.314s] -- Installing: /home/sunrise/ws_moveit/install/moveit_ros_visualization/share/moveit_ros_visualization/environment/library_path.dsv
[766.315s] -- Installing: /home/sunrise/ws_moveit/install/moveit_ros_visualization/share/ament_index/resource_index/package_run_dependencies/moveit_ros_visualization
[766.315s] -- Installing: /home/sunrise/ws_moveit/install/moveit_ros_visualization/share/ament_index/resource_index/parent_prefix_path/moveit_ros_visualization
[766.315s] -- Installing: /home/sunrise/ws_moveit/install/moveit_ros_visualization/share/moveit_ros_visualization/environment/ament_prefix_path.sh
[766.316s] -- Installing: /home/sunrise/ws_moveit/install/moveit_ros_visualization/share/moveit_ros_visualization/environment/ament_prefix_path.dsv
[766.316s] -- Installing: /home/sunrise/ws_moveit/install/moveit_ros_visualization/share/moveit_ros_visualization/environment/path.sh
[766.316s] -- Installing: /home/sunrise/ws_moveit/install/moveit_ros_visualization/share/moveit_ros_visualization/environment/path.dsv
[766.316s] -- Installing: /home/sunrise/ws_moveit/install/moveit_ros_visualization/share/moveit_ros_visualization/local_setup.bash
[766.317s] -- Installing: /home/sunrise/ws_moveit/install/moveit_ros_visualization/share/moveit_ros_visualization/local_setup.sh
[766.317s] -- Installing: /home/sunrise/ws_moveit/install/moveit_ros_visualization/share/moveit_ros_visualization/local_setup.zsh
[766.317s] -- Installing: /home/sunrise/ws_moveit/install/moveit_ros_visualization/share/moveit_ros_visualization/local_setup.dsv
[766.317s] -- Installing: /home/sunrise/ws_moveit/install/moveit_ros_visualization/share/moveit_ros_visualization/package.dsv
[766.318s] -- Installing: /home/sunrise/ws_moveit/install/moveit_ros_visualization/share/ament_index/resource_index/packages/moveit_ros_visualization
[766.318s] -- Installing: /home/sunrise/ws_moveit/install/moveit_ros_visualization/share/ament_index/resource_index/rviz_common__pluginlib__plugin/moveit_ros_visualization
[766.318s] -- Installing: /home/sunrise/ws_moveit/install/moveit_ros_visualization/share/moveit_ros_visualization/cmake/export_moveit_ros_visualizationExport.cmake
[766.318s] -- Installing: /home/sunrise/ws_moveit/install/moveit_ros_visualization/share/moveit_ros_visualization/cmake/export_moveit_ros_visualizationExport-release.cmake
[766.319s] -- Installing: /home/sunrise/ws_moveit/install/moveit_ros_visualization/share/moveit_ros_visualization/cmake/ConfigExtras.cmake
[766.319s] -- Installing: /home/sunrise/ws_moveit/install/moveit_ros_visualization/share/moveit_ros_visualization/cmake/ament_cmake_export_targets-extras.cmake
[766.319s] -- Installing: /home/sunrise/ws_moveit/install/moveit_ros_visualization/share/moveit_ros_visualization/cmake/ament_cmake_export_dependencies-extras.cmake
[766.319s] -- Installing: /home/sunrise/ws_moveit/install/moveit_ros_visualization/share/moveit_ros_visualization/cmake/moveit_ros_visualizationConfig.cmake
[766.319s] -- Installing: /home/sunrise/ws_moveit/install/moveit_ros_visualization/share/moveit_ros_visualization/cmake/moveit_ros_visualizationConfig-version.cmake
[766.320s] -- Installing: /home/sunrise/ws_moveit/install/moveit_ros_visualization/share/moveit_ros_visualization/package.xml
[766.323s] Invoked command in '/home/sunrise/ws_moveit/build/moveit_ros_visualization' returned '0': AMENT_PREFIX_PATH=/home/sunrise/ws_moveit/install/moveit_ros_planning_interface:/home/sunrise/ws_moveit/install/moveit_ros_move_group:/home/sunrise/ws_moveit/install/moveit_ros_warehouse:/home/sunrise/ws_moveit/install/moveit_ros_robot_interaction:/home/sunrise/ws_moveit/install/moveit_planners_ompl:/home/sunrise/ws_moveit/install/moveit_kinematics:/home/sunrise/ws_moveit/install/moveit_ros_planning:/home/sunrise/ws_moveit/install/moveit_simple_controller_manager:/home/sunrise/ws_moveit/install/moveit_ros_occupancy_map_monitor:/home/sunrise/ws_moveit/install/moveit_core:/home/sunrise/ws_moveit/install/moveit_resources_panda_moveit_config:/home/sunrise/ws_moveit/install/moveit_resources_fanuc_moveit_config:/home/sunrise/ws_moveit/install/moveit_configs_utils:/home/sunrise/ws_moveit/install/srdfdom:/home/sunrise/ws_moveit/install/moveit_resources_pr2_description:/home/sunrise/ws_moveit/install/moveit_resources_panda_description:/home/sunrise/ws_moveit/install/moveit_resources_fanuc_description:/home/sunrise/ws_moveit/install/moveit_common:/home/sunrise/ws_moveit/install/launch_param_builder:${AMENT_PREFIX_PATH} CMAKE_PREFIX_PATH=/home/sunrise/ws_moveit/install/moveit_ros_planning_interface:/home/sunrise/ws_moveit/install/moveit_ros_move_group:/home/sunrise/ws_moveit/install/moveit_ros_warehouse:/home/sunrise/ws_moveit/install/moveit_ros_robot_interaction:/home/sunrise/ws_moveit/install/moveit_planners_ompl:/home/sunrise/ws_moveit/install/moveit_kinematics:/home/sunrise/ws_moveit/install/moveit_ros_planning:/home/sunrise/ws_moveit/install/moveit_simple_controller_manager:/home/sunrise/ws_moveit/install/moveit_ros_occupancy_map_monitor:/home/sunrise/ws_moveit/install/moveit_core:/home/sunrise/ws_moveit/install/moveit_resources_panda_moveit_config:/home/sunrise/ws_moveit/install/moveit_resources_fanuc_moveit_config:/home/sunrise/ws_moveit/install/srdfdom:/home/sunrise/ws_moveit/install/moveit_resources_pr2_description:/home/sunrise/ws_moveit/install/moveit_resources_panda_description:/home/sunrise/ws_moveit/install/moveit_resources_fanuc_description:/home/sunrise/ws_moveit/install/moveit_common:/opt/ros/humble LD_LIBRARY_PATH=/home/sunrise/ws_moveit/install/moveit_ros_planning_interface/lib:/home/sunrise/ws_moveit/install/moveit_ros_move_group/lib:/home/sunrise/ws_moveit/install/moveit_ros_warehouse/lib:/home/sunrise/ws_moveit/install/moveit_ros_robot_interaction/lib:/home/sunrise/ws_moveit/install/moveit_planners_ompl/lib:/home/sunrise/ws_moveit/install/moveit_kinematics/lib:/home/sunrise/ws_moveit/install/moveit_ros_planning/lib:/home/sunrise/ws_moveit/install/moveit_simple_controller_manager/lib:/home/sunrise/ws_moveit/install/moveit_ros_occupancy_map_monitor/lib:/home/sunrise/ws_moveit/install/moveit_core/lib:/home/sunrise/ws_moveit/install/srdfdom/lib:${LD_LIBRARY_PATH} PATH=/home/sunrise/ws_moveit/install/moveit_core/bin:${PATH} PYTHONPATH=/home/sunrise/ws_moveit/install/moveit_configs_utils/lib/python3.10/site-packages:/home/sunrise/ws_moveit/install/srdfdom/local/lib/python3.10/dist-packages:/home/sunrise/ws_moveit/install/launch_param_builder/lib/python3.10/site-packages:${PYTHONPATH} /usr/bin/cmake --install /home/sunrise/ws_moveit/build/moveit_ros_visualization
