[0.040s] Invoking command in '/home/sunrise/ws_moveit/build/moveit_common': CMAKE_PREFIX_PATH=/opt/ros/humble /usr/bin/cmake /home/sunrise/ws_moveit/src/moveit2/moveit_common -DCMAKE_BUILD_TYPE=Release -DCMAKE_INSTALL_PREFIX=/home/sunrise/ws_moveit/install/moveit_common
[0.667s] -- Found ament_cmake: 1.3.12 (/opt/ros/humble/share/ament_cmake/cmake)
[0.844s] -- Found Python3: /usr/bin/python3 (found version "3.10.12") found components: Interpreter 
[1.348s] -- Found ament_lint_auto: 0.12.14 (/opt/ros/humble/share/ament_lint_auto/cmake)
[1.521s] -- Added test 'copyright' to check source files copyright and LICENSE
[1.525s] -- Added test 'lint_cmake' to check CMake code style
[1.528s] -- Added test 'xmllint' to check XML markup files
[1.536s] -- Configuring done
[1.546s] -- Generating done
[1.554s] -- Build files have been written to: /home/sunrise/ws_moveit/build/moveit_common
[1.562s] Invoked command in '/home/sunrise/ws_moveit/build/moveit_common' returned '0': CMAKE_PREFIX_PATH=/opt/ros/humble /usr/bin/cmake /home/sunrise/ws_moveit/src/moveit2/moveit_common -DCMAKE_BUILD_TYPE=Release -DCMAKE_INSTALL_PREFIX=/home/sunrise/ws_moveit/install/moveit_common
[1.563s] Invoking command in '/home/sunrise/ws_moveit/build/moveit_common': CMAKE_PREFIX_PATH=/opt/ros/humble /usr/bin/cmake --build /home/sunrise/ws_moveit/build/moveit_common -- -j6 -l6
[1.627s] Invoked command in '/home/sunrise/ws_moveit/build/moveit_common' returned '0': CMAKE_PREFIX_PATH=/opt/ros/humble /usr/bin/cmake --build /home/sunrise/ws_moveit/build/moveit_common -- -j6 -l6
[1.642s] Invoking command in '/home/sunrise/ws_moveit/build/moveit_common': CMAKE_PREFIX_PATH=/opt/ros/humble /usr/bin/cmake --install /home/sunrise/ws_moveit/build/moveit_common
[1.653s] -- Install configuration: "Release"
[1.654s] -- Installing: /home/sunrise/ws_moveit/install/moveit_common/share/ament_index/resource_index/package_run_dependencies/moveit_common
[1.655s] -- Installing: /home/sunrise/ws_moveit/install/moveit_common/share/ament_index/resource_index/parent_prefix_path/moveit_common
[1.656s] -- Installing: /home/sunrise/ws_moveit/install/moveit_common/share/moveit_common/environment/ament_prefix_path.sh
[1.656s] -- Installing: /home/sunrise/ws_moveit/install/moveit_common/share/moveit_common/environment/ament_prefix_path.dsv
[1.656s] -- Installing: /home/sunrise/ws_moveit/install/moveit_common/share/moveit_common/environment/path.sh
[1.657s] -- Installing: /home/sunrise/ws_moveit/install/moveit_common/share/moveit_common/environment/path.dsv
[1.658s] -- Installing: /home/sunrise/ws_moveit/install/moveit_common/share/moveit_common/local_setup.bash
[1.660s] -- Installing: /home/sunrise/ws_moveit/install/moveit_common/share/moveit_common/local_setup.sh
[1.661s] -- Installing: /home/sunrise/ws_moveit/install/moveit_common/share/moveit_common/local_setup.zsh
[1.662s] -- Installing: /home/sunrise/ws_moveit/install/moveit_common/share/moveit_common/local_setup.dsv
[1.662s] -- Installing: /home/sunrise/ws_moveit/install/moveit_common/share/moveit_common/package.dsv
[1.663s] -- Installing: /home/sunrise/ws_moveit/install/moveit_common/share/ament_index/resource_index/packages/moveit_common
[1.665s] -- Installing: /home/sunrise/ws_moveit/install/moveit_common/share/moveit_common/cmake/moveit_common-extras.cmake
[1.665s] -- Installing: /home/sunrise/ws_moveit/install/moveit_common/share/moveit_common/cmake/moveit_commonConfig.cmake
[1.666s] -- Installing: /home/sunrise/ws_moveit/install/moveit_common/share/moveit_common/cmake/moveit_commonConfig-version.cmake
[1.666s] -- Installing: /home/sunrise/ws_moveit/install/moveit_common/share/moveit_common/package.xml
[1.667s] -- Up-to-date: /home/sunrise/ws_moveit/install/moveit_common/share/moveit_common/cmake
[1.667s] -- Installing: /home/sunrise/ws_moveit/install/moveit_common/share/moveit_common/cmake/moveit_package.cmake
[1.669s] Invoked command in '/home/sunrise/ws_moveit/build/moveit_common' returned '0': CMAKE_PREFIX_PATH=/opt/ros/humble /usr/bin/cmake --install /home/sunrise/ws_moveit/build/moveit_common
