[0.025s] Invoking command in '/home/sunrise/ws_moveit/build/moveit_core': AMENT_PREFIX_PATH=/home/sunrise/ws_moveit/install/moveit_resources_panda_moveit_config:/home/sunrise/ws_moveit/install/srdfdom:/home/sunrise/ws_moveit/install/moveit_resources_pr2_description:/home/sunrise/ws_moveit/install/moveit_resources_panda_description:/home/sunrise/ws_moveit/install/moveit_common:${AMENT_PREFIX_PATH} CMAKE_PREFIX_PATH=/home/sunrise/ws_moveit/install/moveit_resources_panda_moveit_config:/home/sunrise/ws_moveit/install/srdfdom:/home/sunrise/ws_moveit/install/moveit_resources_pr2_description:/home/sunrise/ws_moveit/install/moveit_resources_panda_description:/home/sunrise/ws_moveit/install/moveit_common:/opt/ros/humble LD_LIBRARY_PATH=/home/sunrise/ws_moveit/install/srdfdom/lib:${LD_LIBRARY_PATH} PYTHONPATH=/home/sunrise/ws_moveit/install/srdfdom/local/lib/python3.10/dist-packages:${PYTHONPATH} /usr/bin/cmake /home/sunrise/ws_moveit/src/moveit2/moveit_core -DCMAKE_BUILD_TYPE=Release -DCMAKE_INSTALL_PREFIX=/home/sunrise/ws_moveit/install/moveit_core
[0.104s] -- The CXX compiler identification is GNU 11.4.0
[0.114s] -- Detecting CXX compiler ABI info
[0.214s] -- Detecting CXX compiler ABI info - done
[0.224s] -- Check for working CXX compiler: /usr/bin/c++ - skipped
[0.224s] -- Detecting CXX compile features
[0.225s] -- Detecting CXX compile features - done
[0.227s] -- Found moveit_common: 2.5.9 (/home/sunrise/ws_moveit/install/moveit_common/share/moveit_common/cmake)
[0.229s] -- Found ament_cmake: 1.3.12 (/opt/ros/humble/share/ament_cmake/cmake)
[0.898s] -- Found Python3: /usr/bin/python3 (found version "3.10.12") found components: Interpreter 
[1.164s] -- Found angles: 1.15.0 (/opt/ros/humble/share/angles/cmake)
[1.192s] -- Found Bullet: /usr/lib/aarch64-linux-gnu/libBulletDynamics.so (Required is at least version "2.87") 
[1.194s] -- Found common_interfaces: 4.9.0 (/opt/ros/humble/share/common_interfaces/cmake)
[1.196s] -- Found eigen_stl_containers: 1.1.0 (/opt/ros/humble/share/eigen_stl_containers/cmake)
[1.207s] -- Found eigen3_cmake_module: 0.1.1 (/opt/ros/humble/share/eigen3_cmake_module/cmake)
[1.211s] -- Found Eigen3: TRUE (found version "3.4.0") 
[1.217s] -- Found generate_parameter_library: 0.7.1 (/opt/ros/humble/share/generate_parameter_library/cmake)
[1.222s] -- Found parameter_traits: 0.7.1 (/opt/ros/humble/share/parameter_traits/cmake)
[1.276s] -- Found rosidl_generator_c: 3.1.7 (/opt/ros/humble/share/rosidl_generator_c/cmake)
[1.283s] -- Found rosidl_adapter: 3.1.7 (/opt/ros/humble/share/rosidl_adapter/cmake)
[1.295s] -- Found rosidl_generator_cpp: 3.1.7 (/opt/ros/humble/share/rosidl_generator_cpp/cmake)
[1.313s] -- Using all available rosidl_typesupport_c: rosidl_typesupport_fastrtps_c;rosidl_typesupport_introspection_c
[1.339s] -- Using all available rosidl_typesupport_cpp: rosidl_typesupport_fastrtps_cpp;rosidl_typesupport_introspection_cpp
[1.409s] -- Found rmw_implementation_cmake: 6.1.2 (/opt/ros/humble/share/rmw_implementation_cmake/cmake)
[1.413s] -- Found rmw_fastrtps_cpp: 6.2.8 (/opt/ros/humble/share/rmw_fastrtps_cpp/cmake)
[1.520s] -- Found OpenSSL: /usr/lib/aarch64-linux-gnu/libcrypto.so (found version "3.0.2")  
[1.546s] -- Found FastRTPS: /opt/ros/humble/include  
[1.591s] -- Using RMW implementation 'rmw_fastrtps_cpp' as default
[1.603s] -- Looking for C++ include pthread.h
[1.752s] -- Looking for C++ include pthread.h - found
[1.753s] -- Performing Test CMAKE_HAVE_LIBC_PTHREAD
[1.900s] -- Performing Test CMAKE_HAVE_LIBC_PTHREAD - Success
[1.901s] -- Found Threads: TRUE  
[2.001s] -- Found rclcpp_lifecycle: 16.0.14 (/opt/ros/humble/share/rclcpp_lifecycle/cmake)
[2.051s] -- Found geometric_shapes: 2.3.2 (/opt/ros/humble/share/geometric_shapes/cmake)
[2.067s] -- Found Boost: /usr/lib/aarch64-linux-gnu/cmake/Boost-1.74.0/BoostConfig.cmake (found version "1.74.0") found components: filesystem 
[2.197s] -- library: /usr/lib/aarch64-linux-gnu/libcurl.so
[2.289s] -- Found kdl_parser: 2.6.4 (/opt/ros/humble/share/kdl_parser/cmake)
[2.300s] -- Ensuring Eigen3 include directory is part of orocos-kdl CMake target
[2.306s] -- Found moveit_msgs: 2.2.1 (/opt/ros/humble/share/moveit_msgs/cmake)
[2.482s] -- Found pluginlib: 5.1.0 (/opt/ros/humble/share/pluginlib/cmake)
[2.506s] -- Found srdfdom: 2.0.9 (/home/sunrise/ws_moveit/install/srdfdom/share/srdfdom/cmake)
[2.523s] -- Found tf2_eigen: 0.25.15 (/opt/ros/humble/share/tf2_eigen/cmake)
[2.635s] -- Found tf2_geometry_msgs: 0.25.15 (/opt/ros/humble/share/tf2_geometry_msgs/cmake)
[2.644s] -- Found tf2_kdl: 0.25.15 (/opt/ros/humble/share/tf2_kdl/cmake)
[2.701s] -- Found Boost: /usr/lib/aarch64-linux-gnu/cmake/Boost-1.74.0/BoostConfig.cmake (found version "1.74.0") found components: chrono date_time filesystem iostreams program_options regex serialization system thread 
[2.703s] --  *** Building MoveIt 2.5.9-Alpha ***
[2.711s] -- Performing Test COMPILER_HAS_HIDDEN_VISIBILITY
[2.841s] -- Performing Test COMPILER_HAS_HIDDEN_VISIBILITY - Success
[2.842s] -- Performing Test COMPILER_HAS_HIDDEN_INLINE_VISIBILITY
[2.980s] -- Performing Test COMPILER_HAS_HIDDEN_INLINE_VISIBILITY - Success
[2.980s] -- Performing Test COMPILER_HAS_DEPRECATED_ATTR
[3.121s] -- Performing Test COMPILER_HAS_DEPRECATED_ATTR - Success
[3.128s] -- Found ament_cmake_gtest: 1.3.12 (/opt/ros/humble/share/ament_cmake_gtest/cmake)
[3.131s] -- Found gtest sources under '/opt/ros/humble/src/gtest_vendor': C++ tests using 'Google Test' will be built
[3.183s] -- The C compiler identification is GNU 11.4.0
[3.193s] -- Detecting C compiler ABI info
[3.318s] -- Detecting C compiler ABI info - done
[3.328s] -- Check for working C compiler: /usr/bin/cc - skipped
[3.328s] -- Detecting C compile features
[3.328s] -- Detecting C compile features - done
[3.342s] -- Found ament_cmake_gmock: 1.3.12 (/opt/ros/humble/share/ament_cmake_gmock/cmake)
[3.350s] -- Found gmock sources under '/opt/ros/humble/src/gmock_vendor': C++ tests using 'Google Mock' will be built
[3.355s] -- Found ament_cmake_gtest: 1.3.12 (/opt/ros/humble/share/ament_cmake_gtest/cmake)
[3.357s] -- Found gtest sources under '/opt/ros/humble/src/gtest_vendor': C++ tests using 'Google Test' will be built
[3.370s] -- Found ament_cmake_gtest: 1.3.12 (/opt/ros/humble/share/ament_cmake_gtest/cmake)
[3.371s] -- Found gtest sources under '/opt/ros/humble/src/gtest_vendor': C++ tests using 'Google Test' will be built
[3.404s] -- Found ament_cmake_gtest: 1.3.12 (/opt/ros/humble/share/ament_cmake_gtest/cmake)
[3.405s] -- Found gtest sources under '/opt/ros/humble/src/gtest_vendor': C++ tests using 'Google Test' will be built
[3.431s] -- Found ament_lint_auto: 0.12.14 (/opt/ros/humble/share/ament_lint_auto/cmake)
[3.432s] -- Found ament_cmake_gtest: 1.3.12 (/opt/ros/humble/share/ament_cmake_gtest/cmake)
[3.433s] -- Found gtest sources under '/opt/ros/humble/src/gtest_vendor': C++ tests using 'Google Test' will be built
[3.458s] -- Found ament_cmake_gtest: 1.3.12 (/opt/ros/humble/share/ament_cmake_gtest/cmake)
[3.459s] -- Found gtest sources under '/opt/ros/humble/src/gtest_vendor': C++ tests using 'Google Test' will be built
[3.477s] -- Found ament_cmake_gtest: 1.3.12 (/opt/ros/humble/share/ament_cmake_gtest/cmake)
[3.478s] -- Found gtest sources under '/opt/ros/humble/src/gtest_vendor': C++ tests using 'Google Test' will be built
[3.490s] -- Found ament_cmake_gtest: 1.3.12 (/opt/ros/humble/share/ament_cmake_gtest/cmake)
[3.492s] -- Found gmock sources under '/opt/ros/humble/src/gmock_vendor': C++ tests using 'Google Mock' will be built
[3.493s] -- Found gtest sources under '/opt/ros/humble/src/gtest_vendor': C++ tests using 'Google Test' will be built
[3.511s] -- Found gtest sources under '/opt/ros/humble/src/gtest_vendor': C++ tests using 'Google Test' will be built
[3.525s] -- Found gtest sources under '/opt/ros/humble/src/gtest_vendor': C++ tests using 'Google Test' will be built
[3.544s] -- Found ament_cmake_gtest: 1.3.12 (/opt/ros/humble/share/ament_cmake_gtest/cmake)
[3.546s] -- Found gtest sources under '/opt/ros/humble/src/gtest_vendor': C++ tests using 'Google Test' will be built
[3.576s] -- Found gtest sources under '/opt/ros/humble/src/gtest_vendor': C++ tests using 'Google Test' will be built
[3.599s] -- Found gtest sources under '/opt/ros/humble/src/gtest_vendor': C++ tests using 'Google Test' will be built
[3.619s] -- Found gtest sources under '/opt/ros/humble/src/gtest_vendor': C++ tests using 'Google Test' will be built
[3.632s] -- Found ament_lint_auto: 0.12.14 (/opt/ros/humble/share/ament_lint_auto/cmake)
[3.680s] -- Added test 'cppcheck' to perform static code analysis on C / C++ code
[3.682s] -- Configured cppcheck include dirs: /home/sunrise/ws_moveit/src/moveit2/moveit_core/exceptions/include;/home/sunrise/ws_moveit/src/moveit2/moveit_core/collision_detection/include;/home/sunrise/ws_moveit/src/moveit2/moveit_core/collision_detection_fcl/include;/home/sunrise/ws_moveit/src/moveit2/moveit_core/collision_detection_bullet/include;/home/sunrise/ws_moveit/src/moveit2/moveit_core/constraint_samplers/include;/home/sunrise/ws_moveit/src/moveit2/moveit_core/controller_manager/include;/home/sunrise/ws_moveit/src/moveit2/moveit_core/distance_field/include;/home/sunrise/ws_moveit/src/moveit2/moveit_core/collision_distance_field/include;/home/sunrise/ws_moveit/src/moveit2/moveit_core/dynamics_solver/include;/home/sunrise/ws_moveit/src/moveit2/moveit_core/kinematics_base/include;/home/sunrise/ws_moveit/src/moveit2/moveit_core/kinematics_metrics/include;/home/sunrise/ws_moveit/src/moveit2/moveit_core/robot_model/include;/home/sunrise/ws_moveit/src/moveit2/moveit_core/transforms/include;/home/sunrise/ws_moveit/src/moveit2/moveit_core/robot_state/include;/home/sunrise/ws_moveit/src/moveit2/moveit_core/robot_trajectory/include;/home/sunrise/ws_moveit/src/moveit2/moveit_core/kinematic_constraints/include;/home/sunrise/ws_moveit/src/moveit2/moveit_core/macros/include;/home/sunrise/ws_moveit/src/moveit2/moveit_core/online_signal_smoothing/include;/home/sunrise/ws_moveit/src/moveit2/moveit_core/planning_interface/include;/home/sunrise/ws_moveit/src/moveit2/moveit_core/planning_request_adapter/include;/home/sunrise/ws_moveit/src/moveit2/moveit_core/planning_scene/include;/home/sunrise/ws_moveit/src/moveit2/moveit_core/sensor_manager/include;/home/sunrise/ws_moveit/src/moveit2/moveit_core/trajectory_processing/include;/home/sunrise/ws_moveit/src/moveit2/moveit_core/utils/include
[3.682s] -- Configured cppcheck exclude dirs and/or files: 
[3.687s] -- Added test 'pep257' to check Python code against some of the docstring style conventions in PEP 257
[3.691s] -- Added test 'xmllint' to check XML markup files
[3.696s] -- Configuring done
[4.902s] -- Generating done
[5.244s] -- Build files have been written to: /home/sunrise/ws_moveit/build/moveit_core
[5.301s] Invoked command in '/home/sunrise/ws_moveit/build/moveit_core' returned '0': AMENT_PREFIX_PATH=/home/sunrise/ws_moveit/install/moveit_resources_panda_moveit_config:/home/sunrise/ws_moveit/install/srdfdom:/home/sunrise/ws_moveit/install/moveit_resources_pr2_description:/home/sunrise/ws_moveit/install/moveit_resources_panda_description:/home/sunrise/ws_moveit/install/moveit_common:${AMENT_PREFIX_PATH} CMAKE_PREFIX_PATH=/home/sunrise/ws_moveit/install/moveit_resources_panda_moveit_config:/home/sunrise/ws_moveit/install/srdfdom:/home/sunrise/ws_moveit/install/moveit_resources_pr2_description:/home/sunrise/ws_moveit/install/moveit_resources_panda_description:/home/sunrise/ws_moveit/install/moveit_common:/opt/ros/humble LD_LIBRARY_PATH=/home/sunrise/ws_moveit/install/srdfdom/lib:${LD_LIBRARY_PATH} PYTHONPATH=/home/sunrise/ws_moveit/install/srdfdom/local/lib/python3.10/dist-packages:${PYTHONPATH} /usr/bin/cmake /home/sunrise/ws_moveit/src/moveit2/moveit_core -DCMAKE_BUILD_TYPE=Release -DCMAKE_INSTALL_PREFIX=/home/sunrise/ws_moveit/install/moveit_core
[5.304s] Invoking command in '/home/sunrise/ws_moveit/build/moveit_core': AMENT_PREFIX_PATH=/home/sunrise/ws_moveit/install/moveit_resources_panda_moveit_config:/home/sunrise/ws_moveit/install/srdfdom:/home/sunrise/ws_moveit/install/moveit_resources_pr2_description:/home/sunrise/ws_moveit/install/moveit_resources_panda_description:/home/sunrise/ws_moveit/install/moveit_common:${AMENT_PREFIX_PATH} CMAKE_PREFIX_PATH=/home/sunrise/ws_moveit/install/moveit_resources_panda_moveit_config:/home/sunrise/ws_moveit/install/srdfdom:/home/sunrise/ws_moveit/install/moveit_resources_pr2_description:/home/sunrise/ws_moveit/install/moveit_resources_panda_description:/home/sunrise/ws_moveit/install/moveit_common:/opt/ros/humble LD_LIBRARY_PATH=/home/sunrise/ws_moveit/install/srdfdom/lib:${LD_LIBRARY_PATH} PYTHONPATH=/home/sunrise/ws_moveit/install/srdfdom/local/lib/python3.10/dist-packages:${PYTHONPATH} /usr/bin/cmake --build /home/sunrise/ws_moveit/build/moveit_core -- -j6 -l6
[5.369s] [  1%] [32mBuilding CXX object transforms/CMakeFiles/moveit_transforms.dir/src/transforms.cpp.o[0m
[17.149s] [  1%] [32m[1mLinking CXX shared library libmoveit_transforms.so[0m
[17.347s] [  1%] Built target moveit_transforms
[17.371s] [  1%] [32mBuilding CXX object gtest/CMakeFiles/gtest.dir/src/gtest-all.cc.o[0m
[30.992s] [  2%] [32m[1mLinking CXX static library libgtest.a[0m
[31.041s] [  2%] Built target gtest
[31.062s] [  3%] [32mBuilding CXX object gtest/CMakeFiles/gtest_main.dir/src/gtest_main.cc.o[0m
[32.487s] [  3%] [32m[1mLinking CXX static library libgtest_main.a[0m
[32.523s] [  3%] Built target gtest_main
[32.544s] [  3%] [32mBuilding CXX object gmock/CMakeFiles/gmock.dir/opt/ros/humble/src/gtest_vendor/src/gtest-all.cc.o[0m
[45.652s] [  4%] [32mBuilding CXX object gmock/CMakeFiles/gmock.dir/src/gmock-all.cc.o[0m
[51.074s] [  5%] [32m[1mLinking CXX static library libgmock.a[0m
[51.132s] [  5%] Built target gmock
[51.152s] [  5%] [32mBuilding CXX object gmock/CMakeFiles/gmock_main.dir/src/gmock_main.cc.o[0m
[53.200s] [  6%] [32m[1mLinking CXX static library libgmock_main.a[0m
[53.233s] [  6%] Built target gmock_main
[53.254s] [  7%] [32mBuilding CXX object online_signal_smoothing/CMakeFiles/moveit_smoothing_base.dir/src/smoothing_base_class.cpp.o[0m
[57.680s] [  7%] [32m[1mLinking CXX shared library libmoveit_smoothing_base.so[0m
[57.828s] [  7%] Built target moveit_smoothing_base
[57.849s] [  8%] [34m[1mRunning `/opt/ros/humble/bin/generate_parameter_library_cpp /home/sunrise/ws_moveit/build/moveit_core/online_signal_smoothing/include/moveit_core/moveit_butterworth_parameters.hpp /home/sunrise/ws_moveit/src/moveit2/moveit_core/online_signal_smoothing/src/butterworth_parameters.yaml `[0m
[58.084s] [  9%] [34m[1mCreating deprecated header file /home/sunrise/ws_moveit/build/moveit_core/online_signal_smoothing/include/moveit_butterworth_parameters.hpp[0m
[58.102s] [  9%] Built target moveit_butterworth_parameters
[58.124s] [  9%] [32mBuilding CXX object transforms/CMakeFiles/test_transforms.dir/test/test_transforms.cpp.o[0m
[63.372s] [ 10%] [32m[1mLinking CXX executable test_transforms[0m
[63.535s] [ 10%] Built target test_transforms
[63.555s] [ 10%] [32mBuilding CXX object version/CMakeFiles/moveit_version.dir/version.cpp.o[0m
[63.602s] [ 11%] [32m[1mLinking CXX executable moveit_version[0m
[63.691s] [ 11%] Built target moveit_version
[63.712s] [ 12%] [32mBuilding CXX object utils/CMakeFiles/moveit_utils.dir/src/lexical_casts.cpp.o[0m
[64.469s] [ 13%] [32mBuilding CXX object utils/CMakeFiles/moveit_utils.dir/src/rclcpp_utils.cpp.o[0m
[64.841s] [ 13%] [32mBuilding CXX object utils/CMakeFiles/moveit_utils.dir/src/message_checks.cpp.o[0m
[66.529s] [ 14%] [32m[1mLinking CXX shared library libmoveit_utils.so[0m
[67.436s] [ 14%] Built target moveit_utils
[67.457s] [ 15%] [32mBuilding CXX object distance_field/CMakeFiles/moveit_distance_field.dir/src/distance_field.cpp.o[0m
[78.685s] [ 15%] [32mBuilding CXX object distance_field/CMakeFiles/moveit_distance_field.dir/src/propagation_distance_field.cpp.o[0m
[91.205s] [ 16%] [32mBuilding CXX object distance_field/CMakeFiles/moveit_distance_field.dir/src/find_internal_points.cpp.o[0m
[94.124s] [ 17%] [32m[1mLinking CXX shared library libmoveit_distance_field.so[0m
[94.336s] [ 17%] Built target moveit_distance_field
[94.358s] [ 18%] [32mBuilding CXX object kinematics_base/CMakeFiles/moveit_kinematics_base.dir/src/kinematics_base.cpp.o[0m
[102.238s] [ 18%] [32m[1mLinking CXX shared library libmoveit_kinematics_base.so[0m
[102.418s] [ 18%] Built target moveit_kinematics_base
[102.439s] [ 19%] [32mBuilding CXX object distance_field/CMakeFiles/test_distance_field.dir/test/test_distance_field.cpp.o[0m
[118.895s] [ 19%] [32m[1mLinking CXX executable test_distance_field[0m
[119.186s] [ 19%] Built target test_distance_field
[119.207s] [ 20%] [32mBuilding CXX object distance_field/CMakeFiles/test_voxel_grid.dir/test/test_voxel_grid.cpp.o[0m
[126.740s] [ 20%] [32m[1mLinking CXX executable test_voxel_grid[0m
[126.902s] [ 20%] Built target test_voxel_grid
[126.923s] [ 21%] [32mBuilding CXX object exceptions/CMakeFiles/moveit_exceptions.dir/src/exceptions.cpp.o[0m
[128.011s] [ 21%] [32m[1mLinking CXX shared library libmoveit_exceptions.so[0m
[128.151s] [ 21%] Built target moveit_exceptions
[128.173s] [ 21%] [32mBuilding CXX object robot_model/CMakeFiles/moveit_robot_model.dir/src/aabb.cpp.o[0m
[132.054s] [ 22%] [32mBuilding CXX object robot_model/CMakeFiles/moveit_robot_model.dir/src/link_model.cpp.o[0m
[138.246s] [ 23%] [32mBuilding CXX object robot_model/CMakeFiles/moveit_robot_model.dir/src/planar_joint_model.cpp.o[0m
[143.728s] [ 23%] [32mBuilding CXX object robot_model/CMakeFiles/moveit_robot_model.dir/src/prismatic_joint_model.cpp.o[0m
[144.739s] [ 24%] [32mBuilding CXX object robot_model/CMakeFiles/moveit_robot_model.dir/src/revolute_joint_model.cpp.o[0m
[145.750s] [ 24%] [32mBuilding CXX object robot_model/CMakeFiles/moveit_robot_model.dir/src/joint_model_group.cpp.o[0m
[146.762s] [ 25%] [32mBuilding CXX object robot_model/CMakeFiles/moveit_robot_model.dir/src/joint_model.cpp.o[0m
[147.287s] [ 25%] [32mBuilding CXX object robot_model/CMakeFiles/moveit_robot_model.dir/src/floating_joint_model.cpp.o[0m
[157.553s] [ 25%] [32mBuilding CXX object robot_model/CMakeFiles/moveit_robot_model.dir/src/robot_model.cpp.o[0m
[173.042s] [ 26%] [32mBuilding CXX object robot_model/CMakeFiles/moveit_robot_model.dir/src/fixed_joint_model.cpp.o[0m
[175.884s] [ 27%] [32m[1mLinking CXX shared library libmoveit_robot_model.so[0m
[176.077s] [ 27%] Built target moveit_robot_model
[176.099s] [ 28%] [32mBuilding CXX object robot_state/CMakeFiles/moveit_robot_state.dir/src/attached_body.cpp.o[0m
[181.891s] [ 28%] [32mBuilding CXX object robot_state/CMakeFiles/moveit_robot_state.dir/src/cartesian_interpolator.cpp.o[0m
[192.300s] [ 29%] [32mBuilding CXX object robot_state/CMakeFiles/moveit_robot_state.dir/src/conversions.cpp.o[0m
[192.301s] [ 29%] [32mBuilding CXX object robot_state/CMakeFiles/moveit_robot_state.dir/src/robot_state.cpp.o[0m
[227.311s] [ 30%] [32m[1mLinking CXX shared library libmoveit_robot_state.so[0m
[227.535s] [ 30%] Built target moveit_robot_state
[227.560s] [ 31%] [32mBuilding CXX object utils/CMakeFiles/moveit_test_utils.dir/src/robot_model_test_utils.cpp.o[0m
[227.560s] [ 33%] [32mBuilding CXX object online_signal_smoothing/CMakeFiles/moveit_butterworth_filter.dir/src/butterworth_filter.cpp.o[0m
[227.561s] [ 33%] [32mBuilding CXX object dynamics_solver/CMakeFiles/moveit_dynamics_solver.dir/src/dynamics_solver.cpp.o[0m
[227.561s] [ 33%] [32mBuilding CXX object robot_trajectory/CMakeFiles/moveit_robot_trajectory.dir/src/robot_trajectory.cpp.o[0m
[227.561s] [ 33%] [32mBuilding CXX object collision_detection/CMakeFiles/moveit_collision_detection.dir/src/allvalid/collision_env_allvalid.cpp.o[0m
[236.292s] [ 34%] [32mBuilding CXX object collision_detection/CMakeFiles/moveit_collision_detection.dir/src/collision_common.cpp.o[0m
[238.440s] [ 35%] [32m[1mLinking CXX shared library libmoveit_dynamics_solver.so[0m
[238.716s] [ 35%] [32m[1mLinking CXX shared library libmoveit_butterworth_filter.so[0m
[238.717s] [ 35%] Built target moveit_dynamics_solver
[238.953s] [ 35%] Built target moveit_butterworth_filter
[242.092s] [ 36%] [32m[1mLinking CXX shared library libmoveit_test_utils.so[0m
[242.291s] [ 36%] Built target moveit_test_utils
[243.863s] [ 36%] [32m[1mLinking CXX shared library libmoveit_robot_trajectory.so[0m
[244.070s] [ 36%] Built target moveit_robot_trajectory
[244.204s] [ 36%] [32mBuilding CXX object collision_detection/CMakeFiles/moveit_collision_detection.dir/src/world.cpp.o[0m
[251.244s] [ 37%] [32mBuilding CXX object collision_detection/CMakeFiles/moveit_collision_detection.dir/src/collision_tools.cpp.o[0m
[254.257s] [ 38%] [32mBuilding CXX object collision_detection/CMakeFiles/moveit_collision_detection.dir/src/collision_octomap_filter.cpp.o[0m
[254.261s] [ 39%] [32mBuilding CXX object planning_interface/CMakeFiles/moveit_planning_interface.dir/src/planning_interface.cpp.o[0m
[256.270s] [ 39%] [32mBuilding CXX object collision_detection/CMakeFiles/moveit_collision_detection.dir/src/collision_matrix.cpp.o[0m
[256.276s] [ 39%] [32mBuilding CXX object online_signal_smoothing/CMakeFiles/test_butterworth_filter.dir/test/test_butterworth_filter.cpp.o[0m
[258.332s] [ 40%] [32mBuilding CXX object kinematics_metrics/CMakeFiles/moveit_kinematics_metrics.dir/src/kinematics_metrics.cpp.o[0m
[266.642s] [ 40%] [32mBuilding CXX object collision_detection/CMakeFiles/moveit_collision_detection.dir/src/collision_env.cpp.o[0m
[268.223s] [ 41%] [32m[1mLinking CXX executable test_butterworth_filter[0m
[268.435s] [ 41%] Built target test_butterworth_filter
[270.015s] [ 42%] [32mBuilding CXX object planning_interface/CMakeFiles/moveit_planning_interface.dir/src/planning_response.cpp.o[0m
[277.019s] [ 43%] [32mBuilding CXX object collision_detection/CMakeFiles/moveit_collision_detection.dir/src/collision_plugin_cache.cpp.o[0m
[281.315s] [ 43%] [32m[1mLinking CXX shared library libmoveit_planning_interface.so[0m
[281.513s] [ 43%] Built target moveit_planning_interface
[285.620s] [ 43%] [32m[1mLinking CXX shared library libmoveit_kinematics_metrics.so[0m
[285.826s] [ 43%] Built target moveit_kinematics_metrics
[298.388s] [ 44%] [32mBuilding CXX object collision_detection/CMakeFiles/moveit_collision_detection.dir/src/world_diff.cpp.o[0m
[302.530s] [ 44%] [32m[1mLinking CXX shared library libmoveit_collision_detection.so[0m
[302.780s] [ 44%] Built target moveit_collision_detection
[302.802s] [ 44%] [32mBuilding CXX object robot_state/CMakeFiles/test_aabb.dir/test/test_aabb.cpp.o[0m
[316.566s] [ 45%] [32m[1mLinking CXX executable test_aabb[0m
[316.901s] [ 45%] Built target test_aabb
[316.923s] [ 46%] [32mBuilding CXX object robot_state/CMakeFiles/test_cartesian_interpolator.dir/test/test_cartesian_interpolator.cpp.o[0m
[327.106s] [ 46%] [32m[1mLinking CXX executable test_cartesian_interpolator[0m
[327.410s] [ 46%] Built target test_cartesian_interpolator
[327.432s] [ 47%] [32mBuilding CXX object robot_trajectory/CMakeFiles/test_robot_trajectory.dir/test/test_robot_trajectory.cpp.o[0m
[342.438s] [ 47%] [32m[1mLinking CXX executable test_robot_trajectory[0m
[342.828s] [ 47%] Built target test_robot_trajectory
[342.850s] [ 48%] [32mBuilding CXX object collision_detection/CMakeFiles/test_world.dir/test/test_world.cpp.o[0m
[353.473s] [ 48%] [32m[1mLinking CXX executable test_world[0m
[353.780s] [ 48%] Built target test_world
[353.802s] [ 49%] [32mBuilding CXX object collision_detection/CMakeFiles/test_world_diff.dir/test/test_world_diff.cpp.o[0m
[362.338s] [ 50%] [32m[1mLinking CXX executable test_world_diff[0m
[362.639s] [ 50%] Built target test_world_diff
[362.661s] [ 51%] [32mBuilding CXX object collision_detection/CMakeFiles/test_all_valid.dir/test/test_all_valid.cpp.o[0m
[373.231s] [ 51%] [32m[1mLinking CXX executable test_all_valid[0m
[373.535s] [ 51%] Built target test_all_valid
[373.558s] [ 52%] [32mBuilding CXX object collision_detection_bullet/CMakeFiles/moveit_collision_detection_bullet.dir/src/bullet_integration/bullet_utils.cpp.o[0m
[386.104s] [ 53%] [32mBuilding CXX object collision_detection_bullet/CMakeFiles/moveit_collision_detection_bullet.dir/src/bullet_integration/bullet_discrete_bvh_manager.cpp.o[0m
[394.839s] [ 53%] [32mBuilding CXX object collision_detection_bullet/CMakeFiles/moveit_collision_detection_bullet.dir/src/bullet_integration/bullet_cast_bvh_manager.cpp.o[0m
[403.937s] [ 54%] [32mBuilding CXX object collision_detection_bullet/CMakeFiles/moveit_collision_detection_bullet.dir/src/collision_env_bullet.cpp.o[0m
[415.979s] [ 54%] [32mBuilding CXX object collision_detection_bullet/CMakeFiles/moveit_collision_detection_bullet.dir/src/bullet_integration/bullet_bvh_manager.cpp.o[0m
[424.627s] [ 55%] [32mBuilding CXX object collision_detection_bullet/CMakeFiles/moveit_collision_detection_bullet.dir/src/bullet_integration/contact_checker_common.cpp.o[0m
[432.980s] [ 56%] [32mBuilding CXX object collision_detection_bullet/CMakeFiles/moveit_collision_detection_bullet.dir/src/bullet_integration/ros_bullet_utils.cpp.o[0m
[441.586s] [ 56%] [32m[1mLinking CXX shared library libmoveit_collision_detection_bullet.so[0m
[441.912s] [ 56%] Built target moveit_collision_detection_bullet
[441.934s] [ 57%] [32mBuilding CXX object collision_detection_fcl/CMakeFiles/moveit_collision_detection_fcl.dir/src/collision_common.cpp.o[0m
[457.375s] [ 57%] [32mBuilding CXX object collision_detection_fcl/CMakeFiles/moveit_collision_detection_fcl.dir/src/collision_env_fcl.cpp.o[0m
[470.241s] [ 58%] [32m[1mLinking CXX shared library libmoveit_collision_detection_fcl.so[0m
[470.586s] [ 58%] Built target moveit_collision_detection_fcl
[470.609s] [ 58%] [32mBuilding CXX object trajectory_processing/CMakeFiles/moveit_trajectory_processing.dir/src/iterative_time_parameterization.cpp.o[0m
[481.683s] [ 59%] [32mBuilding CXX object trajectory_processing/CMakeFiles/moveit_trajectory_processing.dir/src/iterative_spline_parameterization.cpp.o[0m
[494.215s] [ 59%] [32mBuilding CXX object trajectory_processing/CMakeFiles/moveit_trajectory_processing.dir/src/ruckig_traj_smoothing.cpp.o[0m
[509.972s] [ 60%] [32mBuilding CXX object trajectory_processing/CMakeFiles/moveit_trajectory_processing.dir/src/trajectory_tools.cpp.o[0m
[511.131s] [ 60%] [32mBuilding CXX object trajectory_processing/CMakeFiles/moveit_trajectory_processing.dir/src/time_optimal_trajectory_generation.cpp.o[0m
[525.902s] [ 61%] [32m[1mLinking CXX shared library libmoveit_trajectory_processing.so[0m
[526.109s] [ 61%] Built target moveit_trajectory_processing
[526.131s] [ 62%] [32mBuilding CXX object collision_detection_bullet/CMakeFiles/test_bullet_collision_detection.dir/test/test_bullet_collision_detection_pr2.cpp.o[0m
[543.715s] [ 62%] [32m[1mLinking CXX executable test_bullet_collision_detection[0m
[544.170s] [ 62%] Built target test_bullet_collision_detection
[544.191s] [ 63%] [32mBuilding CXX object collision_detection_bullet/CMakeFiles/test_bullet_collision_detection_panda.dir/test/test_bullet_collision_detection_panda.cpp.o[0m
[554.213s] [ 63%] [32mBuilding CXX object collision_detection_bullet/CMakeFiles/test_bullet_continuous_collision_checking.dir/test/test_bullet_continuous_collision_checking.cpp.o[0m
[556.228s] [ 63%] [32mBuilding CXX object robot_state/CMakeFiles/test_robot_state_complex.dir/test/test_kinematic_complex.cpp.o[0m
[558.242s] [ 63%] [32mBuilding CXX object robot_state/CMakeFiles/test_robot_state_benchmark.dir/test/robot_state_benchmark.cpp.o[0m
[558.444s] [ 64%] [32m[1mLinking CXX executable test_bullet_collision_detection_panda[0m
[558.886s] [ 64%] Built target test_bullet_collision_detection_panda
[559.911s] [ 64%] [32mBuilding CXX object collision_detection_fcl/CMakeFiles/test_fcl_collision_env.dir/test/test_fcl_env.cpp.o[0m
[561.927s] [ 65%] [32mBuilding CXX object robot_state/CMakeFiles/test_robot_state.dir/test/robot_state_test.cpp.o[0m
[563.966s] [ 66%] [32mBuilding CXX object robot_model/CMakeFiles/test_robot_model.dir/test/test.cpp.o[0m
[571.025s] [ 67%] [32m[1mLinking CXX executable test_robot_state_benchmark[0m
[571.472s] [ 67%] Built target test_robot_state_benchmark
[572.065s] [ 68%] [32m[1mLinking CXX executable test_robot_state_complex[0m
[572.457s] [ 68%] Built target test_robot_state_complex
[572.505s] [ 69%] [32m[1mLinking CXX executable test_bullet_continuous_collision_checking[0m
[572.979s] [ 69%] Built target test_bullet_continuous_collision_checking
[574.610s] [ 69%] [32m[1mLinking CXX executable test_robot_model[0m
[574.942s] [ 69%] Built target test_robot_model
[576.195s] [ 70%] [32m[1mLinking CXX executable test_fcl_collision_env[0m
[576.650s] [ 70%] Built target test_fcl_collision_env
[581.592s] [ 71%] [32m[1mLinking CXX executable test_robot_state[0m
[581.941s] [ 71%] Built target test_robot_state
[581.964s] [ 72%] [32mBuilding CXX object trajectory_processing/CMakeFiles/test_time_optimal_trajectory_generation.dir/test/test_time_optimal_trajectory_generation.cpp.o[0m
[598.401s] [ 73%] [32m[1mLinking CXX executable test_time_optimal_trajectory_generation[0m
[598.810s] [ 73%] Built target test_time_optimal_trajectory_generation
[598.832s] [ 74%] [32mBuilding CXX object trajectory_processing/CMakeFiles/test_ruckig_traj_smoothing.dir/test/test_ruckig_traj_smoothing.cpp.o[0m
[612.566s] [ 74%] [32m[1mLinking CXX executable test_ruckig_traj_smoothing[0m
[612.943s] [ 74%] Built target test_ruckig_traj_smoothing
[612.965s] [ 74%] [32mBuilding CXX object trajectory_processing/CMakeFiles/test_time_parameterization.dir/test/test_time_parameterization.cpp.o[0m
[626.366s] [ 75%] [32m[1mLinking CXX executable test_time_parameterization[0m
[626.767s] [ 75%] Built target test_time_parameterization
[626.789s] [ 76%] [32mBuilding CXX object kinematic_constraints/CMakeFiles/moveit_kinematic_constraints.dir/src/kinematic_constraint.cpp.o[0m
[649.056s] [ 76%] [32mBuilding CXX object kinematic_constraints/CMakeFiles/moveit_kinematic_constraints.dir/src/utils.cpp.o[0m
[665.957s] [ 77%] [32m[1mLinking CXX shared library libmoveit_kinematic_constraints.so[0m
[666.302s] [ 77%] Built target moveit_kinematic_constraints
[666.324s] [ 78%] [32mBuilding CXX object collision_detection_fcl/CMakeFiles/test_fcl_collision_detection_panda.dir/test/test_fcl_collision_detection_panda.cpp.o[0m
[682.597s] [ 79%] [32m[1mLinking CXX executable test_fcl_collision_detection_panda[0m
[683.004s] [ 79%] Built target test_fcl_collision_detection_panda
[683.027s] [ 81%] [32mBuilding CXX object kinematic_constraints/CMakeFiles/test_constraints.dir/test/test_constraints.cpp.o[0m
[683.027s] [ 81%] [32mBuilding CXX object planning_scene/CMakeFiles/moveit_planning_scene.dir/src/planning_scene.cpp.o[0m
[683.027s] [ 81%] [32mBuilding CXX object kinematic_constraints/CMakeFiles/test_orientation_constraints.dir/test/test_orientation_constraints.cpp.o[0m
[699.082s] [ 81%] [32m[1mLinking CXX executable test_orientation_constraints[0m
[699.524s] [ 81%] Built target test_orientation_constraints
[703.781s] [ 82%] [32m[1mLinking CXX executable test_constraints[0m
[704.214s] [ 82%] Built target test_constraints
[713.308s] [ 83%] [32m[1mLinking CXX shared library libmoveit_planning_scene.so[0m
[713.678s] [ 83%] Built target moveit_planning_scene
[713.700s] [ 84%] [32mBuilding CXX object collision_detection_fcl/CMakeFiles/test_fcl_collision_detection.dir/test/test_fcl_collision_detection_pr2.cpp.o[0m
[715.714s] [ 85%] [32mBuilding CXX object planning_scene/CMakeFiles/test_collision_objects.dir/test/test_collision_objects.cpp.o[0m
[717.729s] [ 86%] [32mBuilding CXX object planning_scene/CMakeFiles/test_planning_scene.dir/test/test_planning_scene.cpp.o[0m
[719.744s] [ 87%] [32mBuilding CXX object planning_request_adapter/CMakeFiles/moveit_planning_request_adapter.dir/src/planning_request_adapter.cpp.o[0m
[721.761s] [ 88%] [32mBuilding CXX object constraint_samplers/CMakeFiles/moveit_constraint_samplers.dir/src/constraint_sampler.cpp.o[0m
[723.806s] [ 89%] [32mBuilding CXX object collision_distance_field/CMakeFiles/moveit_collision_distance_field.dir/src/collision_distance_field_types.cpp.o[0m
[732.503s] [ 89%] [32m[1mLinking CXX shared library libmoveit_planning_request_adapter.so[0m
[732.821s] [ 89%] Built target moveit_planning_request_adapter
[733.786s] [ 89%] [32m[1mLinking CXX executable test_fcl_collision_detection[0m
[734.322s] [ 89%] Built target test_fcl_collision_detection
[734.645s] [ 89%] [32m[1mLinking CXX executable test_collision_objects[0m
[734.649s] [ 89%] [32mBuilding CXX object constraint_samplers/CMakeFiles/moveit_constraint_samplers.dir/src/constraint_sampler_manager.cpp.o[0m
[735.041s] [ 89%] Built target test_collision_objects
[735.601s] [ 89%] [32mBuilding CXX object collision_distance_field/CMakeFiles/moveit_collision_distance_field.dir/src/collision_common_distance_field.cpp.o[0m
[742.002s] [ 89%] [32m[1mLinking CXX executable test_planning_scene[0m
[742.517s] [ 89%] Built target test_planning_scene
[750.036s] [ 90%] [32mBuilding CXX object collision_distance_field/CMakeFiles/moveit_collision_distance_field.dir/src/collision_env_distance_field.cpp.o[0m
[750.196s] [ 90%] [32mBuilding CXX object constraint_samplers/CMakeFiles/moveit_constraint_samplers.dir/src/default_constraint_samplers.cpp.o[0m
[766.391s] [ 91%] [32mBuilding CXX object constraint_samplers/CMakeFiles/moveit_constraint_samplers.dir/src/constraint_sampler_tools.cpp.o[0m
[772.021s] [ 91%] [32mBuilding CXX object collision_distance_field/CMakeFiles/moveit_collision_distance_field.dir/src/collision_env_hybrid.cpp.o[0m
[778.410s] [ 92%] [32mBuilding CXX object constraint_samplers/CMakeFiles/moveit_constraint_samplers.dir/src/union_constraint_sampler.cpp.o[0m
[786.115s] [ 93%] [32m[1mLinking CXX shared library libmoveit_collision_distance_field.so[0m
[786.432s] [ 93%] Built target moveit_collision_distance_field
[791.502s] [ 93%] [32m[1mLinking CXX shared library libmoveit_constraint_samplers.so[0m
[791.791s] [ 93%] Built target moveit_constraint_samplers
[791.813s] [ 94%] [32mBuilding CXX object collision_distance_field/CMakeFiles/test_collision_distance_field.dir/test/test_collision_distance_field.cpp.o[0m
[809.445s] [ 94%] [32m[1mLinking CXX executable test_collision_distance_field[0m
[809.841s] [ 94%] Built target test_collision_distance_field
[809.865s] [ 95%] [32mBuilding CXX object collision_detection_fcl/CMakeFiles/collision_detector_fcl_plugin.dir/src/collision_detector_fcl_plugin_loader.cpp.o[0m
[809.865s] [ 95%] [32mBuilding CXX object constraint_samplers/CMakeFiles/test_constraint_samplers.dir/test/test_constraint_samplers.cpp.o[0m
[809.865s] [ 96%] [32mBuilding CXX object constraint_samplers/CMakeFiles/test_constraint_samplers.dir/test/pr2_arm_ik.cpp.o[0m
[809.865s] [ 96%] [32mBuilding CXX object constraint_samplers/CMakeFiles/test_constraint_samplers.dir/test/pr2_arm_kinematics_plugin.cpp.o[0m
[809.865s] [ 96%] [32mBuilding CXX object collision_detection_bullet/CMakeFiles/collision_detector_bullet_plugin.dir/src/collision_detector_bullet_plugin_loader.cpp.o[0m
[822.867s] [ 97%] [32m[1mLinking CXX shared library libcollision_detector_bullet_plugin.so[0m
[823.090s] [ 97%] Built target collision_detector_bullet_plugin
[823.567s] [ 98%] [32m[1mLinking CXX shared library libcollision_detector_fcl_plugin.so[0m
[823.768s] [ 98%] Built target collision_detector_fcl_plugin
[835.353s] [ 99%] [32m[1mLinking CXX executable test_constraint_samplers[0m
[835.893s] [ 99%] Built target test_constraint_samplers
[835.915s] [ 99%] [32mBuilding CXX object planning_scene/CMakeFiles/test_multi_threaded.dir/test/test_multi_threaded.cpp.o[0m
[850.821s] [100%] [32m[1mLinking CXX executable test_multi_threaded[0m
[851.207s] [100%] Built target test_multi_threaded
[851.222s] Invoked command in '/home/sunrise/ws_moveit/build/moveit_core' returned '0': AMENT_PREFIX_PATH=/home/sunrise/ws_moveit/install/moveit_resources_panda_moveit_config:/home/sunrise/ws_moveit/install/srdfdom:/home/sunrise/ws_moveit/install/moveit_resources_pr2_description:/home/sunrise/ws_moveit/install/moveit_resources_panda_description:/home/sunrise/ws_moveit/install/moveit_common:${AMENT_PREFIX_PATH} CMAKE_PREFIX_PATH=/home/sunrise/ws_moveit/install/moveit_resources_panda_moveit_config:/home/sunrise/ws_moveit/install/srdfdom:/home/sunrise/ws_moveit/install/moveit_resources_pr2_description:/home/sunrise/ws_moveit/install/moveit_resources_panda_description:/home/sunrise/ws_moveit/install/moveit_common:/opt/ros/humble LD_LIBRARY_PATH=/home/sunrise/ws_moveit/install/srdfdom/lib:${LD_LIBRARY_PATH} PYTHONPATH=/home/sunrise/ws_moveit/install/srdfdom/local/lib/python3.10/dist-packages:${PYTHONPATH} /usr/bin/cmake --build /home/sunrise/ws_moveit/build/moveit_core -- -j6 -l6
[851.224s] Invoking command in '/home/sunrise/ws_moveit/build/moveit_core': AMENT_PREFIX_PATH=/home/sunrise/ws_moveit/install/moveit_resources_panda_moveit_config:/home/sunrise/ws_moveit/install/srdfdom:/home/sunrise/ws_moveit/install/moveit_resources_pr2_description:/home/sunrise/ws_moveit/install/moveit_resources_panda_description:/home/sunrise/ws_moveit/install/moveit_common:${AMENT_PREFIX_PATH} CMAKE_PREFIX_PATH=/home/sunrise/ws_moveit/install/moveit_resources_panda_moveit_config:/home/sunrise/ws_moveit/install/srdfdom:/home/sunrise/ws_moveit/install/moveit_resources_pr2_description:/home/sunrise/ws_moveit/install/moveit_resources_panda_description:/home/sunrise/ws_moveit/install/moveit_common:/opt/ros/humble LD_LIBRARY_PATH=/home/sunrise/ws_moveit/install/srdfdom/lib:${LD_LIBRARY_PATH} PYTHONPATH=/home/sunrise/ws_moveit/install/srdfdom/local/lib/python3.10/dist-packages:${PYTHONPATH} /usr/bin/cmake --install /home/sunrise/ws_moveit/build/moveit_core
[851.234s] -- Install configuration: "Release"
[851.234s] -- Installing: /home/sunrise/ws_moveit/install/moveit_core/include/moveit/version.h
[851.234s] -- Up-to-date: /home/sunrise/ws_moveit/install/moveit_core/include
[851.235s] -- Up-to-date: /home/sunrise/ws_moveit/install/moveit_core/include/moveit
[851.235s] -- Installing: /home/sunrise/ws_moveit/install/moveit_core/include/moveit/collision_distance_field
[851.235s] -- Installing: /home/sunrise/ws_moveit/install/moveit_core/include/moveit/collision_distance_field/collision_detector_allocator_distance_field.h
[851.235s] -- Installing: /home/sunrise/ws_moveit/install/moveit_core/include/moveit/collision_distance_field/collision_distance_field_types.h
[851.235s] -- Installing: /home/sunrise/ws_moveit/install/moveit_core/include/moveit/collision_distance_field/collision_env_hybrid.h
[851.235s] -- Installing: /home/sunrise/ws_moveit/install/moveit_core/include/moveit/collision_distance_field/collision_detector_allocator_hybrid.h
[851.235s] -- Installing: /home/sunrise/ws_moveit/install/moveit_core/include/moveit/collision_distance_field/collision_env_distance_field.h
[851.235s] -- Installing: /home/sunrise/ws_moveit/install/moveit_core/include/moveit/collision_distance_field/collision_common_distance_field.h
[851.236s] -- Installing: /home/sunrise/ws_moveit/install/moveit_core/include/moveit_collision_distance_field_export.h
[851.236s] -- Up-to-date: /home/sunrise/ws_moveit/install/moveit_core/include
[851.237s] -- Up-to-date: /home/sunrise/ws_moveit/install/moveit_core/include/moveit
[851.237s] -- Installing: /home/sunrise/ws_moveit/install/moveit_core/include/moveit/constraint_samplers
[851.237s] -- Installing: /home/sunrise/ws_moveit/install/moveit_core/include/moveit/constraint_samplers/constraint_sampler_manager.h
[851.237s] -- Installing: /home/sunrise/ws_moveit/install/moveit_core/include/moveit/constraint_samplers/constraint_sampler.h
[851.237s] -- Installing: /home/sunrise/ws_moveit/install/moveit_core/include/moveit/constraint_samplers/constraint_sampler_allocator.h
[851.237s] -- Installing: /home/sunrise/ws_moveit/install/moveit_core/include/moveit/constraint_samplers/union_constraint_sampler.h
[851.238s] -- Installing: /home/sunrise/ws_moveit/install/moveit_core/include/moveit/constraint_samplers/default_constraint_samplers.h
[851.238s] -- Installing: /home/sunrise/ws_moveit/install/moveit_core/include/moveit/constraint_samplers/constraint_sampler_tools.h
[851.238s] -- Up-to-date: /home/sunrise/ws_moveit/install/moveit_core/include
[851.239s] -- Up-to-date: /home/sunrise/ws_moveit/install/moveit_core/include/moveit
[851.239s] -- Installing: /home/sunrise/ws_moveit/install/moveit_core/include/moveit/controller_manager
[851.239s] -- Installing: /home/sunrise/ws_moveit/install/moveit_core/include/moveit/controller_manager/controller_manager.h
[851.239s] -- Up-to-date: /home/sunrise/ws_moveit/install/moveit_core/include
[851.239s] -- Up-to-date: /home/sunrise/ws_moveit/install/moveit_core/include/moveit
[851.239s] -- Installing: /home/sunrise/ws_moveit/install/moveit_core/include/moveit/distance_field
[851.239s] -- Installing: /home/sunrise/ws_moveit/install/moveit_core/include/moveit/distance_field/voxel_grid.h
[851.239s] -- Installing: /home/sunrise/ws_moveit/install/moveit_core/include/moveit/distance_field/distance_field.h
[851.240s] -- Installing: /home/sunrise/ws_moveit/install/moveit_core/include/moveit/distance_field/find_internal_points.h
[851.240s] -- Installing: /home/sunrise/ws_moveit/install/moveit_core/include/moveit/distance_field/propagation_distance_field.h
[851.240s] -- Up-to-date: /home/sunrise/ws_moveit/install/moveit_core/include
[851.241s] -- Up-to-date: /home/sunrise/ws_moveit/install/moveit_core/include/moveit
[851.241s] -- Installing: /home/sunrise/ws_moveit/install/moveit_core/include/moveit/dynamics_solver
[851.241s] -- Installing: /home/sunrise/ws_moveit/install/moveit_core/include/moveit/dynamics_solver/dynamics_solver.h
[851.241s] -- Up-to-date: /home/sunrise/ws_moveit/install/moveit_core/include
[851.241s] -- Up-to-date: /home/sunrise/ws_moveit/install/moveit_core/include/moveit
[851.241s] -- Installing: /home/sunrise/ws_moveit/install/moveit_core/include/moveit/exceptions
[851.242s] -- Installing: /home/sunrise/ws_moveit/install/moveit_core/include/moveit/exceptions/exceptions.h
[851.242s] -- Up-to-date: /home/sunrise/ws_moveit/install/moveit_core/include
[851.242s] -- Up-to-date: /home/sunrise/ws_moveit/install/moveit_core/include/moveit
[851.242s] -- Installing: /home/sunrise/ws_moveit/install/moveit_core/include/moveit/kinematics_base
[851.242s] -- Installing: /home/sunrise/ws_moveit/install/moveit_core/include/moveit/kinematics_base/kinematics_base.h
[851.242s] -- Installing: /home/sunrise/ws_moveit/install/moveit_core/include/moveit_kinematics_base_export.h
[851.243s] -- Up-to-date: /home/sunrise/ws_moveit/install/moveit_core/include
[851.243s] -- Up-to-date: /home/sunrise/ws_moveit/install/moveit_core/include/moveit
[851.243s] -- Installing: /home/sunrise/ws_moveit/install/moveit_core/include/moveit/kinematic_constraints
[851.243s] -- Installing: /home/sunrise/ws_moveit/install/moveit_core/include/moveit/kinematic_constraints/kinematic_constraint.h
[851.243s] -- Installing: /home/sunrise/ws_moveit/install/moveit_core/include/moveit/kinematic_constraints/utils.h
[851.244s] -- Up-to-date: /home/sunrise/ws_moveit/install/moveit_core/include
[851.244s] -- Up-to-date: /home/sunrise/ws_moveit/install/moveit_core/include/moveit
[851.244s] -- Installing: /home/sunrise/ws_moveit/install/moveit_core/include/moveit/kinematics_metrics
[851.244s] -- Installing: /home/sunrise/ws_moveit/install/moveit_core/include/moveit/kinematics_metrics/kinematics_metrics.h
[851.245s] -- Up-to-date: /home/sunrise/ws_moveit/install/moveit_core/include
[851.245s] -- Up-to-date: /home/sunrise/ws_moveit/install/moveit_core/include/moveit
[851.245s] -- Installing: /home/sunrise/ws_moveit/install/moveit_core/include/moveit/macros
[851.245s] -- Installing: /home/sunrise/ws_moveit/install/moveit_core/include/moveit/macros/class_forward.h
[851.245s] -- Installing: /home/sunrise/ws_moveit/install/moveit_core/include/moveit/macros/console_colors.h
[851.245s] -- Installing: /home/sunrise/ws_moveit/install/moveit_core/include/moveit/macros/declare_ptr.h
[851.246s] -- Installing: /home/sunrise/ws_moveit/install/moveit_core/include/moveit/macros/deprecation.h
[851.246s] -- Installing: /home/sunrise/ws_moveit/install/moveit_core/include/moveit_core
[851.246s] -- Installing: /home/sunrise/ws_moveit/install/moveit_core/include/moveit_core/moveit_butterworth_parameters.hpp
[851.246s] -- Up-to-date: /home/sunrise/ws_moveit/install/moveit_core/include
[851.247s] -- Up-to-date: /home/sunrise/ws_moveit/install/moveit_core/include/moveit
[851.247s] -- Installing: /home/sunrise/ws_moveit/install/moveit_core/include/moveit/online_signal_smoothing
[851.247s] -- Installing: /home/sunrise/ws_moveit/install/moveit_core/include/moveit/online_signal_smoothing/smoothing_base_class.h
[851.247s] -- Installing: /home/sunrise/ws_moveit/install/moveit_core/include/moveit/online_signal_smoothing/butterworth_filter.h
[851.247s] -- Installing: /home/sunrise/ws_moveit/install/moveit_core/include/moveit_smoothing_base_export.h
[851.247s] -- Installing: /home/sunrise/ws_moveit/install/moveit_core/include/moveit_butterworth_filter_export.h
[851.248s] -- Up-to-date: /home/sunrise/ws_moveit/install/moveit_core/include
[851.248s] -- Up-to-date: /home/sunrise/ws_moveit/install/moveit_core/include/moveit
[851.248s] -- Installing: /home/sunrise/ws_moveit/install/moveit_core/include/moveit/planning_interface
[851.248s] -- Installing: /home/sunrise/ws_moveit/install/moveit_core/include/moveit/planning_interface/planning_response.h
[851.248s] -- Installing: /home/sunrise/ws_moveit/install/moveit_core/include/moveit/planning_interface/planning_request.h
[851.249s] -- Installing: /home/sunrise/ws_moveit/install/moveit_core/include/moveit/planning_interface/planning_interface.h
[851.249s] -- Up-to-date: /home/sunrise/ws_moveit/install/moveit_core/include
[851.249s] -- Up-to-date: /home/sunrise/ws_moveit/install/moveit_core/include/moveit
[851.249s] -- Installing: /home/sunrise/ws_moveit/install/moveit_core/include/moveit/planning_request_adapter
[851.249s] -- Installing: /home/sunrise/ws_moveit/install/moveit_core/include/moveit/planning_request_adapter/planning_request_adapter.h
[851.250s] -- Up-to-date: /home/sunrise/ws_moveit/install/moveit_core/include
[851.250s] -- Up-to-date: /home/sunrise/ws_moveit/install/moveit_core/include/moveit
[851.250s] -- Installing: /home/sunrise/ws_moveit/install/moveit_core/include/moveit/planning_scene
[851.250s] -- Installing: /home/sunrise/ws_moveit/install/moveit_core/include/moveit/planning_scene/planning_scene.h
[851.251s] -- Installing: /home/sunrise/ws_moveit/install/moveit_core/include/moveit_planning_scene_export.h
[851.251s] -- Up-to-date: /home/sunrise/ws_moveit/install/moveit_core/include
[851.251s] -- Up-to-date: /home/sunrise/ws_moveit/install/moveit_core/include/moveit
[851.251s] -- Installing: /home/sunrise/ws_moveit/install/moveit_core/include/moveit/robot_model
[851.251s] -- Installing: /home/sunrise/ws_moveit/install/moveit_core/include/moveit/robot_model/prismatic_joint_model.h
[851.251s] -- Installing: /home/sunrise/ws_moveit/install/moveit_core/include/moveit/robot_model/floating_joint_model.h
[851.252s] -- Installing: /home/sunrise/ws_moveit/install/moveit_core/include/moveit/robot_model/aabb.h
[851.252s] -- Installing: /home/sunrise/ws_moveit/install/moveit_core/include/moveit/robot_model/joint_model_group.h
[851.252s] -- Installing: /home/sunrise/ws_moveit/install/moveit_core/include/moveit/robot_model/revolute_joint_model.h
[851.252s] -- Installing: /home/sunrise/ws_moveit/install/moveit_core/include/moveit/robot_model/robot_model.h
[851.253s] -- Installing: /home/sunrise/ws_moveit/install/moveit_core/include/moveit/robot_model/fixed_joint_model.h
[851.253s] -- Installing: /home/sunrise/ws_moveit/install/moveit_core/include/moveit/robot_model/planar_joint_model.h
[851.253s] -- Installing: /home/sunrise/ws_moveit/install/moveit_core/include/moveit/robot_model/joint_model.h
[851.253s] -- Installing: /home/sunrise/ws_moveit/install/moveit_core/include/moveit/robot_model/link_model.h
[851.254s] -- Up-to-date: /home/sunrise/ws_moveit/install/moveit_core/include
[851.254s] -- Up-to-date: /home/sunrise/ws_moveit/install/moveit_core/include/moveit
[851.254s] -- Installing: /home/sunrise/ws_moveit/install/moveit_core/include/moveit/robot_state
[851.254s] -- Installing: /home/sunrise/ws_moveit/install/moveit_core/include/moveit/robot_state/cartesian_interpolator.h
[851.254s] -- Installing: /home/sunrise/ws_moveit/install/moveit_core/include/moveit/robot_state/robot_state.h
[851.254s] -- Installing: /home/sunrise/ws_moveit/install/moveit_core/include/moveit/robot_state/conversions.h
[851.255s] -- Installing: /home/sunrise/ws_moveit/install/moveit_core/include/moveit/robot_state/attached_body.h
[851.255s] -- Up-to-date: /home/sunrise/ws_moveit/install/moveit_core/include
[851.255s] -- Up-to-date: /home/sunrise/ws_moveit/install/moveit_core/include/moveit
[851.255s] -- Installing: /home/sunrise/ws_moveit/install/moveit_core/include/moveit/robot_trajectory
[851.255s] -- Installing: /home/sunrise/ws_moveit/install/moveit_core/include/moveit/robot_trajectory/robot_trajectory.h
[851.256s] -- Up-to-date: /home/sunrise/ws_moveit/install/moveit_core/include
[851.256s] -- Up-to-date: /home/sunrise/ws_moveit/install/moveit_core/include/moveit
[851.256s] -- Installing: /home/sunrise/ws_moveit/install/moveit_core/include/moveit/sensor_manager
[851.256s] -- Installing: /home/sunrise/ws_moveit/install/moveit_core/include/moveit/sensor_manager/sensor_manager.h
[851.257s] -- Up-to-date: /home/sunrise/ws_moveit/install/moveit_core/include
[851.257s] -- Up-to-date: /home/sunrise/ws_moveit/install/moveit_core/include/moveit
[851.257s] -- Installing: /home/sunrise/ws_moveit/install/moveit_core/include/moveit/trajectory_processing
[851.257s] -- Installing: /home/sunrise/ws_moveit/install/moveit_core/include/moveit/trajectory_processing/trajectory_tools.h
[851.257s] -- Installing: /home/sunrise/ws_moveit/install/moveit_core/include/moveit/trajectory_processing/iterative_time_parameterization.h
[851.257s] -- Installing: /home/sunrise/ws_moveit/install/moveit_core/include/moveit/trajectory_processing/time_optimal_trajectory_generation.h
[851.257s] -- Installing: /home/sunrise/ws_moveit/install/moveit_core/include/moveit/trajectory_processing/ruckig_traj_smoothing.h
[851.258s] -- Installing: /home/sunrise/ws_moveit/install/moveit_core/include/moveit/trajectory_processing/iterative_spline_parameterization.h
[851.258s] -- Installing: /home/sunrise/ws_moveit/install/moveit_core/include/moveit/trajectory_processing/time_parameterization.h
[851.258s] -- Up-to-date: /home/sunrise/ws_moveit/install/moveit_core/include
[851.258s] -- Up-to-date: /home/sunrise/ws_moveit/install/moveit_core/include/moveit
[851.259s] -- Installing: /home/sunrise/ws_moveit/install/moveit_core/include/moveit/transforms
[851.259s] -- Installing: /home/sunrise/ws_moveit/install/moveit_core/include/moveit/transforms/transforms.h
[851.259s] -- Up-to-date: /home/sunrise/ws_moveit/install/moveit_core/include
[851.259s] -- Up-to-date: /home/sunrise/ws_moveit/install/moveit_core/include/moveit
[851.259s] -- Installing: /home/sunrise/ws_moveit/install/moveit_core/include/moveit/utils
[851.259s] -- Installing: /home/sunrise/ws_moveit/install/moveit_core/include/moveit/utils/moveit_error_code.h
[851.260s] -- Installing: /home/sunrise/ws_moveit/install/moveit_core/include/moveit/utils/lexical_casts.h
[851.260s] -- Installing: /home/sunrise/ws_moveit/install/moveit_core/include/moveit/utils/message_checks.h
[851.260s] -- Installing: /home/sunrise/ws_moveit/install/moveit_core/include/moveit/utils/robot_model_test_utils.h
[851.260s] -- Installing: /home/sunrise/ws_moveit/install/moveit_core/include/moveit/utils/rclcpp_utils.h
[851.261s] -- Installing: /home/sunrise/ws_moveit/install/moveit_core/bin/moveit_version
[851.261s] -- Up-to-date: /home/sunrise/ws_moveit/install/moveit_core/include
[851.262s] -- Up-to-date: /home/sunrise/ws_moveit/install/moveit_core/include/moveit
[851.262s] -- Installing: /home/sunrise/ws_moveit/install/moveit_core/include/moveit/collision_detection
[851.262s] -- Installing: /home/sunrise/ws_moveit/install/moveit_core/include/moveit/collision_detection/collision_env.h
[851.262s] -- Installing: /home/sunrise/ws_moveit/install/moveit_core/include/moveit/collision_detection/collision_plugin.h
[851.262s] -- Installing: /home/sunrise/ws_moveit/install/moveit_core/include/moveit/collision_detection/world.h
[851.262s] -- Installing: /home/sunrise/ws_moveit/install/moveit_core/include/moveit/collision_detection/collision_detector_allocator.h
[851.262s] -- Installing: /home/sunrise/ws_moveit/install/moveit_core/include/moveit/collision_detection/collision_plugin_cache.h
[851.263s] -- Installing: /home/sunrise/ws_moveit/install/moveit_core/include/moveit/collision_detection/test_collision_common_panda.h
[851.263s] -- Installing: /home/sunrise/ws_moveit/install/moveit_core/include/moveit/collision_detection/test_collision_common_pr2.h
[851.263s] -- Installing: /home/sunrise/ws_moveit/install/moveit_core/include/moveit/collision_detection/allvalid
[851.263s] -- Installing: /home/sunrise/ws_moveit/install/moveit_core/include/moveit/collision_detection/allvalid/collision_env_allvalid.h
[851.263s] -- Installing: /home/sunrise/ws_moveit/install/moveit_core/include/moveit/collision_detection/allvalid/collision_detector_allocator_allvalid.h
[851.263s] -- Installing: /home/sunrise/ws_moveit/install/moveit_core/include/moveit/collision_detection/collision_common.h
[851.264s] -- Installing: /home/sunrise/ws_moveit/install/moveit_core/include/moveit/collision_detection/world_diff.h
[851.264s] -- Installing: /home/sunrise/ws_moveit/install/moveit_core/include/moveit/collision_detection/collision_tools.h
[851.264s] -- Installing: /home/sunrise/ws_moveit/install/moveit_core/include/moveit/collision_detection/collision_matrix.h
[851.264s] -- Installing: /home/sunrise/ws_moveit/install/moveit_core/include/moveit/collision_detection/occupancy_map.h
[851.264s] -- Installing: /home/sunrise/ws_moveit/install/moveit_core/include/moveit/collision_detection/collision_octomap_filter.h
[851.264s] -- Installing: /home/sunrise/ws_moveit/install/moveit_core/include/moveit_collision_detection_export.h
[851.265s] -- Up-to-date: /home/sunrise/ws_moveit/install/moveit_core/include
[851.265s] -- Up-to-date: /home/sunrise/ws_moveit/install/moveit_core/include/moveit
[851.265s] -- Installing: /home/sunrise/ws_moveit/install/moveit_core/include/moveit/collision_detection_bullet
[851.265s] -- Installing: /home/sunrise/ws_moveit/install/moveit_core/include/moveit/collision_detection_bullet/collision_detector_allocator_bullet.h
[851.265s] -- Installing: /home/sunrise/ws_moveit/install/moveit_core/include/moveit/collision_detection_bullet/bullet_integration
[851.265s] -- Installing: /home/sunrise/ws_moveit/install/moveit_core/include/moveit/collision_detection_bullet/bullet_integration/basic_types.h
[851.266s] -- Installing: /home/sunrise/ws_moveit/install/moveit_core/include/moveit/collision_detection_bullet/bullet_integration/bullet_discrete_bvh_manager.h
[851.266s] -- Installing: /home/sunrise/ws_moveit/install/moveit_core/include/moveit/collision_detection_bullet/bullet_integration/contact_checker_common.h
[851.266s] -- Installing: /home/sunrise/ws_moveit/install/moveit_core/include/moveit/collision_detection_bullet/bullet_integration/bullet_cast_bvh_manager.h
[851.266s] -- Installing: /home/sunrise/ws_moveit/install/moveit_core/include/moveit/collision_detection_bullet/bullet_integration/ros_bullet_utils.h
[851.266s] -- Installing: /home/sunrise/ws_moveit/install/moveit_core/include/moveit/collision_detection_bullet/bullet_integration/bullet_utils.h
[851.266s] -- Installing: /home/sunrise/ws_moveit/install/moveit_core/include/moveit/collision_detection_bullet/bullet_integration/bullet_bvh_manager.h
[851.267s] -- Installing: /home/sunrise/ws_moveit/install/moveit_core/include/moveit/collision_detection_bullet/collision_detector_bullet_plugin_loader.h
[851.267s] -- Installing: /home/sunrise/ws_moveit/install/moveit_core/include/moveit/collision_detection_bullet/collision_env_bullet.h
[851.267s] -- Installing: /home/sunrise/ws_moveit/install/moveit_core/include/moveit_collision_detection_bullet_export.h
[851.267s] -- Up-to-date: /home/sunrise/ws_moveit/install/moveit_core/include
[851.267s] -- Up-to-date: /home/sunrise/ws_moveit/install/moveit_core/include/moveit
[851.267s] -- Installing: /home/sunrise/ws_moveit/install/moveit_core/include/moveit/collision_detection_fcl
[851.268s] -- Installing: /home/sunrise/ws_moveit/install/moveit_core/include/moveit/collision_detection_fcl/fcl_compat.h
[851.268s] -- Installing: /home/sunrise/ws_moveit/install/moveit_core/include/moveit/collision_detection_fcl/collision_env_fcl.h
[851.268s] -- Installing: /home/sunrise/ws_moveit/install/moveit_core/include/moveit/collision_detection_fcl/collision_detector_fcl_plugin_loader.h
[851.268s] -- Installing: /home/sunrise/ws_moveit/install/moveit_core/include/moveit/collision_detection_fcl/collision_common.h
[851.268s] -- Installing: /home/sunrise/ws_moveit/install/moveit_core/include/moveit/collision_detection_fcl/collision_detector_allocator_fcl.h
[851.268s] -- Installing: /home/sunrise/ws_moveit/install/moveit_core/include/moveit_collision_detection_fcl_export.h
[851.269s] -- Installing: /home/sunrise/ws_moveit/install/moveit_core/lib/libcollision_detector_bullet_plugin.so.2.5.9
[851.269s] -- Set runtime path of "/home/sunrise/ws_moveit/install/moveit_core/lib/libcollision_detector_bullet_plugin.so.2.5.9" to ""
[851.270s] -- Installing: /home/sunrise/ws_moveit/install/moveit_core/lib/libcollision_detector_bullet_plugin.so
[851.270s] -- Installing: /home/sunrise/ws_moveit/install/moveit_core/lib/libmoveit_butterworth_filter.so.2.5.9
[851.270s] -- Set runtime path of "/home/sunrise/ws_moveit/install/moveit_core/lib/libmoveit_butterworth_filter.so.2.5.9" to ""
[851.271s] -- Installing: /home/sunrise/ws_moveit/install/moveit_core/lib/libmoveit_butterworth_filter.so
[851.271s] -- Installing: /home/sunrise/ws_moveit/install/moveit_core/lib/libmoveit_collision_distance_field.so.2.5.9
[851.272s] -- Set runtime path of "/home/sunrise/ws_moveit/install/moveit_core/lib/libmoveit_collision_distance_field.so.2.5.9" to ""
[851.272s] -- Installing: /home/sunrise/ws_moveit/install/moveit_core/lib/libmoveit_collision_distance_field.so
[851.272s] -- Installing: /home/sunrise/ws_moveit/install/moveit_core/lib/libmoveit_collision_detection.so.2.5.9
[851.274s] -- Set runtime path of "/home/sunrise/ws_moveit/install/moveit_core/lib/libmoveit_collision_detection.so.2.5.9" to ""
[851.274s] -- Installing: /home/sunrise/ws_moveit/install/moveit_core/lib/libmoveit_collision_detection.so
[851.274s] -- Installing: /home/sunrise/ws_moveit/install/moveit_core/lib/libmoveit_collision_detection_fcl.so.2.5.9
[851.275s] -- Set runtime path of "/home/sunrise/ws_moveit/install/moveit_core/lib/libmoveit_collision_detection_fcl.so.2.5.9" to ""
[851.275s] -- Installing: /home/sunrise/ws_moveit/install/moveit_core/lib/libmoveit_collision_detection_fcl.so
[851.275s] -- Installing: /home/sunrise/ws_moveit/install/moveit_core/lib/libmoveit_collision_detection_bullet.so.2.5.9
[851.277s] -- Set runtime path of "/home/sunrise/ws_moveit/install/moveit_core/lib/libmoveit_collision_detection_bullet.so.2.5.9" to ""
[851.277s] -- Installing: /home/sunrise/ws_moveit/install/moveit_core/lib/libmoveit_collision_detection_bullet.so
[851.277s] -- Installing: /home/sunrise/ws_moveit/install/moveit_core/lib/libmoveit_dynamics_solver.so.2.5.9
[851.277s] -- Set runtime path of "/home/sunrise/ws_moveit/install/moveit_core/lib/libmoveit_dynamics_solver.so.2.5.9" to ""
[851.278s] -- Installing: /home/sunrise/ws_moveit/install/moveit_core/lib/libmoveit_dynamics_solver.so
[851.278s] -- Installing: /home/sunrise/ws_moveit/install/moveit_core/lib/libmoveit_constraint_samplers.so.2.5.9
[851.279s] -- Set runtime path of "/home/sunrise/ws_moveit/install/moveit_core/lib/libmoveit_constraint_samplers.so.2.5.9" to ""
[851.279s] -- Installing: /home/sunrise/ws_moveit/install/moveit_core/lib/libmoveit_constraint_samplers.so
[851.279s] -- Installing: /home/sunrise/ws_moveit/install/moveit_core/lib/libmoveit_distance_field.so.2.5.9
[851.280s] -- Set runtime path of "/home/sunrise/ws_moveit/install/moveit_core/lib/libmoveit_distance_field.so.2.5.9" to ""
[851.280s] -- Installing: /home/sunrise/ws_moveit/install/moveit_core/lib/libmoveit_distance_field.so
[851.280s] -- Installing: /home/sunrise/ws_moveit/install/moveit_core/lib/libmoveit_exceptions.so.2.5.9
[851.281s] -- Set runtime path of "/home/sunrise/ws_moveit/install/moveit_core/lib/libmoveit_exceptions.so.2.5.9" to ""
[851.281s] -- Installing: /home/sunrise/ws_moveit/install/moveit_core/lib/libmoveit_exceptions.so
[851.281s] -- Installing: /home/sunrise/ws_moveit/install/moveit_core/lib/libmoveit_kinematics_base.so
[851.282s] -- Set runtime path of "/home/sunrise/ws_moveit/install/moveit_core/lib/libmoveit_kinematics_base.so" to ""
[851.282s] -- Installing: /home/sunrise/ws_moveit/install/moveit_core/lib/libmoveit_kinematic_constraints.so.2.5.9
[851.283s] -- Set runtime path of "/home/sunrise/ws_moveit/install/moveit_core/lib/libmoveit_kinematic_constraints.so.2.5.9" to ""
[851.283s] -- Installing: /home/sunrise/ws_moveit/install/moveit_core/lib/libmoveit_kinematic_constraints.so
[851.283s] -- Installing: /home/sunrise/ws_moveit/install/moveit_core/lib/libmoveit_kinematics_metrics.so.2.5.9
[851.284s] -- Set runtime path of "/home/sunrise/ws_moveit/install/moveit_core/lib/libmoveit_kinematics_metrics.so.2.5.9" to ""
[851.284s] -- Installing: /home/sunrise/ws_moveit/install/moveit_core/lib/libmoveit_kinematics_metrics.so
[851.284s] -- Installing: /home/sunrise/ws_moveit/install/moveit_core/lib/libmoveit_planning_interface.so.2.5.9
[851.285s] -- Set runtime path of "/home/sunrise/ws_moveit/install/moveit_core/lib/libmoveit_planning_interface.so.2.5.9" to ""
[851.285s] -- Installing: /home/sunrise/ws_moveit/install/moveit_core/lib/libmoveit_planning_interface.so
[851.285s] -- Installing: /home/sunrise/ws_moveit/install/moveit_core/lib/libmoveit_planning_scene.so.2.5.9
[851.287s] -- Set runtime path of "/home/sunrise/ws_moveit/install/moveit_core/lib/libmoveit_planning_scene.so.2.5.9" to ""
[851.287s] -- Installing: /home/sunrise/ws_moveit/install/moveit_core/lib/libmoveit_planning_scene.so
[851.287s] -- Installing: /home/sunrise/ws_moveit/install/moveit_core/lib/libmoveit_planning_request_adapter.so.2.5.9
[851.288s] -- Set runtime path of "/home/sunrise/ws_moveit/install/moveit_core/lib/libmoveit_planning_request_adapter.so.2.5.9" to ""
[851.288s] -- Installing: /home/sunrise/ws_moveit/install/moveit_core/lib/libmoveit_planning_request_adapter.so
[851.288s] -- Installing: /home/sunrise/ws_moveit/install/moveit_core/lib/libmoveit_robot_model.so.2.5.9
[851.289s] -- Set runtime path of "/home/sunrise/ws_moveit/install/moveit_core/lib/libmoveit_robot_model.so.2.5.9" to ""
[851.290s] -- Installing: /home/sunrise/ws_moveit/install/moveit_core/lib/libmoveit_robot_model.so
[851.290s] -- Installing: /home/sunrise/ws_moveit/install/moveit_core/lib/libmoveit_robot_state.so.2.5.9
[851.291s] -- Set runtime path of "/home/sunrise/ws_moveit/install/moveit_core/lib/libmoveit_robot_state.so.2.5.9" to ""
[851.291s] -- Installing: /home/sunrise/ws_moveit/install/moveit_core/lib/libmoveit_robot_state.so
[851.291s] -- Installing: /home/sunrise/ws_moveit/install/moveit_core/lib/libmoveit_robot_trajectory.so.2.5.9
[851.292s] -- Set runtime path of "/home/sunrise/ws_moveit/install/moveit_core/lib/libmoveit_robot_trajectory.so.2.5.9" to ""
[851.292s] -- Installing: /home/sunrise/ws_moveit/install/moveit_core/lib/libmoveit_robot_trajectory.so
[851.292s] -- Installing: /home/sunrise/ws_moveit/install/moveit_core/lib/libmoveit_smoothing_base.so.2.5.9
[851.293s] -- Set runtime path of "/home/sunrise/ws_moveit/install/moveit_core/lib/libmoveit_smoothing_base.so.2.5.9" to ""
[851.293s] -- Installing: /home/sunrise/ws_moveit/install/moveit_core/lib/libmoveit_smoothing_base.so
[851.293s] -- Installing: /home/sunrise/ws_moveit/install/moveit_core/lib/libmoveit_test_utils.so.2.5.9
[851.294s] -- Set runtime path of "/home/sunrise/ws_moveit/install/moveit_core/lib/libmoveit_test_utils.so.2.5.9" to ""
[851.294s] -- Installing: /home/sunrise/ws_moveit/install/moveit_core/lib/libmoveit_test_utils.so
[851.294s] -- Installing: /home/sunrise/ws_moveit/install/moveit_core/lib/libmoveit_trajectory_processing.so.2.5.9
[851.295s] -- Set runtime path of "/home/sunrise/ws_moveit/install/moveit_core/lib/libmoveit_trajectory_processing.so.2.5.9" to ""
[851.296s] -- Installing: /home/sunrise/ws_moveit/install/moveit_core/lib/libmoveit_trajectory_processing.so
[851.296s] -- Installing: /home/sunrise/ws_moveit/install/moveit_core/lib/libmoveit_transforms.so.2.5.9
[851.296s] -- Set runtime path of "/home/sunrise/ws_moveit/install/moveit_core/lib/libmoveit_transforms.so.2.5.9" to ""
[851.296s] -- Installing: /home/sunrise/ws_moveit/install/moveit_core/lib/libmoveit_transforms.so
[851.297s] -- Installing: /home/sunrise/ws_moveit/install/moveit_core/lib/libmoveit_utils.so.2.5.9
[851.297s] -- Set runtime path of "/home/sunrise/ws_moveit/install/moveit_core/lib/libmoveit_utils.so.2.5.9" to ""
[851.297s] -- Installing: /home/sunrise/ws_moveit/install/moveit_core/lib/libmoveit_utils.so
[851.298s] -- Installing: /home/sunrise/ws_moveit/install/moveit_core/share/moveit_core/environment/library_path.sh
[851.298s] -- Installing: /home/sunrise/ws_moveit/install/moveit_core/share/moveit_core/environment/library_path.dsv
[851.298s] -- Installing: /home/sunrise/ws_moveit/install/moveit_core/share/moveit_core/collision_detector_fcl_description.xml
[851.298s] -- Installing: /home/sunrise/ws_moveit/install/moveit_core/share/moveit_core/collision_detector_bullet_description.xml
[851.299s] -- Installing: /home/sunrise/ws_moveit/install/moveit_core/share/moveit_core/filter_plugin_butterworth.xml
[851.299s] -- Installing: /home/sunrise/ws_moveit/install/moveit_core/share/ament_index/resource_index/package_run_dependencies/moveit_core
[851.299s] -- Installing: /home/sunrise/ws_moveit/install/moveit_core/share/ament_index/resource_index/parent_prefix_path/moveit_core
[851.300s] -- Installing: /home/sunrise/ws_moveit/install/moveit_core/share/moveit_core/environment/ament_prefix_path.sh
[851.300s] -- Installing: /home/sunrise/ws_moveit/install/moveit_core/share/moveit_core/environment/ament_prefix_path.dsv
[851.300s] -- Installing: /home/sunrise/ws_moveit/install/moveit_core/share/moveit_core/environment/path.sh
[851.300s] -- Installing: /home/sunrise/ws_moveit/install/moveit_core/share/moveit_core/environment/path.dsv
[851.301s] -- Installing: /home/sunrise/ws_moveit/install/moveit_core/share/moveit_core/local_setup.bash
[851.301s] -- Installing: /home/sunrise/ws_moveit/install/moveit_core/share/moveit_core/local_setup.sh
[851.301s] -- Installing: /home/sunrise/ws_moveit/install/moveit_core/share/moveit_core/local_setup.zsh
[851.301s] -- Installing: /home/sunrise/ws_moveit/install/moveit_core/share/moveit_core/local_setup.dsv
[851.302s] -- Installing: /home/sunrise/ws_moveit/install/moveit_core/share/moveit_core/package.dsv
[851.302s] -- Installing: /home/sunrise/ws_moveit/install/moveit_core/share/ament_index/resource_index/packages/moveit_core
[851.302s] -- Installing: /home/sunrise/ws_moveit/install/moveit_core/share/ament_index/resource_index/moveit_core__pluginlib__plugin/moveit_core
[851.303s] -- Installing: /home/sunrise/ws_moveit/install/moveit_core/share/moveit_core/cmake/export_moveit_coreExport.cmake
[851.303s] -- Installing: /home/sunrise/ws_moveit/install/moveit_core/share/moveit_core/cmake/export_moveit_coreExport-release.cmake
[851.303s] -- Installing: /home/sunrise/ws_moveit/install/moveit_core/share/moveit_core/cmake/ConfigExtras.cmake
[851.303s] -- Installing: /home/sunrise/ws_moveit/install/moveit_core/share/moveit_core/cmake/ament_cmake_export_targets-extras.cmake
[851.304s] -- Installing: /home/sunrise/ws_moveit/install/moveit_core/share/moveit_core/cmake/ament_cmake_export_dependencies-extras.cmake
[851.304s] -- Installing: /home/sunrise/ws_moveit/install/moveit_core/share/moveit_core/cmake/moveit_coreConfig.cmake
[851.304s] -- Installing: /home/sunrise/ws_moveit/install/moveit_core/share/moveit_core/cmake/moveit_coreConfig-version.cmake
[851.304s] -- Installing: /home/sunrise/ws_moveit/install/moveit_core/share/moveit_core/package.xml
[851.307s] Invoked command in '/home/sunrise/ws_moveit/build/moveit_core' returned '0': AMENT_PREFIX_PATH=/home/sunrise/ws_moveit/install/moveit_resources_panda_moveit_config:/home/sunrise/ws_moveit/install/srdfdom:/home/sunrise/ws_moveit/install/moveit_resources_pr2_description:/home/sunrise/ws_moveit/install/moveit_resources_panda_description:/home/sunrise/ws_moveit/install/moveit_common:${AMENT_PREFIX_PATH} CMAKE_PREFIX_PATH=/home/sunrise/ws_moveit/install/moveit_resources_panda_moveit_config:/home/sunrise/ws_moveit/install/srdfdom:/home/sunrise/ws_moveit/install/moveit_resources_pr2_description:/home/sunrise/ws_moveit/install/moveit_resources_panda_description:/home/sunrise/ws_moveit/install/moveit_common:/opt/ros/humble LD_LIBRARY_PATH=/home/sunrise/ws_moveit/install/srdfdom/lib:${LD_LIBRARY_PATH} PYTHONPATH=/home/sunrise/ws_moveit/install/srdfdom/local/lib/python3.10/dist-packages:${PYTHONPATH} /usr/bin/cmake --install /home/sunrise/ws_moveit/build/moveit_core
