[0.062s] Invoking command in '/home/sunrise/ws_moveit/build/moveit_py': AMENT_PREFIX_PATH=/home/sunrise/ws_moveit/install/moveit_ros_planning_interface:/home/sunrise/ws_moveit/install/moveit_ros_move_group:/home/sunrise/ws_moveit/install/moveit_ros_warehouse:/home/sunrise/ws_moveit/install/moveit_planners_ompl:/home/sunrise/ws_moveit/install/moveit_kinematics:/home/sunrise/ws_moveit/install/moveit_ros_planning:/home/sunrise/ws_moveit/install/moveit_simple_controller_manager:/home/sunrise/ws_moveit/install/moveit_ros_occupancy_map_monitor:/home/sunrise/ws_moveit/install/moveit_core:/home/sunrise/ws_moveit/install/moveit_resources_panda_moveit_config:/home/sunrise/ws_moveit/install/moveit_resources_fanuc_moveit_config:/home/sunrise/ws_moveit/install/moveit_configs_utils:/home/sunrise/ws_moveit/install/srdfdom:/home/sunrise/ws_moveit/install/moveit_resources_pr2_description:/home/sunrise/ws_moveit/install/moveit_resources_panda_description:/home/sunrise/ws_moveit/install/moveit_resources_fanuc_description:/home/sunrise/ws_moveit/install/moveit_common:/home/sunrise/ws_moveit/install/launch_param_builder:${AMENT_PREFIX_PATH} CMAKE_PREFIX_PATH=/home/sunrise/ws_moveit/install/moveit_ros_planning_interface:/home/sunrise/ws_moveit/install/moveit_ros_move_group:/home/sunrise/ws_moveit/install/moveit_ros_warehouse:/home/sunrise/ws_moveit/install/moveit_planners_ompl:/home/sunrise/ws_moveit/install/moveit_kinematics:/home/sunrise/ws_moveit/install/moveit_ros_planning:/home/sunrise/ws_moveit/install/moveit_simple_controller_manager:/home/sunrise/ws_moveit/install/moveit_ros_occupancy_map_monitor:/home/sunrise/ws_moveit/install/moveit_core:/home/sunrise/ws_moveit/install/moveit_resources_panda_moveit_config:/home/sunrise/ws_moveit/install/moveit_resources_fanuc_moveit_config:/home/sunrise/ws_moveit/install/srdfdom:/home/sunrise/ws_moveit/install/moveit_resources_pr2_description:/home/sunrise/ws_moveit/install/moveit_resources_panda_description:/home/sunrise/ws_moveit/install/moveit_resources_fanuc_description:/home/sunrise/ws_moveit/install/moveit_common:/opt/ros/humble LD_LIBRARY_PATH=/home/sunrise/ws_moveit/install/moveit_ros_planning_interface/lib:/home/sunrise/ws_moveit/install/moveit_ros_move_group/lib:/home/sunrise/ws_moveit/install/moveit_ros_warehouse/lib:/home/sunrise/ws_moveit/install/moveit_planners_ompl/lib:/home/sunrise/ws_moveit/install/moveit_kinematics/lib:/home/sunrise/ws_moveit/install/moveit_ros_planning/lib:/home/sunrise/ws_moveit/install/moveit_simple_controller_manager/lib:/home/sunrise/ws_moveit/install/moveit_ros_occupancy_map_monitor/lib:/home/sunrise/ws_moveit/install/moveit_core/lib:/home/sunrise/ws_moveit/install/srdfdom/lib:${LD_LIBRARY_PATH} PATH=/home/sunrise/ws_moveit/install/moveit_core/bin:${PATH} PYTHONPATH=/home/sunrise/ws_moveit/install/moveit_configs_utils/lib/python3.10/site-packages:/home/sunrise/ws_moveit/install/srdfdom/local/lib/python3.10/dist-packages:/home/sunrise/ws_moveit/install/launch_param_builder/lib/python3.10/site-packages:${PYTHONPATH} /usr/bin/cmake /home/sunrise/ws_moveit/src/moveit2/moveit_py -DCMAKE_BUILD_TYPE=Release -DCMAKE_INSTALL_PREFIX=/home/sunrise/ws_moveit/install/moveit_py
[0.142s] -- The C compiler identification is GNU 11.4.0
[0.225s] -- The CXX compiler identification is GNU 11.4.0
[0.235s] -- Detecting C compiler ABI info
[0.334s] -- Detecting C compiler ABI info - done
[0.341s] -- Check for working C compiler: /usr/bin/cc - skipped
[0.341s] -- Detecting C compile features
[0.342s] -- Detecting C compile features - done
[0.346s] -- Detecting CXX compiler ABI info
[0.468s] -- Detecting CXX compiler ABI info - done
[0.480s] -- Check for working CXX compiler: /usr/bin/c++ - skipped
[0.480s] -- Detecting CXX compile features
[0.481s] -- Detecting CXX compile features - done
[0.486s] -- Found ament_cmake: 1.3.12 (/opt/ros/humble/share/ament_cmake/cmake)
[1.190s] -- Found Python3: /usr/bin/python3 (found version "3.10.12") found components: Interpreter 
[1.400s] -- Found rclcpp: 16.0.14 (/opt/ros/humble/share/rclcpp/cmake)
[1.487s] -- Found rosidl_generator_c: 3.1.7 (/opt/ros/humble/share/rosidl_generator_c/cmake)
[1.499s] -- Found rosidl_adapter: 3.1.7 (/opt/ros/humble/share/rosidl_adapter/cmake)
[1.515s] -- Found rosidl_generator_cpp: 3.1.7 (/opt/ros/humble/share/rosidl_generator_cpp/cmake)
[1.539s] -- Using all available rosidl_typesupport_c: rosidl_typesupport_fastrtps_c;rosidl_typesupport_introspection_c
[1.572s] -- Using all available rosidl_typesupport_cpp: rosidl_typesupport_fastrtps_cpp;rosidl_typesupport_introspection_cpp
[1.661s] -- Found rmw_implementation_cmake: 6.1.2 (/opt/ros/humble/share/rmw_implementation_cmake/cmake)
[1.668s] -- Found rmw_fastrtps_cpp: 6.2.8 (/opt/ros/humble/share/rmw_fastrtps_cpp/cmake)
[1.796s] -- Found OpenSSL: /usr/lib/aarch64-linux-gnu/libcrypto.so (found version "3.0.2")  
[1.835s] -- Found FastRTPS: /opt/ros/humble/include  
[1.887s] -- Using RMW implementation 'rmw_fastrtps_cpp' as default
[1.906s] -- Looking for pthread.h
[2.033s] -- Looking for pthread.h - found
[2.033s] -- Performing Test CMAKE_HAVE_LIBC_PTHREAD
[2.163s] -- Performing Test CMAKE_HAVE_LIBC_PTHREAD - Success
[2.165s] -- Found Threads: TRUE  
[2.269s] -- Found rclpy: 3.3.17 (/opt/ros/humble/share/rclpy/cmake)
[2.274s] -- Found geometry_msgs: 4.9.0 (/opt/ros/humble/share/geometry_msgs/cmake)
[2.294s] -- Found moveit_ros_planning: 2.5.9 (/home/sunrise/ws_moveit/install/moveit_ros_planning/share/moveit_ros_planning/cmake)
[2.346s] -- Found Boost: /usr/lib/aarch64-linux-gnu/cmake/Boost-1.74.0/BoostConfig.cmake (found version "1.74.0") found components: system filesystem date_time program_options thread chrono 
[2.616s] -- Found Boost: /usr/lib/aarch64-linux-gnu/cmake/Boost-1.74.0/BoostConfig.cmake (found version "1.74.0") found components: chrono date_time filesystem iostreams program_options regex serialization system thread 
[2.684s] -- Found parameter_traits: 0.7.1 (/opt/ros/humble/share/parameter_traits/cmake)
[2.716s] -- Found rclcpp_lifecycle: 16.0.14 (/opt/ros/humble/share/rclcpp_lifecycle/cmake)
[2.758s] -- Found Boost: /usr/lib/aarch64-linux-gnu/cmake/Boost-1.74.0/BoostConfig.cmake (found version "1.74.0") found components: filesystem 
[2.874s] -- library: /usr/lib/aarch64-linux-gnu/libcurl.so
[2.983s] -- Found Eigen3: TRUE (found version "3.4.0") 
[2.983s] -- Ensuring Eigen3 include directory is part of orocos-kdl CMake target
[3.194s] -- Found moveit_ros_planning_interface: 2.5.9 (/home/sunrise/ws_moveit/install/moveit_ros_planning_interface/share/moveit_ros_planning_interface/cmake)
[3.204s] -- Found Boost: /usr/lib/aarch64-linux-gnu/cmake/Boost-1.74.0/BoostConfig.cmake (found version "1.74.0") found components: date_time filesystem program_options system thread 
[3.226s] -- Found Boost: /usr/lib/aarch64-linux-gnu/cmake/Boost-1.74.0/BoostConfig.cmake (found version "1.74.0") found components: thread system filesystem regex date_time program_options 
[3.262s] -- Found Boost: /usr/lib/aarch64-linux-gnu/cmake/Boost-1.74.0/BoostConfig.cmake (found version "1.74.0") found components: system filesystem date_time program_options thread 
[4.450s] -- Found Python3: /usr/bin/python3 (found version "3.10.12") found components: Interpreter Development Development.Module Development.Embed 
[4.457s] -- Found pybind11_vendor: 2.4.2 (/opt/ros/humble/share/pybind11_vendor/cmake)
[4.554s] -- Performing Test HAS_FLTO
[4.805s] -- Performing Test HAS_FLTO - Success
[4.805s] -- Found pybind11: /usr/include (found version "2.9.1")
[4.979s] -- Found ament_cmake_pytest: 1.3.12 (/opt/ros/humble/share/ament_cmake_pytest/cmake)
[6.302s] -- Configuring done
[6.391s] -- Generating done
[6.417s] -- Build files have been written to: /home/sunrise/ws_moveit/build/moveit_py
[6.445s] Invoked command in '/home/sunrise/ws_moveit/build/moveit_py' returned '0': AMENT_PREFIX_PATH=/home/sunrise/ws_moveit/install/moveit_ros_planning_interface:/home/sunrise/ws_moveit/install/moveit_ros_move_group:/home/sunrise/ws_moveit/install/moveit_ros_warehouse:/home/sunrise/ws_moveit/install/moveit_planners_ompl:/home/sunrise/ws_moveit/install/moveit_kinematics:/home/sunrise/ws_moveit/install/moveit_ros_planning:/home/sunrise/ws_moveit/install/moveit_simple_controller_manager:/home/sunrise/ws_moveit/install/moveit_ros_occupancy_map_monitor:/home/sunrise/ws_moveit/install/moveit_core:/home/sunrise/ws_moveit/install/moveit_resources_panda_moveit_config:/home/sunrise/ws_moveit/install/moveit_resources_fanuc_moveit_config:/home/sunrise/ws_moveit/install/moveit_configs_utils:/home/sunrise/ws_moveit/install/srdfdom:/home/sunrise/ws_moveit/install/moveit_resources_pr2_description:/home/sunrise/ws_moveit/install/moveit_resources_panda_description:/home/sunrise/ws_moveit/install/moveit_resources_fanuc_description:/home/sunrise/ws_moveit/install/moveit_common:/home/sunrise/ws_moveit/install/launch_param_builder:${AMENT_PREFIX_PATH} CMAKE_PREFIX_PATH=/home/sunrise/ws_moveit/install/moveit_ros_planning_interface:/home/sunrise/ws_moveit/install/moveit_ros_move_group:/home/sunrise/ws_moveit/install/moveit_ros_warehouse:/home/sunrise/ws_moveit/install/moveit_planners_ompl:/home/sunrise/ws_moveit/install/moveit_kinematics:/home/sunrise/ws_moveit/install/moveit_ros_planning:/home/sunrise/ws_moveit/install/moveit_simple_controller_manager:/home/sunrise/ws_moveit/install/moveit_ros_occupancy_map_monitor:/home/sunrise/ws_moveit/install/moveit_core:/home/sunrise/ws_moveit/install/moveit_resources_panda_moveit_config:/home/sunrise/ws_moveit/install/moveit_resources_fanuc_moveit_config:/home/sunrise/ws_moveit/install/srdfdom:/home/sunrise/ws_moveit/install/moveit_resources_pr2_description:/home/sunrise/ws_moveit/install/moveit_resources_panda_description:/home/sunrise/ws_moveit/install/moveit_resources_fanuc_description:/home/sunrise/ws_moveit/install/moveit_common:/opt/ros/humble LD_LIBRARY_PATH=/home/sunrise/ws_moveit/install/moveit_ros_planning_interface/lib:/home/sunrise/ws_moveit/install/moveit_ros_move_group/lib:/home/sunrise/ws_moveit/install/moveit_ros_warehouse/lib:/home/sunrise/ws_moveit/install/moveit_planners_ompl/lib:/home/sunrise/ws_moveit/install/moveit_kinematics/lib:/home/sunrise/ws_moveit/install/moveit_ros_planning/lib:/home/sunrise/ws_moveit/install/moveit_simple_controller_manager/lib:/home/sunrise/ws_moveit/install/moveit_ros_occupancy_map_monitor/lib:/home/sunrise/ws_moveit/install/moveit_core/lib:/home/sunrise/ws_moveit/install/srdfdom/lib:${LD_LIBRARY_PATH} PATH=/home/sunrise/ws_moveit/install/moveit_core/bin:${PATH} PYTHONPATH=/home/sunrise/ws_moveit/install/moveit_configs_utils/lib/python3.10/site-packages:/home/sunrise/ws_moveit/install/srdfdom/local/lib/python3.10/dist-packages:/home/sunrise/ws_moveit/install/launch_param_builder/lib/python3.10/site-packages:${PYTHONPATH} /usr/bin/cmake /home/sunrise/ws_moveit/src/moveit2/moveit_py -DCMAKE_BUILD_TYPE=Release -DCMAKE_INSTALL_PREFIX=/home/sunrise/ws_moveit/install/moveit_py
[6.446s] Invoking command in '/home/sunrise/ws_moveit/build/moveit_py': AMENT_PREFIX_PATH=/home/sunrise/ws_moveit/install/moveit_ros_planning_interface:/home/sunrise/ws_moveit/install/moveit_ros_move_group:/home/sunrise/ws_moveit/install/moveit_ros_warehouse:/home/sunrise/ws_moveit/install/moveit_planners_ompl:/home/sunrise/ws_moveit/install/moveit_kinematics:/home/sunrise/ws_moveit/install/moveit_ros_planning:/home/sunrise/ws_moveit/install/moveit_simple_controller_manager:/home/sunrise/ws_moveit/install/moveit_ros_occupancy_map_monitor:/home/sunrise/ws_moveit/install/moveit_core:/home/sunrise/ws_moveit/install/moveit_resources_panda_moveit_config:/home/sunrise/ws_moveit/install/moveit_resources_fanuc_moveit_config:/home/sunrise/ws_moveit/install/moveit_configs_utils:/home/sunrise/ws_moveit/install/srdfdom:/home/sunrise/ws_moveit/install/moveit_resources_pr2_description:/home/sunrise/ws_moveit/install/moveit_resources_panda_description:/home/sunrise/ws_moveit/install/moveit_resources_fanuc_description:/home/sunrise/ws_moveit/install/moveit_common:/home/sunrise/ws_moveit/install/launch_param_builder:${AMENT_PREFIX_PATH} CMAKE_PREFIX_PATH=/home/sunrise/ws_moveit/install/moveit_ros_planning_interface:/home/sunrise/ws_moveit/install/moveit_ros_move_group:/home/sunrise/ws_moveit/install/moveit_ros_warehouse:/home/sunrise/ws_moveit/install/moveit_planners_ompl:/home/sunrise/ws_moveit/install/moveit_kinematics:/home/sunrise/ws_moveit/install/moveit_ros_planning:/home/sunrise/ws_moveit/install/moveit_simple_controller_manager:/home/sunrise/ws_moveit/install/moveit_ros_occupancy_map_monitor:/home/sunrise/ws_moveit/install/moveit_core:/home/sunrise/ws_moveit/install/moveit_resources_panda_moveit_config:/home/sunrise/ws_moveit/install/moveit_resources_fanuc_moveit_config:/home/sunrise/ws_moveit/install/srdfdom:/home/sunrise/ws_moveit/install/moveit_resources_pr2_description:/home/sunrise/ws_moveit/install/moveit_resources_panda_description:/home/sunrise/ws_moveit/install/moveit_resources_fanuc_description:/home/sunrise/ws_moveit/install/moveit_common:/opt/ros/humble LD_LIBRARY_PATH=/home/sunrise/ws_moveit/install/moveit_ros_planning_interface/lib:/home/sunrise/ws_moveit/install/moveit_ros_move_group/lib:/home/sunrise/ws_moveit/install/moveit_ros_warehouse/lib:/home/sunrise/ws_moveit/install/moveit_planners_ompl/lib:/home/sunrise/ws_moveit/install/moveit_kinematics/lib:/home/sunrise/ws_moveit/install/moveit_ros_planning/lib:/home/sunrise/ws_moveit/install/moveit_simple_controller_manager/lib:/home/sunrise/ws_moveit/install/moveit_ros_occupancy_map_monitor/lib:/home/sunrise/ws_moveit/install/moveit_core/lib:/home/sunrise/ws_moveit/install/srdfdom/lib:${LD_LIBRARY_PATH} PATH=/home/sunrise/ws_moveit/install/moveit_core/bin:${PATH} PYTHONPATH=/home/sunrise/ws_moveit/install/moveit_configs_utils/lib/python3.10/site-packages:/home/sunrise/ws_moveit/install/srdfdom/local/lib/python3.10/dist-packages:/home/sunrise/ws_moveit/install/launch_param_builder/lib/python3.10/site-packages:${PYTHONPATH} /usr/bin/cmake --build /home/sunrise/ws_moveit/build/moveit_py -- -j6 -l6
[6.526s] [  0%] Built target ament_cmake_python_copy_moveit
[6.552s] [  4%] [32mBuilding CXX object src/moveit/moveit_py_utils/CMakeFiles/moveit_py_utils.dir/src/copy_ros_msg.cpp.o[0m
[17.010s] [  8%] [32mBuilding CXX object src/moveit/moveit_py_utils/CMakeFiles/moveit_py_utils.dir/src/ros_msg_typecasters.cpp.o[0m
[28.016s] [ 12%] [32m[1mLinking CXX shared library libmoveit_py_utils.so[0m
[29.004s] [ 12%] Built target moveit_py_utils
[29.513s] running egg_info
[29.540s] creating moveit.egg-info
[29.540s] writing moveit.egg-info/PKG-INFO
[29.541s] writing dependency_links to moveit.egg-info/dependency_links.txt
[29.542s] writing top-level names to moveit.egg-info/top_level.txt
[29.542s] writing manifest file 'moveit.egg-info/SOURCES.txt'
[29.625s] reading manifest file 'moveit.egg-info/SOURCES.txt'
[29.626s] writing manifest file 'moveit.egg-info/SOURCES.txt'
[29.699s] [ 12%] Built target ament_cmake_python_build_moveit_egg
[29.729s] [ 16%] [32mBuilding CXX object CMakeFiles/planning.dir/src/moveit/planning.cpp.o[0m
[49.915s] [ 20%] [32mBuilding CXX object CMakeFiles/planning.dir/src/moveit/moveit_ros/trajectory_execution_manager/trajectory_execution_manager.cpp.o[0m
[68.636s] [ 25%] [32mBuilding CXX object CMakeFiles/planning.dir/src/moveit/moveit_ros/planning_scene_monitor/planning_scene_monitor.cpp.o[0m
[87.939s] [ 29%] [32mBuilding CXX object CMakeFiles/planning.dir/src/moveit/moveit_ros/moveit_cpp/planning_component.cpp.o[0m
[111.779s] [ 33%] [32mBuilding CXX object CMakeFiles/planning.dir/src/moveit/moveit_ros/moveit_cpp/moveit_cpp.cpp.o[0m
[135.103s] [ 37%] [32m[1mLinking CXX shared module test_moveit/planning.cpython-310-aarch64-linux-gnu.so[0m
[136.260s] lto-wrapper: warning: using serial compilation of 6 LTRANS jobs
[148.937s] [ 37%] Built target planning
[148.968s] [ 41%] [32mBuilding CXX object CMakeFiles/core.dir/src/moveit/core.cpp.o[0m
[165.329s] [ 45%] [32mBuilding CXX object CMakeFiles/core.dir/src/moveit/moveit_core/kinematic_constraints/utils.cpp.o[0m
[179.846s] [ 50%] [32mBuilding CXX object CMakeFiles/core.dir/src/moveit/moveit_core/planning_interface/planning_response.cpp.o[0m
[194.947s] [ 54%] [32mBuilding CXX object CMakeFiles/core.dir/src/moveit/moveit_core/planning_scene/planning_scene.cpp.o[0m
[213.884s] [ 58%] [32mBuilding CXX object CMakeFiles/core.dir/src/moveit/moveit_core/transforms/transforms.cpp.o[0m
[224.023s] [ 62%] [32mBuilding CXX object CMakeFiles/core.dir/src/moveit/moveit_core/robot_model/joint_model.cpp.o[0m
[229.540s] [ 66%] [32mBuilding CXX object CMakeFiles/core.dir/src/moveit/moveit_core/robot_model/joint_model_group.cpp.o[0m
[241.250s] [ 70%] [32mBuilding CXX object CMakeFiles/core.dir/src/moveit/moveit_core/robot_model/robot_model.cpp.o[0m
[254.348s] [ 75%] [32mBuilding CXX object CMakeFiles/core.dir/src/moveit/moveit_core/robot_state/robot_state.cpp.o[0m
[271.775s] [ 79%] [32mBuilding CXX object CMakeFiles/core.dir/src/moveit/moveit_core/robot_trajectory/robot_trajectory.cpp.o[0m
[287.497s] [ 83%] [32mBuilding CXX object CMakeFiles/core.dir/src/moveit/moveit_core/controller_manager/controller_manager.cpp.o[0m
[297.176s] [ 87%] [32mBuilding CXX object CMakeFiles/core.dir/src/moveit/moveit_core/collision_detection/world.cpp.o[0m
[305.135s] [ 91%] [32mBuilding CXX object CMakeFiles/core.dir/src/moveit/moveit_core/collision_detection/collision_matrix.cpp.o[0m
[316.823s] [ 95%] [32mBuilding CXX object CMakeFiles/core.dir/src/moveit/moveit_core/collision_detection/collision_common.cpp.o[0m
[329.639s] [100%] [32m[1mLinking CXX shared module test_moveit/core.cpython-310-aarch64-linux-gnu.so[0m
[331.174s] lto-wrapper: warning: using serial compilation of 9 LTRANS jobs
[347.896s] [100%] Built target core
[347.913s] Invoked command in '/home/sunrise/ws_moveit/build/moveit_py' returned '0': AMENT_PREFIX_PATH=/home/sunrise/ws_moveit/install/moveit_ros_planning_interface:/home/sunrise/ws_moveit/install/moveit_ros_move_group:/home/sunrise/ws_moveit/install/moveit_ros_warehouse:/home/sunrise/ws_moveit/install/moveit_planners_ompl:/home/sunrise/ws_moveit/install/moveit_kinematics:/home/sunrise/ws_moveit/install/moveit_ros_planning:/home/sunrise/ws_moveit/install/moveit_simple_controller_manager:/home/sunrise/ws_moveit/install/moveit_ros_occupancy_map_monitor:/home/sunrise/ws_moveit/install/moveit_core:/home/sunrise/ws_moveit/install/moveit_resources_panda_moveit_config:/home/sunrise/ws_moveit/install/moveit_resources_fanuc_moveit_config:/home/sunrise/ws_moveit/install/moveit_configs_utils:/home/sunrise/ws_moveit/install/srdfdom:/home/sunrise/ws_moveit/install/moveit_resources_pr2_description:/home/sunrise/ws_moveit/install/moveit_resources_panda_description:/home/sunrise/ws_moveit/install/moveit_resources_fanuc_description:/home/sunrise/ws_moveit/install/moveit_common:/home/sunrise/ws_moveit/install/launch_param_builder:${AMENT_PREFIX_PATH} CMAKE_PREFIX_PATH=/home/sunrise/ws_moveit/install/moveit_ros_planning_interface:/home/sunrise/ws_moveit/install/moveit_ros_move_group:/home/sunrise/ws_moveit/install/moveit_ros_warehouse:/home/sunrise/ws_moveit/install/moveit_planners_ompl:/home/sunrise/ws_moveit/install/moveit_kinematics:/home/sunrise/ws_moveit/install/moveit_ros_planning:/home/sunrise/ws_moveit/install/moveit_simple_controller_manager:/home/sunrise/ws_moveit/install/moveit_ros_occupancy_map_monitor:/home/sunrise/ws_moveit/install/moveit_core:/home/sunrise/ws_moveit/install/moveit_resources_panda_moveit_config:/home/sunrise/ws_moveit/install/moveit_resources_fanuc_moveit_config:/home/sunrise/ws_moveit/install/srdfdom:/home/sunrise/ws_moveit/install/moveit_resources_pr2_description:/home/sunrise/ws_moveit/install/moveit_resources_panda_description:/home/sunrise/ws_moveit/install/moveit_resources_fanuc_description:/home/sunrise/ws_moveit/install/moveit_common:/opt/ros/humble LD_LIBRARY_PATH=/home/sunrise/ws_moveit/install/moveit_ros_planning_interface/lib:/home/sunrise/ws_moveit/install/moveit_ros_move_group/lib:/home/sunrise/ws_moveit/install/moveit_ros_warehouse/lib:/home/sunrise/ws_moveit/install/moveit_planners_ompl/lib:/home/sunrise/ws_moveit/install/moveit_kinematics/lib:/home/sunrise/ws_moveit/install/moveit_ros_planning/lib:/home/sunrise/ws_moveit/install/moveit_simple_controller_manager/lib:/home/sunrise/ws_moveit/install/moveit_ros_occupancy_map_monitor/lib:/home/sunrise/ws_moveit/install/moveit_core/lib:/home/sunrise/ws_moveit/install/srdfdom/lib:${LD_LIBRARY_PATH} PATH=/home/sunrise/ws_moveit/install/moveit_core/bin:${PATH} PYTHONPATH=/home/sunrise/ws_moveit/install/moveit_configs_utils/lib/python3.10/site-packages:/home/sunrise/ws_moveit/install/srdfdom/local/lib/python3.10/dist-packages:/home/sunrise/ws_moveit/install/launch_param_builder/lib/python3.10/site-packages:${PYTHONPATH} /usr/bin/cmake --build /home/sunrise/ws_moveit/build/moveit_py -- -j6 -l6
[347.914s] Invoking command in '/home/sunrise/ws_moveit/build/moveit_py': AMENT_PREFIX_PATH=/home/sunrise/ws_moveit/install/moveit_ros_planning_interface:/home/sunrise/ws_moveit/install/moveit_ros_move_group:/home/sunrise/ws_moveit/install/moveit_ros_warehouse:/home/sunrise/ws_moveit/install/moveit_planners_ompl:/home/sunrise/ws_moveit/install/moveit_kinematics:/home/sunrise/ws_moveit/install/moveit_ros_planning:/home/sunrise/ws_moveit/install/moveit_simple_controller_manager:/home/sunrise/ws_moveit/install/moveit_ros_occupancy_map_monitor:/home/sunrise/ws_moveit/install/moveit_core:/home/sunrise/ws_moveit/install/moveit_resources_panda_moveit_config:/home/sunrise/ws_moveit/install/moveit_resources_fanuc_moveit_config:/home/sunrise/ws_moveit/install/moveit_configs_utils:/home/sunrise/ws_moveit/install/srdfdom:/home/sunrise/ws_moveit/install/moveit_resources_pr2_description:/home/sunrise/ws_moveit/install/moveit_resources_panda_description:/home/sunrise/ws_moveit/install/moveit_resources_fanuc_description:/home/sunrise/ws_moveit/install/moveit_common:/home/sunrise/ws_moveit/install/launch_param_builder:${AMENT_PREFIX_PATH} CMAKE_PREFIX_PATH=/home/sunrise/ws_moveit/install/moveit_ros_planning_interface:/home/sunrise/ws_moveit/install/moveit_ros_move_group:/home/sunrise/ws_moveit/install/moveit_ros_warehouse:/home/sunrise/ws_moveit/install/moveit_planners_ompl:/home/sunrise/ws_moveit/install/moveit_kinematics:/home/sunrise/ws_moveit/install/moveit_ros_planning:/home/sunrise/ws_moveit/install/moveit_simple_controller_manager:/home/sunrise/ws_moveit/install/moveit_ros_occupancy_map_monitor:/home/sunrise/ws_moveit/install/moveit_core:/home/sunrise/ws_moveit/install/moveit_resources_panda_moveit_config:/home/sunrise/ws_moveit/install/moveit_resources_fanuc_moveit_config:/home/sunrise/ws_moveit/install/srdfdom:/home/sunrise/ws_moveit/install/moveit_resources_pr2_description:/home/sunrise/ws_moveit/install/moveit_resources_panda_description:/home/sunrise/ws_moveit/install/moveit_resources_fanuc_description:/home/sunrise/ws_moveit/install/moveit_common:/opt/ros/humble LD_LIBRARY_PATH=/home/sunrise/ws_moveit/install/moveit_ros_planning_interface/lib:/home/sunrise/ws_moveit/install/moveit_ros_move_group/lib:/home/sunrise/ws_moveit/install/moveit_ros_warehouse/lib:/home/sunrise/ws_moveit/install/moveit_planners_ompl/lib:/home/sunrise/ws_moveit/install/moveit_kinematics/lib:/home/sunrise/ws_moveit/install/moveit_ros_planning/lib:/home/sunrise/ws_moveit/install/moveit_simple_controller_manager/lib:/home/sunrise/ws_moveit/install/moveit_ros_occupancy_map_monitor/lib:/home/sunrise/ws_moveit/install/moveit_core/lib:/home/sunrise/ws_moveit/install/srdfdom/lib:${LD_LIBRARY_PATH} PATH=/home/sunrise/ws_moveit/install/moveit_core/bin:${PATH} PYTHONPATH=/home/sunrise/ws_moveit/install/moveit_configs_utils/lib/python3.10/site-packages:/home/sunrise/ws_moveit/install/srdfdom/local/lib/python3.10/dist-packages:/home/sunrise/ws_moveit/install/launch_param_builder/lib/python3.10/site-packages:${PYTHONPATH} /usr/bin/cmake --install /home/sunrise/ws_moveit/build/moveit_py
[347.926s] -- Install configuration: "Release"
[347.926s] -- Installing: /home/sunrise/ws_moveit/install/moveit_py/lib/libmoveit_py_utils.so.
[347.926s] -- Set runtime path of "/home/sunrise/ws_moveit/install/moveit_py/lib/libmoveit_py_utils.so." to ""
[347.926s] -- Installing: /home/sunrise/ws_moveit/install/moveit_py/lib/libmoveit_py_utils.so
[347.926s] -- Installing: /home/sunrise/ws_moveit/install/moveit_py/include/moveit_py
[347.926s] -- Installing: /home/sunrise/ws_moveit/install/moveit_py/include/moveit_py/moveit_py
[347.926s] -- Installing: /home/sunrise/ws_moveit/install/moveit_py/include/moveit_py/moveit_py/moveit_py_utils
[347.926s] -- Installing: /home/sunrise/ws_moveit/install/moveit_py/include/moveit_py/moveit_py/moveit_py_utils/ros_msg_typecasters.h
[347.926s] -- Installing: /home/sunrise/ws_moveit/install/moveit_py/include/moveit_py/moveit_py/moveit_py_utils/copy_ros_msg.h
[347.927s] -- Installing: /home/sunrise/ws_moveit/install/moveit_py/include/moveit_py/moveit_py/moveit_py_utils/ros_msg_typecasters.hpp
[347.927s] -- Installing: /home/sunrise/ws_moveit/install/moveit_py/include/moveit_py/moveit_py/moveit_py_utils/copy_ros_msg.hpp
[347.927s] -- Installing: /home/sunrise/ws_moveit/install/moveit_py/include/moveit_py/moveit_py/moveit_py_utils/rclpy_time_typecaster.hpp
[347.927s] -- Installing: /home/sunrise/ws_moveit/install/moveit_py/share/moveit_py/environment/pythonpath.sh
[347.927s] -- Installing: /home/sunrise/ws_moveit/install/moveit_py/share/moveit_py/environment/pythonpath.dsv
[347.927s] -- Installing: /home/sunrise/ws_moveit/install/moveit_py/local/lib/python3.10/dist-packages/moveit-2.5.9-py3.10.egg-info
[347.928s] -- Installing: /home/sunrise/ws_moveit/install/moveit_py/local/lib/python3.10/dist-packages/moveit-2.5.9-py3.10.egg-info/top_level.txt
[347.928s] -- Installing: /home/sunrise/ws_moveit/install/moveit_py/local/lib/python3.10/dist-packages/moveit-2.5.9-py3.10.egg-info/SOURCES.txt
[347.928s] -- Installing: /home/sunrise/ws_moveit/install/moveit_py/local/lib/python3.10/dist-packages/moveit-2.5.9-py3.10.egg-info/PKG-INFO
[347.928s] -- Installing: /home/sunrise/ws_moveit/install/moveit_py/local/lib/python3.10/dist-packages/moveit-2.5.9-py3.10.egg-info/dependency_links.txt
[347.929s] -- Installing: /home/sunrise/ws_moveit/install/moveit_py/local/lib/python3.10/dist-packages/moveit
[347.929s] -- Installing: /home/sunrise/ws_moveit/install/moveit_py/local/lib/python3.10/dist-packages/moveit/core
[347.929s] -- Installing: /home/sunrise/ws_moveit/install/moveit_py/local/lib/python3.10/dist-packages/moveit/core/robot_model.pyi
[347.930s] -- Installing: /home/sunrise/ws_moveit/install/moveit_py/local/lib/python3.10/dist-packages/moveit/core/planning_interface.pyi
[347.930s] -- Installing: /home/sunrise/ws_moveit/install/moveit_py/local/lib/python3.10/dist-packages/moveit/core/controller_manager.pyi
[347.930s] -- Installing: /home/sunrise/ws_moveit/install/moveit_py/local/lib/python3.10/dist-packages/moveit/core/__init__.pyi
[347.930s] -- Installing: /home/sunrise/ws_moveit/install/moveit_py/local/lib/python3.10/dist-packages/moveit/core/kinematic_constraints.pyi
[347.930s] -- Installing: /home/sunrise/ws_moveit/install/moveit_py/local/lib/python3.10/dist-packages/moveit/core/robot_state.pyi
[347.930s] -- Installing: /home/sunrise/ws_moveit/install/moveit_py/local/lib/python3.10/dist-packages/moveit/core/collision_detection.pyi
[347.931s] -- Installing: /home/sunrise/ws_moveit/install/moveit_py/local/lib/python3.10/dist-packages/moveit/core/planning_scene.pyi
[347.931s] -- Installing: /home/sunrise/ws_moveit/install/moveit_py/local/lib/python3.10/dist-packages/moveit/core/robot_trajectory.pyi
[347.931s] -- Installing: /home/sunrise/ws_moveit/install/moveit_py/local/lib/python3.10/dist-packages/moveit/README.md
[347.931s] -- Installing: /home/sunrise/ws_moveit/install/moveit_py/local/lib/python3.10/dist-packages/moveit/__init__.py
[347.931s] -- Installing: /home/sunrise/ws_moveit/install/moveit_py/local/lib/python3.10/dist-packages/moveit/utils.py
[347.931s] -- Installing: /home/sunrise/ws_moveit/install/moveit_py/local/lib/python3.10/dist-packages/moveit/planning.pyi
[347.931s] -- Installing: /home/sunrise/ws_moveit/install/moveit_py/local/lib/python3.10/dist-packages/moveit/utils.pyi
[348.010s] Listing '/home/sunrise/ws_moveit/install/moveit_py/local/lib/python3.10/dist-packages/moveit'...
[348.010s] Compiling '/home/sunrise/ws_moveit/install/moveit_py/local/lib/python3.10/dist-packages/moveit/__init__.py'...
[348.010s] Listing '/home/sunrise/ws_moveit/install/moveit_py/local/lib/python3.10/dist-packages/moveit/core'...
[348.010s] Compiling '/home/sunrise/ws_moveit/install/moveit_py/local/lib/python3.10/dist-packages/moveit/utils.py'...
[348.021s] -- Installing: /home/sunrise/ws_moveit/install/moveit_py/local/lib/python3.10/dist-packages/moveit/core.cpython-310-aarch64-linux-gnu.so
[348.023s] -- Set runtime path of "/home/sunrise/ws_moveit/install/moveit_py/local/lib/python3.10/dist-packages/moveit/core.cpython-310-aarch64-linux-gnu.so" to ""
[348.024s] -- Installing: /home/sunrise/ws_moveit/install/moveit_py/local/lib/python3.10/dist-packages/moveit/planning.cpython-310-aarch64-linux-gnu.so
[348.024s] -- Set runtime path of "/home/sunrise/ws_moveit/install/moveit_py/local/lib/python3.10/dist-packages/moveit/planning.cpython-310-aarch64-linux-gnu.so" to ""
[348.025s] -- Installing: /home/sunrise/ws_moveit/install/moveit_py/share/moveit_py/environment/library_path.sh
[348.025s] -- Installing: /home/sunrise/ws_moveit/install/moveit_py/share/moveit_py/environment/library_path.dsv
[348.025s] -- Installing: /home/sunrise/ws_moveit/install/moveit_py/share/ament_index/resource_index/package_run_dependencies/moveit_py
[348.026s] -- Installing: /home/sunrise/ws_moveit/install/moveit_py/share/ament_index/resource_index/parent_prefix_path/moveit_py
[348.027s] -- Installing: /home/sunrise/ws_moveit/install/moveit_py/share/moveit_py/environment/ament_prefix_path.sh
[348.028s] -- Installing: /home/sunrise/ws_moveit/install/moveit_py/share/moveit_py/environment/ament_prefix_path.dsv
[348.028s] -- Installing: /home/sunrise/ws_moveit/install/moveit_py/share/moveit_py/environment/path.sh
[348.028s] -- Installing: /home/sunrise/ws_moveit/install/moveit_py/share/moveit_py/environment/path.dsv
[348.029s] -- Installing: /home/sunrise/ws_moveit/install/moveit_py/share/moveit_py/local_setup.bash
[348.029s] -- Installing: /home/sunrise/ws_moveit/install/moveit_py/share/moveit_py/local_setup.sh
[348.029s] -- Installing: /home/sunrise/ws_moveit/install/moveit_py/share/moveit_py/local_setup.zsh
[348.030s] -- Installing: /home/sunrise/ws_moveit/install/moveit_py/share/moveit_py/local_setup.dsv
[348.030s] -- Installing: /home/sunrise/ws_moveit/install/moveit_py/share/moveit_py/package.dsv
[348.031s] -- Installing: /home/sunrise/ws_moveit/install/moveit_py/share/ament_index/resource_index/packages/moveit_py
[348.032s] -- Installing: /home/sunrise/ws_moveit/install/moveit_py/share/moveit_py/cmake/moveit_py_utilsTargetsExport.cmake
[348.032s] -- Installing: /home/sunrise/ws_moveit/install/moveit_py/share/moveit_py/cmake/moveit_py_utilsTargetsExport-release.cmake
[348.033s] -- Installing: /home/sunrise/ws_moveit/install/moveit_py/share/moveit_py/cmake/ament_cmake_export_targets-extras.cmake
[348.033s] -- Installing: /home/sunrise/ws_moveit/install/moveit_py/share/moveit_py/cmake/ament_cmake_export_dependencies-extras.cmake
[348.033s] -- Installing: /home/sunrise/ws_moveit/install/moveit_py/share/moveit_py/cmake/moveit_pyConfig.cmake
[348.034s] -- Installing: /home/sunrise/ws_moveit/install/moveit_py/share/moveit_py/cmake/moveit_pyConfig-version.cmake
[348.035s] -- Installing: /home/sunrise/ws_moveit/install/moveit_py/share/moveit_py/package.xml
[348.039s] Invoked command in '/home/sunrise/ws_moveit/build/moveit_py' returned '0': AMENT_PREFIX_PATH=/home/sunrise/ws_moveit/install/moveit_ros_planning_interface:/home/sunrise/ws_moveit/install/moveit_ros_move_group:/home/sunrise/ws_moveit/install/moveit_ros_warehouse:/home/sunrise/ws_moveit/install/moveit_planners_ompl:/home/sunrise/ws_moveit/install/moveit_kinematics:/home/sunrise/ws_moveit/install/moveit_ros_planning:/home/sunrise/ws_moveit/install/moveit_simple_controller_manager:/home/sunrise/ws_moveit/install/moveit_ros_occupancy_map_monitor:/home/sunrise/ws_moveit/install/moveit_core:/home/sunrise/ws_moveit/install/moveit_resources_panda_moveit_config:/home/sunrise/ws_moveit/install/moveit_resources_fanuc_moveit_config:/home/sunrise/ws_moveit/install/moveit_configs_utils:/home/sunrise/ws_moveit/install/srdfdom:/home/sunrise/ws_moveit/install/moveit_resources_pr2_description:/home/sunrise/ws_moveit/install/moveit_resources_panda_description:/home/sunrise/ws_moveit/install/moveit_resources_fanuc_description:/home/sunrise/ws_moveit/install/moveit_common:/home/sunrise/ws_moveit/install/launch_param_builder:${AMENT_PREFIX_PATH} CMAKE_PREFIX_PATH=/home/sunrise/ws_moveit/install/moveit_ros_planning_interface:/home/sunrise/ws_moveit/install/moveit_ros_move_group:/home/sunrise/ws_moveit/install/moveit_ros_warehouse:/home/sunrise/ws_moveit/install/moveit_planners_ompl:/home/sunrise/ws_moveit/install/moveit_kinematics:/home/sunrise/ws_moveit/install/moveit_ros_planning:/home/sunrise/ws_moveit/install/moveit_simple_controller_manager:/home/sunrise/ws_moveit/install/moveit_ros_occupancy_map_monitor:/home/sunrise/ws_moveit/install/moveit_core:/home/sunrise/ws_moveit/install/moveit_resources_panda_moveit_config:/home/sunrise/ws_moveit/install/moveit_resources_fanuc_moveit_config:/home/sunrise/ws_moveit/install/srdfdom:/home/sunrise/ws_moveit/install/moveit_resources_pr2_description:/home/sunrise/ws_moveit/install/moveit_resources_panda_description:/home/sunrise/ws_moveit/install/moveit_resources_fanuc_description:/home/sunrise/ws_moveit/install/moveit_common:/opt/ros/humble LD_LIBRARY_PATH=/home/sunrise/ws_moveit/install/moveit_ros_planning_interface/lib:/home/sunrise/ws_moveit/install/moveit_ros_move_group/lib:/home/sunrise/ws_moveit/install/moveit_ros_warehouse/lib:/home/sunrise/ws_moveit/install/moveit_planners_ompl/lib:/home/sunrise/ws_moveit/install/moveit_kinematics/lib:/home/sunrise/ws_moveit/install/moveit_ros_planning/lib:/home/sunrise/ws_moveit/install/moveit_simple_controller_manager/lib:/home/sunrise/ws_moveit/install/moveit_ros_occupancy_map_monitor/lib:/home/sunrise/ws_moveit/install/moveit_core/lib:/home/sunrise/ws_moveit/install/srdfdom/lib:${LD_LIBRARY_PATH} PATH=/home/sunrise/ws_moveit/install/moveit_core/bin:${PATH} PYTHONPATH=/home/sunrise/ws_moveit/install/moveit_configs_utils/lib/python3.10/site-packages:/home/sunrise/ws_moveit/install/srdfdom/local/lib/python3.10/dist-packages:/home/sunrise/ws_moveit/install/launch_param_builder/lib/python3.10/site-packages:${PYTHONPATH} /usr/bin/cmake --install /home/sunrise/ws_moveit/build/moveit_py
