[0.076s] Invoking command in '/home/sunrise/ws_moveit/build/moveit_task_constructor_core': AMENT_PREFIX_PATH=/home/sunrise/ws_moveit/install/moveit_planners:/home/sunrise/ws_moveit/install/pilz_industrial_motion_planner:/home/sunrise/ws_moveit/install/moveit_resources_prbt_pg70_support:/home/sunrise/ws_moveit/install/moveit_ros_planning_interface:/home/sunrise/ws_moveit/install/moveit_resources_prbt_moveit_config:/home/sunrise/ws_moveit/install/moveit_ros_move_group:/home/sunrise/ws_moveit/install/moveit_ros_warehouse:/home/sunrise/ws_moveit/install/moveit_planners_ompl:/home/sunrise/ws_moveit/install/moveit_kinematics:/home/sunrise/ws_moveit/install/moveit_ros_planning:/home/sunrise/ws_moveit/install/moveit_planners_chomp:/home/sunrise/ws_moveit/install/pilz_industrial_motion_planner_testutils:/home/sunrise/ws_moveit/install/moveit_simple_controller_manager:/home/sunrise/ws_moveit/install/moveit_ros_occupancy_map_monitor:/home/sunrise/ws_moveit/install/moveit_resources_prbt_ikfast_manipulator_plugin:/home/sunrise/ws_moveit/install/chomp_motion_planner:/home/sunrise/ws_moveit/install/moveit_core:/home/sunrise/ws_moveit/install/rviz_marker_tools:/home/sunrise/ws_moveit/install/moveit_resources_panda_moveit_config:/home/sunrise/ws_moveit/install/moveit_resources_fanuc_moveit_config:/home/sunrise/ws_moveit/install/moveit_configs_utils:/home/sunrise/ws_moveit/install/srdfdom:/home/sunrise/ws_moveit/install/moveit_task_constructor_msgs:/home/sunrise/ws_moveit/install/moveit_resources_prbt_support:/home/sunrise/ws_moveit/install/moveit_resources_pr2_description:/home/sunrise/ws_moveit/install/moveit_resources_panda_description:/home/sunrise/ws_moveit/install/moveit_resources_fanuc_description:/home/sunrise/ws_moveit/install/moveit_common:/home/sunrise/ws_moveit/install/launch_param_builder:${AMENT_PREFIX_PATH} CMAKE_PREFIX_PATH=/home/sunrise/ws_moveit/install/moveit_planners:/home/sunrise/ws_moveit/install/pilz_industrial_motion_planner:/home/sunrise/ws_moveit/install/moveit_resources_prbt_pg70_support:/home/sunrise/ws_moveit/install/moveit_ros_planning_interface:/home/sunrise/ws_moveit/install/moveit_resources_prbt_moveit_config:/home/sunrise/ws_moveit/install/moveit_ros_move_group:/home/sunrise/ws_moveit/install/moveit_ros_warehouse:/home/sunrise/ws_moveit/install/moveit_planners_ompl:/home/sunrise/ws_moveit/install/moveit_kinematics:/home/sunrise/ws_moveit/install/moveit_ros_planning:/home/sunrise/ws_moveit/install/moveit_planners_chomp:/home/sunrise/ws_moveit/install/pilz_industrial_motion_planner_testutils:/home/sunrise/ws_moveit/install/moveit_simple_controller_manager:/home/sunrise/ws_moveit/install/moveit_ros_occupancy_map_monitor:/home/sunrise/ws_moveit/install/moveit_resources_prbt_ikfast_manipulator_plugin:/home/sunrise/ws_moveit/install/chomp_motion_planner:/home/sunrise/ws_moveit/install/moveit_core:/home/sunrise/ws_moveit/install/rviz_marker_tools:/home/sunrise/ws_moveit/install/moveit_resources_panda_moveit_config:/home/sunrise/ws_moveit/install/moveit_resources_fanuc_moveit_config:/home/sunrise/ws_moveit/install/srdfdom:/home/sunrise/ws_moveit/install/moveit_task_constructor_msgs:/home/sunrise/ws_moveit/install/moveit_resources_prbt_support:/home/sunrise/ws_moveit/install/moveit_resources_pr2_description:/home/sunrise/ws_moveit/install/moveit_resources_panda_description:/home/sunrise/ws_moveit/install/moveit_resources_fanuc_description:/home/sunrise/ws_moveit/install/moveit_common:/opt/ros/humble LD_LIBRARY_PATH=/home/sunrise/ws_moveit/install/pilz_industrial_motion_planner/lib:/home/sunrise/ws_moveit/install/moveit_ros_planning_interface/lib:/home/sunrise/ws_moveit/install/moveit_ros_move_group/lib:/home/sunrise/ws_moveit/install/moveit_ros_warehouse/lib:/home/sunrise/ws_moveit/install/moveit_planners_ompl/lib:/home/sunrise/ws_moveit/install/moveit_kinematics/lib:/home/sunrise/ws_moveit/install/moveit_ros_planning/lib:/home/sunrise/ws_moveit/install/moveit_planners_chomp/lib:/home/sunrise/ws_moveit/install/pilz_industrial_motion_planner_testutils/lib:/home/sunrise/ws_moveit/install/moveit_simple_controller_manager/lib:/home/sunrise/ws_moveit/install/moveit_ros_occupancy_map_monitor/lib:/home/sunrise/ws_moveit/install/moveit_resources_prbt_ikfast_manipulator_plugin/lib:/home/sunrise/ws_moveit/install/chomp_motion_planner/lib:/home/sunrise/ws_moveit/install/moveit_core/lib:/home/sunrise/ws_moveit/install/rviz_marker_tools/lib:/home/sunrise/ws_moveit/install/srdfdom/lib:/home/sunrise/ws_moveit/install/moveit_task_constructor_msgs/lib:${LD_LIBRARY_PATH} PATH=/home/sunrise/ws_moveit/install/moveit_core/bin:${PATH} PYTHONPATH=/home/sunrise/ws_moveit/install/moveit_configs_utils/lib/python3.10/site-packages:/home/sunrise/ws_moveit/install/srdfdom/local/lib/python3.10/dist-packages:/home/sunrise/ws_moveit/install/moveit_task_constructor_msgs/local/lib/python3.10/dist-packages:/home/sunrise/ws_moveit/install/launch_param_builder/lib/python3.10/site-packages:${PYTHONPATH} /usr/bin/cmake /home/sunrise/ws_moveit/src/moveit_task_constructor/core -DCMAKE_BUILD_TYPE=Release -DCMAKE_INSTALL_PREFIX=/home/sunrise/ws_moveit/install/moveit_task_constructor_core
[0.150s] -- The C compiler identification is GNU 11.4.0
[0.222s] -- The CXX compiler identification is GNU 11.4.0
[0.231s] -- Detecting C compiler ABI info
[0.324s] -- Detecting C compiler ABI info - done
[0.334s] -- Check for working C compiler: /usr/bin/cc - skipped
[0.335s] -- Detecting C compile features
[0.335s] -- Detecting C compile features - done
[0.340s] -- Detecting CXX compiler ABI info
[0.449s] -- Detecting CXX compiler ABI info - done
[0.459s] -- Check for working CXX compiler: /usr/bin/c++ - skipped
[0.459s] -- Detecting CXX compile features
[0.459s] -- Detecting CXX compile features - done
[0.466s] -- Found ament_cmake: 1.3.12 (/opt/ros/humble/share/ament_cmake/cmake)
[1.137s] -- Found Python3: /usr/bin/python3 (found version "3.10.12") found components: Interpreter 
[1.350s] -- Found Boost: /usr/lib/aarch64-linux-gnu/cmake/Boost-1.74.0/BoostConfig.cmake (found version "1.74.0")  
[1.363s] -- Found geometry_msgs: 4.9.0 (/opt/ros/humble/share/geometry_msgs/cmake)
[1.454s] -- Found rosidl_generator_c: 3.1.7 (/opt/ros/humble/share/rosidl_generator_c/cmake)
[1.469s] -- Found rosidl_adapter: 3.1.7 (/opt/ros/humble/share/rosidl_adapter/cmake)
[1.490s] -- Found rosidl_generator_cpp: 3.1.7 (/opt/ros/humble/share/rosidl_generator_cpp/cmake)
[1.519s] -- Using all available rosidl_typesupport_c: rosidl_typesupport_fastrtps_c;rosidl_typesupport_introspection_c
[1.558s] -- Using all available rosidl_typesupport_cpp: rosidl_typesupport_fastrtps_cpp;rosidl_typesupport_introspection_cpp
[1.636s] -- Found moveit_common: 2.5.9 (/home/sunrise/ws_moveit/install/moveit_common/share/moveit_common/cmake)
[1.749s] -- Found moveit_core: 2.5.9 (/home/sunrise/ws_moveit/install/moveit_core/share/moveit_core/cmake)
[2.098s] -- Found Boost: /usr/lib/aarch64-linux-gnu/cmake/Boost-1.74.0/BoostConfig.cmake (found version "1.74.0") found components: chrono date_time filesystem iostreams program_options regex serialization system thread 
[2.195s] -- Found parameter_traits: 0.7.1 (/opt/ros/humble/share/parameter_traits/cmake)
[2.298s] -- Found rmw_implementation_cmake: 6.1.2 (/opt/ros/humble/share/rmw_implementation_cmake/cmake)
[2.307s] -- Found rmw_fastrtps_cpp: 6.2.8 (/opt/ros/humble/share/rmw_fastrtps_cpp/cmake)
[2.450s] -- Found OpenSSL: /usr/lib/aarch64-linux-gnu/libcrypto.so (found version "3.0.2")  
[2.480s] -- Found FastRTPS: /opt/ros/humble/include  
[2.532s] -- Using RMW implementation 'rmw_fastrtps_cpp' as default
[2.553s] -- Found Threads: TRUE  
[2.645s] -- Found rclcpp_lifecycle: 16.0.14 (/opt/ros/humble/share/rclcpp_lifecycle/cmake)
[2.689s] -- Found Boost: /usr/lib/aarch64-linux-gnu/cmake/Boost-1.74.0/BoostConfig.cmake (found version "1.74.0") found components: filesystem 
[2.817s] -- library: /usr/lib/aarch64-linux-gnu/libcurl.so
[2.943s] -- Found Eigen3: TRUE (found version "3.4.0") 
[2.943s] -- Ensuring Eigen3 include directory is part of orocos-kdl CMake target
[3.417s] -- Found moveit_ros_planning: 2.5.9 (/home/sunrise/ws_moveit/install/moveit_ros_planning/share/moveit_ros_planning/cmake)
[3.427s] -- Found Boost: /usr/lib/aarch64-linux-gnu/cmake/Boost-1.74.0/BoostConfig.cmake (found version "1.74.0") found components: system filesystem date_time program_options thread chrono 
[3.465s] -- Found moveit_ros_planning_interface: 2.5.9 (/home/sunrise/ws_moveit/install/moveit_ros_planning_interface/share/moveit_ros_planning_interface/cmake)
[3.474s] -- Found Boost: /usr/lib/aarch64-linux-gnu/cmake/Boost-1.74.0/BoostConfig.cmake (found version "1.74.0") found components: date_time filesystem program_options system thread 
[3.497s] -- Found Boost: /usr/lib/aarch64-linux-gnu/cmake/Boost-1.74.0/BoostConfig.cmake (found version "1.74.0") found components: thread system filesystem regex date_time program_options 
[3.535s] -- Found Boost: /usr/lib/aarch64-linux-gnu/cmake/Boost-1.74.0/BoostConfig.cmake (found version "1.74.0") found components: system filesystem date_time program_options thread 
[3.588s] -- Found moveit_task_constructor_msgs: 0.1.3 (/home/sunrise/ws_moveit/install/moveit_task_constructor_msgs/share/moveit_task_constructor_msgs/cmake)
[3.637s] -- Found py_binding_tools: 2.0.1 (/opt/ros/humble/share/py_binding_tools/cmake)
[3.644s] -- Found rviz_marker_tools: 0.1.3 (/home/sunrise/ws_moveit/install/rviz_marker_tools/share/rviz_marker_tools/cmake)
[4.709s] -- Found Python3: /usr/bin/python3 (found version "3.10.12") found components: Interpreter Development Development.Module Development.Embed 
[4.719s] -- pybind11 v2.13.0 dev1
[4.758s] -- Found PythonInterp: /usr/bin/python3 (found suitable version "3.10.12", minimum required is "3.6") 
[4.795s] -- Found PythonLibs: /usr/lib/aarch64-linux-gnu/libpython3.10.so
[4.797s] -- Performing Test HAS_FLTO
[5.002s] -- Performing Test HAS_FLTO - Success
[5.013s] -- Found ament_cmake_pytest: 1.3.12 (/opt/ros/humble/share/ament_cmake_pytest/cmake)
[5.019s] -- Found launch_testing_ament_cmake: 1.0.10 (/opt/ros/humble/share/launch_testing_ament_cmake/cmake)
[5.024s] -- Found python_cmake_module: 0.10.0 (/opt/ros/humble/share/python_cmake_module/cmake)
[5.119s] -- Found PythonLibs: /usr/lib/aarch64-linux-gnu/libpython3.10.so (found suitable version "3.10.12", minimum required is "3.5") 
[5.120s] -- Using PYTHON_EXECUTABLE: /usr/bin/python3
[5.120s] -- Using PYTHON_INCLUDE_DIRS: /usr/include/python3.10
[5.120s] -- Using PYTHON_LIBRARIES: /usr/lib/aarch64-linux-gnu/libpython3.10.so
[5.155s] -- Found PythonExtra: .so  
[5.695s] -- Found ament_cmake_gtest: 1.3.12 (/opt/ros/humble/share/ament_cmake_gtest/cmake)
[5.701s] -- Found ament_cmake_gmock: 1.3.12 (/opt/ros/humble/share/ament_cmake_gmock/cmake)
[5.702s] -- Found launch_testing_ament_cmake: 1.0.10 (/opt/ros/humble/share/launch_testing_ament_cmake/cmake)
[5.702s] -- Found python_cmake_module: 0.10.0 (/opt/ros/humble/share/python_cmake_module/cmake)
[5.739s] -- Using PYTHON_EXECUTABLE: /usr/bin/python3
[5.740s] -- Using PYTHON_INCLUDE_DIRS: /usr/include/python3.10
[5.740s] -- Using PYTHON_LIBRARIES: /usr/lib/aarch64-linux-gnu/libpython3.10.so
[5.747s] -- Found gmock sources under '/opt/ros/humble/src/gmock_vendor': C++ tests using 'Google Mock' will be built
[5.756s] -- Found gtest sources under '/opt/ros/humble/src/gtest_vendor': C++ tests using 'Google Test' will be built
[5.795s] -- Configuring done
[6.453s] -- Generating done
[6.608s] -- Build files have been written to: /home/sunrise/ws_moveit/build/moveit_task_constructor_core
[6.644s] Invoked command in '/home/sunrise/ws_moveit/build/moveit_task_constructor_core' returned '0': AMENT_PREFIX_PATH=/home/sunrise/ws_moveit/install/moveit_planners:/home/sunrise/ws_moveit/install/pilz_industrial_motion_planner:/home/sunrise/ws_moveit/install/moveit_resources_prbt_pg70_support:/home/sunrise/ws_moveit/install/moveit_ros_planning_interface:/home/sunrise/ws_moveit/install/moveit_resources_prbt_moveit_config:/home/sunrise/ws_moveit/install/moveit_ros_move_group:/home/sunrise/ws_moveit/install/moveit_ros_warehouse:/home/sunrise/ws_moveit/install/moveit_planners_ompl:/home/sunrise/ws_moveit/install/moveit_kinematics:/home/sunrise/ws_moveit/install/moveit_ros_planning:/home/sunrise/ws_moveit/install/moveit_planners_chomp:/home/sunrise/ws_moveit/install/pilz_industrial_motion_planner_testutils:/home/sunrise/ws_moveit/install/moveit_simple_controller_manager:/home/sunrise/ws_moveit/install/moveit_ros_occupancy_map_monitor:/home/sunrise/ws_moveit/install/moveit_resources_prbt_ikfast_manipulator_plugin:/home/sunrise/ws_moveit/install/chomp_motion_planner:/home/sunrise/ws_moveit/install/moveit_core:/home/sunrise/ws_moveit/install/rviz_marker_tools:/home/sunrise/ws_moveit/install/moveit_resources_panda_moveit_config:/home/sunrise/ws_moveit/install/moveit_resources_fanuc_moveit_config:/home/sunrise/ws_moveit/install/moveit_configs_utils:/home/sunrise/ws_moveit/install/srdfdom:/home/sunrise/ws_moveit/install/moveit_task_constructor_msgs:/home/sunrise/ws_moveit/install/moveit_resources_prbt_support:/home/sunrise/ws_moveit/install/moveit_resources_pr2_description:/home/sunrise/ws_moveit/install/moveit_resources_panda_description:/home/sunrise/ws_moveit/install/moveit_resources_fanuc_description:/home/sunrise/ws_moveit/install/moveit_common:/home/sunrise/ws_moveit/install/launch_param_builder:${AMENT_PREFIX_PATH} CMAKE_PREFIX_PATH=/home/sunrise/ws_moveit/install/moveit_planners:/home/sunrise/ws_moveit/install/pilz_industrial_motion_planner:/home/sunrise/ws_moveit/install/moveit_resources_prbt_pg70_support:/home/sunrise/ws_moveit/install/moveit_ros_planning_interface:/home/sunrise/ws_moveit/install/moveit_resources_prbt_moveit_config:/home/sunrise/ws_moveit/install/moveit_ros_move_group:/home/sunrise/ws_moveit/install/moveit_ros_warehouse:/home/sunrise/ws_moveit/install/moveit_planners_ompl:/home/sunrise/ws_moveit/install/moveit_kinematics:/home/sunrise/ws_moveit/install/moveit_ros_planning:/home/sunrise/ws_moveit/install/moveit_planners_chomp:/home/sunrise/ws_moveit/install/pilz_industrial_motion_planner_testutils:/home/sunrise/ws_moveit/install/moveit_simple_controller_manager:/home/sunrise/ws_moveit/install/moveit_ros_occupancy_map_monitor:/home/sunrise/ws_moveit/install/moveit_resources_prbt_ikfast_manipulator_plugin:/home/sunrise/ws_moveit/install/chomp_motion_planner:/home/sunrise/ws_moveit/install/moveit_core:/home/sunrise/ws_moveit/install/rviz_marker_tools:/home/sunrise/ws_moveit/install/moveit_resources_panda_moveit_config:/home/sunrise/ws_moveit/install/moveit_resources_fanuc_moveit_config:/home/sunrise/ws_moveit/install/srdfdom:/home/sunrise/ws_moveit/install/moveit_task_constructor_msgs:/home/sunrise/ws_moveit/install/moveit_resources_prbt_support:/home/sunrise/ws_moveit/install/moveit_resources_pr2_description:/home/sunrise/ws_moveit/install/moveit_resources_panda_description:/home/sunrise/ws_moveit/install/moveit_resources_fanuc_description:/home/sunrise/ws_moveit/install/moveit_common:/opt/ros/humble LD_LIBRARY_PATH=/home/sunrise/ws_moveit/install/pilz_industrial_motion_planner/lib:/home/sunrise/ws_moveit/install/moveit_ros_planning_interface/lib:/home/sunrise/ws_moveit/install/moveit_ros_move_group/lib:/home/sunrise/ws_moveit/install/moveit_ros_warehouse/lib:/home/sunrise/ws_moveit/install/moveit_planners_ompl/lib:/home/sunrise/ws_moveit/install/moveit_kinematics/lib:/home/sunrise/ws_moveit/install/moveit_ros_planning/lib:/home/sunrise/ws_moveit/install/moveit_planners_chomp/lib:/home/sunrise/ws_moveit/install/pilz_industrial_motion_planner_testutils/lib:/home/sunrise/ws_moveit/install/moveit_simple_controller_manager/lib:/home/sunrise/ws_moveit/install/moveit_ros_occupancy_map_monitor/lib:/home/sunrise/ws_moveit/install/moveit_resources_prbt_ikfast_manipulator_plugin/lib:/home/sunrise/ws_moveit/install/chomp_motion_planner/lib:/home/sunrise/ws_moveit/install/moveit_core/lib:/home/sunrise/ws_moveit/install/rviz_marker_tools/lib:/home/sunrise/ws_moveit/install/srdfdom/lib:/home/sunrise/ws_moveit/install/moveit_task_constructor_msgs/lib:${LD_LIBRARY_PATH} PATH=/home/sunrise/ws_moveit/install/moveit_core/bin:${PATH} PYTHONPATH=/home/sunrise/ws_moveit/install/moveit_configs_utils/lib/python3.10/site-packages:/home/sunrise/ws_moveit/install/srdfdom/local/lib/python3.10/dist-packages:/home/sunrise/ws_moveit/install/moveit_task_constructor_msgs/local/lib/python3.10/dist-packages:/home/sunrise/ws_moveit/install/launch_param_builder/lib/python3.10/site-packages:${PYTHONPATH} /usr/bin/cmake /home/sunrise/ws_moveit/src/moveit_task_constructor/core -DCMAKE_BUILD_TYPE=Release -DCMAKE_INSTALL_PREFIX=/home/sunrise/ws_moveit/install/moveit_task_constructor_core
[6.646s] Invoking command in '/home/sunrise/ws_moveit/build/moveit_task_constructor_core': AMENT_PREFIX_PATH=/home/sunrise/ws_moveit/install/moveit_planners:/home/sunrise/ws_moveit/install/pilz_industrial_motion_planner:/home/sunrise/ws_moveit/install/moveit_resources_prbt_pg70_support:/home/sunrise/ws_moveit/install/moveit_ros_planning_interface:/home/sunrise/ws_moveit/install/moveit_resources_prbt_moveit_config:/home/sunrise/ws_moveit/install/moveit_ros_move_group:/home/sunrise/ws_moveit/install/moveit_ros_warehouse:/home/sunrise/ws_moveit/install/moveit_planners_ompl:/home/sunrise/ws_moveit/install/moveit_kinematics:/home/sunrise/ws_moveit/install/moveit_ros_planning:/home/sunrise/ws_moveit/install/moveit_planners_chomp:/home/sunrise/ws_moveit/install/pilz_industrial_motion_planner_testutils:/home/sunrise/ws_moveit/install/moveit_simple_controller_manager:/home/sunrise/ws_moveit/install/moveit_ros_occupancy_map_monitor:/home/sunrise/ws_moveit/install/moveit_resources_prbt_ikfast_manipulator_plugin:/home/sunrise/ws_moveit/install/chomp_motion_planner:/home/sunrise/ws_moveit/install/moveit_core:/home/sunrise/ws_moveit/install/rviz_marker_tools:/home/sunrise/ws_moveit/install/moveit_resources_panda_moveit_config:/home/sunrise/ws_moveit/install/moveit_resources_fanuc_moveit_config:/home/sunrise/ws_moveit/install/moveit_configs_utils:/home/sunrise/ws_moveit/install/srdfdom:/home/sunrise/ws_moveit/install/moveit_task_constructor_msgs:/home/sunrise/ws_moveit/install/moveit_resources_prbt_support:/home/sunrise/ws_moveit/install/moveit_resources_pr2_description:/home/sunrise/ws_moveit/install/moveit_resources_panda_description:/home/sunrise/ws_moveit/install/moveit_resources_fanuc_description:/home/sunrise/ws_moveit/install/moveit_common:/home/sunrise/ws_moveit/install/launch_param_builder:${AMENT_PREFIX_PATH} CMAKE_PREFIX_PATH=/home/sunrise/ws_moveit/install/moveit_planners:/home/sunrise/ws_moveit/install/pilz_industrial_motion_planner:/home/sunrise/ws_moveit/install/moveit_resources_prbt_pg70_support:/home/sunrise/ws_moveit/install/moveit_ros_planning_interface:/home/sunrise/ws_moveit/install/moveit_resources_prbt_moveit_config:/home/sunrise/ws_moveit/install/moveit_ros_move_group:/home/sunrise/ws_moveit/install/moveit_ros_warehouse:/home/sunrise/ws_moveit/install/moveit_planners_ompl:/home/sunrise/ws_moveit/install/moveit_kinematics:/home/sunrise/ws_moveit/install/moveit_ros_planning:/home/sunrise/ws_moveit/install/moveit_planners_chomp:/home/sunrise/ws_moveit/install/pilz_industrial_motion_planner_testutils:/home/sunrise/ws_moveit/install/moveit_simple_controller_manager:/home/sunrise/ws_moveit/install/moveit_ros_occupancy_map_monitor:/home/sunrise/ws_moveit/install/moveit_resources_prbt_ikfast_manipulator_plugin:/home/sunrise/ws_moveit/install/chomp_motion_planner:/home/sunrise/ws_moveit/install/moveit_core:/home/sunrise/ws_moveit/install/rviz_marker_tools:/home/sunrise/ws_moveit/install/moveit_resources_panda_moveit_config:/home/sunrise/ws_moveit/install/moveit_resources_fanuc_moveit_config:/home/sunrise/ws_moveit/install/srdfdom:/home/sunrise/ws_moveit/install/moveit_task_constructor_msgs:/home/sunrise/ws_moveit/install/moveit_resources_prbt_support:/home/sunrise/ws_moveit/install/moveit_resources_pr2_description:/home/sunrise/ws_moveit/install/moveit_resources_panda_description:/home/sunrise/ws_moveit/install/moveit_resources_fanuc_description:/home/sunrise/ws_moveit/install/moveit_common:/opt/ros/humble LD_LIBRARY_PATH=/home/sunrise/ws_moveit/install/pilz_industrial_motion_planner/lib:/home/sunrise/ws_moveit/install/moveit_ros_planning_interface/lib:/home/sunrise/ws_moveit/install/moveit_ros_move_group/lib:/home/sunrise/ws_moveit/install/moveit_ros_warehouse/lib:/home/sunrise/ws_moveit/install/moveit_planners_ompl/lib:/home/sunrise/ws_moveit/install/moveit_kinematics/lib:/home/sunrise/ws_moveit/install/moveit_ros_planning/lib:/home/sunrise/ws_moveit/install/moveit_planners_chomp/lib:/home/sunrise/ws_moveit/install/pilz_industrial_motion_planner_testutils/lib:/home/sunrise/ws_moveit/install/moveit_simple_controller_manager/lib:/home/sunrise/ws_moveit/install/moveit_ros_occupancy_map_monitor/lib:/home/sunrise/ws_moveit/install/moveit_resources_prbt_ikfast_manipulator_plugin/lib:/home/sunrise/ws_moveit/install/chomp_motion_planner/lib:/home/sunrise/ws_moveit/install/moveit_core/lib:/home/sunrise/ws_moveit/install/rviz_marker_tools/lib:/home/sunrise/ws_moveit/install/srdfdom/lib:/home/sunrise/ws_moveit/install/moveit_task_constructor_msgs/lib:${LD_LIBRARY_PATH} PATH=/home/sunrise/ws_moveit/install/moveit_core/bin:${PATH} PYTHONPATH=/home/sunrise/ws_moveit/install/moveit_configs_utils/lib/python3.10/site-packages:/home/sunrise/ws_moveit/install/srdfdom/local/lib/python3.10/dist-packages:/home/sunrise/ws_moveit/install/moveit_task_constructor_msgs/local/lib/python3.10/dist-packages:/home/sunrise/ws_moveit/install/launch_param_builder/lib/python3.10/site-packages:${PYTHONPATH} /usr/bin/cmake --build /home/sunrise/ws_moveit/build/moveit_task_constructor_core -- -j6 -l6
[6.731s] [  0%] Built target ament_cmake_python_copy_moveit
[6.758s] [  1%] [32mBuilding CXX object gtest/CMakeFiles/gtest.dir/src/gtest-all.cc.o[0m
[20.924s] [  2%] [32m[1mLinking CXX static library libgtest.a[0m
[20.991s] [  2%] Built target gtest
[21.454s] running egg_info
[21.480s] creating moveit.egg-info
[21.480s] writing moveit.egg-info/PKG-INFO
[21.481s] writing dependency_links to moveit.egg-info/dependency_links.txt
[21.481s] writing top-level names to moveit.egg-info/top_level.txt
[21.481s] writing manifest file 'moveit.egg-info/SOURCES.txt'
[21.558s] reading manifest file 'moveit.egg-info/SOURCES.txt'
[21.560s] writing manifest file 'moveit.egg-info/SOURCES.txt'
[21.628s] [  2%] Built target ament_cmake_python_build_moveit_egg
[21.655s] [  3%] [32mBuilding CXX object gmock/CMakeFiles/gmock_main.dir/src/gmock_main.cc.o[0m
[23.391s] [  4%] [32m[1mLinking CXX static library libgmock_main.a[0m
[23.433s] [  4%] Built target gmock_main
[23.460s] [  5%] [32mBuilding CXX object gmock/CMakeFiles/gmock.dir/opt/ros/humble/src/gtest_vendor/src/gtest-all.cc.o[0m
[37.631s] [  7%] [32mBuilding CXX object gmock/CMakeFiles/gmock.dir/src/gmock-all.cc.o[0m
[42.773s] [  8%] [32m[1mLinking CXX static library libgmock.a[0m
[42.846s] [  8%] Built target gmock
[42.873s] [  9%] [32mBuilding CXX object gtest/CMakeFiles/gtest_main.dir/src/gtest_main.cc.o[0m
[44.395s] [ 10%] [32m[1mLinking CXX static library libgtest_main.a[0m
[44.438s] [ 10%] Built target gtest_main
[44.468s] [ 11%] [32mBuilding CXX object src/CMakeFiles/moveit_task_constructor_core.dir/container.cpp.o[0m
[64.415s] [ 12%] [32mBuilding CXX object src/CMakeFiles/moveit_task_constructor_core.dir/properties.cpp.o[0m
[68.610s] [ 14%] [32mBuilding CXX object src/CMakeFiles/moveit_task_constructor_core.dir/stage.cpp.o[0m
[87.025s] [ 15%] [32mBuilding CXX object src/CMakeFiles/moveit_task_constructor_core.dir/storage.cpp.o[0m
[103.219s] [ 16%] [32mBuilding CXX object src/CMakeFiles/moveit_task_constructor_core.dir/task.cpp.o[0m
[127.835s] [ 17%] [32mBuilding CXX object src/CMakeFiles/moveit_task_constructor_core.dir/utils.cpp.o[0m
[140.443s] [ 18%] [32mBuilding CXX object src/CMakeFiles/moveit_task_constructor_core.dir/solvers/planner_interface.cpp.o[0m
[151.002s] [ 20%] [32mBuilding CXX object src/CMakeFiles/moveit_task_constructor_core.dir/solvers/cartesian_path.cpp.o[0m
[166.475s] [ 21%] [32mBuilding CXX object src/CMakeFiles/moveit_task_constructor_core.dir/solvers/joint_interpolation.cpp.o[0m
[179.899s] [ 22%] [32mBuilding CXX object src/CMakeFiles/moveit_task_constructor_core.dir/solvers/pipeline_planner.cpp.o[0m
[210.218s] [ 23%] [32mBuilding CXX object src/CMakeFiles/moveit_task_constructor_core.dir/solvers/multi_planner.cpp.o[0m
[222.288s] [ 24%] [32mBuilding CXX object src/CMakeFiles/moveit_task_constructor_core.dir/merge.cpp.o[0m
[235.391s] [ 25%] [32mBuilding CXX object src/CMakeFiles/moveit_task_constructor_core.dir/marker_tools.cpp.o[0m
[248.573s] [ 27%] [32mBuilding CXX object src/CMakeFiles/moveit_task_constructor_core.dir/introspection.cpp.o[0m
[276.022s] [ 28%] [32mBuilding CXX object src/CMakeFiles/moveit_task_constructor_core.dir/cost_terms.cpp.o[0m
[291.300s] [ 29%] [32m[1mLinking CXX shared library libmoveit_task_constructor_core.so[0m
[292.027s] [ 29%] Built target moveit_task_constructor_core
[292.061s] [ 30%] [32mBuilding CXX object src/stages/CMakeFiles/moveit_task_constructor_core_stages.dir/modify_planning_scene.cpp.o[0m
[308.646s] [ 31%] [32mBuilding CXX object src/stages/CMakeFiles/moveit_task_constructor_core_stages.dir/fixed_cartesian_poses.cpp.o[0m
[324.284s] [ 32%] [32mBuilding CXX object src/stages/CMakeFiles/moveit_task_constructor_core_stages.dir/generate_pose.cpp.o[0m
[339.220s] [ 34%] [32mBuilding CXX object src/stages/CMakeFiles/moveit_task_constructor_core_stages.dir/generate_random_pose.cpp.o[0m
[356.445s] [ 35%] [32mBuilding CXX object src/stages/CMakeFiles/moveit_task_constructor_core_stages.dir/generate_grasp_pose.cpp.o[0m
[373.766s] [ 36%] [32mBuilding CXX object src/stages/CMakeFiles/moveit_task_constructor_core_stages.dir/generate_place_pose.cpp.o[0m
[390.068s] [ 37%] [32mBuilding CXX object src/stages/CMakeFiles/moveit_task_constructor_core_stages.dir/compute_ik.cpp.o[0m
[408.235s] [ 38%] [32mBuilding CXX object src/stages/CMakeFiles/moveit_task_constructor_core_stages.dir/passthrough.cpp.o[0m
[412.017s] [ 40%] [32mBuilding CXX object src/stages/CMakeFiles/moveit_task_constructor_core_stages.dir/predicate_filter.cpp.o[0m
[424.777s] [ 41%] [32mBuilding CXX object src/stages/CMakeFiles/moveit_task_constructor_core_stages.dir/connect.cpp.o[0m
[442.218s] [ 42%] [32mBuilding CXX object src/stages/CMakeFiles/moveit_task_constructor_core_stages.dir/move_to.cpp.o[0m
[459.280s] [ 43%] [32mBuilding CXX object src/stages/CMakeFiles/moveit_task_constructor_core_stages.dir/move_relative.cpp.o[0m
[489.506s] [ 44%] [32mBuilding CXX object src/stages/CMakeFiles/moveit_task_constructor_core_stages.dir/simple_grasp.cpp.o[0m
[504.242s] [ 45%] [32mBuilding CXX object src/stages/CMakeFiles/moveit_task_constructor_core_stages.dir/pick.cpp.o[0m
[518.597s] [ 47%] [32mBuilding CXX object src/stages/CMakeFiles/moveit_task_constructor_core_stages.dir/fixed_state.cpp.o[0m
[531.194s] [ 48%] [32mBuilding CXX object src/stages/CMakeFiles/moveit_task_constructor_core_stages.dir/current_state.cpp.o[0m
[546.227s] [ 49%] [32mBuilding CXX object src/stages/CMakeFiles/moveit_task_constructor_core_stages.dir/fix_collision_objects.cpp.o[0m
[571.057s] [ 50%] [32m[1mLinking CXX shared library libmoveit_task_constructor_core_stages.so[0m
[571.670s] [ 50%] Built target moveit_task_constructor_core_stages
[571.700s] [ 51%] [32mBuilding CXX object test/CMakeFiles/gtest_utils.dir/gtest_value_printers.cpp.o[0m
[578.730s] [ 52%] [32mBuilding CXX object test/CMakeFiles/gtest_utils.dir/models.cpp.o[0m
[587.629s] [ 54%] [32mBuilding CXX object test/CMakeFiles/gtest_utils.dir/stage_mockups.cpp.o[0m
[603.721s] [ 55%] [32m[1mLinking CXX shared library libgtest_utils.so[0m
[604.085s] [ 55%] Built target gtest_utils
[604.116s] [ 56%] [32mBuilding CXX object test/CMakeFiles/pick_pa10.dir/pick_pa10.cpp.o[0m
[620.992s] [ 57%] [32m[1mLinking CXX executable pick_pa10[0m
[621.664s] [ 57%] Built target pick_pa10
[621.692s] [ 58%] [32mBuilding CXX object test/CMakeFiles/moveit_task_constructor_core-test-mockups.dir/test_mockups.cpp.o[0m
[640.448s] [ 60%] [32m[1mLinking CXX executable moveit_task_constructor_core-test-mockups[0m
[641.024s] [ 60%] Built target moveit_task_constructor_core-test-mockups
[641.052s] [ 61%] [32mBuilding CXX object test/CMakeFiles/moveit_task_constructor_core-test-stage.dir/test_stage.cpp.o[0m
[656.314s] [ 62%] [32m[1mLinking CXX executable moveit_task_constructor_core-test-stage[0m
[656.905s] [ 62%] Built target moveit_task_constructor_core-test-stage
[656.933s] [ 63%] [32mBuilding CXX object test/CMakeFiles/moveit_task_constructor_core-test-container.dir/test_container.cpp.o[0m
[678.129s] [ 64%] [32m[1mLinking CXX executable moveit_task_constructor_core-test-container[0m
[678.774s] [ 64%] Built target moveit_task_constructor_core-test-container
[678.804s] [ 65%] [32mBuilding CXX object test/CMakeFiles/moveit_task_constructor_core-test-serial.dir/test_serial.cpp.o[0m
[696.116s] [ 67%] [32m[1mLinking CXX executable moveit_task_constructor_core-test-serial[0m
[696.644s] [ 67%] Built target moveit_task_constructor_core-test-serial
[696.673s] [ 68%] [32mBuilding CXX object test/CMakeFiles/moveit_task_constructor_core-test-pruning.dir/test_pruning.cpp.o[0m
[714.556s] [ 69%] [32m[1mLinking CXX executable moveit_task_constructor_core-test-pruning[0m
[715.127s] [ 69%] Built target moveit_task_constructor_core-test-pruning
[715.156s] [ 70%] [32mBuilding CXX object test/CMakeFiles/moveit_task_constructor_core-test-properties.dir/test_properties.cpp.o[0m
[720.364s] [ 71%] [32m[1mLinking CXX executable moveit_task_constructor_core-test-properties[0m
[720.842s] [ 71%] Built target moveit_task_constructor_core-test-properties
[720.872s] [ 72%] [32mBuilding CXX object test/CMakeFiles/moveit_task_constructor_core-test-cost-terms.dir/test_cost_terms.cpp.o[0m
[739.940s] [ 74%] [32m[1mLinking CXX executable moveit_task_constructor_core-test-cost-terms[0m
[740.580s] [ 74%] Built target moveit_task_constructor_core-test-cost-terms
[740.612s] [ 75%] [32mBuilding CXX object test/CMakeFiles/moveit_task_constructor_core-test-fallback.dir/test_fallback.cpp.o[0m
[758.146s] [ 76%] [32m[1mLinking CXX executable moveit_task_constructor_core-test-fallback[0m
[758.747s] [ 76%] Built target moveit_task_constructor_core-test-fallback
[758.776s] [ 77%] [32mBuilding CXX object test/CMakeFiles/moveit_task_constructor_core-test-cost-queue.dir/test_cost_queue.cpp.o[0m
[766.587s] [ 78%] [32m[1mLinking CXX executable moveit_task_constructor_core-test-cost-queue[0m
[767.095s] [ 78%] Built target moveit_task_constructor_core-test-cost-queue
[767.125s] [ 80%] [32mBuilding CXX object test/CMakeFiles/moveit_task_constructor_core-test-interface-state.dir/test_interface_state.cpp.o[0m
[782.014s] [ 81%] [32m[1mLinking CXX executable moveit_task_constructor_core-test-interface-state[0m
[782.605s] [ 81%] Built target moveit_task_constructor_core-test-interface-state
[782.634s] [ 82%] [32mBuilding CXX object test/CMakeFiles/moveit_task_constructor_core-test-move-to.dir/test_move_to.cpp.o[0m
[800.376s] [ 83%] [32m[1mLinking CXX executable moveit_task_constructor_core-test-move-to[0m
[801.146s] [ 83%] Built target moveit_task_constructor_core-test-move-to
[801.177s] [ 84%] [32mBuilding CXX object test/CMakeFiles/moveit_task_constructor_core-test-move-relative.dir/test_move_relative.cpp.o[0m
[817.500s] [ 85%] [32m[1mLinking CXX executable moveit_task_constructor_core-test-move-relative[0m
[818.078s] [ 85%] Built target moveit_task_constructor_core-test-move-relative
[818.106s] [ 87%] [32mBuilding CXX object test/CMakeFiles/pick_pr2.dir/pick_pr2.cpp.o[0m
[833.032s] [ 88%] [32m[1mLinking CXX executable pick_pr2[0m
[833.671s] [ 88%] Built target pick_pr2
[833.702s] [ 89%] [32mBuilding CXX object test/CMakeFiles/pick_ur5.dir/pick_ur5.cpp.o[0m
[849.376s] [ 90%] [32m[1mLinking CXX executable pick_ur5[0m
[849.928s] [ 90%] Built target pick_ur5
[849.957s] [ 91%] [32mBuilding CXX object python/bindings/CMakeFiles/pymoveit_mtc.dir/src/properties.cpp.o[0m
[860.677s] [ 92%] [32mBuilding CXX object python/bindings/CMakeFiles/pymoveit_mtc.dir/src/module.cpp.o[0m
[864.579s] [ 94%] [32mBuilding CXX object python/bindings/CMakeFiles/pymoveit_mtc.dir/src/stages.cpp.o[0m
[890.191s] [ 95%] [32mBuilding CXX object python/bindings/CMakeFiles/pymoveit_mtc.dir/src/core.cpp.o[0m
[918.738s] [ 96%] [32mBuilding CXX object python/bindings/CMakeFiles/pymoveit_mtc.dir/src/solvers.cpp.o[0m
[932.696s] [ 97%] [32m[1mLinking CXX shared module pymoveit_mtc.cpython-310-aarch64-linux-gnu.so[0m
[935.429s] lto-wrapper: warning: using serial compilation of 12 LTRANS jobs
[956.457s] [ 97%] Built target pymoveit_mtc
[956.486s] [ 98%] [32mBuilding CXX object src/stages/CMakeFiles/moveit_task_constructor_core_stage_plugins.dir/plugins.cpp.o[0m
[960.725s] [100%] [32m[1mLinking CXX shared library libmoveit_task_constructor_core_stage_plugins.so[0m
[960.980s] [100%] Built target moveit_task_constructor_core_stage_plugins
[960.997s] Invoked command in '/home/sunrise/ws_moveit/build/moveit_task_constructor_core' returned '0': AMENT_PREFIX_PATH=/home/sunrise/ws_moveit/install/moveit_planners:/home/sunrise/ws_moveit/install/pilz_industrial_motion_planner:/home/sunrise/ws_moveit/install/moveit_resources_prbt_pg70_support:/home/sunrise/ws_moveit/install/moveit_ros_planning_interface:/home/sunrise/ws_moveit/install/moveit_resources_prbt_moveit_config:/home/sunrise/ws_moveit/install/moveit_ros_move_group:/home/sunrise/ws_moveit/install/moveit_ros_warehouse:/home/sunrise/ws_moveit/install/moveit_planners_ompl:/home/sunrise/ws_moveit/install/moveit_kinematics:/home/sunrise/ws_moveit/install/moveit_ros_planning:/home/sunrise/ws_moveit/install/moveit_planners_chomp:/home/sunrise/ws_moveit/install/pilz_industrial_motion_planner_testutils:/home/sunrise/ws_moveit/install/moveit_simple_controller_manager:/home/sunrise/ws_moveit/install/moveit_ros_occupancy_map_monitor:/home/sunrise/ws_moveit/install/moveit_resources_prbt_ikfast_manipulator_plugin:/home/sunrise/ws_moveit/install/chomp_motion_planner:/home/sunrise/ws_moveit/install/moveit_core:/home/sunrise/ws_moveit/install/rviz_marker_tools:/home/sunrise/ws_moveit/install/moveit_resources_panda_moveit_config:/home/sunrise/ws_moveit/install/moveit_resources_fanuc_moveit_config:/home/sunrise/ws_moveit/install/moveit_configs_utils:/home/sunrise/ws_moveit/install/srdfdom:/home/sunrise/ws_moveit/install/moveit_task_constructor_msgs:/home/sunrise/ws_moveit/install/moveit_resources_prbt_support:/home/sunrise/ws_moveit/install/moveit_resources_pr2_description:/home/sunrise/ws_moveit/install/moveit_resources_panda_description:/home/sunrise/ws_moveit/install/moveit_resources_fanuc_description:/home/sunrise/ws_moveit/install/moveit_common:/home/sunrise/ws_moveit/install/launch_param_builder:${AMENT_PREFIX_PATH} CMAKE_PREFIX_PATH=/home/sunrise/ws_moveit/install/moveit_planners:/home/sunrise/ws_moveit/install/pilz_industrial_motion_planner:/home/sunrise/ws_moveit/install/moveit_resources_prbt_pg70_support:/home/sunrise/ws_moveit/install/moveit_ros_planning_interface:/home/sunrise/ws_moveit/install/moveit_resources_prbt_moveit_config:/home/sunrise/ws_moveit/install/moveit_ros_move_group:/home/sunrise/ws_moveit/install/moveit_ros_warehouse:/home/sunrise/ws_moveit/install/moveit_planners_ompl:/home/sunrise/ws_moveit/install/moveit_kinematics:/home/sunrise/ws_moveit/install/moveit_ros_planning:/home/sunrise/ws_moveit/install/moveit_planners_chomp:/home/sunrise/ws_moveit/install/pilz_industrial_motion_planner_testutils:/home/sunrise/ws_moveit/install/moveit_simple_controller_manager:/home/sunrise/ws_moveit/install/moveit_ros_occupancy_map_monitor:/home/sunrise/ws_moveit/install/moveit_resources_prbt_ikfast_manipulator_plugin:/home/sunrise/ws_moveit/install/chomp_motion_planner:/home/sunrise/ws_moveit/install/moveit_core:/home/sunrise/ws_moveit/install/rviz_marker_tools:/home/sunrise/ws_moveit/install/moveit_resources_panda_moveit_config:/home/sunrise/ws_moveit/install/moveit_resources_fanuc_moveit_config:/home/sunrise/ws_moveit/install/srdfdom:/home/sunrise/ws_moveit/install/moveit_task_constructor_msgs:/home/sunrise/ws_moveit/install/moveit_resources_prbt_support:/home/sunrise/ws_moveit/install/moveit_resources_pr2_description:/home/sunrise/ws_moveit/install/moveit_resources_panda_description:/home/sunrise/ws_moveit/install/moveit_resources_fanuc_description:/home/sunrise/ws_moveit/install/moveit_common:/opt/ros/humble LD_LIBRARY_PATH=/home/sunrise/ws_moveit/install/pilz_industrial_motion_planner/lib:/home/sunrise/ws_moveit/install/moveit_ros_planning_interface/lib:/home/sunrise/ws_moveit/install/moveit_ros_move_group/lib:/home/sunrise/ws_moveit/install/moveit_ros_warehouse/lib:/home/sunrise/ws_moveit/install/moveit_planners_ompl/lib:/home/sunrise/ws_moveit/install/moveit_kinematics/lib:/home/sunrise/ws_moveit/install/moveit_ros_planning/lib:/home/sunrise/ws_moveit/install/moveit_planners_chomp/lib:/home/sunrise/ws_moveit/install/pilz_industrial_motion_planner_testutils/lib:/home/sunrise/ws_moveit/install/moveit_simple_controller_manager/lib:/home/sunrise/ws_moveit/install/moveit_ros_occupancy_map_monitor/lib:/home/sunrise/ws_moveit/install/moveit_resources_prbt_ikfast_manipulator_plugin/lib:/home/sunrise/ws_moveit/install/chomp_motion_planner/lib:/home/sunrise/ws_moveit/install/moveit_core/lib:/home/sunrise/ws_moveit/install/rviz_marker_tools/lib:/home/sunrise/ws_moveit/install/srdfdom/lib:/home/sunrise/ws_moveit/install/moveit_task_constructor_msgs/lib:${LD_LIBRARY_PATH} PATH=/home/sunrise/ws_moveit/install/moveit_core/bin:${PATH} PYTHONPATH=/home/sunrise/ws_moveit/install/moveit_configs_utils/lib/python3.10/site-packages:/home/sunrise/ws_moveit/install/srdfdom/local/lib/python3.10/dist-packages:/home/sunrise/ws_moveit/install/moveit_task_constructor_msgs/local/lib/python3.10/dist-packages:/home/sunrise/ws_moveit/install/launch_param_builder/lib/python3.10/site-packages:${PYTHONPATH} /usr/bin/cmake --build /home/sunrise/ws_moveit/build/moveit_task_constructor_core -- -j6 -l6
[961.000s] Invoking command in '/home/sunrise/ws_moveit/build/moveit_task_constructor_core': AMENT_PREFIX_PATH=/home/sunrise/ws_moveit/install/moveit_planners:/home/sunrise/ws_moveit/install/pilz_industrial_motion_planner:/home/sunrise/ws_moveit/install/moveit_resources_prbt_pg70_support:/home/sunrise/ws_moveit/install/moveit_ros_planning_interface:/home/sunrise/ws_moveit/install/moveit_resources_prbt_moveit_config:/home/sunrise/ws_moveit/install/moveit_ros_move_group:/home/sunrise/ws_moveit/install/moveit_ros_warehouse:/home/sunrise/ws_moveit/install/moveit_planners_ompl:/home/sunrise/ws_moveit/install/moveit_kinematics:/home/sunrise/ws_moveit/install/moveit_ros_planning:/home/sunrise/ws_moveit/install/moveit_planners_chomp:/home/sunrise/ws_moveit/install/pilz_industrial_motion_planner_testutils:/home/sunrise/ws_moveit/install/moveit_simple_controller_manager:/home/sunrise/ws_moveit/install/moveit_ros_occupancy_map_monitor:/home/sunrise/ws_moveit/install/moveit_resources_prbt_ikfast_manipulator_plugin:/home/sunrise/ws_moveit/install/chomp_motion_planner:/home/sunrise/ws_moveit/install/moveit_core:/home/sunrise/ws_moveit/install/rviz_marker_tools:/home/sunrise/ws_moveit/install/moveit_resources_panda_moveit_config:/home/sunrise/ws_moveit/install/moveit_resources_fanuc_moveit_config:/home/sunrise/ws_moveit/install/moveit_configs_utils:/home/sunrise/ws_moveit/install/srdfdom:/home/sunrise/ws_moveit/install/moveit_task_constructor_msgs:/home/sunrise/ws_moveit/install/moveit_resources_prbt_support:/home/sunrise/ws_moveit/install/moveit_resources_pr2_description:/home/sunrise/ws_moveit/install/moveit_resources_panda_description:/home/sunrise/ws_moveit/install/moveit_resources_fanuc_description:/home/sunrise/ws_moveit/install/moveit_common:/home/sunrise/ws_moveit/install/launch_param_builder:${AMENT_PREFIX_PATH} CMAKE_PREFIX_PATH=/home/sunrise/ws_moveit/install/moveit_planners:/home/sunrise/ws_moveit/install/pilz_industrial_motion_planner:/home/sunrise/ws_moveit/install/moveit_resources_prbt_pg70_support:/home/sunrise/ws_moveit/install/moveit_ros_planning_interface:/home/sunrise/ws_moveit/install/moveit_resources_prbt_moveit_config:/home/sunrise/ws_moveit/install/moveit_ros_move_group:/home/sunrise/ws_moveit/install/moveit_ros_warehouse:/home/sunrise/ws_moveit/install/moveit_planners_ompl:/home/sunrise/ws_moveit/install/moveit_kinematics:/home/sunrise/ws_moveit/install/moveit_ros_planning:/home/sunrise/ws_moveit/install/moveit_planners_chomp:/home/sunrise/ws_moveit/install/pilz_industrial_motion_planner_testutils:/home/sunrise/ws_moveit/install/moveit_simple_controller_manager:/home/sunrise/ws_moveit/install/moveit_ros_occupancy_map_monitor:/home/sunrise/ws_moveit/install/moveit_resources_prbt_ikfast_manipulator_plugin:/home/sunrise/ws_moveit/install/chomp_motion_planner:/home/sunrise/ws_moveit/install/moveit_core:/home/sunrise/ws_moveit/install/rviz_marker_tools:/home/sunrise/ws_moveit/install/moveit_resources_panda_moveit_config:/home/sunrise/ws_moveit/install/moveit_resources_fanuc_moveit_config:/home/sunrise/ws_moveit/install/srdfdom:/home/sunrise/ws_moveit/install/moveit_task_constructor_msgs:/home/sunrise/ws_moveit/install/moveit_resources_prbt_support:/home/sunrise/ws_moveit/install/moveit_resources_pr2_description:/home/sunrise/ws_moveit/install/moveit_resources_panda_description:/home/sunrise/ws_moveit/install/moveit_resources_fanuc_description:/home/sunrise/ws_moveit/install/moveit_common:/opt/ros/humble LD_LIBRARY_PATH=/home/sunrise/ws_moveit/install/pilz_industrial_motion_planner/lib:/home/sunrise/ws_moveit/install/moveit_ros_planning_interface/lib:/home/sunrise/ws_moveit/install/moveit_ros_move_group/lib:/home/sunrise/ws_moveit/install/moveit_ros_warehouse/lib:/home/sunrise/ws_moveit/install/moveit_planners_ompl/lib:/home/sunrise/ws_moveit/install/moveit_kinematics/lib:/home/sunrise/ws_moveit/install/moveit_ros_planning/lib:/home/sunrise/ws_moveit/install/moveit_planners_chomp/lib:/home/sunrise/ws_moveit/install/pilz_industrial_motion_planner_testutils/lib:/home/sunrise/ws_moveit/install/moveit_simple_controller_manager/lib:/home/sunrise/ws_moveit/install/moveit_ros_occupancy_map_monitor/lib:/home/sunrise/ws_moveit/install/moveit_resources_prbt_ikfast_manipulator_plugin/lib:/home/sunrise/ws_moveit/install/chomp_motion_planner/lib:/home/sunrise/ws_moveit/install/moveit_core/lib:/home/sunrise/ws_moveit/install/rviz_marker_tools/lib:/home/sunrise/ws_moveit/install/srdfdom/lib:/home/sunrise/ws_moveit/install/moveit_task_constructor_msgs/lib:${LD_LIBRARY_PATH} PATH=/home/sunrise/ws_moveit/install/moveit_core/bin:${PATH} PYTHONPATH=/home/sunrise/ws_moveit/install/moveit_configs_utils/lib/python3.10/site-packages:/home/sunrise/ws_moveit/install/srdfdom/local/lib/python3.10/dist-packages:/home/sunrise/ws_moveit/install/moveit_task_constructor_msgs/local/lib/python3.10/dist-packages:/home/sunrise/ws_moveit/install/launch_param_builder/lib/python3.10/site-packages:${PYTHONPATH} /usr/bin/cmake --install /home/sunrise/ws_moveit/build/moveit_task_constructor_core
[961.010s] -- Install configuration: "Release"
[961.011s] -- Installing: /home/sunrise/ws_moveit/install/moveit_task_constructor_core/lib/libmoveit_task_constructor_core_stages.so
[961.012s] -- Set runtime path of "/home/sunrise/ws_moveit/install/moveit_task_constructor_core/lib/libmoveit_task_constructor_core_stages.so" to ""
[961.013s] -- Installing: /home/sunrise/ws_moveit/install/moveit_task_constructor_core/lib/libmoveit_task_constructor_core_stage_plugins.so
[961.013s] -- Set runtime path of "/home/sunrise/ws_moveit/install/moveit_task_constructor_core/lib/libmoveit_task_constructor_core_stage_plugins.so" to ""
[961.013s] -- Installing: /home/sunrise/ws_moveit/install/moveit_task_constructor_core/lib/libmoveit_task_constructor_core.so
[961.016s] -- Set runtime path of "/home/sunrise/ws_moveit/install/moveit_task_constructor_core/lib/libmoveit_task_constructor_core.so" to ""
[961.016s] -- Installing: /home/sunrise/ws_moveit/install/moveit_task_constructor_core/share/moveit_task_constructor_core/environment/pythonpath.sh
[961.017s] -- Installing: /home/sunrise/ws_moveit/install/moveit_task_constructor_core/share/moveit_task_constructor_core/environment/pythonpath.dsv
[961.017s] -- Installing: /home/sunrise/ws_moveit/install/moveit_task_constructor_core/local/lib/python3.10/dist-packages/moveit-0.1.3-py3.10.egg-info
[961.017s] -- Installing: /home/sunrise/ws_moveit/install/moveit_task_constructor_core/local/lib/python3.10/dist-packages/moveit-0.1.3-py3.10.egg-info/top_level.txt
[961.017s] -- Installing: /home/sunrise/ws_moveit/install/moveit_task_constructor_core/local/lib/python3.10/dist-packages/moveit-0.1.3-py3.10.egg-info/SOURCES.txt
[961.017s] -- Installing: /home/sunrise/ws_moveit/install/moveit_task_constructor_core/local/lib/python3.10/dist-packages/moveit-0.1.3-py3.10.egg-info/PKG-INFO
[961.018s] -- Installing: /home/sunrise/ws_moveit/install/moveit_task_constructor_core/local/lib/python3.10/dist-packages/moveit-0.1.3-py3.10.egg-info/dependency_links.txt
[961.018s] -- Installing: /home/sunrise/ws_moveit/install/moveit_task_constructor_core/local/lib/python3.10/dist-packages/moveit
[961.018s] -- Installing: /home/sunrise/ws_moveit/install/moveit_task_constructor_core/local/lib/python3.10/dist-packages/moveit/task_constructor
[961.018s] -- Installing: /home/sunrise/ws_moveit/install/moveit_task_constructor_core/local/lib/python3.10/dist-packages/moveit/task_constructor/__init__.py
[961.018s] -- Installing: /home/sunrise/ws_moveit/install/moveit_task_constructor_core/local/lib/python3.10/dist-packages/moveit/task_constructor/core.py
[961.018s] -- Installing: /home/sunrise/ws_moveit/install/moveit_task_constructor_core/local/lib/python3.10/dist-packages/moveit/task_constructor/stages.py
[961.018s] -- Installing: /home/sunrise/ws_moveit/install/moveit_task_constructor_core/local/lib/python3.10/dist-packages/moveit/__init__.py
[961.077s] Listing '/home/sunrise/ws_moveit/install/moveit_task_constructor_core/local/lib/python3.10/dist-packages/moveit'...
[961.077s] Compiling '/home/sunrise/ws_moveit/install/moveit_task_constructor_core/local/lib/python3.10/dist-packages/moveit/__init__.py'...
[961.078s] Listing '/home/sunrise/ws_moveit/install/moveit_task_constructor_core/local/lib/python3.10/dist-packages/moveit/task_constructor'...
[961.078s] Compiling '/home/sunrise/ws_moveit/install/moveit_task_constructor_core/local/lib/python3.10/dist-packages/moveit/task_constructor/__init__.py'...
[961.078s] Compiling '/home/sunrise/ws_moveit/install/moveit_task_constructor_core/local/lib/python3.10/dist-packages/moveit/task_constructor/core.py'...
[961.078s] Compiling '/home/sunrise/ws_moveit/install/moveit_task_constructor_core/local/lib/python3.10/dist-packages/moveit/task_constructor/stages.py'...
[961.087s] -- Installing: /home/sunrise/ws_moveit/install/moveit_task_constructor_core/include/moveit/python/pybind11
[961.087s] -- Installing: /home/sunrise/ws_moveit/install/moveit_task_constructor_core/include/moveit/python/pybind11/eval.h
[961.087s] -- Installing: /home/sunrise/ws_moveit/install/moveit_task_constructor_core/include/moveit/python/pybind11/stl
[961.087s] -- Installing: /home/sunrise/ws_moveit/install/moveit_task_constructor_core/include/moveit/python/pybind11/stl/filesystem.h
[961.087s] -- Installing: /home/sunrise/ws_moveit/install/moveit_task_constructor_core/include/moveit/python/pybind11/buffer_info.h
[961.088s] -- Installing: /home/sunrise/ws_moveit/install/moveit_task_constructor_core/include/moveit/python/pybind11/trampoline_self_life_support.h
[961.088s] -- Installing: /home/sunrise/ws_moveit/install/moveit_task_constructor_core/include/moveit/python/pybind11/type_caster_pyobject_ptr.h
[961.088s] -- Installing: /home/sunrise/ws_moveit/install/moveit_task_constructor_core/include/moveit/python/pybind11/pybind11.h
[961.088s] -- Installing: /home/sunrise/ws_moveit/install/moveit_task_constructor_core/include/moveit/python/pybind11/stl_bind.h
[961.088s] -- Installing: /home/sunrise/ws_moveit/install/moveit_task_constructor_core/include/moveit/python/pybind11/eigen
[961.089s] -- Installing: /home/sunrise/ws_moveit/install/moveit_task_constructor_core/include/moveit/python/pybind11/eigen/tensor.h
[961.089s] -- Installing: /home/sunrise/ws_moveit/install/moveit_task_constructor_core/include/moveit/python/pybind11/eigen/common.h
[961.089s] -- Installing: /home/sunrise/ws_moveit/install/moveit_task_constructor_core/include/moveit/python/pybind11/eigen/matrix.h
[961.089s] -- Installing: /home/sunrise/ws_moveit/install/moveit_task_constructor_core/include/moveit/python/pybind11/smart_holder.h
[961.089s] -- Installing: /home/sunrise/ws_moveit/install/moveit_task_constructor_core/include/moveit/python/pybind11/typing.h
[961.089s] -- Installing: /home/sunrise/ws_moveit/install/moveit_task_constructor_core/include/moveit/python/pybind11/gil.h
[961.090s] -- Installing: /home/sunrise/ws_moveit/install/moveit_task_constructor_core/include/moveit/python/pybind11/common.h
[961.090s] -- Installing: /home/sunrise/ws_moveit/install/moveit_task_constructor_core/include/moveit/python/pybind11/stl.h
[961.090s] -- Installing: /home/sunrise/ws_moveit/install/moveit_task_constructor_core/include/moveit/python/pybind11/detail
[961.090s] -- Installing: /home/sunrise/ws_moveit/install/moveit_task_constructor_core/include/moveit/python/pybind11/detail/class.h
[961.090s] -- Installing: /home/sunrise/ws_moveit/install/moveit_task_constructor_core/include/moveit/python/pybind11/detail/dynamic_raw_ptr_cast_if_possible.h
[961.090s] -- Installing: /home/sunrise/ws_moveit/install/moveit_task_constructor_core/include/moveit/python/pybind11/detail/internals.h
[961.091s] -- Installing: /home/sunrise/ws_moveit/install/moveit_task_constructor_core/include/moveit/python/pybind11/detail/smart_holder_sfinae_hooks_only.h
[961.091s] -- Installing: /home/sunrise/ws_moveit/install/moveit_task_constructor_core/include/moveit/python/pybind11/detail/typeid.h
[961.091s] -- Installing: /home/sunrise/ws_moveit/install/moveit_task_constructor_core/include/moveit/python/pybind11/detail/type_caster_base.h
[961.091s] -- Installing: /home/sunrise/ws_moveit/install/moveit_task_constructor_core/include/moveit/python/pybind11/detail/type_caster_odr_guard.h
[961.091s] -- Installing: /home/sunrise/ws_moveit/install/moveit_task_constructor_core/include/moveit/python/pybind11/detail/common.h
[961.091s] -- Installing: /home/sunrise/ws_moveit/install/moveit_task_constructor_core/include/moveit/python/pybind11/detail/smart_holder_poc.h
[961.092s] -- Installing: /home/sunrise/ws_moveit/install/moveit_task_constructor_core/include/moveit/python/pybind11/detail/smart_holder_type_casters.h
[961.092s] -- Installing: /home/sunrise/ws_moveit/install/moveit_task_constructor_core/include/moveit/python/pybind11/detail/descr.h
[961.092s] -- Installing: /home/sunrise/ws_moveit/install/moveit_task_constructor_core/include/moveit/python/pybind11/detail/init.h
[961.092s] -- Installing: /home/sunrise/ws_moveit/install/moveit_task_constructor_core/include/moveit/python/pybind11/options.h
[961.092s] -- Installing: /home/sunrise/ws_moveit/install/moveit_task_constructor_core/include/moveit/python/pybind11/numpy.h
[961.093s] -- Installing: /home/sunrise/ws_moveit/install/moveit_task_constructor_core/include/moveit/python/pybind11/iostream.h
[961.093s] -- Installing: /home/sunrise/ws_moveit/install/moveit_task_constructor_core/include/moveit/python/pybind11/embed.h
[961.093s] -- Installing: /home/sunrise/ws_moveit/install/moveit_task_constructor_core/include/moveit/python/pybind11/complex.h
[961.093s] -- Installing: /home/sunrise/ws_moveit/install/moveit_task_constructor_core/include/moveit/python/pybind11/chrono.h
[961.093s] -- Installing: /home/sunrise/ws_moveit/install/moveit_task_constructor_core/include/moveit/python/pybind11/functional.h
[961.093s] -- Installing: /home/sunrise/ws_moveit/install/moveit_task_constructor_core/include/moveit/python/pybind11/attr.h
[961.094s] -- Installing: /home/sunrise/ws_moveit/install/moveit_task_constructor_core/include/moveit/python/pybind11/cast.h
[961.094s] -- Installing: /home/sunrise/ws_moveit/install/moveit_task_constructor_core/include/moveit/python/pybind11/operators.h
[961.094s] -- Installing: /home/sunrise/ws_moveit/install/moveit_task_constructor_core/include/moveit/python/pybind11/pytypes.h
[961.094s] -- Installing: /home/sunrise/ws_moveit/install/moveit_task_constructor_core/include/moveit/python/pybind11/gil_safe_call_once.h
[961.094s] -- Installing: /home/sunrise/ws_moveit/install/moveit_task_constructor_core/include/moveit/python/pybind11/eigen.h
[961.095s] -- Installing: /home/sunrise/ws_moveit/install/moveit_task_constructor_core/share/moveit_task_constructor_core/cmake/pybind11Config.cmake
[961.095s] -- Installing: /home/sunrise/ws_moveit/install/moveit_task_constructor_core/share/moveit_task_constructor_core/cmake/pybind11ConfigVersion.cmake
[961.095s] -- Installing: /home/sunrise/ws_moveit/install/moveit_task_constructor_core/share/moveit_task_constructor_core/cmake/FindPythonLibsNew.cmake
[961.095s] -- Installing: /home/sunrise/ws_moveit/install/moveit_task_constructor_core/share/moveit_task_constructor_core/cmake/pybind11Common.cmake
[961.095s] -- Installing: /home/sunrise/ws_moveit/install/moveit_task_constructor_core/share/moveit_task_constructor_core/cmake/pybind11Tools.cmake
[961.096s] -- Installing: /home/sunrise/ws_moveit/install/moveit_task_constructor_core/share/moveit_task_constructor_core/cmake/pybind11NewTools.cmake
[961.096s] -- Installing: /home/sunrise/ws_moveit/install/moveit_task_constructor_core/share/moveit_task_constructor_core/cmake/pybind11Targets.cmake
[961.096s] -- Installing: /home/sunrise/ws_moveit/install/moveit_task_constructor_core/share/pkgconfig/pybind11.pc
[961.097s] -- Installing: /home/sunrise/ws_moveit/install/moveit_task_constructor_core/local/lib/python3.10/dist-packages/pymoveit_mtc.cpython-310-aarch64-linux-gnu.so
[961.098s] -- Set runtime path of "/home/sunrise/ws_moveit/install/moveit_task_constructor_core/local/lib/python3.10/dist-packages/pymoveit_mtc.cpython-310-aarch64-linux-gnu.so" to ""
[961.099s] -- Up-to-date: /home/sunrise/ws_moveit/install/moveit_task_constructor_core/include
[961.099s] -- Up-to-date: /home/sunrise/ws_moveit/install/moveit_task_constructor_core/include/moveit
[961.099s] -- Installing: /home/sunrise/ws_moveit/install/moveit_task_constructor_core/include/moveit/task_constructor
[961.099s] -- Installing: /home/sunrise/ws_moveit/install/moveit_task_constructor_core/include/moveit/task_constructor/task.h
[961.099s] -- Installing: /home/sunrise/ws_moveit/install/moveit_task_constructor_core/include/moveit/task_constructor/trajectory_execution_info.h
[961.099s] -- Installing: /home/sunrise/ws_moveit/install/moveit_task_constructor_core/include/moveit/task_constructor/merge.h
[961.100s] -- Installing: /home/sunrise/ws_moveit/install/moveit_task_constructor_core/include/moveit/task_constructor/marker_tools.h
[961.100s] -- Installing: /home/sunrise/ws_moveit/install/moveit_task_constructor_core/include/moveit/task_constructor/stages
[961.100s] -- Installing: /home/sunrise/ws_moveit/install/moveit_task_constructor_core/include/moveit/task_constructor/stages/fixed_state.h
[961.100s] -- Installing: /home/sunrise/ws_moveit/install/moveit_task_constructor_core/include/moveit/task_constructor/stages/fixed_cartesian_poses.h
[961.100s] -- Installing: /home/sunrise/ws_moveit/install/moveit_task_constructor_core/include/moveit/task_constructor/stages/noop.h
[961.100s] -- Installing: /home/sunrise/ws_moveit/install/moveit_task_constructor_core/include/moveit/task_constructor/stages/generate_place_pose.h
[961.100s] -- Installing: /home/sunrise/ws_moveit/install/moveit_task_constructor_core/include/moveit/task_constructor/stages/predicate_filter.h
[961.101s] -- Installing: /home/sunrise/ws_moveit/install/moveit_task_constructor_core/include/moveit/task_constructor/stages/move_relative.h
[961.101s] -- Installing: /home/sunrise/ws_moveit/install/moveit_task_constructor_core/include/moveit/task_constructor/stages/connect.h
[961.101s] -- Installing: /home/sunrise/ws_moveit/install/moveit_task_constructor_core/include/moveit/task_constructor/stages/fix_collision_objects.h
[961.101s] -- Installing: /home/sunrise/ws_moveit/install/moveit_task_constructor_core/include/moveit/task_constructor/stages/generate_random_pose.h
[961.101s] -- Installing: /home/sunrise/ws_moveit/install/moveit_task_constructor_core/include/moveit/task_constructor/stages/compute_ik.h
[961.101s] -- Installing: /home/sunrise/ws_moveit/install/moveit_task_constructor_core/include/moveit/task_constructor/stages/modify_planning_scene.h
[961.102s] -- Installing: /home/sunrise/ws_moveit/install/moveit_task_constructor_core/include/moveit/task_constructor/stages/simple_grasp.h
[961.102s] -- Installing: /home/sunrise/ws_moveit/install/moveit_task_constructor_core/include/moveit/task_constructor/stages/generate_pose.h
[961.102s] -- Installing: /home/sunrise/ws_moveit/install/moveit_task_constructor_core/include/moveit/task_constructor/stages/current_state.h
[961.102s] -- Installing: /home/sunrise/ws_moveit/install/moveit_task_constructor_core/include/moveit/task_constructor/stages/move_to.h
[961.102s] -- Installing: /home/sunrise/ws_moveit/install/moveit_task_constructor_core/include/moveit/task_constructor/stages/generate_grasp_pose.h
[961.102s] -- Installing: /home/sunrise/ws_moveit/install/moveit_task_constructor_core/include/moveit/task_constructor/stages/passthrough.h
[961.103s] -- Installing: /home/sunrise/ws_moveit/install/moveit_task_constructor_core/include/moveit/task_constructor/stages/pick.h
[961.103s] -- Installing: /home/sunrise/ws_moveit/install/moveit_task_constructor_core/include/moveit/task_constructor/cost_queue.h
[961.107s] -- Installing: /home/sunrise/ws_moveit/install/moveit_task_constructor_core/include/moveit/task_constructor/utils.h
[961.107s] -- Installing: /home/sunrise/ws_moveit/install/moveit_task_constructor_core/include/moveit/task_constructor/storage.h
[961.107s] -- Installing: /home/sunrise/ws_moveit/install/moveit_task_constructor_core/include/moveit/task_constructor/introspection.h
[961.107s] -- Installing: /home/sunrise/ws_moveit/install/moveit_task_constructor_core/include/moveit/task_constructor/stages.h
[961.107s] -- Installing: /home/sunrise/ws_moveit/install/moveit_task_constructor_core/include/moveit/task_constructor/stage.h
[961.107s] -- Installing: /home/sunrise/ws_moveit/install/moveit_task_constructor_core/include/moveit/task_constructor/properties.h
[961.108s] -- Installing: /home/sunrise/ws_moveit/install/moveit_task_constructor_core/include/moveit/task_constructor/moveit_compat.h
[961.108s] -- Installing: /home/sunrise/ws_moveit/install/moveit_task_constructor_core/include/moveit/task_constructor/cost_terms.h
[961.108s] -- Installing: /home/sunrise/ws_moveit/install/moveit_task_constructor_core/include/moveit/task_constructor/type_traits.h
[961.108s] -- Installing: /home/sunrise/ws_moveit/install/moveit_task_constructor_core/include/moveit/task_constructor/solvers
[961.108s] -- Installing: /home/sunrise/ws_moveit/install/moveit_task_constructor_core/include/moveit/task_constructor/solvers/joint_interpolation.h
[961.108s] -- Installing: /home/sunrise/ws_moveit/install/moveit_task_constructor_core/include/moveit/task_constructor/solvers/pipeline_planner.h
[961.108s] -- Installing: /home/sunrise/ws_moveit/install/moveit_task_constructor_core/include/moveit/task_constructor/solvers/multi_planner.h
[961.109s] -- Installing: /home/sunrise/ws_moveit/install/moveit_task_constructor_core/include/moveit/task_constructor/solvers/planner_interface.h
[961.109s] -- Installing: /home/sunrise/ws_moveit/install/moveit_task_constructor_core/include/moveit/task_constructor/solvers/cartesian_path.h
[961.109s] -- Installing: /home/sunrise/ws_moveit/install/moveit_task_constructor_core/include/moveit/task_constructor/solvers.h
[961.109s] -- Installing: /home/sunrise/ws_moveit/install/moveit_task_constructor_core/include/moveit/task_constructor/container.h
[961.109s] -- Up-to-date: /home/sunrise/ws_moveit/install/moveit_task_constructor_core/include/moveit/python
[961.109s] -- Installing: /home/sunrise/ws_moveit/install/moveit_task_constructor_core/include/moveit/python/task_constructor
[961.110s] -- Installing: /home/sunrise/ws_moveit/install/moveit_task_constructor_core/include/moveit/python/task_constructor/properties.h
[961.110s] -- Installing: /home/sunrise/ws_moveit/install/moveit_task_constructor_core/share/moveit_task_constructor_core/motion_planning_stages_plugin_description.xml
[961.110s] -- Installing: /home/sunrise/ws_moveit/install/moveit_task_constructor_core/share/moveit_task_constructor_core/environment/library_path.sh
[961.110s] -- Installing: /home/sunrise/ws_moveit/install/moveit_task_constructor_core/share/moveit_task_constructor_core/environment/library_path.dsv
[961.111s] -- Installing: /home/sunrise/ws_moveit/install/moveit_task_constructor_core/share/ament_index/resource_index/package_run_dependencies/moveit_task_constructor_core
[961.111s] -- Installing: /home/sunrise/ws_moveit/install/moveit_task_constructor_core/share/ament_index/resource_index/parent_prefix_path/moveit_task_constructor_core
[961.112s] -- Installing: /home/sunrise/ws_moveit/install/moveit_task_constructor_core/share/moveit_task_constructor_core/environment/ament_prefix_path.sh
[961.112s] -- Installing: /home/sunrise/ws_moveit/install/moveit_task_constructor_core/share/moveit_task_constructor_core/environment/ament_prefix_path.dsv
[961.112s] -- Installing: /home/sunrise/ws_moveit/install/moveit_task_constructor_core/share/moveit_task_constructor_core/environment/path.sh
[961.112s] -- Installing: /home/sunrise/ws_moveit/install/moveit_task_constructor_core/share/moveit_task_constructor_core/environment/path.dsv
[961.113s] -- Installing: /home/sunrise/ws_moveit/install/moveit_task_constructor_core/share/moveit_task_constructor_core/local_setup.bash
[961.113s] -- Installing: /home/sunrise/ws_moveit/install/moveit_task_constructor_core/share/moveit_task_constructor_core/local_setup.sh
[961.113s] -- Installing: /home/sunrise/ws_moveit/install/moveit_task_constructor_core/share/moveit_task_constructor_core/local_setup.zsh
[961.113s] -- Installing: /home/sunrise/ws_moveit/install/moveit_task_constructor_core/share/moveit_task_constructor_core/local_setup.dsv
[961.114s] -- Installing: /home/sunrise/ws_moveit/install/moveit_task_constructor_core/share/moveit_task_constructor_core/package.dsv
[961.114s] -- Installing: /home/sunrise/ws_moveit/install/moveit_task_constructor_core/share/ament_index/resource_index/packages/moveit_task_constructor_core
[961.114s] -- Installing: /home/sunrise/ws_moveit/install/moveit_task_constructor_core/share/ament_index/resource_index/moveit_task_constructor_core__pluginlib__plugin/moveit_task_constructor_core
[961.115s] -- Installing: /home/sunrise/ws_moveit/install/moveit_task_constructor_core/share/moveit_task_constructor_core/cmake/moveit_task_constructor_coreTargetsExport.cmake
[961.115s] -- Installing: /home/sunrise/ws_moveit/install/moveit_task_constructor_core/share/moveit_task_constructor_core/cmake/moveit_task_constructor_coreTargetsExport-release.cmake
[961.115s] -- Installing: /home/sunrise/ws_moveit/install/moveit_task_constructor_core/share/moveit_task_constructor_core/cmake/ament_cmake_export_targets-extras.cmake
[961.116s] -- Installing: /home/sunrise/ws_moveit/install/moveit_task_constructor_core/share/moveit_task_constructor_core/cmake/ament_cmake_export_dependencies-extras.cmake
[961.116s] -- Installing: /home/sunrise/ws_moveit/install/moveit_task_constructor_core/share/moveit_task_constructor_core/cmake/moveit_task_constructor_coreConfig.cmake
[961.116s] -- Installing: /home/sunrise/ws_moveit/install/moveit_task_constructor_core/share/moveit_task_constructor_core/cmake/moveit_task_constructor_coreConfig-version.cmake
[961.116s] -- Installing: /home/sunrise/ws_moveit/install/moveit_task_constructor_core/share/moveit_task_constructor_core/package.xml
[961.119s] Invoked command in '/home/sunrise/ws_moveit/build/moveit_task_constructor_core' returned '0': AMENT_PREFIX_PATH=/home/sunrise/ws_moveit/install/moveit_planners:/home/sunrise/ws_moveit/install/pilz_industrial_motion_planner:/home/sunrise/ws_moveit/install/moveit_resources_prbt_pg70_support:/home/sunrise/ws_moveit/install/moveit_ros_planning_interface:/home/sunrise/ws_moveit/install/moveit_resources_prbt_moveit_config:/home/sunrise/ws_moveit/install/moveit_ros_move_group:/home/sunrise/ws_moveit/install/moveit_ros_warehouse:/home/sunrise/ws_moveit/install/moveit_planners_ompl:/home/sunrise/ws_moveit/install/moveit_kinematics:/home/sunrise/ws_moveit/install/moveit_ros_planning:/home/sunrise/ws_moveit/install/moveit_planners_chomp:/home/sunrise/ws_moveit/install/pilz_industrial_motion_planner_testutils:/home/sunrise/ws_moveit/install/moveit_simple_controller_manager:/home/sunrise/ws_moveit/install/moveit_ros_occupancy_map_monitor:/home/sunrise/ws_moveit/install/moveit_resources_prbt_ikfast_manipulator_plugin:/home/sunrise/ws_moveit/install/chomp_motion_planner:/home/sunrise/ws_moveit/install/moveit_core:/home/sunrise/ws_moveit/install/rviz_marker_tools:/home/sunrise/ws_moveit/install/moveit_resources_panda_moveit_config:/home/sunrise/ws_moveit/install/moveit_resources_fanuc_moveit_config:/home/sunrise/ws_moveit/install/moveit_configs_utils:/home/sunrise/ws_moveit/install/srdfdom:/home/sunrise/ws_moveit/install/moveit_task_constructor_msgs:/home/sunrise/ws_moveit/install/moveit_resources_prbt_support:/home/sunrise/ws_moveit/install/moveit_resources_pr2_description:/home/sunrise/ws_moveit/install/moveit_resources_panda_description:/home/sunrise/ws_moveit/install/moveit_resources_fanuc_description:/home/sunrise/ws_moveit/install/moveit_common:/home/sunrise/ws_moveit/install/launch_param_builder:${AMENT_PREFIX_PATH} CMAKE_PREFIX_PATH=/home/sunrise/ws_moveit/install/moveit_planners:/home/sunrise/ws_moveit/install/pilz_industrial_motion_planner:/home/sunrise/ws_moveit/install/moveit_resources_prbt_pg70_support:/home/sunrise/ws_moveit/install/moveit_ros_planning_interface:/home/sunrise/ws_moveit/install/moveit_resources_prbt_moveit_config:/home/sunrise/ws_moveit/install/moveit_ros_move_group:/home/sunrise/ws_moveit/install/moveit_ros_warehouse:/home/sunrise/ws_moveit/install/moveit_planners_ompl:/home/sunrise/ws_moveit/install/moveit_kinematics:/home/sunrise/ws_moveit/install/moveit_ros_planning:/home/sunrise/ws_moveit/install/moveit_planners_chomp:/home/sunrise/ws_moveit/install/pilz_industrial_motion_planner_testutils:/home/sunrise/ws_moveit/install/moveit_simple_controller_manager:/home/sunrise/ws_moveit/install/moveit_ros_occupancy_map_monitor:/home/sunrise/ws_moveit/install/moveit_resources_prbt_ikfast_manipulator_plugin:/home/sunrise/ws_moveit/install/chomp_motion_planner:/home/sunrise/ws_moveit/install/moveit_core:/home/sunrise/ws_moveit/install/rviz_marker_tools:/home/sunrise/ws_moveit/install/moveit_resources_panda_moveit_config:/home/sunrise/ws_moveit/install/moveit_resources_fanuc_moveit_config:/home/sunrise/ws_moveit/install/srdfdom:/home/sunrise/ws_moveit/install/moveit_task_constructor_msgs:/home/sunrise/ws_moveit/install/moveit_resources_prbt_support:/home/sunrise/ws_moveit/install/moveit_resources_pr2_description:/home/sunrise/ws_moveit/install/moveit_resources_panda_description:/home/sunrise/ws_moveit/install/moveit_resources_fanuc_description:/home/sunrise/ws_moveit/install/moveit_common:/opt/ros/humble LD_LIBRARY_PATH=/home/sunrise/ws_moveit/install/pilz_industrial_motion_planner/lib:/home/sunrise/ws_moveit/install/moveit_ros_planning_interface/lib:/home/sunrise/ws_moveit/install/moveit_ros_move_group/lib:/home/sunrise/ws_moveit/install/moveit_ros_warehouse/lib:/home/sunrise/ws_moveit/install/moveit_planners_ompl/lib:/home/sunrise/ws_moveit/install/moveit_kinematics/lib:/home/sunrise/ws_moveit/install/moveit_ros_planning/lib:/home/sunrise/ws_moveit/install/moveit_planners_chomp/lib:/home/sunrise/ws_moveit/install/pilz_industrial_motion_planner_testutils/lib:/home/sunrise/ws_moveit/install/moveit_simple_controller_manager/lib:/home/sunrise/ws_moveit/install/moveit_ros_occupancy_map_monitor/lib:/home/sunrise/ws_moveit/install/moveit_resources_prbt_ikfast_manipulator_plugin/lib:/home/sunrise/ws_moveit/install/chomp_motion_planner/lib:/home/sunrise/ws_moveit/install/moveit_core/lib:/home/sunrise/ws_moveit/install/rviz_marker_tools/lib:/home/sunrise/ws_moveit/install/srdfdom/lib:/home/sunrise/ws_moveit/install/moveit_task_constructor_msgs/lib:${LD_LIBRARY_PATH} PATH=/home/sunrise/ws_moveit/install/moveit_core/bin:${PATH} PYTHONPATH=/home/sunrise/ws_moveit/install/moveit_configs_utils/lib/python3.10/site-packages:/home/sunrise/ws_moveit/install/srdfdom/local/lib/python3.10/dist-packages:/home/sunrise/ws_moveit/install/moveit_task_constructor_msgs/local/lib/python3.10/dist-packages:/home/sunrise/ws_moveit/install/launch_param_builder/lib/python3.10/site-packages:${PYTHONPATH} /usr/bin/cmake --install /home/sunrise/ws_moveit/build/moveit_task_constructor_core
