/usr/local/lib/python3.10/dist-packages/setuptools/_distutils/dist.py:289: UserWarning: Unknown distribution option: 'tests_require'
  warnings.warn(msg)
running egg_info
creating ../../../build/moveit_configs_utils/moveit_configs_utils.egg-info
writing ../../../build/moveit_configs_utils/moveit_configs_utils.egg-info/PKG-INFO
writing dependency_links to ../../../build/moveit_configs_utils/moveit_configs_utils.egg-info/dependency_links.txt
writing requirements to ../../../build/moveit_configs_utils/moveit_configs_utils.egg-info/requires.txt
writing top-level names to ../../../build/moveit_configs_utils/moveit_configs_utils.egg-info/top_level.txt
writing manifest file '../../../build/moveit_configs_utils/moveit_configs_utils.egg-info/SOURCES.txt'
reading manifest file '../../../build/moveit_configs_utils/moveit_configs_utils.egg-info/SOURCES.txt'
writing manifest file '../../../build/moveit_configs_utils/moveit_configs_utils.egg-info/SOURCES.txt'
running build
running build_py
creating /home/sunrise/ws_moveit/build/moveit_configs_utils/build/lib/moveit_configs_utils
copying moveit_configs_utils/launches.py -> /home/sunrise/ws_moveit/build/moveit_configs_utils/build/lib/moveit_configs_utils
copying moveit_configs_utils/launch_utils.py -> /home/sunrise/ws_moveit/build/moveit_configs_utils/build/lib/moveit_configs_utils
copying moveit_configs_utils/__init__.py -> /home/sunrise/ws_moveit/build/moveit_configs_utils/build/lib/moveit_configs_utils
copying moveit_configs_utils/moveit_configs_builder.py -> /home/sunrise/ws_moveit/build/moveit_configs_utils/build/lib/moveit_configs_utils
creating /home/sunrise/ws_moveit/build/moveit_configs_utils/build/lib/moveit_configs_utils/substitutions
copying moveit_configs_utils/substitutions/__init__.py -> /home/sunrise/ws_moveit/build/moveit_configs_utils/build/lib/moveit_configs_utils/substitutions
copying moveit_configs_utils/substitutions/xacro.py -> /home/sunrise/ws_moveit/build/moveit_configs_utils/build/lib/moveit_configs_utils/substitutions
running install
running install_lib
creating /home/sunrise/ws_moveit/install/moveit_configs_utils/lib/python3.10/site-packages/moveit_configs_utils
copying /home/sunrise/ws_moveit/build/moveit_configs_utils/build/lib/moveit_configs_utils/launches.py -> /home/sunrise/ws_moveit/install/moveit_configs_utils/lib/python3.10/site-packages/moveit_configs_utils
copying /home/sunrise/ws_moveit/build/moveit_configs_utils/build/lib/moveit_configs_utils/launch_utils.py -> /home/sunrise/ws_moveit/install/moveit_configs_utils/lib/python3.10/site-packages/moveit_configs_utils
creating /home/sunrise/ws_moveit/install/moveit_configs_utils/lib/python3.10/site-packages/moveit_configs_utils/substitutions
copying /home/sunrise/ws_moveit/build/moveit_configs_utils/build/lib/moveit_configs_utils/substitutions/__init__.py -> /home/sunrise/ws_moveit/install/moveit_configs_utils/lib/python3.10/site-packages/moveit_configs_utils/substitutions
copying /home/sunrise/ws_moveit/build/moveit_configs_utils/build/lib/moveit_configs_utils/substitutions/xacro.py -> /home/sunrise/ws_moveit/install/moveit_configs_utils/lib/python3.10/site-packages/moveit_configs_utils/substitutions
copying /home/sunrise/ws_moveit/build/moveit_configs_utils/build/lib/moveit_configs_utils/__init__.py -> /home/sunrise/ws_moveit/install/moveit_configs_utils/lib/python3.10/site-packages/moveit_configs_utils
copying /home/sunrise/ws_moveit/build/moveit_configs_utils/build/lib/moveit_configs_utils/moveit_configs_builder.py -> /home/sunrise/ws_moveit/install/moveit_configs_utils/lib/python3.10/site-packages/moveit_configs_utils
byte-compiling /home/sunrise/ws_moveit/install/moveit_configs_utils/lib/python3.10/site-packages/moveit_configs_utils/launches.py to launches.cpython-310.pyc
byte-compiling /home/sunrise/ws_moveit/install/moveit_configs_utils/lib/python3.10/site-packages/moveit_configs_utils/launch_utils.py to launch_utils.cpython-310.pyc
byte-compiling /home/sunrise/ws_moveit/install/moveit_configs_utils/lib/python3.10/site-packages/moveit_configs_utils/substitutions/__init__.py to __init__.cpython-310.pyc
byte-compiling /home/sunrise/ws_moveit/install/moveit_configs_utils/lib/python3.10/site-packages/moveit_configs_utils/substitutions/xacro.py to xacro.cpython-310.pyc
byte-compiling /home/sunrise/ws_moveit/install/moveit_configs_utils/lib/python3.10/site-packages/moveit_configs_utils/__init__.py to __init__.cpython-310.pyc
byte-compiling /home/sunrise/ws_moveit/install/moveit_configs_utils/lib/python3.10/site-packages/moveit_configs_utils/moveit_configs_builder.py to moveit_configs_builder.cpython-310.pyc
running install_data
creating /home/sunrise/ws_moveit/install/moveit_configs_utils/share/ament_index/resource_index/packages
copying resource/moveit_configs_utils -> /home/sunrise/ws_moveit/install/moveit_configs_utils/share/ament_index/resource_index/packages
copying package.xml -> /home/sunrise/ws_moveit/install/moveit_configs_utils/share/moveit_configs_utils
creating /home/sunrise/ws_moveit/install/moveit_configs_utils/share/moveit_configs_utils/default_configs
copying default_configs/pilz_industrial_motion_planner_planning.yaml -> /home/sunrise/ws_moveit/install/moveit_configs_utils/share/moveit_configs_utils/default_configs
copying default_configs/ompl_defaults.yaml -> /home/sunrise/ws_moveit/install/moveit_configs_utils/share/moveit_configs_utils/default_configs
copying default_configs/chomp_planning.yaml -> /home/sunrise/ws_moveit/install/moveit_configs_utils/share/moveit_configs_utils/default_configs
copying default_configs/ompl_planning.yaml -> /home/sunrise/ws_moveit/install/moveit_configs_utils/share/moveit_configs_utils/default_configs
running install_egg_info
Copying ../../../build/moveit_configs_utils/moveit_configs_utils.egg-info to /home/sunrise/ws_moveit/install/moveit_configs_utils/lib/python3.10/site-packages/moveit_configs_utils-2.5.9-py3.10.egg-info
running install_scripts
writing list of installed files to '/home/sunrise/ws_moveit/build/moveit_configs_utils/install.log'
