[1.456s] Invoking command in '/home/sunrise/ws_moveit/src/moveit2/moveit_configs_utils': AMENT_PREFIX_PATH=/home/sunrise/ws_moveit/install/srdfdom:/home/sunrise/ws_moveit/install/launch_param_builder:${AMENT_PREFIX_PATH} CMAKE_PREFIX_PATH=/home/sunrise/ws_moveit/install/srdfdom LD_LIBRARY_PATH=/home/sunrise/ws_moveit/install/srdfdom/lib:${LD_LIBRARY_PATH} PYTHONPATH=/home/sunrise/ws_moveit/build/moveit_configs_utils/prefix_override:/usr/lib/python3/dist-packages/colcon_core/task/python/colcon_distutils_commands:/home/sunrise/ws_moveit/install/moveit_configs_utils/lib/python3.10/site-packages:/home/sunrise/ws_moveit/install/srdfdom/local/lib/python3.10/dist-packages:/home/sunrise/ws_moveit/install/launch_param_builder/lib/python3.10/site-packages:${PYTHONPATH} /usr/bin/python3 -W ignore:setup.py install is deprecated -W ignore:easy_install command is deprecated setup.py egg_info --egg-base ../../../build/moveit_configs_utils build --build-base /home/sunrise/ws_moveit/build/moveit_configs_utils/build install --record /home/sunrise/ws_moveit/build/moveit_configs_utils/install.log --single-version-externally-managed install_data
[1.757s] /usr/local/lib/python3.10/dist-packages/setuptools/_distutils/dist.py:289: UserWarning: Unknown distribution option: 'tests_require'
[1.758s]   warnings.warn(msg)
[2.106s] running egg_info
[2.145s] creating ../../../build/moveit_configs_utils/moveit_configs_utils.egg-info
[2.145s] writing ../../../build/moveit_configs_utils/moveit_configs_utils.egg-info/PKG-INFO
[2.146s] writing dependency_links to ../../../build/moveit_configs_utils/moveit_configs_utils.egg-info/dependency_links.txt
[2.147s] writing requirements to ../../../build/moveit_configs_utils/moveit_configs_utils.egg-info/requires.txt
[2.147s] writing top-level names to ../../../build/moveit_configs_utils/moveit_configs_utils.egg-info/top_level.txt
[2.148s] writing manifest file '../../../build/moveit_configs_utils/moveit_configs_utils.egg-info/SOURCES.txt'
[2.264s] reading manifest file '../../../build/moveit_configs_utils/moveit_configs_utils.egg-info/SOURCES.txt'
[2.266s] writing manifest file '../../../build/moveit_configs_utils/moveit_configs_utils.egg-info/SOURCES.txt'
[2.266s] running build
[2.266s] running build_py
[2.267s] creating /home/sunrise/ws_moveit/build/moveit_configs_utils/build/lib/moveit_configs_utils
[2.267s] copying moveit_configs_utils/launches.py -> /home/sunrise/ws_moveit/build/moveit_configs_utils/build/lib/moveit_configs_utils
[2.268s] copying moveit_configs_utils/launch_utils.py -> /home/sunrise/ws_moveit/build/moveit_configs_utils/build/lib/moveit_configs_utils
[2.268s] copying moveit_configs_utils/__init__.py -> /home/sunrise/ws_moveit/build/moveit_configs_utils/build/lib/moveit_configs_utils
[2.269s] copying moveit_configs_utils/moveit_configs_builder.py -> /home/sunrise/ws_moveit/build/moveit_configs_utils/build/lib/moveit_configs_utils
[2.269s] creating /home/sunrise/ws_moveit/build/moveit_configs_utils/build/lib/moveit_configs_utils/substitutions
[2.270s] copying moveit_configs_utils/substitutions/__init__.py -> /home/sunrise/ws_moveit/build/moveit_configs_utils/build/lib/moveit_configs_utils/substitutions
[2.270s] copying moveit_configs_utils/substitutions/xacro.py -> /home/sunrise/ws_moveit/build/moveit_configs_utils/build/lib/moveit_configs_utils/substitutions
[2.271s] running install
[2.279s] running install_lib
[2.318s] creating /home/sunrise/ws_moveit/install/moveit_configs_utils/lib/python3.10/site-packages/moveit_configs_utils
[2.318s] copying /home/sunrise/ws_moveit/build/moveit_configs_utils/build/lib/moveit_configs_utils/launches.py -> /home/sunrise/ws_moveit/install/moveit_configs_utils/lib/python3.10/site-packages/moveit_configs_utils
[2.318s] copying /home/sunrise/ws_moveit/build/moveit_configs_utils/build/lib/moveit_configs_utils/launch_utils.py -> /home/sunrise/ws_moveit/install/moveit_configs_utils/lib/python3.10/site-packages/moveit_configs_utils
[2.319s] creating /home/sunrise/ws_moveit/install/moveit_configs_utils/lib/python3.10/site-packages/moveit_configs_utils/substitutions
[2.319s] copying /home/sunrise/ws_moveit/build/moveit_configs_utils/build/lib/moveit_configs_utils/substitutions/__init__.py -> /home/sunrise/ws_moveit/install/moveit_configs_utils/lib/python3.10/site-packages/moveit_configs_utils/substitutions
[2.319s] copying /home/sunrise/ws_moveit/build/moveit_configs_utils/build/lib/moveit_configs_utils/substitutions/xacro.py -> /home/sunrise/ws_moveit/install/moveit_configs_utils/lib/python3.10/site-packages/moveit_configs_utils/substitutions
[2.320s] copying /home/sunrise/ws_moveit/build/moveit_configs_utils/build/lib/moveit_configs_utils/__init__.py -> /home/sunrise/ws_moveit/install/moveit_configs_utils/lib/python3.10/site-packages/moveit_configs_utils
[2.320s] copying /home/sunrise/ws_moveit/build/moveit_configs_utils/build/lib/moveit_configs_utils/moveit_configs_builder.py -> /home/sunrise/ws_moveit/install/moveit_configs_utils/lib/python3.10/site-packages/moveit_configs_utils
[2.321s] byte-compiling /home/sunrise/ws_moveit/install/moveit_configs_utils/lib/python3.10/site-packages/moveit_configs_utils/launches.py to launches.cpython-310.pyc
[2.324s] byte-compiling /home/sunrise/ws_moveit/install/moveit_configs_utils/lib/python3.10/site-packages/moveit_configs_utils/launch_utils.py to launch_utils.cpython-310.pyc
[2.325s] byte-compiling /home/sunrise/ws_moveit/install/moveit_configs_utils/lib/python3.10/site-packages/moveit_configs_utils/substitutions/__init__.py to __init__.cpython-310.pyc
[2.326s] byte-compiling /home/sunrise/ws_moveit/install/moveit_configs_utils/lib/python3.10/site-packages/moveit_configs_utils/substitutions/xacro.py to xacro.cpython-310.pyc
[2.327s] byte-compiling /home/sunrise/ws_moveit/install/moveit_configs_utils/lib/python3.10/site-packages/moveit_configs_utils/__init__.py to __init__.cpython-310.pyc
[2.328s] byte-compiling /home/sunrise/ws_moveit/install/moveit_configs_utils/lib/python3.10/site-packages/moveit_configs_utils/moveit_configs_builder.py to moveit_configs_builder.cpython-310.pyc
[2.332s] running install_data
[2.333s] creating /home/sunrise/ws_moveit/install/moveit_configs_utils/share/ament_index/resource_index/packages
[2.333s] copying resource/moveit_configs_utils -> /home/sunrise/ws_moveit/install/moveit_configs_utils/share/ament_index/resource_index/packages
[2.334s] copying package.xml -> /home/sunrise/ws_moveit/install/moveit_configs_utils/share/moveit_configs_utils
[2.334s] creating /home/sunrise/ws_moveit/install/moveit_configs_utils/share/moveit_configs_utils/default_configs
[2.334s] copying default_configs/pilz_industrial_motion_planner_planning.yaml -> /home/sunrise/ws_moveit/install/moveit_configs_utils/share/moveit_configs_utils/default_configs
[2.335s] copying default_configs/ompl_defaults.yaml -> /home/sunrise/ws_moveit/install/moveit_configs_utils/share/moveit_configs_utils/default_configs
[2.335s] copying default_configs/chomp_planning.yaml -> /home/sunrise/ws_moveit/install/moveit_configs_utils/share/moveit_configs_utils/default_configs
[2.336s] copying default_configs/ompl_planning.yaml -> /home/sunrise/ws_moveit/install/moveit_configs_utils/share/moveit_configs_utils/default_configs
[2.336s] running install_egg_info
[2.379s] Copying ../../../build/moveit_configs_utils/moveit_configs_utils.egg-info to /home/sunrise/ws_moveit/install/moveit_configs_utils/lib/python3.10/site-packages/moveit_configs_utils-2.5.9-py3.10.egg-info
[2.381s] running install_scripts
[2.453s] writing list of installed files to '/home/sunrise/ws_moveit/build/moveit_configs_utils/install.log'
[2.522s] Invoked command in '/home/sunrise/ws_moveit/src/moveit2/moveit_configs_utils' returned '0': AMENT_PREFIX_PATH=/home/sunrise/ws_moveit/install/srdfdom:/home/sunrise/ws_moveit/install/launch_param_builder:${AMENT_PREFIX_PATH} CMAKE_PREFIX_PATH=/home/sunrise/ws_moveit/install/srdfdom LD_LIBRARY_PATH=/home/sunrise/ws_moveit/install/srdfdom/lib:${LD_LIBRARY_PATH} PYTHONPATH=/home/sunrise/ws_moveit/build/moveit_configs_utils/prefix_override:/usr/lib/python3/dist-packages/colcon_core/task/python/colcon_distutils_commands:/home/sunrise/ws_moveit/install/moveit_configs_utils/lib/python3.10/site-packages:/home/sunrise/ws_moveit/install/srdfdom/local/lib/python3.10/dist-packages:/home/sunrise/ws_moveit/install/launch_param_builder/lib/python3.10/site-packages:${PYTHONPATH} /usr/bin/python3 -W ignore:setup.py install is deprecated -W ignore:easy_install command is deprecated setup.py egg_info --egg-base ../../../build/moveit_configs_utils build --build-base /home/sunrise/ws_moveit/build/moveit_configs_utils/build install --record /home/sunrise/ws_moveit/build/moveit_configs_utils/install.log --single-version-externally-managed install_data
