[0.050s] Invoking command in '/home/sunrise/ws_moveit/build/moveit_ros_robot_interaction': AMENT_PREFIX_PATH=/home/sunrise/ws_moveit/install/moveit_ros_planning:/home/sunrise/ws_moveit/install/moveit_ros_occupancy_map_monitor:/home/sunrise/ws_moveit/install/moveit_core:/home/sunrise/ws_moveit/install/moveit_resources_panda_moveit_config:/home/sunrise/ws_moveit/install/moveit_configs_utils:/home/sunrise/ws_moveit/install/srdfdom:/home/sunrise/ws_moveit/install/moveit_resources_pr2_description:/home/sunrise/ws_moveit/install/moveit_resources_panda_description:/home/sunrise/ws_moveit/install/moveit_common:/home/sunrise/ws_moveit/install/launch_param_builder:${AMENT_PREFIX_PATH} CMAKE_PREFIX_PATH=/home/sunrise/ws_moveit/install/moveit_ros_planning:/home/sunrise/ws_moveit/install/moveit_ros_occupancy_map_monitor:/home/sunrise/ws_moveit/install/moveit_core:/home/sunrise/ws_moveit/install/moveit_resources_panda_moveit_config:/home/sunrise/ws_moveit/install/srdfdom:/home/sunrise/ws_moveit/install/moveit_resources_pr2_description:/home/sunrise/ws_moveit/install/moveit_resources_panda_description:/home/sunrise/ws_moveit/install/moveit_common:/opt/ros/humble LD_LIBRARY_PATH=/home/sunrise/ws_moveit/install/moveit_ros_planning/lib:/home/sunrise/ws_moveit/install/moveit_ros_occupancy_map_monitor/lib:/home/sunrise/ws_moveit/install/moveit_core/lib:/home/sunrise/ws_moveit/install/srdfdom/lib:${LD_LIBRARY_PATH} PATH=/home/sunrise/ws_moveit/install/moveit_core/bin:${PATH} PYTHONPATH=/home/sunrise/ws_moveit/install/moveit_configs_utils/lib/python3.10/site-packages:/home/sunrise/ws_moveit/install/srdfdom/local/lib/python3.10/dist-packages:/home/sunrise/ws_moveit/install/launch_param_builder/lib/python3.10/site-packages:${PYTHONPATH} /usr/bin/cmake /home/sunrise/ws_moveit/src/moveit2/moveit_ros/robot_interaction -DCMAKE_BUILD_TYPE=Release -DCMAKE_INSTALL_PREFIX=/home/sunrise/ws_moveit/install/moveit_ros_robot_interaction
[0.124s] -- The C compiler identification is GNU 11.4.0
[0.202s] -- The CXX compiler identification is GNU 11.4.0
[0.218s] -- Detecting C compiler ABI info
[0.322s] -- Detecting C compiler ABI info - done
[0.332s] -- Check for working C compiler: /usr/bin/cc - skipped
[0.332s] -- Detecting C compile features
[0.332s] -- Detecting C compile features - done
[0.337s] -- Detecting CXX compiler ABI info
[0.451s] -- Detecting CXX compiler ABI info - done
[0.460s] -- Check for working CXX compiler: /usr/bin/c++ - skipped
[0.461s] -- Detecting CXX compile features
[0.462s] -- Detecting CXX compile features - done
[0.465s] -- Found moveit_common: 2.5.9 (/home/sunrise/ws_moveit/install/moveit_common/share/moveit_common/cmake)
[0.468s] -- Found ament_cmake: 1.3.12 (/opt/ros/humble/share/ament_cmake/cmake)
[1.198s] -- Found Python3: /usr/bin/python3 (found version "3.10.12") found components: Interpreter 
[1.493s] -- Found moveit_core: 2.5.9 (/home/sunrise/ws_moveit/install/moveit_core/share/moveit_core/cmake)
[1.880s] -- Found Boost: /usr/lib/aarch64-linux-gnu/cmake/Boost-1.74.0/BoostConfig.cmake (found version "1.74.0") found components: chrono date_time filesystem iostreams program_options regex serialization system thread 
[1.954s] -- Found parameter_traits: 0.7.1 (/opt/ros/humble/share/parameter_traits/cmake)
[2.018s] -- Found rosidl_generator_c: 3.1.7 (/opt/ros/humble/share/rosidl_generator_c/cmake)
[2.027s] -- Found rosidl_adapter: 3.1.7 (/opt/ros/humble/share/rosidl_adapter/cmake)
[2.042s] -- Found rosidl_generator_cpp: 3.1.7 (/opt/ros/humble/share/rosidl_generator_cpp/cmake)
[2.064s] -- Using all available rosidl_typesupport_c: rosidl_typesupport_fastrtps_c;rosidl_typesupport_introspection_c
[2.093s] -- Using all available rosidl_typesupport_cpp: rosidl_typesupport_fastrtps_cpp;rosidl_typesupport_introspection_cpp
[2.172s] -- Found rmw_implementation_cmake: 6.1.2 (/opt/ros/humble/share/rmw_implementation_cmake/cmake)
[2.177s] -- Found rmw_fastrtps_cpp: 6.2.8 (/opt/ros/humble/share/rmw_fastrtps_cpp/cmake)
[2.347s] -- Found OpenSSL: /usr/lib/aarch64-linux-gnu/libcrypto.so (found version "3.0.2")  
[2.376s] -- Found FastRTPS: /opt/ros/humble/include  
[2.433s] -- Using RMW implementation 'rmw_fastrtps_cpp' as default
[2.466s] -- Found Threads: TRUE  
[2.572s] -- Found rclcpp_lifecycle: 16.0.14 (/opt/ros/humble/share/rclcpp_lifecycle/cmake)
[2.610s] -- Found Boost: /usr/lib/aarch64-linux-gnu/cmake/Boost-1.74.0/BoostConfig.cmake (found version "1.74.0") found components: filesystem 
[2.754s] -- library: /usr/lib/aarch64-linux-gnu/libcurl.so
[2.857s] -- Found Eigen3: TRUE (found version "3.4.0") 
[2.857s] -- Ensuring Eigen3 include directory is part of orocos-kdl CMake target
[3.243s] -- Found moveit_ros_planning: 2.5.9 (/home/sunrise/ws_moveit/install/moveit_ros_planning/share/moveit_ros_planning/cmake)
[3.251s] -- Found Boost: /usr/lib/aarch64-linux-gnu/cmake/Boost-1.74.0/BoostConfig.cmake (found version "1.74.0") found components: system filesystem date_time program_options thread chrono 
[3.289s] -- Found interactive_markers: 2.3.2 (/opt/ros/humble/share/interactive_markers/cmake)
[3.303s] -- Performing Test COMPILER_HAS_HIDDEN_VISIBILITY
[3.507s] -- Performing Test COMPILER_HAS_HIDDEN_VISIBILITY - Success
[3.507s] -- Performing Test COMPILER_HAS_HIDDEN_INLINE_VISIBILITY
[3.707s] -- Performing Test COMPILER_HAS_HIDDEN_INLINE_VISIBILITY - Success
[3.707s] -- Performing Test COMPILER_HAS_DEPRECATED_ATTR
[3.855s] -- Performing Test COMPILER_HAS_DEPRECATED_ATTR - Success
[3.871s] -- Found ament_cmake_gtest: 1.3.12 (/opt/ros/humble/share/ament_cmake_gtest/cmake)
[3.871s] -- Found gtest sources under '/opt/ros/humble/src/gtest_vendor': C++ tests using 'Google Test' will be built
[3.885s] -- Found ament_lint_auto: 0.12.14 (/opt/ros/humble/share/ament_lint_auto/cmake)
[3.930s] -- Added test 'cppcheck' to perform static code analysis on C / C++ code
[3.930s] -- Configured cppcheck include dirs: /home/sunrise/ws_moveit/src/moveit2/moveit_ros/robot_interaction/include
[3.930s] -- Configured cppcheck exclude dirs and/or files: 
[3.933s] -- Added test 'lint_cmake' to check CMake code style
[3.934s] -- Added test 'xmllint' to check XML markup files
[3.945s] -- Configuring done
[4.050s] -- Generating done
[4.074s] -- Build files have been written to: /home/sunrise/ws_moveit/build/moveit_ros_robot_interaction
[4.100s] Invoked command in '/home/sunrise/ws_moveit/build/moveit_ros_robot_interaction' returned '0': AMENT_PREFIX_PATH=/home/sunrise/ws_moveit/install/moveit_ros_planning:/home/sunrise/ws_moveit/install/moveit_ros_occupancy_map_monitor:/home/sunrise/ws_moveit/install/moveit_core:/home/sunrise/ws_moveit/install/moveit_resources_panda_moveit_config:/home/sunrise/ws_moveit/install/moveit_configs_utils:/home/sunrise/ws_moveit/install/srdfdom:/home/sunrise/ws_moveit/install/moveit_resources_pr2_description:/home/sunrise/ws_moveit/install/moveit_resources_panda_description:/home/sunrise/ws_moveit/install/moveit_common:/home/sunrise/ws_moveit/install/launch_param_builder:${AMENT_PREFIX_PATH} CMAKE_PREFIX_PATH=/home/sunrise/ws_moveit/install/moveit_ros_planning:/home/sunrise/ws_moveit/install/moveit_ros_occupancy_map_monitor:/home/sunrise/ws_moveit/install/moveit_core:/home/sunrise/ws_moveit/install/moveit_resources_panda_moveit_config:/home/sunrise/ws_moveit/install/srdfdom:/home/sunrise/ws_moveit/install/moveit_resources_pr2_description:/home/sunrise/ws_moveit/install/moveit_resources_panda_description:/home/sunrise/ws_moveit/install/moveit_common:/opt/ros/humble LD_LIBRARY_PATH=/home/sunrise/ws_moveit/install/moveit_ros_planning/lib:/home/sunrise/ws_moveit/install/moveit_ros_occupancy_map_monitor/lib:/home/sunrise/ws_moveit/install/moveit_core/lib:/home/sunrise/ws_moveit/install/srdfdom/lib:${LD_LIBRARY_PATH} PATH=/home/sunrise/ws_moveit/install/moveit_core/bin:${PATH} PYTHONPATH=/home/sunrise/ws_moveit/install/moveit_configs_utils/lib/python3.10/site-packages:/home/sunrise/ws_moveit/install/srdfdom/local/lib/python3.10/dist-packages:/home/sunrise/ws_moveit/install/launch_param_builder/lib/python3.10/site-packages:${PYTHONPATH} /usr/bin/cmake /home/sunrise/ws_moveit/src/moveit2/moveit_ros/robot_interaction -DCMAKE_BUILD_TYPE=Release -DCMAKE_INSTALL_PREFIX=/home/sunrise/ws_moveit/install/moveit_ros_robot_interaction
[4.101s] Invoking command in '/home/sunrise/ws_moveit/build/moveit_ros_robot_interaction': AMENT_PREFIX_PATH=/home/sunrise/ws_moveit/install/moveit_ros_planning:/home/sunrise/ws_moveit/install/moveit_ros_occupancy_map_monitor:/home/sunrise/ws_moveit/install/moveit_core:/home/sunrise/ws_moveit/install/moveit_resources_panda_moveit_config:/home/sunrise/ws_moveit/install/moveit_configs_utils:/home/sunrise/ws_moveit/install/srdfdom:/home/sunrise/ws_moveit/install/moveit_resources_pr2_description:/home/sunrise/ws_moveit/install/moveit_resources_panda_description:/home/sunrise/ws_moveit/install/moveit_common:/home/sunrise/ws_moveit/install/launch_param_builder:${AMENT_PREFIX_PATH} CMAKE_PREFIX_PATH=/home/sunrise/ws_moveit/install/moveit_ros_planning:/home/sunrise/ws_moveit/install/moveit_ros_occupancy_map_monitor:/home/sunrise/ws_moveit/install/moveit_core:/home/sunrise/ws_moveit/install/moveit_resources_panda_moveit_config:/home/sunrise/ws_moveit/install/srdfdom:/home/sunrise/ws_moveit/install/moveit_resources_pr2_description:/home/sunrise/ws_moveit/install/moveit_resources_panda_description:/home/sunrise/ws_moveit/install/moveit_common:/opt/ros/humble LD_LIBRARY_PATH=/home/sunrise/ws_moveit/install/moveit_ros_planning/lib:/home/sunrise/ws_moveit/install/moveit_ros_occupancy_map_monitor/lib:/home/sunrise/ws_moveit/install/moveit_core/lib:/home/sunrise/ws_moveit/install/srdfdom/lib:${LD_LIBRARY_PATH} PATH=/home/sunrise/ws_moveit/install/moveit_core/bin:${PATH} PYTHONPATH=/home/sunrise/ws_moveit/install/moveit_configs_utils/lib/python3.10/site-packages:/home/sunrise/ws_moveit/install/srdfdom/local/lib/python3.10/dist-packages:/home/sunrise/ws_moveit/install/launch_param_builder/lib/python3.10/site-packages:${PYTHONPATH} /usr/bin/cmake --build /home/sunrise/ws_moveit/build/moveit_ros_robot_interaction -- -j6 -l6
[4.496s] [  7%] [32mBuilding CXX object CMakeFiles/moveit_robot_interaction.dir/src/interactive_marker_helpers.cpp.o[0m
[12.490s] [ 15%] [32mBuilding CXX object CMakeFiles/moveit_robot_interaction.dir/src/locked_robot_state.cpp.o[0m
[21.626s] [ 23%] [32mBuilding CXX object CMakeFiles/moveit_robot_interaction.dir/src/interaction_handler.cpp.o[0m
[38.556s] [ 30%] [32mBuilding CXX object CMakeFiles/moveit_robot_interaction.dir/src/robot_interaction.cpp.o[0m
[72.257s] [ 38%] [32mBuilding CXX object CMakeFiles/moveit_robot_interaction.dir/src/kinematic_options_map.cpp.o[0m
[81.406s] [ 46%] [32mBuilding CXX object CMakeFiles/moveit_robot_interaction.dir/src/kinematic_options.cpp.o[0m
[90.274s] [ 53%] [32m[1mLinking CXX shared library libmoveit_robot_interaction.so[0m
[90.930s] [ 53%] Built target moveit_robot_interaction
[91.006s] [ 61%] [32mBuilding CXX object gtest/CMakeFiles/gtest.dir/src/gtest-all.cc.o[0m
[105.985s] [ 69%] [32m[1mLinking CXX static library libgtest.a[0m
[106.061s] [ 69%] Built target gtest
[106.136s] [ 76%] [32mBuilding CXX object gtest/CMakeFiles/gtest_main.dir/src/gtest_main.cc.o[0m
[107.960s] [ 84%] [32m[1mLinking CXX static library libgtest_main.a[0m
[108.653s] [ 84%] Built target gtest_main
[108.681s] [ 92%] [32mBuilding CXX object CMakeFiles/locked_robot_state_test.dir/test/locked_robot_state_test.cpp.o[0m
[121.325s] [100%] [32m[1mLinking CXX executable locked_robot_state_test[0m
[121.834s] [100%] Built target locked_robot_state_test
[121.851s] Invoked command in '/home/sunrise/ws_moveit/build/moveit_ros_robot_interaction' returned '0': AMENT_PREFIX_PATH=/home/sunrise/ws_moveit/install/moveit_ros_planning:/home/sunrise/ws_moveit/install/moveit_ros_occupancy_map_monitor:/home/sunrise/ws_moveit/install/moveit_core:/home/sunrise/ws_moveit/install/moveit_resources_panda_moveit_config:/home/sunrise/ws_moveit/install/moveit_configs_utils:/home/sunrise/ws_moveit/install/srdfdom:/home/sunrise/ws_moveit/install/moveit_resources_pr2_description:/home/sunrise/ws_moveit/install/moveit_resources_panda_description:/home/sunrise/ws_moveit/install/moveit_common:/home/sunrise/ws_moveit/install/launch_param_builder:${AMENT_PREFIX_PATH} CMAKE_PREFIX_PATH=/home/sunrise/ws_moveit/install/moveit_ros_planning:/home/sunrise/ws_moveit/install/moveit_ros_occupancy_map_monitor:/home/sunrise/ws_moveit/install/moveit_core:/home/sunrise/ws_moveit/install/moveit_resources_panda_moveit_config:/home/sunrise/ws_moveit/install/srdfdom:/home/sunrise/ws_moveit/install/moveit_resources_pr2_description:/home/sunrise/ws_moveit/install/moveit_resources_panda_description:/home/sunrise/ws_moveit/install/moveit_common:/opt/ros/humble LD_LIBRARY_PATH=/home/sunrise/ws_moveit/install/moveit_ros_planning/lib:/home/sunrise/ws_moveit/install/moveit_ros_occupancy_map_monitor/lib:/home/sunrise/ws_moveit/install/moveit_core/lib:/home/sunrise/ws_moveit/install/srdfdom/lib:${LD_LIBRARY_PATH} PATH=/home/sunrise/ws_moveit/install/moveit_core/bin:${PATH} PYTHONPATH=/home/sunrise/ws_moveit/install/moveit_configs_utils/lib/python3.10/site-packages:/home/sunrise/ws_moveit/install/srdfdom/local/lib/python3.10/dist-packages:/home/sunrise/ws_moveit/install/launch_param_builder/lib/python3.10/site-packages:${PYTHONPATH} /usr/bin/cmake --build /home/sunrise/ws_moveit/build/moveit_ros_robot_interaction -- -j6 -l6
[121.852s] Invoking command in '/home/sunrise/ws_moveit/build/moveit_ros_robot_interaction': AMENT_PREFIX_PATH=/home/sunrise/ws_moveit/install/moveit_ros_planning:/home/sunrise/ws_moveit/install/moveit_ros_occupancy_map_monitor:/home/sunrise/ws_moveit/install/moveit_core:/home/sunrise/ws_moveit/install/moveit_resources_panda_moveit_config:/home/sunrise/ws_moveit/install/moveit_configs_utils:/home/sunrise/ws_moveit/install/srdfdom:/home/sunrise/ws_moveit/install/moveit_resources_pr2_description:/home/sunrise/ws_moveit/install/moveit_resources_panda_description:/home/sunrise/ws_moveit/install/moveit_common:/home/sunrise/ws_moveit/install/launch_param_builder:${AMENT_PREFIX_PATH} CMAKE_PREFIX_PATH=/home/sunrise/ws_moveit/install/moveit_ros_planning:/home/sunrise/ws_moveit/install/moveit_ros_occupancy_map_monitor:/home/sunrise/ws_moveit/install/moveit_core:/home/sunrise/ws_moveit/install/moveit_resources_panda_moveit_config:/home/sunrise/ws_moveit/install/srdfdom:/home/sunrise/ws_moveit/install/moveit_resources_pr2_description:/home/sunrise/ws_moveit/install/moveit_resources_panda_description:/home/sunrise/ws_moveit/install/moveit_common:/opt/ros/humble LD_LIBRARY_PATH=/home/sunrise/ws_moveit/install/moveit_ros_planning/lib:/home/sunrise/ws_moveit/install/moveit_ros_occupancy_map_monitor/lib:/home/sunrise/ws_moveit/install/moveit_core/lib:/home/sunrise/ws_moveit/install/srdfdom/lib:${LD_LIBRARY_PATH} PATH=/home/sunrise/ws_moveit/install/moveit_core/bin:${PATH} PYTHONPATH=/home/sunrise/ws_moveit/install/moveit_configs_utils/lib/python3.10/site-packages:/home/sunrise/ws_moveit/install/srdfdom/local/lib/python3.10/dist-packages:/home/sunrise/ws_moveit/install/launch_param_builder/lib/python3.10/site-packages:${PYTHONPATH} /usr/bin/cmake --install /home/sunrise/ws_moveit/build/moveit_ros_robot_interaction
[121.862s] -- Install configuration: "Release"
[121.864s] -- Installing: /home/sunrise/ws_moveit/install/moveit_ros_robot_interaction/lib/libmoveit_robot_interaction.so.2.5.9
[121.879s] -- Set runtime path of "/home/sunrise/ws_moveit/install/moveit_ros_robot_interaction/lib/libmoveit_robot_interaction.so.2.5.9" to ""
[121.880s] -- Installing: /home/sunrise/ws_moveit/install/moveit_ros_robot_interaction/lib/libmoveit_robot_interaction.so
[121.880s] -- Installing: /home/sunrise/ws_moveit/install/moveit_ros_robot_interaction/include
[121.881s] -- Installing: /home/sunrise/ws_moveit/install/moveit_ros_robot_interaction/include/moveit
[121.881s] -- Installing: /home/sunrise/ws_moveit/install/moveit_ros_robot_interaction/include/moveit/robot_interaction
[121.882s] -- Installing: /home/sunrise/ws_moveit/install/moveit_ros_robot_interaction/include/moveit/robot_interaction/kinematic_options_map.h
[121.884s] -- Installing: /home/sunrise/ws_moveit/install/moveit_ros_robot_interaction/include/moveit/robot_interaction/interaction.h
[121.887s] -- Installing: /home/sunrise/ws_moveit/install/moveit_ros_robot_interaction/include/moveit/robot_interaction/interaction_handler.h
[121.900s] -- Installing: /home/sunrise/ws_moveit/install/moveit_ros_robot_interaction/include/moveit/robot_interaction/interactive_marker_helpers.h
[121.901s] -- Installing: /home/sunrise/ws_moveit/install/moveit_ros_robot_interaction/include/moveit/robot_interaction/locked_robot_state.h
[121.902s] -- Installing: /home/sunrise/ws_moveit/install/moveit_ros_robot_interaction/include/moveit/robot_interaction/robot_interaction.h
[121.903s] -- Installing: /home/sunrise/ws_moveit/install/moveit_ros_robot_interaction/include/moveit/robot_interaction/kinematic_options.h
[121.904s] -- Installing: /home/sunrise/ws_moveit/install/moveit_ros_robot_interaction/include/moveit_robot_interaction_export.h
[121.906s] -- Installing: /home/sunrise/ws_moveit/install/moveit_ros_robot_interaction/share/moveit_ros_robot_interaction/resources
[121.907s] -- Installing: /home/sunrise/ws_moveit/install/moveit_ros_robot_interaction/share/moveit_ros_robot_interaction/resources/access-denied.stl
[121.907s] -- Installing: /home/sunrise/ws_moveit/install/moveit_ros_robot_interaction/share/moveit_ros_robot_interaction/resources/access-denied.dae
[121.909s] -- Installing: /home/sunrise/ws_moveit/install/moveit_ros_robot_interaction/share/moveit_ros_robot_interaction/environment/library_path.sh
[121.909s] -- Installing: /home/sunrise/ws_moveit/install/moveit_ros_robot_interaction/share/moveit_ros_robot_interaction/environment/library_path.dsv
[121.911s] -- Installing: /home/sunrise/ws_moveit/install/moveit_ros_robot_interaction/share/ament_index/resource_index/package_run_dependencies/moveit_ros_robot_interaction
[121.913s] -- Installing: /home/sunrise/ws_moveit/install/moveit_ros_robot_interaction/share/ament_index/resource_index/parent_prefix_path/moveit_ros_robot_interaction
[121.915s] -- Installing: /home/sunrise/ws_moveit/install/moveit_ros_robot_interaction/share/moveit_ros_robot_interaction/environment/ament_prefix_path.sh
[121.915s] -- Installing: /home/sunrise/ws_moveit/install/moveit_ros_robot_interaction/share/moveit_ros_robot_interaction/environment/ament_prefix_path.dsv
[121.916s] -- Installing: /home/sunrise/ws_moveit/install/moveit_ros_robot_interaction/share/moveit_ros_robot_interaction/environment/path.sh
[121.916s] -- Installing: /home/sunrise/ws_moveit/install/moveit_ros_robot_interaction/share/moveit_ros_robot_interaction/environment/path.dsv
[121.916s] -- Installing: /home/sunrise/ws_moveit/install/moveit_ros_robot_interaction/share/moveit_ros_robot_interaction/local_setup.bash
[121.917s] -- Installing: /home/sunrise/ws_moveit/install/moveit_ros_robot_interaction/share/moveit_ros_robot_interaction/local_setup.sh
[121.917s] -- Installing: /home/sunrise/ws_moveit/install/moveit_ros_robot_interaction/share/moveit_ros_robot_interaction/local_setup.zsh
[121.917s] -- Installing: /home/sunrise/ws_moveit/install/moveit_ros_robot_interaction/share/moveit_ros_robot_interaction/local_setup.dsv
[121.918s] -- Installing: /home/sunrise/ws_moveit/install/moveit_ros_robot_interaction/share/moveit_ros_robot_interaction/package.dsv
[121.918s] -- Installing: /home/sunrise/ws_moveit/install/moveit_ros_robot_interaction/share/ament_index/resource_index/packages/moveit_ros_robot_interaction
[121.921s] -- Installing: /home/sunrise/ws_moveit/install/moveit_ros_robot_interaction/share/moveit_ros_robot_interaction/cmake/export_moveit_ros_robot_interactionExport.cmake
[121.921s] -- Installing: /home/sunrise/ws_moveit/install/moveit_ros_robot_interaction/share/moveit_ros_robot_interaction/cmake/export_moveit_ros_robot_interactionExport-release.cmake
[121.921s] -- Installing: /home/sunrise/ws_moveit/install/moveit_ros_robot_interaction/share/moveit_ros_robot_interaction/cmake/ament_cmake_export_targets-extras.cmake
[121.921s] -- Installing: /home/sunrise/ws_moveit/install/moveit_ros_robot_interaction/share/moveit_ros_robot_interaction/cmake/ament_cmake_export_dependencies-extras.cmake
[121.922s] -- Installing: /home/sunrise/ws_moveit/install/moveit_ros_robot_interaction/share/moveit_ros_robot_interaction/cmake/moveit_ros_robot_interactionConfig.cmake
[121.922s] -- Installing: /home/sunrise/ws_moveit/install/moveit_ros_robot_interaction/share/moveit_ros_robot_interaction/cmake/moveit_ros_robot_interactionConfig-version.cmake
[121.922s] -- Installing: /home/sunrise/ws_moveit/install/moveit_ros_robot_interaction/share/moveit_ros_robot_interaction/package.xml
[121.926s] Invoked command in '/home/sunrise/ws_moveit/build/moveit_ros_robot_interaction' returned '0': AMENT_PREFIX_PATH=/home/sunrise/ws_moveit/install/moveit_ros_planning:/home/sunrise/ws_moveit/install/moveit_ros_occupancy_map_monitor:/home/sunrise/ws_moveit/install/moveit_core:/home/sunrise/ws_moveit/install/moveit_resources_panda_moveit_config:/home/sunrise/ws_moveit/install/moveit_configs_utils:/home/sunrise/ws_moveit/install/srdfdom:/home/sunrise/ws_moveit/install/moveit_resources_pr2_description:/home/sunrise/ws_moveit/install/moveit_resources_panda_description:/home/sunrise/ws_moveit/install/moveit_common:/home/sunrise/ws_moveit/install/launch_param_builder:${AMENT_PREFIX_PATH} CMAKE_PREFIX_PATH=/home/sunrise/ws_moveit/install/moveit_ros_planning:/home/sunrise/ws_moveit/install/moveit_ros_occupancy_map_monitor:/home/sunrise/ws_moveit/install/moveit_core:/home/sunrise/ws_moveit/install/moveit_resources_panda_moveit_config:/home/sunrise/ws_moveit/install/srdfdom:/home/sunrise/ws_moveit/install/moveit_resources_pr2_description:/home/sunrise/ws_moveit/install/moveit_resources_panda_description:/home/sunrise/ws_moveit/install/moveit_common:/opt/ros/humble LD_LIBRARY_PATH=/home/sunrise/ws_moveit/install/moveit_ros_planning/lib:/home/sunrise/ws_moveit/install/moveit_ros_occupancy_map_monitor/lib:/home/sunrise/ws_moveit/install/moveit_core/lib:/home/sunrise/ws_moveit/install/srdfdom/lib:${LD_LIBRARY_PATH} PATH=/home/sunrise/ws_moveit/install/moveit_core/bin:${PATH} PYTHONPATH=/home/sunrise/ws_moveit/install/moveit_configs_utils/lib/python3.10/site-packages:/home/sunrise/ws_moveit/install/srdfdom/local/lib/python3.10/dist-packages:/home/sunrise/ws_moveit/install/launch_param_builder/lib/python3.10/site-packages:${PYTHONPATH} /usr/bin/cmake --install /home/sunrise/ws_moveit/build/moveit_ros_robot_interaction
