[0.071s] Invoking command in '/home/sunrise/ws_moveit/build/moveit_setup_assistant': AMENT_PREFIX_PATH=/home/sunrise/ws_moveit/install/moveit_setup_srdf_plugins:/home/sunrise/ws_moveit/install/moveit_setup_core_plugins:/home/sunrise/ws_moveit/install/moveit_setup_controllers:/home/sunrise/ws_moveit/install/moveit_setup_app_plugins:/home/sunrise/ws_moveit/install/moveit_setup_framework:/home/sunrise/ws_moveit/install/moveit_ros_visualization:/home/sunrise/ws_moveit/install/moveit_ros_planning_interface:/home/sunrise/ws_moveit/install/moveit_ros_move_group:/home/sunrise/ws_moveit/install/moveit_ros_warehouse:/home/sunrise/ws_moveit/install/moveit_ros_robot_interaction:/home/sunrise/ws_moveit/install/moveit_planners_ompl:/home/sunrise/ws_moveit/install/moveit_kinematics:/home/sunrise/ws_moveit/install/moveit_ros_planning:/home/sunrise/ws_moveit/install/moveit_simple_controller_manager:/home/sunrise/ws_moveit/install/moveit_ros_occupancy_map_monitor:/home/sunrise/ws_moveit/install/moveit_core:/home/sunrise/ws_moveit/install/moveit_resources_panda_moveit_config:/home/sunrise/ws_moveit/install/moveit_resources_fanuc_moveit_config:/home/sunrise/ws_moveit/install/moveit_configs_utils:/home/sunrise/ws_moveit/install/srdfdom:/home/sunrise/ws_moveit/install/moveit_resources_pr2_description:/home/sunrise/ws_moveit/install/moveit_resources_panda_description:/home/sunrise/ws_moveit/install/moveit_resources_fanuc_description:/home/sunrise/ws_moveit/install/moveit_common:/home/sunrise/ws_moveit/install/launch_param_builder:${AMENT_PREFIX_PATH} CMAKE_PREFIX_PATH=/home/sunrise/ws_moveit/install/moveit_setup_srdf_plugins:/home/sunrise/ws_moveit/install/moveit_setup_core_plugins:/home/sunrise/ws_moveit/install/moveit_setup_controllers:/home/sunrise/ws_moveit/install/moveit_setup_app_plugins:/home/sunrise/ws_moveit/install/moveit_setup_framework:/home/sunrise/ws_moveit/install/moveit_ros_visualization:/home/sunrise/ws_moveit/install/moveit_ros_planning_interface:/home/sunrise/ws_moveit/install/moveit_ros_move_group:/home/sunrise/ws_moveit/install/moveit_ros_warehouse:/home/sunrise/ws_moveit/install/moveit_ros_robot_interaction:/home/sunrise/ws_moveit/install/moveit_planners_ompl:/home/sunrise/ws_moveit/install/moveit_kinematics:/home/sunrise/ws_moveit/install/moveit_ros_planning:/home/sunrise/ws_moveit/install/moveit_simple_controller_manager:/home/sunrise/ws_moveit/install/moveit_ros_occupancy_map_monitor:/home/sunrise/ws_moveit/install/moveit_core:/home/sunrise/ws_moveit/install/moveit_resources_panda_moveit_config:/home/sunrise/ws_moveit/install/moveit_resources_fanuc_moveit_config:/home/sunrise/ws_moveit/install/srdfdom:/home/sunrise/ws_moveit/install/moveit_resources_pr2_description:/home/sunrise/ws_moveit/install/moveit_resources_panda_description:/home/sunrise/ws_moveit/install/moveit_resources_fanuc_description:/home/sunrise/ws_moveit/install/moveit_common:/opt/ros/humble LD_LIBRARY_PATH=/home/sunrise/ws_moveit/install/moveit_setup_srdf_plugins/lib:/home/sunrise/ws_moveit/install/moveit_setup_core_plugins/lib:/home/sunrise/ws_moveit/install/moveit_setup_controllers/lib:/home/sunrise/ws_moveit/install/moveit_setup_app_plugins/lib:/home/sunrise/ws_moveit/install/moveit_setup_framework/lib:/home/sunrise/ws_moveit/install/moveit_ros_visualization/lib:/home/sunrise/ws_moveit/install/moveit_ros_planning_interface/lib:/home/sunrise/ws_moveit/install/moveit_ros_move_group/lib:/home/sunrise/ws_moveit/install/moveit_ros_warehouse/lib:/home/sunrise/ws_moveit/install/moveit_ros_robot_interaction/lib:/home/sunrise/ws_moveit/install/moveit_planners_ompl/lib:/home/sunrise/ws_moveit/install/moveit_kinematics/lib:/home/sunrise/ws_moveit/install/moveit_ros_planning/lib:/home/sunrise/ws_moveit/install/moveit_simple_controller_manager/lib:/home/sunrise/ws_moveit/install/moveit_ros_occupancy_map_monitor/lib:/home/sunrise/ws_moveit/install/moveit_core/lib:/home/sunrise/ws_moveit/install/srdfdom/lib:${LD_LIBRARY_PATH} PATH=/home/sunrise/ws_moveit/install/moveit_core/bin:${PATH} PYTHONPATH=/home/sunrise/ws_moveit/install/moveit_configs_utils/lib/python3.10/site-packages:/home/sunrise/ws_moveit/install/srdfdom/local/lib/python3.10/dist-packages:/home/sunrise/ws_moveit/install/launch_param_builder/lib/python3.10/site-packages:${PYTHONPATH} /usr/bin/cmake /home/sunrise/ws_moveit/src/moveit2/moveit_setup_assistant/moveit_setup_assistant -DCMAKE_BUILD_TYPE=Release -DCMAKE_INSTALL_PREFIX=/home/sunrise/ws_moveit/install/moveit_setup_assistant
[0.149s] -- The C compiler identification is GNU 11.4.0
[0.219s] -- The CXX compiler identification is GNU 11.4.0
[0.229s] -- Detecting C compiler ABI info
[0.322s] -- Detecting C compiler ABI info - done
[0.331s] -- Check for working C compiler: /usr/bin/cc - skipped
[0.332s] -- Detecting C compile features
[0.332s] -- Detecting C compile features - done
[0.337s] -- Detecting CXX compiler ABI info
[0.442s] -- Detecting CXX compiler ABI info - done
[0.451s] -- Check for working CXX compiler: /usr/bin/c++ - skipped
[0.452s] -- Detecting CXX compile features
[0.452s] -- Detecting CXX compile features - done
[0.457s] -- Found moveit_common: 2.5.9 (/home/sunrise/ws_moveit/install/moveit_common/share/moveit_common/cmake)
[0.462s] -- Found ament_cmake: 1.3.12 (/opt/ros/humble/share/ament_cmake/cmake)
[1.120s] -- Found Python3: /usr/bin/python3 (found version "3.10.12") found components: Interpreter 
[1.399s] -- Found ament_index_cpp: 1.4.0 (/opt/ros/humble/share/ament_index_cpp/cmake)
[1.420s] -- Found Boost: /usr/lib/aarch64-linux-gnu/cmake/Boost-1.74.0/BoostConfig.cmake (found version "1.74.0") found components: program_options 
[1.422s] -- Found moveit_setup_framework: 2.5.9 (/home/sunrise/ws_moveit/install/moveit_setup_framework/share/moveit_setup_framework/cmake)
[1.508s] -- Found rosidl_generator_c: 3.1.7 (/opt/ros/humble/share/rosidl_generator_c/cmake)
[1.520s] -- Found rosidl_adapter: 3.1.7 (/opt/ros/humble/share/rosidl_adapter/cmake)
[1.537s] -- Found rosidl_generator_cpp: 3.1.7 (/opt/ros/humble/share/rosidl_generator_cpp/cmake)
[1.560s] -- Using all available rosidl_typesupport_c: rosidl_typesupport_fastrtps_c;rosidl_typesupport_introspection_c
[1.592s] -- Using all available rosidl_typesupport_cpp: rosidl_typesupport_fastrtps_cpp;rosidl_typesupport_introspection_cpp
[1.682s] -- Found rmw_implementation_cmake: 6.1.2 (/opt/ros/humble/share/rmw_implementation_cmake/cmake)
[1.690s] -- Found rmw_fastrtps_cpp: 6.2.8 (/opt/ros/humble/share/rmw_fastrtps_cpp/cmake)
[1.819s] -- Found OpenSSL: /usr/lib/aarch64-linux-gnu/libcrypto.so (found version "3.0.2")  
[1.851s] -- Found FastRTPS: /opt/ros/humble/include  
[1.901s] -- Using RMW implementation 'rmw_fastrtps_cpp' as default
[1.922s] -- Looking for pthread.h
[2.053s] -- Looking for pthread.h - found
[2.053s] -- Performing Test CMAKE_HAVE_LIBC_PTHREAD
[2.183s] -- Performing Test CMAKE_HAVE_LIBC_PTHREAD - Success
[2.184s] -- Found Threads: TRUE  
[2.355s] -- Found Boost: /usr/lib/aarch64-linux-gnu/cmake/Boost-1.74.0/BoostConfig.cmake (found version "1.74.0") found components: chrono date_time filesystem iostreams program_options regex serialization system thread 
[2.439s] -- Found parameter_traits: 0.7.1 (/opt/ros/humble/share/parameter_traits/cmake)
[2.472s] -- Found rclcpp_lifecycle: 16.0.14 (/opt/ros/humble/share/rclcpp_lifecycle/cmake)
[2.515s] -- Found Boost: /usr/lib/aarch64-linux-gnu/cmake/Boost-1.74.0/BoostConfig.cmake (found version "1.74.0") found components: filesystem 
[2.660s] -- library: /usr/lib/aarch64-linux-gnu/libcurl.so
[2.767s] -- Found Eigen3: TRUE (found version "3.4.0") 
[2.767s] -- Ensuring Eigen3 include directory is part of orocos-kdl CMake target
[3.189s] -- Found Boost: /usr/lib/aarch64-linux-gnu/cmake/Boost-1.74.0/BoostConfig.cmake (found version "1.74.0") found components: system filesystem date_time program_options thread chrono 
[3.237s] -- Found Boost: /usr/lib/aarch64-linux-gnu/cmake/Boost-1.74.0/BoostConfig.cmake (found version "1.74.0") found components: thread date_time system filesystem 
[3.261s] -- Found Boost: /usr/lib/aarch64-linux-gnu/cmake/Boost-1.74.0/BoostConfig.cmake (found version "1.74.0") found components: date_time filesystem program_options system thread 
[3.282s] -- Found Boost: /usr/lib/aarch64-linux-gnu/cmake/Boost-1.74.0/BoostConfig.cmake (found version "1.74.0") found components: thread system filesystem regex date_time program_options 
[3.316s] -- Found Boost: /usr/lib/aarch64-linux-gnu/cmake/Boost-1.74.0/BoostConfig.cmake (found version "1.74.0") found components: system filesystem date_time program_options thread 
[3.409s] -- Setting OGRE_DIR to: '/opt/ros/humble/share/rviz_ogre_vendor/cmake/../../../opt/rviz_ogre_vendor/lib/OGRE/cmake'
[3.411s] -- Found OGRE
[3.411s] --   static     : OFF
[3.411s] --   components : HLMS;MeshLodGenerator;Overlay;Paging;Property;RTShaderSystem;Terrain;Volume
[3.411s] --   plugins    : Plugin_BSPSceneManager;Plugin_OctreeSceneManager;Plugin_PCZSceneManager;Plugin_ParticleFX;RenderSystem_GL;RenderSystem_GL3Plus;Codec_STBI
[3.412s] --   media      : /opt/ros/humble/opt/rviz_ogre_vendor/share/OGRE/Media
[3.412s] -- OGRE_LIBRARIES: OgreHLMS;OgreMeshLodGenerator;OgreOverlay;OgrePaging;OgreProperty;OgreRTShaderSystem;OgreTerrain;OgreVolume;OgreMain
[3.412s] -- OGRE_LIBRARY_DIRS: /opt/ros/humble/opt/rviz_ogre_vendor/lib
[3.412s] -- OGRE_PLUGINS: Plugin_BSPSceneManager;Plugin_OctreeSceneManager;Plugin_PCZSceneManager;Plugin_ParticleFX;RenderSystem_GL;RenderSystem_GL3Plus;Codec_STBI
[3.412s] -- OGRE_PLUGIN_DIR: /opt/ros/humble/opt/rviz_ogre_vendor/lib/OGRE
[3.412s] -- rviz_ogre_vendor::OgreOverlay for IMPORTED_LOCATION_RELEASE: /opt/ros/humble/opt/rviz_ogre_vendor/lib/libOgreOverlay.so
[3.412s] -- rviz_ogre_vendor::OgreOverlay for IMPORTED_LOCATION_DEBUG: /opt/ros/humble/opt/rviz_ogre_vendor/lib/libOgreOverlay.so
[3.412s] -- rviz_ogre_vendor::OgreMain for IMPORTED_LOCATION_RELEASE: /opt/ros/humble/opt/rviz_ogre_vendor/lib/libOgreMain.so
[3.412s] -- rviz_ogre_vendor::OgreMain for IMPORTED_LOCATION_DEBUG: /opt/ros/humble/opt/rviz_ogre_vendor/lib/libOgreMain.so
[3.413s] -- Could not find freeimage library
[3.441s] -- Found ZLIB: /usr/lib/aarch64-linux-gnu/libz.so (found version "1.2.11") 
[3.449s] -- Found OpenGL: /usr/lib/aarch64-linux-gnu/libOpenGL.so   
[3.582s] -- Found X11: /usr/include   
[3.582s] -- Looking for XOpenDisplay in /usr/lib/aarch64-linux-gnu/libX11.so;/usr/lib/aarch64-linux-gnu/libXext.so
[3.719s] -- Looking for XOpenDisplay in /usr/lib/aarch64-linux-gnu/libX11.so;/usr/lib/aarch64-linux-gnu/libXext.so - found
[3.719s] -- Looking for gethostbyname
[3.847s] -- Looking for gethostbyname - found
[3.847s] -- Looking for connect
[3.974s] -- Looking for connect - found
[3.974s] -- Looking for remove
[4.102s] -- Looking for remove - found
[4.102s] -- Looking for shmat
[4.231s] -- Looking for shmat - found
[4.232s] -- Looking for IceConnectionNumber in ICE
[4.361s] -- Looking for IceConnectionNumber in ICE - found
[4.389s] -- Setting assimp_DIR to: '/opt/ros/humble/share/rviz_assimp_vendor/cmake/../../../opt/rviz_assimp_vendor/lib/cmake/assimp-4.1'
[4.537s] -- Found moveit_setup_srdf_plugins: 2.5.9 (/home/sunrise/ws_moveit/install/moveit_setup_srdf_plugins/share/moveit_setup_srdf_plugins/cmake)
[4.571s] -- Found ament_lint_auto: 0.12.14 (/opt/ros/humble/share/ament_lint_auto/cmake)
[4.609s] -- Added test 'lint_cmake' to check CMake code style
[4.610s] -- Added test 'xmllint' to check XML markup files
[4.614s] -- Configuring done
[4.764s] -- Generating done
[4.790s] -- Build files have been written to: /home/sunrise/ws_moveit/build/moveit_setup_assistant
[4.814s] Invoked command in '/home/sunrise/ws_moveit/build/moveit_setup_assistant' returned '0': AMENT_PREFIX_PATH=/home/sunrise/ws_moveit/install/moveit_setup_srdf_plugins:/home/sunrise/ws_moveit/install/moveit_setup_core_plugins:/home/sunrise/ws_moveit/install/moveit_setup_controllers:/home/sunrise/ws_moveit/install/moveit_setup_app_plugins:/home/sunrise/ws_moveit/install/moveit_setup_framework:/home/sunrise/ws_moveit/install/moveit_ros_visualization:/home/sunrise/ws_moveit/install/moveit_ros_planning_interface:/home/sunrise/ws_moveit/install/moveit_ros_move_group:/home/sunrise/ws_moveit/install/moveit_ros_warehouse:/home/sunrise/ws_moveit/install/moveit_ros_robot_interaction:/home/sunrise/ws_moveit/install/moveit_planners_ompl:/home/sunrise/ws_moveit/install/moveit_kinematics:/home/sunrise/ws_moveit/install/moveit_ros_planning:/home/sunrise/ws_moveit/install/moveit_simple_controller_manager:/home/sunrise/ws_moveit/install/moveit_ros_occupancy_map_monitor:/home/sunrise/ws_moveit/install/moveit_core:/home/sunrise/ws_moveit/install/moveit_resources_panda_moveit_config:/home/sunrise/ws_moveit/install/moveit_resources_fanuc_moveit_config:/home/sunrise/ws_moveit/install/moveit_configs_utils:/home/sunrise/ws_moveit/install/srdfdom:/home/sunrise/ws_moveit/install/moveit_resources_pr2_description:/home/sunrise/ws_moveit/install/moveit_resources_panda_description:/home/sunrise/ws_moveit/install/moveit_resources_fanuc_description:/home/sunrise/ws_moveit/install/moveit_common:/home/sunrise/ws_moveit/install/launch_param_builder:${AMENT_PREFIX_PATH} CMAKE_PREFIX_PATH=/home/sunrise/ws_moveit/install/moveit_setup_srdf_plugins:/home/sunrise/ws_moveit/install/moveit_setup_core_plugins:/home/sunrise/ws_moveit/install/moveit_setup_controllers:/home/sunrise/ws_moveit/install/moveit_setup_app_plugins:/home/sunrise/ws_moveit/install/moveit_setup_framework:/home/sunrise/ws_moveit/install/moveit_ros_visualization:/home/sunrise/ws_moveit/install/moveit_ros_planning_interface:/home/sunrise/ws_moveit/install/moveit_ros_move_group:/home/sunrise/ws_moveit/install/moveit_ros_warehouse:/home/sunrise/ws_moveit/install/moveit_ros_robot_interaction:/home/sunrise/ws_moveit/install/moveit_planners_ompl:/home/sunrise/ws_moveit/install/moveit_kinematics:/home/sunrise/ws_moveit/install/moveit_ros_planning:/home/sunrise/ws_moveit/install/moveit_simple_controller_manager:/home/sunrise/ws_moveit/install/moveit_ros_occupancy_map_monitor:/home/sunrise/ws_moveit/install/moveit_core:/home/sunrise/ws_moveit/install/moveit_resources_panda_moveit_config:/home/sunrise/ws_moveit/install/moveit_resources_fanuc_moveit_config:/home/sunrise/ws_moveit/install/srdfdom:/home/sunrise/ws_moveit/install/moveit_resources_pr2_description:/home/sunrise/ws_moveit/install/moveit_resources_panda_description:/home/sunrise/ws_moveit/install/moveit_resources_fanuc_description:/home/sunrise/ws_moveit/install/moveit_common:/opt/ros/humble LD_LIBRARY_PATH=/home/sunrise/ws_moveit/install/moveit_setup_srdf_plugins/lib:/home/sunrise/ws_moveit/install/moveit_setup_core_plugins/lib:/home/sunrise/ws_moveit/install/moveit_setup_controllers/lib:/home/sunrise/ws_moveit/install/moveit_setup_app_plugins/lib:/home/sunrise/ws_moveit/install/moveit_setup_framework/lib:/home/sunrise/ws_moveit/install/moveit_ros_visualization/lib:/home/sunrise/ws_moveit/install/moveit_ros_planning_interface/lib:/home/sunrise/ws_moveit/install/moveit_ros_move_group/lib:/home/sunrise/ws_moveit/install/moveit_ros_warehouse/lib:/home/sunrise/ws_moveit/install/moveit_ros_robot_interaction/lib:/home/sunrise/ws_moveit/install/moveit_planners_ompl/lib:/home/sunrise/ws_moveit/install/moveit_kinematics/lib:/home/sunrise/ws_moveit/install/moveit_ros_planning/lib:/home/sunrise/ws_moveit/install/moveit_simple_controller_manager/lib:/home/sunrise/ws_moveit/install/moveit_ros_occupancy_map_monitor/lib:/home/sunrise/ws_moveit/install/moveit_core/lib:/home/sunrise/ws_moveit/install/srdfdom/lib:${LD_LIBRARY_PATH} PATH=/home/sunrise/ws_moveit/install/moveit_core/bin:${PATH} PYTHONPATH=/home/sunrise/ws_moveit/install/moveit_configs_utils/lib/python3.10/site-packages:/home/sunrise/ws_moveit/install/srdfdom/local/lib/python3.10/dist-packages:/home/sunrise/ws_moveit/install/launch_param_builder/lib/python3.10/site-packages:${PYTHONPATH} /usr/bin/cmake /home/sunrise/ws_moveit/src/moveit2/moveit_setup_assistant/moveit_setup_assistant -DCMAKE_BUILD_TYPE=Release -DCMAKE_INSTALL_PREFIX=/home/sunrise/ws_moveit/install/moveit_setup_assistant
[4.817s] Invoking command in '/home/sunrise/ws_moveit/build/moveit_setup_assistant': AMENT_PREFIX_PATH=/home/sunrise/ws_moveit/install/moveit_setup_srdf_plugins:/home/sunrise/ws_moveit/install/moveit_setup_core_plugins:/home/sunrise/ws_moveit/install/moveit_setup_controllers:/home/sunrise/ws_moveit/install/moveit_setup_app_plugins:/home/sunrise/ws_moveit/install/moveit_setup_framework:/home/sunrise/ws_moveit/install/moveit_ros_visualization:/home/sunrise/ws_moveit/install/moveit_ros_planning_interface:/home/sunrise/ws_moveit/install/moveit_ros_move_group:/home/sunrise/ws_moveit/install/moveit_ros_warehouse:/home/sunrise/ws_moveit/install/moveit_ros_robot_interaction:/home/sunrise/ws_moveit/install/moveit_planners_ompl:/home/sunrise/ws_moveit/install/moveit_kinematics:/home/sunrise/ws_moveit/install/moveit_ros_planning:/home/sunrise/ws_moveit/install/moveit_simple_controller_manager:/home/sunrise/ws_moveit/install/moveit_ros_occupancy_map_monitor:/home/sunrise/ws_moveit/install/moveit_core:/home/sunrise/ws_moveit/install/moveit_resources_panda_moveit_config:/home/sunrise/ws_moveit/install/moveit_resources_fanuc_moveit_config:/home/sunrise/ws_moveit/install/moveit_configs_utils:/home/sunrise/ws_moveit/install/srdfdom:/home/sunrise/ws_moveit/install/moveit_resources_pr2_description:/home/sunrise/ws_moveit/install/moveit_resources_panda_description:/home/sunrise/ws_moveit/install/moveit_resources_fanuc_description:/home/sunrise/ws_moveit/install/moveit_common:/home/sunrise/ws_moveit/install/launch_param_builder:${AMENT_PREFIX_PATH} CMAKE_PREFIX_PATH=/home/sunrise/ws_moveit/install/moveit_setup_srdf_plugins:/home/sunrise/ws_moveit/install/moveit_setup_core_plugins:/home/sunrise/ws_moveit/install/moveit_setup_controllers:/home/sunrise/ws_moveit/install/moveit_setup_app_plugins:/home/sunrise/ws_moveit/install/moveit_setup_framework:/home/sunrise/ws_moveit/install/moveit_ros_visualization:/home/sunrise/ws_moveit/install/moveit_ros_planning_interface:/home/sunrise/ws_moveit/install/moveit_ros_move_group:/home/sunrise/ws_moveit/install/moveit_ros_warehouse:/home/sunrise/ws_moveit/install/moveit_ros_robot_interaction:/home/sunrise/ws_moveit/install/moveit_planners_ompl:/home/sunrise/ws_moveit/install/moveit_kinematics:/home/sunrise/ws_moveit/install/moveit_ros_planning:/home/sunrise/ws_moveit/install/moveit_simple_controller_manager:/home/sunrise/ws_moveit/install/moveit_ros_occupancy_map_monitor:/home/sunrise/ws_moveit/install/moveit_core:/home/sunrise/ws_moveit/install/moveit_resources_panda_moveit_config:/home/sunrise/ws_moveit/install/moveit_resources_fanuc_moveit_config:/home/sunrise/ws_moveit/install/srdfdom:/home/sunrise/ws_moveit/install/moveit_resources_pr2_description:/home/sunrise/ws_moveit/install/moveit_resources_panda_description:/home/sunrise/ws_moveit/install/moveit_resources_fanuc_description:/home/sunrise/ws_moveit/install/moveit_common:/opt/ros/humble LD_LIBRARY_PATH=/home/sunrise/ws_moveit/install/moveit_setup_srdf_plugins/lib:/home/sunrise/ws_moveit/install/moveit_setup_core_plugins/lib:/home/sunrise/ws_moveit/install/moveit_setup_controllers/lib:/home/sunrise/ws_moveit/install/moveit_setup_app_plugins/lib:/home/sunrise/ws_moveit/install/moveit_setup_framework/lib:/home/sunrise/ws_moveit/install/moveit_ros_visualization/lib:/home/sunrise/ws_moveit/install/moveit_ros_planning_interface/lib:/home/sunrise/ws_moveit/install/moveit_ros_move_group/lib:/home/sunrise/ws_moveit/install/moveit_ros_warehouse/lib:/home/sunrise/ws_moveit/install/moveit_ros_robot_interaction/lib:/home/sunrise/ws_moveit/install/moveit_planners_ompl/lib:/home/sunrise/ws_moveit/install/moveit_kinematics/lib:/home/sunrise/ws_moveit/install/moveit_ros_planning/lib:/home/sunrise/ws_moveit/install/moveit_simple_controller_manager/lib:/home/sunrise/ws_moveit/install/moveit_ros_occupancy_map_monitor/lib:/home/sunrise/ws_moveit/install/moveit_core/lib:/home/sunrise/ws_moveit/install/srdfdom/lib:${LD_LIBRARY_PATH} PATH=/home/sunrise/ws_moveit/install/moveit_core/bin:${PATH} PYTHONPATH=/home/sunrise/ws_moveit/install/moveit_configs_utils/lib/python3.10/site-packages:/home/sunrise/ws_moveit/install/srdfdom/local/lib/python3.10/dist-packages:/home/sunrise/ws_moveit/install/launch_param_builder/lib/python3.10/site-packages:${PYTHONPATH} /usr/bin/cmake --build /home/sunrise/ws_moveit/build/moveit_setup_assistant -- -j6 -l6
[4.888s] [  7%] [34m[1mAutomatic MOC for target moveit_setup_assistant[0m
[4.930s] [  7%] Built target moveit_setup_assistant_autogen
[4.957s] [ 14%] [34m[1mAutomatic MOC for target moveit_setup_assistant_updater[0m
[4.999s] [ 14%] Built target moveit_setup_assistant_updater_autogen
[5.014s] [ 21%] [34m[1mGenerating include/moveit_setup_assistant/moc_setup_assistant_widget.cpp[0m
[5.029s] [ 28%] [34m[1mGenerating include/moveit_setup_assistant/moc_navigation_widget.cpp[0m
[5.060s] [ 35%] [32mBuilding CXX object CMakeFiles/moveit_setup_assistant.dir/moveit_setup_assistant_autogen/mocs_compilation.cpp.o[0m
[5.090s] [ 42%] [32mBuilding CXX object CMakeFiles/moveit_setup_assistant.dir/include/moveit_setup_assistant/moc_navigation_widget.cpp.o[0m
[7.056s] [ 50%] [32mBuilding CXX object CMakeFiles/moveit_setup_assistant.dir/include/moveit_setup_assistant/moc_setup_assistant_widget.cpp.o[0m
[33.918s] [ 57%] [32mBuilding CXX object CMakeFiles/moveit_setup_assistant.dir/src/navigation_widget.cpp.o[0m
[36.409s] [ 64%] [32mBuilding CXX object CMakeFiles/moveit_setup_assistant.dir/src/setup_assistant_widget.cpp.o[0m
[67.841s] [ 71%] [32mBuilding CXX object CMakeFiles/moveit_setup_assistant.dir/src/main.cpp.o[0m
[97.746s] [ 78%] [32m[1mLinking CXX executable moveit_setup_assistant[0m
[99.165s] [ 78%] Built target moveit_setup_assistant
[99.194s] [ 85%] [32mBuilding CXX object CMakeFiles/moveit_setup_assistant_updater.dir/moveit_setup_assistant_updater_autogen/mocs_compilation.cpp.o[0m
[99.224s] [ 92%] [32mBuilding CXX object CMakeFiles/moveit_setup_assistant_updater.dir/src/collisions_updater.cpp.o[0m
[124.660s] [100%] [32m[1mLinking CXX executable collisions_updater[0m
[125.657s] [100%] Built target moveit_setup_assistant_updater
[125.671s] Invoked command in '/home/sunrise/ws_moveit/build/moveit_setup_assistant' returned '0': AMENT_PREFIX_PATH=/home/sunrise/ws_moveit/install/moveit_setup_srdf_plugins:/home/sunrise/ws_moveit/install/moveit_setup_core_plugins:/home/sunrise/ws_moveit/install/moveit_setup_controllers:/home/sunrise/ws_moveit/install/moveit_setup_app_plugins:/home/sunrise/ws_moveit/install/moveit_setup_framework:/home/sunrise/ws_moveit/install/moveit_ros_visualization:/home/sunrise/ws_moveit/install/moveit_ros_planning_interface:/home/sunrise/ws_moveit/install/moveit_ros_move_group:/home/sunrise/ws_moveit/install/moveit_ros_warehouse:/home/sunrise/ws_moveit/install/moveit_ros_robot_interaction:/home/sunrise/ws_moveit/install/moveit_planners_ompl:/home/sunrise/ws_moveit/install/moveit_kinematics:/home/sunrise/ws_moveit/install/moveit_ros_planning:/home/sunrise/ws_moveit/install/moveit_simple_controller_manager:/home/sunrise/ws_moveit/install/moveit_ros_occupancy_map_monitor:/home/sunrise/ws_moveit/install/moveit_core:/home/sunrise/ws_moveit/install/moveit_resources_panda_moveit_config:/home/sunrise/ws_moveit/install/moveit_resources_fanuc_moveit_config:/home/sunrise/ws_moveit/install/moveit_configs_utils:/home/sunrise/ws_moveit/install/srdfdom:/home/sunrise/ws_moveit/install/moveit_resources_pr2_description:/home/sunrise/ws_moveit/install/moveit_resources_panda_description:/home/sunrise/ws_moveit/install/moveit_resources_fanuc_description:/home/sunrise/ws_moveit/install/moveit_common:/home/sunrise/ws_moveit/install/launch_param_builder:${AMENT_PREFIX_PATH} CMAKE_PREFIX_PATH=/home/sunrise/ws_moveit/install/moveit_setup_srdf_plugins:/home/sunrise/ws_moveit/install/moveit_setup_core_plugins:/home/sunrise/ws_moveit/install/moveit_setup_controllers:/home/sunrise/ws_moveit/install/moveit_setup_app_plugins:/home/sunrise/ws_moveit/install/moveit_setup_framework:/home/sunrise/ws_moveit/install/moveit_ros_visualization:/home/sunrise/ws_moveit/install/moveit_ros_planning_interface:/home/sunrise/ws_moveit/install/moveit_ros_move_group:/home/sunrise/ws_moveit/install/moveit_ros_warehouse:/home/sunrise/ws_moveit/install/moveit_ros_robot_interaction:/home/sunrise/ws_moveit/install/moveit_planners_ompl:/home/sunrise/ws_moveit/install/moveit_kinematics:/home/sunrise/ws_moveit/install/moveit_ros_planning:/home/sunrise/ws_moveit/install/moveit_simple_controller_manager:/home/sunrise/ws_moveit/install/moveit_ros_occupancy_map_monitor:/home/sunrise/ws_moveit/install/moveit_core:/home/sunrise/ws_moveit/install/moveit_resources_panda_moveit_config:/home/sunrise/ws_moveit/install/moveit_resources_fanuc_moveit_config:/home/sunrise/ws_moveit/install/srdfdom:/home/sunrise/ws_moveit/install/moveit_resources_pr2_description:/home/sunrise/ws_moveit/install/moveit_resources_panda_description:/home/sunrise/ws_moveit/install/moveit_resources_fanuc_description:/home/sunrise/ws_moveit/install/moveit_common:/opt/ros/humble LD_LIBRARY_PATH=/home/sunrise/ws_moveit/install/moveit_setup_srdf_plugins/lib:/home/sunrise/ws_moveit/install/moveit_setup_core_plugins/lib:/home/sunrise/ws_moveit/install/moveit_setup_controllers/lib:/home/sunrise/ws_moveit/install/moveit_setup_app_plugins/lib:/home/sunrise/ws_moveit/install/moveit_setup_framework/lib:/home/sunrise/ws_moveit/install/moveit_ros_visualization/lib:/home/sunrise/ws_moveit/install/moveit_ros_planning_interface/lib:/home/sunrise/ws_moveit/install/moveit_ros_move_group/lib:/home/sunrise/ws_moveit/install/moveit_ros_warehouse/lib:/home/sunrise/ws_moveit/install/moveit_ros_robot_interaction/lib:/home/sunrise/ws_moveit/install/moveit_planners_ompl/lib:/home/sunrise/ws_moveit/install/moveit_kinematics/lib:/home/sunrise/ws_moveit/install/moveit_ros_planning/lib:/home/sunrise/ws_moveit/install/moveit_simple_controller_manager/lib:/home/sunrise/ws_moveit/install/moveit_ros_occupancy_map_monitor/lib:/home/sunrise/ws_moveit/install/moveit_core/lib:/home/sunrise/ws_moveit/install/srdfdom/lib:${LD_LIBRARY_PATH} PATH=/home/sunrise/ws_moveit/install/moveit_core/bin:${PATH} PYTHONPATH=/home/sunrise/ws_moveit/install/moveit_configs_utils/lib/python3.10/site-packages:/home/sunrise/ws_moveit/install/srdfdom/local/lib/python3.10/dist-packages:/home/sunrise/ws_moveit/install/launch_param_builder/lib/python3.10/site-packages:${PYTHONPATH} /usr/bin/cmake --build /home/sunrise/ws_moveit/build/moveit_setup_assistant -- -j6 -l6
[125.673s] Invoking command in '/home/sunrise/ws_moveit/build/moveit_setup_assistant': AMENT_PREFIX_PATH=/home/sunrise/ws_moveit/install/moveit_setup_srdf_plugins:/home/sunrise/ws_moveit/install/moveit_setup_core_plugins:/home/sunrise/ws_moveit/install/moveit_setup_controllers:/home/sunrise/ws_moveit/install/moveit_setup_app_plugins:/home/sunrise/ws_moveit/install/moveit_setup_framework:/home/sunrise/ws_moveit/install/moveit_ros_visualization:/home/sunrise/ws_moveit/install/moveit_ros_planning_interface:/home/sunrise/ws_moveit/install/moveit_ros_move_group:/home/sunrise/ws_moveit/install/moveit_ros_warehouse:/home/sunrise/ws_moveit/install/moveit_ros_robot_interaction:/home/sunrise/ws_moveit/install/moveit_planners_ompl:/home/sunrise/ws_moveit/install/moveit_kinematics:/home/sunrise/ws_moveit/install/moveit_ros_planning:/home/sunrise/ws_moveit/install/moveit_simple_controller_manager:/home/sunrise/ws_moveit/install/moveit_ros_occupancy_map_monitor:/home/sunrise/ws_moveit/install/moveit_core:/home/sunrise/ws_moveit/install/moveit_resources_panda_moveit_config:/home/sunrise/ws_moveit/install/moveit_resources_fanuc_moveit_config:/home/sunrise/ws_moveit/install/moveit_configs_utils:/home/sunrise/ws_moveit/install/srdfdom:/home/sunrise/ws_moveit/install/moveit_resources_pr2_description:/home/sunrise/ws_moveit/install/moveit_resources_panda_description:/home/sunrise/ws_moveit/install/moveit_resources_fanuc_description:/home/sunrise/ws_moveit/install/moveit_common:/home/sunrise/ws_moveit/install/launch_param_builder:${AMENT_PREFIX_PATH} CMAKE_PREFIX_PATH=/home/sunrise/ws_moveit/install/moveit_setup_srdf_plugins:/home/sunrise/ws_moveit/install/moveit_setup_core_plugins:/home/sunrise/ws_moveit/install/moveit_setup_controllers:/home/sunrise/ws_moveit/install/moveit_setup_app_plugins:/home/sunrise/ws_moveit/install/moveit_setup_framework:/home/sunrise/ws_moveit/install/moveit_ros_visualization:/home/sunrise/ws_moveit/install/moveit_ros_planning_interface:/home/sunrise/ws_moveit/install/moveit_ros_move_group:/home/sunrise/ws_moveit/install/moveit_ros_warehouse:/home/sunrise/ws_moveit/install/moveit_ros_robot_interaction:/home/sunrise/ws_moveit/install/moveit_planners_ompl:/home/sunrise/ws_moveit/install/moveit_kinematics:/home/sunrise/ws_moveit/install/moveit_ros_planning:/home/sunrise/ws_moveit/install/moveit_simple_controller_manager:/home/sunrise/ws_moveit/install/moveit_ros_occupancy_map_monitor:/home/sunrise/ws_moveit/install/moveit_core:/home/sunrise/ws_moveit/install/moveit_resources_panda_moveit_config:/home/sunrise/ws_moveit/install/moveit_resources_fanuc_moveit_config:/home/sunrise/ws_moveit/install/srdfdom:/home/sunrise/ws_moveit/install/moveit_resources_pr2_description:/home/sunrise/ws_moveit/install/moveit_resources_panda_description:/home/sunrise/ws_moveit/install/moveit_resources_fanuc_description:/home/sunrise/ws_moveit/install/moveit_common:/opt/ros/humble LD_LIBRARY_PATH=/home/sunrise/ws_moveit/install/moveit_setup_srdf_plugins/lib:/home/sunrise/ws_moveit/install/moveit_setup_core_plugins/lib:/home/sunrise/ws_moveit/install/moveit_setup_controllers/lib:/home/sunrise/ws_moveit/install/moveit_setup_app_plugins/lib:/home/sunrise/ws_moveit/install/moveit_setup_framework/lib:/home/sunrise/ws_moveit/install/moveit_ros_visualization/lib:/home/sunrise/ws_moveit/install/moveit_ros_planning_interface/lib:/home/sunrise/ws_moveit/install/moveit_ros_move_group/lib:/home/sunrise/ws_moveit/install/moveit_ros_warehouse/lib:/home/sunrise/ws_moveit/install/moveit_ros_robot_interaction/lib:/home/sunrise/ws_moveit/install/moveit_planners_ompl/lib:/home/sunrise/ws_moveit/install/moveit_kinematics/lib:/home/sunrise/ws_moveit/install/moveit_ros_planning/lib:/home/sunrise/ws_moveit/install/moveit_simple_controller_manager/lib:/home/sunrise/ws_moveit/install/moveit_ros_occupancy_map_monitor/lib:/home/sunrise/ws_moveit/install/moveit_core/lib:/home/sunrise/ws_moveit/install/srdfdom/lib:${LD_LIBRARY_PATH} PATH=/home/sunrise/ws_moveit/install/moveit_core/bin:${PATH} PYTHONPATH=/home/sunrise/ws_moveit/install/moveit_configs_utils/lib/python3.10/site-packages:/home/sunrise/ws_moveit/install/srdfdom/local/lib/python3.10/dist-packages:/home/sunrise/ws_moveit/install/launch_param_builder/lib/python3.10/site-packages:${PYTHONPATH} /usr/bin/cmake --install /home/sunrise/ws_moveit/build/moveit_setup_assistant
[125.684s] -- Install configuration: "Release"
[125.684s] -- Installing: /home/sunrise/ws_moveit/install/moveit_setup_assistant/lib/moveit_setup_assistant/moveit_setup_assistant
[125.686s] -- Set runtime path of "/home/sunrise/ws_moveit/install/moveit_setup_assistant/lib/moveit_setup_assistant/moveit_setup_assistant" to ""
[125.686s] -- Installing: /home/sunrise/ws_moveit/install/moveit_setup_assistant/lib/moveit_setup_assistant/collisions_updater
[125.687s] -- Set runtime path of "/home/sunrise/ws_moveit/install/moveit_setup_assistant/lib/moveit_setup_assistant/collisions_updater" to ""
[125.687s] -- Installing: /home/sunrise/ws_moveit/install/moveit_setup_assistant/include
[125.687s] -- Installing: /home/sunrise/ws_moveit/install/moveit_setup_assistant/include/moveit_setup_assistant
[125.687s] -- Installing: /home/sunrise/ws_moveit/install/moveit_setup_assistant/include/moveit_setup_assistant/setup_assistant_widget.hpp
[125.687s] -- Installing: /home/sunrise/ws_moveit/install/moveit_setup_assistant/include/moveit_setup_assistant/navigation_widget.hpp
[125.688s] -- Installing: /home/sunrise/ws_moveit/install/moveit_setup_assistant/share/moveit_setup_assistant/launch
[125.688s] -- Installing: /home/sunrise/ws_moveit/install/moveit_setup_assistant/share/moveit_setup_assistant/launch/setup_assistant.launch.py
[125.688s] -- Installing: /home/sunrise/ws_moveit/install/moveit_setup_assistant/share/moveit_setup_assistant/resources
[125.688s] -- Installing: /home/sunrise/ws_moveit/install/moveit_setup_assistant/share/moveit_setup_assistant/resources/MoveIt_Setup_Assistant2.png
[125.689s] -- Installing: /home/sunrise/ws_moveit/install/moveit_setup_assistant/share/moveit_setup_assistant/environment/library_path.sh
[125.689s] -- Installing: /home/sunrise/ws_moveit/install/moveit_setup_assistant/share/moveit_setup_assistant/environment/library_path.dsv
[125.689s] -- Installing: /home/sunrise/ws_moveit/install/moveit_setup_assistant/share/ament_index/resource_index/package_run_dependencies/moveit_setup_assistant
[125.690s] -- Installing: /home/sunrise/ws_moveit/install/moveit_setup_assistant/share/ament_index/resource_index/parent_prefix_path/moveit_setup_assistant
[125.690s] -- Installing: /home/sunrise/ws_moveit/install/moveit_setup_assistant/share/moveit_setup_assistant/environment/ament_prefix_path.sh
[125.690s] -- Installing: /home/sunrise/ws_moveit/install/moveit_setup_assistant/share/moveit_setup_assistant/environment/ament_prefix_path.dsv
[125.690s] -- Installing: /home/sunrise/ws_moveit/install/moveit_setup_assistant/share/moveit_setup_assistant/environment/path.sh
[125.690s] -- Installing: /home/sunrise/ws_moveit/install/moveit_setup_assistant/share/moveit_setup_assistant/environment/path.dsv
[125.691s] -- Installing: /home/sunrise/ws_moveit/install/moveit_setup_assistant/share/moveit_setup_assistant/local_setup.bash
[125.691s] -- Installing: /home/sunrise/ws_moveit/install/moveit_setup_assistant/share/moveit_setup_assistant/local_setup.sh
[125.691s] -- Installing: /home/sunrise/ws_moveit/install/moveit_setup_assistant/share/moveit_setup_assistant/local_setup.zsh
[125.691s] -- Installing: /home/sunrise/ws_moveit/install/moveit_setup_assistant/share/moveit_setup_assistant/local_setup.dsv
[125.692s] -- Installing: /home/sunrise/ws_moveit/install/moveit_setup_assistant/share/moveit_setup_assistant/package.dsv
[125.692s] -- Installing: /home/sunrise/ws_moveit/install/moveit_setup_assistant/share/ament_index/resource_index/packages/moveit_setup_assistant
[125.692s] -- Installing: /home/sunrise/ws_moveit/install/moveit_setup_assistant/share/moveit_setup_assistant/cmake/moveit_setup_assistantTargetsExport.cmake
[125.692s] -- Installing: /home/sunrise/ws_moveit/install/moveit_setup_assistant/share/moveit_setup_assistant/cmake/moveit_setup_assistantTargetsExport-release.cmake
[125.693s] -- Installing: /home/sunrise/ws_moveit/install/moveit_setup_assistant/share/moveit_setup_assistant/cmake/ament_cmake_export_include_directories-extras.cmake
[125.693s] -- Installing: /home/sunrise/ws_moveit/install/moveit_setup_assistant/share/moveit_setup_assistant/cmake/ament_cmake_export_targets-extras.cmake
[125.693s] -- Installing: /home/sunrise/ws_moveit/install/moveit_setup_assistant/share/moveit_setup_assistant/cmake/ament_cmake_export_dependencies-extras.cmake
[125.693s] -- Installing: /home/sunrise/ws_moveit/install/moveit_setup_assistant/share/moveit_setup_assistant/cmake/moveit_setup_assistantConfig.cmake
[125.693s] -- Installing: /home/sunrise/ws_moveit/install/moveit_setup_assistant/share/moveit_setup_assistant/cmake/moveit_setup_assistantConfig-version.cmake
[125.694s] -- Installing: /home/sunrise/ws_moveit/install/moveit_setup_assistant/share/moveit_setup_assistant/package.xml
[125.696s] Invoked command in '/home/sunrise/ws_moveit/build/moveit_setup_assistant' returned '0': AMENT_PREFIX_PATH=/home/sunrise/ws_moveit/install/moveit_setup_srdf_plugins:/home/sunrise/ws_moveit/install/moveit_setup_core_plugins:/home/sunrise/ws_moveit/install/moveit_setup_controllers:/home/sunrise/ws_moveit/install/moveit_setup_app_plugins:/home/sunrise/ws_moveit/install/moveit_setup_framework:/home/sunrise/ws_moveit/install/moveit_ros_visualization:/home/sunrise/ws_moveit/install/moveit_ros_planning_interface:/home/sunrise/ws_moveit/install/moveit_ros_move_group:/home/sunrise/ws_moveit/install/moveit_ros_warehouse:/home/sunrise/ws_moveit/install/moveit_ros_robot_interaction:/home/sunrise/ws_moveit/install/moveit_planners_ompl:/home/sunrise/ws_moveit/install/moveit_kinematics:/home/sunrise/ws_moveit/install/moveit_ros_planning:/home/sunrise/ws_moveit/install/moveit_simple_controller_manager:/home/sunrise/ws_moveit/install/moveit_ros_occupancy_map_monitor:/home/sunrise/ws_moveit/install/moveit_core:/home/sunrise/ws_moveit/install/moveit_resources_panda_moveit_config:/home/sunrise/ws_moveit/install/moveit_resources_fanuc_moveit_config:/home/sunrise/ws_moveit/install/moveit_configs_utils:/home/sunrise/ws_moveit/install/srdfdom:/home/sunrise/ws_moveit/install/moveit_resources_pr2_description:/home/sunrise/ws_moveit/install/moveit_resources_panda_description:/home/sunrise/ws_moveit/install/moveit_resources_fanuc_description:/home/sunrise/ws_moveit/install/moveit_common:/home/sunrise/ws_moveit/install/launch_param_builder:${AMENT_PREFIX_PATH} CMAKE_PREFIX_PATH=/home/sunrise/ws_moveit/install/moveit_setup_srdf_plugins:/home/sunrise/ws_moveit/install/moveit_setup_core_plugins:/home/sunrise/ws_moveit/install/moveit_setup_controllers:/home/sunrise/ws_moveit/install/moveit_setup_app_plugins:/home/sunrise/ws_moveit/install/moveit_setup_framework:/home/sunrise/ws_moveit/install/moveit_ros_visualization:/home/sunrise/ws_moveit/install/moveit_ros_planning_interface:/home/sunrise/ws_moveit/install/moveit_ros_move_group:/home/sunrise/ws_moveit/install/moveit_ros_warehouse:/home/sunrise/ws_moveit/install/moveit_ros_robot_interaction:/home/sunrise/ws_moveit/install/moveit_planners_ompl:/home/sunrise/ws_moveit/install/moveit_kinematics:/home/sunrise/ws_moveit/install/moveit_ros_planning:/home/sunrise/ws_moveit/install/moveit_simple_controller_manager:/home/sunrise/ws_moveit/install/moveit_ros_occupancy_map_monitor:/home/sunrise/ws_moveit/install/moveit_core:/home/sunrise/ws_moveit/install/moveit_resources_panda_moveit_config:/home/sunrise/ws_moveit/install/moveit_resources_fanuc_moveit_config:/home/sunrise/ws_moveit/install/srdfdom:/home/sunrise/ws_moveit/install/moveit_resources_pr2_description:/home/sunrise/ws_moveit/install/moveit_resources_panda_description:/home/sunrise/ws_moveit/install/moveit_resources_fanuc_description:/home/sunrise/ws_moveit/install/moveit_common:/opt/ros/humble LD_LIBRARY_PATH=/home/sunrise/ws_moveit/install/moveit_setup_srdf_plugins/lib:/home/sunrise/ws_moveit/install/moveit_setup_core_plugins/lib:/home/sunrise/ws_moveit/install/moveit_setup_controllers/lib:/home/sunrise/ws_moveit/install/moveit_setup_app_plugins/lib:/home/sunrise/ws_moveit/install/moveit_setup_framework/lib:/home/sunrise/ws_moveit/install/moveit_ros_visualization/lib:/home/sunrise/ws_moveit/install/moveit_ros_planning_interface/lib:/home/sunrise/ws_moveit/install/moveit_ros_move_group/lib:/home/sunrise/ws_moveit/install/moveit_ros_warehouse/lib:/home/sunrise/ws_moveit/install/moveit_ros_robot_interaction/lib:/home/sunrise/ws_moveit/install/moveit_planners_ompl/lib:/home/sunrise/ws_moveit/install/moveit_kinematics/lib:/home/sunrise/ws_moveit/install/moveit_ros_planning/lib:/home/sunrise/ws_moveit/install/moveit_simple_controller_manager/lib:/home/sunrise/ws_moveit/install/moveit_ros_occupancy_map_monitor/lib:/home/sunrise/ws_moveit/install/moveit_core/lib:/home/sunrise/ws_moveit/install/srdfdom/lib:${LD_LIBRARY_PATH} PATH=/home/sunrise/ws_moveit/install/moveit_core/bin:${PATH} PYTHONPATH=/home/sunrise/ws_moveit/install/moveit_configs_utils/lib/python3.10/site-packages:/home/sunrise/ws_moveit/install/srdfdom/local/lib/python3.10/dist-packages:/home/sunrise/ws_moveit/install/launch_param_builder/lib/python3.10/site-packages:${PYTHONPATH} /usr/bin/cmake --install /home/sunrise/ws_moveit/build/moveit_setup_assistant
