[0.048s] Invoking command in '/home/sunrise/ws_moveit/build/srdfdom': CMAKE_PREFIX_PATH=/opt/ros/humble /usr/bin/cmake /home/sunrise/ws_moveit/src/srdfdom -DCMAKE_BUILD_TYPE=Release -DCMAKE_INSTALL_PREFIX=/home/sunrise/ws_moveit/install/srdfdom
[0.684s] -- The CXX compiler identification is GNU 11.4.0
[0.684s] -- Detecting CXX compiler ABI info
[0.684s] -- Detecting CXX compiler ABI info - done
[0.684s] -- Check for working CXX compiler: /usr/bin/c++ - skipped
[0.684s] -- Detecting CXX compile features
[0.684s] -- Detecting CXX compile features - done
[0.684s] -- Found Boost: /usr/lib/aarch64-linux-gnu/cmake/Boost-1.74.0/BoostConfig.cmake (found version "1.74.0")  
[0.684s] -- Found ament_cmake: 1.3.12 (/opt/ros/humble/share/ament_cmake/cmake)
[1.199s] -- Found Python3: /usr/bin/python3 (found version "3.10.12") found components: Interpreter 
[1.401s] -- Found urdf: 2.6.1 (/opt/ros/humble/share/urdf/cmake)
[1.494s] -- Found TinyXML2 via Config file: TinyXML2_DIR-NOTFOUND
[1.657s] -- Found ament_cmake_gtest: 1.3.12 (/opt/ros/humble/share/ament_cmake_gtest/cmake)
[1.662s] -- Found ament_cmake_pytest: 1.3.12 (/opt/ros/humble/share/ament_cmake_pytest/cmake)
[2.684s] -- Locale nl_NL not available. Locale test will not be meaningful.
[2.688s] -- Found gtest sources under '/opt/ros/humble/src/gtest_vendor': C++ tests using 'Google Test' will be built
[2.753s] -- The C compiler identification is GNU 11.4.0
[2.762s] -- Detecting C compiler ABI info
[2.859s] -- Detecting C compiler ABI info - done
[2.867s] -- Check for working C compiler: /usr/bin/cc - skipped
[2.869s] -- Detecting C compile features
[2.871s] -- Detecting C compile features - done
[2.876s] -- Looking for C++ include pthread.h
[3.007s] -- Looking for C++ include pthread.h - found
[3.007s] -- Performing Test CMAKE_HAVE_LIBC_PTHREAD
[3.139s] -- Performing Test CMAKE_HAVE_LIBC_PTHREAD - Success
[3.139s] -- Found Threads: TRUE  
[3.142s] -- Found ament_lint_auto: 0.12.14 (/opt/ros/humble/share/ament_lint_auto/cmake)
[3.165s] -- Configuring done
[3.191s] -- Generating done
[3.220s] -- Build files have been written to: /home/sunrise/ws_moveit/build/srdfdom
[3.276s] Invoked command in '/home/sunrise/ws_moveit/build/srdfdom' returned '0': CMAKE_PREFIX_PATH=/opt/ros/humble /usr/bin/cmake /home/sunrise/ws_moveit/src/srdfdom -DCMAKE_BUILD_TYPE=Release -DCMAKE_INSTALL_PREFIX=/home/sunrise/ws_moveit/install/srdfdom
[3.277s] Invoking command in '/home/sunrise/ws_moveit/build/srdfdom': CMAKE_PREFIX_PATH=/opt/ros/humble /usr/bin/cmake --build /home/sunrise/ws_moveit/build/srdfdom -- -j6 -l6
[3.344s] [  9%] [32mBuilding CXX object CMakeFiles/srdfdom.dir/src/model.cpp.o[0m
[10.250s] [ 18%] [32mBuilding CXX object CMakeFiles/srdfdom.dir/src/srdf_writer.cpp.o[0m
[14.516s] [ 27%] [32m[1mLinking CXX shared library libsrdfdom.so[0m
[14.632s] [ 27%] Built target srdfdom
[14.657s] [ 36%] [32mBuilding CXX object gtest/CMakeFiles/gtest_main.dir/src/gtest_main.cc.o[0m
[16.198s] [ 45%] [32m[1mLinking CXX static library libgtest_main.a[0m
[16.242s] [ 45%] Built target gtest_main
[16.265s] [ 54%] [32mBuilding CXX object gtest/CMakeFiles/gtest.dir/src/gtest-all.cc.o[0m
[30.849s] [ 63%] [32m[1mLinking CXX static library libgtest.a[0m
[30.900s] [ 63%] Built target gtest
[30.930s] [ 63%] Built target ament_cmake_python_copy_srdfdom
[30.952s] [ 72%] [32mBuilding CXX object CMakeFiles/test_cpp_nl_NL.UTF-8.dir/test/test_parser.cpp.o[0m
[35.756s] [ 81%] [32m[1mLinking CXX executable test_cpp_nl_NL.UTF-8[0m
[35.874s] [ 81%] Built target test_cpp_nl_NL.UTF-8
[36.385s] running egg_info
[36.415s] creating srdfdom.egg-info
[36.415s] writing srdfdom.egg-info/PKG-INFO
[36.416s] writing dependency_links to srdfdom.egg-info/dependency_links.txt
[36.416s] writing top-level names to srdfdom.egg-info/top_level.txt
[36.417s] writing manifest file 'srdfdom.egg-info/SOURCES.txt'
[36.498s] reading manifest file 'srdfdom.egg-info/SOURCES.txt'
[36.499s] writing manifest file 'srdfdom.egg-info/SOURCES.txt'
[36.572s] [ 81%] Built target ament_cmake_python_build_srdfdom_egg
[36.593s] [ 90%] [32mBuilding CXX object CMakeFiles/test_cpp_C.dir/test/test_parser.cpp.o[0m
[41.571s] [100%] [32m[1mLinking CXX executable test_cpp_C[0m
[41.687s] [100%] Built target test_cpp_C
[41.699s] Invoked command in '/home/sunrise/ws_moveit/build/srdfdom' returned '0': CMAKE_PREFIX_PATH=/opt/ros/humble /usr/bin/cmake --build /home/sunrise/ws_moveit/build/srdfdom -- -j6 -l6
[41.702s] Invoking command in '/home/sunrise/ws_moveit/build/srdfdom': CMAKE_PREFIX_PATH=/opt/ros/humble /usr/bin/cmake --install /home/sunrise/ws_moveit/build/srdfdom
[41.710s] -- Install configuration: "Release"
[41.711s] -- Installing: /home/sunrise/ws_moveit/install/srdfdom/lib/libsrdfdom.so.2.0.9
[41.712s] -- Set runtime path of "/home/sunrise/ws_moveit/install/srdfdom/lib/libsrdfdom.so.2.0.9" to ""
[41.712s] -- Installing: /home/sunrise/ws_moveit/install/srdfdom/lib/libsrdfdom.so
[41.712s] -- Installing: /home/sunrise/ws_moveit/install/srdfdom/include/srdfdom
[41.713s] -- Installing: /home/sunrise/ws_moveit/install/srdfdom/include/srdfdom/srdfdom
[41.713s] -- Installing: /home/sunrise/ws_moveit/install/srdfdom/include/srdfdom/srdfdom/model.h
[41.713s] -- Installing: /home/sunrise/ws_moveit/install/srdfdom/include/srdfdom/srdfdom/srdf_writer.h
[41.713s] -- Installing: /home/sunrise/ws_moveit/install/srdfdom/include/srdfdom/srdfdom/visibility_control.h
[41.713s] -- Installing: /home/sunrise/ws_moveit/install/srdfdom/lib/srdfdom/display_srdf
[41.713s] -- Installing: /home/sunrise/ws_moveit/install/srdfdom/share/srdfdom/environment/pythonpath.sh
[41.714s] -- Installing: /home/sunrise/ws_moveit/install/srdfdom/share/srdfdom/environment/pythonpath.dsv
[41.714s] -- Installing: /home/sunrise/ws_moveit/install/srdfdom/local/lib/python3.10/dist-packages/srdfdom-2.0.9-py3.10.egg-info
[41.714s] -- Installing: /home/sunrise/ws_moveit/install/srdfdom/local/lib/python3.10/dist-packages/srdfdom-2.0.9-py3.10.egg-info/top_level.txt
[41.714s] -- Installing: /home/sunrise/ws_moveit/install/srdfdom/local/lib/python3.10/dist-packages/srdfdom-2.0.9-py3.10.egg-info/SOURCES.txt
[41.714s] -- Installing: /home/sunrise/ws_moveit/install/srdfdom/local/lib/python3.10/dist-packages/srdfdom-2.0.9-py3.10.egg-info/PKG-INFO
[41.714s] -- Installing: /home/sunrise/ws_moveit/install/srdfdom/local/lib/python3.10/dist-packages/srdfdom-2.0.9-py3.10.egg-info/dependency_links.txt
[41.715s] -- Installing: /home/sunrise/ws_moveit/install/srdfdom/local/lib/python3.10/dist-packages/srdfdom
[41.715s] -- Installing: /home/sunrise/ws_moveit/install/srdfdom/local/lib/python3.10/dist-packages/srdfdom/srdf.py
[41.715s] -- Installing: /home/sunrise/ws_moveit/install/srdfdom/local/lib/python3.10/dist-packages/srdfdom/__init__.py
[41.789s] Listing '/home/sunrise/ws_moveit/install/srdfdom/local/lib/python3.10/dist-packages/srdfdom'...
[41.789s] Compiling '/home/sunrise/ws_moveit/install/srdfdom/local/lib/python3.10/dist-packages/srdfdom/__init__.py'...
[41.789s] Compiling '/home/sunrise/ws_moveit/install/srdfdom/local/lib/python3.10/dist-packages/srdfdom/srdf.py'...
[41.800s] -- Installing: /home/sunrise/ws_moveit/install/srdfdom/share/srdfdom/environment/library_path.sh
[41.800s] -- Installing: /home/sunrise/ws_moveit/install/srdfdom/share/srdfdom/environment/library_path.dsv
[41.801s] -- Installing: /home/sunrise/ws_moveit/install/srdfdom/share/ament_index/resource_index/package_run_dependencies/srdfdom
[41.801s] -- Installing: /home/sunrise/ws_moveit/install/srdfdom/share/ament_index/resource_index/parent_prefix_path/srdfdom
[41.801s] -- Installing: /home/sunrise/ws_moveit/install/srdfdom/share/srdfdom/environment/ament_prefix_path.sh
[41.801s] -- Installing: /home/sunrise/ws_moveit/install/srdfdom/share/srdfdom/environment/ament_prefix_path.dsv
[41.802s] -- Installing: /home/sunrise/ws_moveit/install/srdfdom/share/srdfdom/environment/path.sh
[41.802s] -- Installing: /home/sunrise/ws_moveit/install/srdfdom/share/srdfdom/environment/path.dsv
[41.802s] -- Installing: /home/sunrise/ws_moveit/install/srdfdom/share/srdfdom/local_setup.bash
[41.802s] -- Installing: /home/sunrise/ws_moveit/install/srdfdom/share/srdfdom/local_setup.sh
[41.803s] -- Installing: /home/sunrise/ws_moveit/install/srdfdom/share/srdfdom/local_setup.zsh
[41.803s] -- Installing: /home/sunrise/ws_moveit/install/srdfdom/share/srdfdom/local_setup.dsv
[41.803s] -- Installing: /home/sunrise/ws_moveit/install/srdfdom/share/srdfdom/package.dsv
[41.804s] -- Installing: /home/sunrise/ws_moveit/install/srdfdom/share/ament_index/resource_index/packages/srdfdom
[41.804s] -- Installing: /home/sunrise/ws_moveit/install/srdfdom/share/srdfdom/cmake/srdfdomTargetsExport.cmake
[41.804s] -- Installing: /home/sunrise/ws_moveit/install/srdfdom/share/srdfdom/cmake/srdfdomTargetsExport-release.cmake
[41.804s] -- Installing: /home/sunrise/ws_moveit/install/srdfdom/share/srdfdom/cmake/ament_cmake_export_targets-extras.cmake
[41.805s] -- Installing: /home/sunrise/ws_moveit/install/srdfdom/share/srdfdom/cmake/ament_cmake_export_dependencies-extras.cmake
[41.805s] -- Installing: /home/sunrise/ws_moveit/install/srdfdom/share/srdfdom/cmake/srdfdomConfig.cmake
[41.805s] -- Installing: /home/sunrise/ws_moveit/install/srdfdom/share/srdfdom/cmake/srdfdomConfig-version.cmake
[41.805s] -- Installing: /home/sunrise/ws_moveit/install/srdfdom/share/srdfdom/package.xml
[41.808s] Invoked command in '/home/sunrise/ws_moveit/build/srdfdom' returned '0': CMAKE_PREFIX_PATH=/opt/ros/humble /usr/bin/cmake --install /home/sunrise/ws_moveit/build/srdfdom
