[0.638s] Invoking command in '/home/sunrise/ws_moveit/build/moveit_resources_fanuc_description': CMAKE_PREFIX_PATH=/opt/ros/humble /usr/bin/cmake /home/sunrise/ws_moveit/src/moveit_resources/fanuc_description -DCMAKE_BUILD_TYPE=Release -DCMAKE_INSTALL_PREFIX=/home/sunrise/ws_moveit/install/moveit_resources_fanuc_description
[0.715s] -- The C compiler identification is GNU 11.4.0
[0.816s] -- The CXX compiler identification is GNU 11.4.0
[0.832s] -- Detecting C compiler ABI info
[1.154s] -- Detecting C compiler ABI info - done
[1.166s] -- Check for working C compiler: /usr/bin/cc - skipped
[1.167s] -- Detecting C compile features
[1.168s] -- Detecting C compile features - done
[1.175s] -- Detecting CXX compiler ABI info
[1.298s] -- Detecting CXX compiler ABI info - done
[1.304s] -- Check for working CXX compiler: /usr/bin/c++ - skipped
[1.305s] -- Detecting CXX compile features
[1.306s] -- Detecting CXX compile features - done
[1.308s] -- Found ament_cmake: 1.3.12 (/opt/ros/humble/share/ament_cmake/cmake)
[2.039s] -- Found Python3: /usr/bin/python3 (found version "3.10.12") found components: Interpreter 
[2.340s] -- Configuring done
[2.354s] -- Generating done
[2.357s] -- Build files have been written to: /home/sunrise/ws_moveit/build/moveit_resources_fanuc_description
[2.363s] Invoked command in '/home/sunrise/ws_moveit/build/moveit_resources_fanuc_description' returned '0': CMAKE_PREFIX_PATH=/opt/ros/humble /usr/bin/cmake /home/sunrise/ws_moveit/src/moveit_resources/fanuc_description -DCMAKE_BUILD_TYPE=Release -DCMAKE_INSTALL_PREFIX=/home/sunrise/ws_moveit/install/moveit_resources_fanuc_description
[2.365s] Invoking command in '/home/sunrise/ws_moveit/build/moveit_resources_fanuc_description': CMAKE_PREFIX_PATH=/opt/ros/humble /usr/bin/cmake --build /home/sunrise/ws_moveit/build/moveit_resources_fanuc_description -- -j6 -l6
[3.159s] Invoked command in '/home/sunrise/ws_moveit/build/moveit_resources_fanuc_description' returned '0': CMAKE_PREFIX_PATH=/opt/ros/humble /usr/bin/cmake --build /home/sunrise/ws_moveit/build/moveit_resources_fanuc_description -- -j6 -l6
[3.161s] Invoking command in '/home/sunrise/ws_moveit/build/moveit_resources_fanuc_description': CMAKE_PREFIX_PATH=/opt/ros/humble /usr/bin/cmake --install /home/sunrise/ws_moveit/build/moveit_resources_fanuc_description
[3.181s] -- Install configuration: "Release"
[3.182s] -- Installing: /home/sunrise/ws_moveit/install/moveit_resources_fanuc_description/share/ament_index/resource_index/package_run_dependencies/moveit_resources_fanuc_description
[3.182s] -- Installing: /home/sunrise/ws_moveit/install/moveit_resources_fanuc_description/share/ament_index/resource_index/parent_prefix_path/moveit_resources_fanuc_description
[3.184s] -- Installing: /home/sunrise/ws_moveit/install/moveit_resources_fanuc_description/share/moveit_resources_fanuc_description/environment/ament_prefix_path.sh
[3.185s] -- Installing: /home/sunrise/ws_moveit/install/moveit_resources_fanuc_description/share/moveit_resources_fanuc_description/environment/ament_prefix_path.dsv
[3.185s] -- Installing: /home/sunrise/ws_moveit/install/moveit_resources_fanuc_description/share/moveit_resources_fanuc_description/environment/path.sh
[3.185s] -- Installing: /home/sunrise/ws_moveit/install/moveit_resources_fanuc_description/share/moveit_resources_fanuc_description/environment/path.dsv
[3.186s] -- Installing: /home/sunrise/ws_moveit/install/moveit_resources_fanuc_description/share/moveit_resources_fanuc_description/local_setup.bash
[3.186s] -- Installing: /home/sunrise/ws_moveit/install/moveit_resources_fanuc_description/share/moveit_resources_fanuc_description/local_setup.sh
[3.186s] -- Installing: /home/sunrise/ws_moveit/install/moveit_resources_fanuc_description/share/moveit_resources_fanuc_description/local_setup.zsh
[3.186s] -- Installing: /home/sunrise/ws_moveit/install/moveit_resources_fanuc_description/share/moveit_resources_fanuc_description/local_setup.dsv
[3.187s] -- Installing: /home/sunrise/ws_moveit/install/moveit_resources_fanuc_description/share/moveit_resources_fanuc_description/package.dsv
[3.187s] -- Installing: /home/sunrise/ws_moveit/install/moveit_resources_fanuc_description/share/ament_index/resource_index/packages/moveit_resources_fanuc_description
[3.187s] -- Installing: /home/sunrise/ws_moveit/install/moveit_resources_fanuc_description/share/moveit_resources_fanuc_description/cmake/moveit_resources_fanuc_descriptionConfig.cmake
[3.188s] -- Installing: /home/sunrise/ws_moveit/install/moveit_resources_fanuc_description/share/moveit_resources_fanuc_description/cmake/moveit_resources_fanuc_descriptionConfig-version.cmake
[3.188s] -- Installing: /home/sunrise/ws_moveit/install/moveit_resources_fanuc_description/share/moveit_resources_fanuc_description/package.xml
[3.188s] -- Installing: /home/sunrise/ws_moveit/install/moveit_resources_fanuc_description/share/moveit_resources_fanuc_description/meshes
[3.188s] -- Installing: /home/sunrise/ws_moveit/install/moveit_resources_fanuc_description/share/moveit_resources_fanuc_description/meshes/collision
[3.188s] -- Installing: /home/sunrise/ws_moveit/install/moveit_resources_fanuc_description/share/moveit_resources_fanuc_description/meshes/collision/link_6.stl
[3.188s] -- Installing: /home/sunrise/ws_moveit/install/moveit_resources_fanuc_description/share/moveit_resources_fanuc_description/meshes/collision/link_1.stl
[3.188s] -- Installing: /home/sunrise/ws_moveit/install/moveit_resources_fanuc_description/share/moveit_resources_fanuc_description/meshes/collision/link_3.stl
[3.188s] -- Installing: /home/sunrise/ws_moveit/install/moveit_resources_fanuc_description/share/moveit_resources_fanuc_description/meshes/collision/base_link.stl
[3.189s] -- Installing: /home/sunrise/ws_moveit/install/moveit_resources_fanuc_description/share/moveit_resources_fanuc_description/meshes/collision/link_4.stl
[3.189s] -- Installing: /home/sunrise/ws_moveit/install/moveit_resources_fanuc_description/share/moveit_resources_fanuc_description/meshes/collision/link_2.stl
[3.189s] -- Installing: /home/sunrise/ws_moveit/install/moveit_resources_fanuc_description/share/moveit_resources_fanuc_description/meshes/collision/link_5.stl
[3.189s] -- Installing: /home/sunrise/ws_moveit/install/moveit_resources_fanuc_description/share/moveit_resources_fanuc_description/meshes/visual
[3.190s] -- Installing: /home/sunrise/ws_moveit/install/moveit_resources_fanuc_description/share/moveit_resources_fanuc_description/meshes/visual/link_6.stl
[3.190s] -- Installing: /home/sunrise/ws_moveit/install/moveit_resources_fanuc_description/share/moveit_resources_fanuc_description/meshes/visual/link_1.stl
[3.190s] -- Installing: /home/sunrise/ws_moveit/install/moveit_resources_fanuc_description/share/moveit_resources_fanuc_description/meshes/visual/link_3.stl
[3.190s] -- Installing: /home/sunrise/ws_moveit/install/moveit_resources_fanuc_description/share/moveit_resources_fanuc_description/meshes/visual/base_link.stl
[3.191s] -- Installing: /home/sunrise/ws_moveit/install/moveit_resources_fanuc_description/share/moveit_resources_fanuc_description/meshes/visual/link_4.stl
[3.191s] -- Installing: /home/sunrise/ws_moveit/install/moveit_resources_fanuc_description/share/moveit_resources_fanuc_description/meshes/visual/link_2.stl
[3.191s] -- Installing: /home/sunrise/ws_moveit/install/moveit_resources_fanuc_description/share/moveit_resources_fanuc_description/meshes/visual/link_5.stl
[3.192s] -- Installing: /home/sunrise/ws_moveit/install/moveit_resources_fanuc_description/share/moveit_resources_fanuc_description/urdf
[3.192s] -- Installing: /home/sunrise/ws_moveit/install/moveit_resources_fanuc_description/share/moveit_resources_fanuc_description/urdf/fanuc.urdf
[3.204s] Invoked command in '/home/sunrise/ws_moveit/build/moveit_resources_fanuc_description' returned '0': CMAKE_PREFIX_PATH=/opt/ros/humble /usr/bin/cmake --install /home/sunrise/ws_moveit/build/moveit_resources_fanuc_description
