[0.044s] Invoking command in '/home/sunrise/ws_moveit/build/moveit_resources_panda_description': CMAKE_PREFIX_PATH=/opt/ros/humble /usr/bin/cmake /home/sunrise/ws_moveit/src/moveit_resources/panda_description -DCMAKE_BUILD_TYPE=Release -DCMAKE_INSTALL_PREFIX=/home/sunrise/ws_moveit/install/moveit_resources_panda_description
[0.674s] -- The C compiler identification is GNU 11.4.0
[0.675s] -- The CXX compiler identification is GNU 11.4.0
[0.675s] -- Detecting C compiler ABI info
[0.675s] -- Detecting C compiler ABI info - done
[0.675s] -- Check for working C compiler: /usr/bin/cc - skipped
[0.675s] -- Detecting C compile features
[0.675s] -- Detecting C compile features - done
[0.676s] -- Detecting CXX compiler ABI info
[0.676s] -- Detecting CXX compiler ABI info - done
[0.676s] -- Check for working CXX compiler: /usr/bin/c++ - skipped
[0.676s] -- Detecting CXX compile features
[0.676s] -- Detecting CXX compile features - done
[0.676s] -- Found ament_cmake: 1.3.12 (/opt/ros/humble/share/ament_cmake/cmake)
[1.341s] -- Found Python3: /usr/bin/python3 (found version "3.10.12") found components: Interpreter 
[1.623s] -- Configuring done
[1.642s] -- Generating done
[1.648s] -- Build files have been written to: /home/sunrise/ws_moveit/build/moveit_resources_panda_description
[1.661s] Invoked command in '/home/sunrise/ws_moveit/build/moveit_resources_panda_description' returned '0': CMAKE_PREFIX_PATH=/opt/ros/humble /usr/bin/cmake /home/sunrise/ws_moveit/src/moveit_resources/panda_description -DCMAKE_BUILD_TYPE=Release -DCMAKE_INSTALL_PREFIX=/home/sunrise/ws_moveit/install/moveit_resources_panda_description
[1.662s] Invoking command in '/home/sunrise/ws_moveit/build/moveit_resources_panda_description': CMAKE_PREFIX_PATH=/opt/ros/humble /usr/bin/cmake --build /home/sunrise/ws_moveit/build/moveit_resources_panda_description -- -j6 -l6
[1.731s] Invoked command in '/home/sunrise/ws_moveit/build/moveit_resources_panda_description' returned '0': CMAKE_PREFIX_PATH=/opt/ros/humble /usr/bin/cmake --build /home/sunrise/ws_moveit/build/moveit_resources_panda_description -- -j6 -l6
[1.735s] Invoking command in '/home/sunrise/ws_moveit/build/moveit_resources_panda_description': CMAKE_PREFIX_PATH=/opt/ros/humble /usr/bin/cmake --install /home/sunrise/ws_moveit/build/moveit_resources_panda_description
[1.759s] -- Install configuration: "Release"
[1.760s] -- Installing: /home/sunrise/ws_moveit/install/moveit_resources_panda_description/share/ament_index/resource_index/package_run_dependencies/moveit_resources_panda_description
[1.760s] -- Installing: /home/sunrise/ws_moveit/install/moveit_resources_panda_description/share/ament_index/resource_index/parent_prefix_path/moveit_resources_panda_description
[1.761s] -- Installing: /home/sunrise/ws_moveit/install/moveit_resources_panda_description/share/moveit_resources_panda_description/environment/ament_prefix_path.sh
[1.762s] -- Installing: /home/sunrise/ws_moveit/install/moveit_resources_panda_description/share/moveit_resources_panda_description/environment/ament_prefix_path.dsv
[1.763s] -- Installing: /home/sunrise/ws_moveit/install/moveit_resources_panda_description/share/moveit_resources_panda_description/environment/path.sh
[1.763s] -- Installing: /home/sunrise/ws_moveit/install/moveit_resources_panda_description/share/moveit_resources_panda_description/environment/path.dsv
[1.763s] -- Installing: /home/sunrise/ws_moveit/install/moveit_resources_panda_description/share/moveit_resources_panda_description/local_setup.bash
[1.764s] -- Installing: /home/sunrise/ws_moveit/install/moveit_resources_panda_description/share/moveit_resources_panda_description/local_setup.sh
[1.764s] -- Installing: /home/sunrise/ws_moveit/install/moveit_resources_panda_description/share/moveit_resources_panda_description/local_setup.zsh
[1.764s] -- Installing: /home/sunrise/ws_moveit/install/moveit_resources_panda_description/share/moveit_resources_panda_description/local_setup.dsv
[1.764s] -- Installing: /home/sunrise/ws_moveit/install/moveit_resources_panda_description/share/moveit_resources_panda_description/package.dsv
[1.765s] -- Installing: /home/sunrise/ws_moveit/install/moveit_resources_panda_description/share/ament_index/resource_index/packages/moveit_resources_panda_description
[1.765s] -- Installing: /home/sunrise/ws_moveit/install/moveit_resources_panda_description/share/moveit_resources_panda_description/cmake/moveit_resources_panda_descriptionConfig.cmake
[1.765s] -- Installing: /home/sunrise/ws_moveit/install/moveit_resources_panda_description/share/moveit_resources_panda_description/cmake/moveit_resources_panda_descriptionConfig-version.cmake
[1.766s] -- Installing: /home/sunrise/ws_moveit/install/moveit_resources_panda_description/share/moveit_resources_panda_description/package.xml
[1.766s] -- Installing: /home/sunrise/ws_moveit/install/moveit_resources_panda_description/share/moveit_resources_panda_description/meshes
[1.766s] -- Installing: /home/sunrise/ws_moveit/install/moveit_resources_panda_description/share/moveit_resources_panda_description/meshes/collision
[1.766s] -- Installing: /home/sunrise/ws_moveit/install/moveit_resources_panda_description/share/moveit_resources_panda_description/meshes/collision/finger.stl
[1.766s] -- Installing: /home/sunrise/ws_moveit/install/moveit_resources_panda_description/share/moveit_resources_panda_description/meshes/collision/hand.stl
[1.766s] -- Installing: /home/sunrise/ws_moveit/install/moveit_resources_panda_description/share/moveit_resources_panda_description/meshes/collision/link6.stl
[1.767s] -- Installing: /home/sunrise/ws_moveit/install/moveit_resources_panda_description/share/moveit_resources_panda_description/meshes/collision/link1.stl
[1.767s] -- Installing: /home/sunrise/ws_moveit/install/moveit_resources_panda_description/share/moveit_resources_panda_description/meshes/collision/link7.stl
[1.767s] -- Installing: /home/sunrise/ws_moveit/install/moveit_resources_panda_description/share/moveit_resources_panda_description/meshes/collision/link3.stl
[1.767s] -- Installing: /home/sunrise/ws_moveit/install/moveit_resources_panda_description/share/moveit_resources_panda_description/meshes/collision/link0.stl
[1.767s] -- Installing: /home/sunrise/ws_moveit/install/moveit_resources_panda_description/share/moveit_resources_panda_description/meshes/collision/link2.stl
[1.768s] -- Installing: /home/sunrise/ws_moveit/install/moveit_resources_panda_description/share/moveit_resources_panda_description/meshes/collision/link4.stl
[1.768s] -- Installing: /home/sunrise/ws_moveit/install/moveit_resources_panda_description/share/moveit_resources_panda_description/meshes/collision/link5.stl
[1.768s] -- Installing: /home/sunrise/ws_moveit/install/moveit_resources_panda_description/share/moveit_resources_panda_description/meshes/visual
[1.768s] -- Installing: /home/sunrise/ws_moveit/install/moveit_resources_panda_description/share/moveit_resources_panda_description/meshes/visual/link4.dae
[1.770s] -- Installing: /home/sunrise/ws_moveit/install/moveit_resources_panda_description/share/moveit_resources_panda_description/meshes/visual/link3.dae
[1.772s] -- Installing: /home/sunrise/ws_moveit/install/moveit_resources_panda_description/share/moveit_resources_panda_description/meshes/visual/link0.dae
[1.774s] -- Installing: /home/sunrise/ws_moveit/install/moveit_resources_panda_description/share/moveit_resources_panda_description/meshes/visual/link7.dae
[1.775s] -- Installing: /home/sunrise/ws_moveit/install/moveit_resources_panda_description/share/moveit_resources_panda_description/meshes/visual/link1.dae
[1.777s] -- Installing: /home/sunrise/ws_moveit/install/moveit_resources_panda_description/share/moveit_resources_panda_description/meshes/visual/hand.dae
[1.778s] -- Installing: /home/sunrise/ws_moveit/install/moveit_resources_panda_description/share/moveit_resources_panda_description/meshes/visual/link6.dae
[1.781s] -- Installing: /home/sunrise/ws_moveit/install/moveit_resources_panda_description/share/moveit_resources_panda_description/meshes/visual/finger.dae
[1.782s] -- Installing: /home/sunrise/ws_moveit/install/moveit_resources_panda_description/share/moveit_resources_panda_description/meshes/visual/link5.dae
[1.785s] -- Installing: /home/sunrise/ws_moveit/install/moveit_resources_panda_description/share/moveit_resources_panda_description/meshes/visual/link2.dae
[1.789s] -- Installing: /home/sunrise/ws_moveit/install/moveit_resources_panda_description/share/moveit_resources_panda_description/urdf
[1.789s] -- Installing: /home/sunrise/ws_moveit/install/moveit_resources_panda_description/share/moveit_resources_panda_description/urdf/panda.urdf
[1.789s] Invoked command in '/home/sunrise/ws_moveit/build/moveit_resources_panda_description' returned '0': CMAKE_PREFIX_PATH=/opt/ros/humble /usr/bin/cmake --install /home/sunrise/ws_moveit/build/moveit_resources_panda_description
